<?xml version="1.0" encoding="UTF-8"?>
<coverage generated="1759869765778" clover="3.2.0">
  <project timestamp="1759869765778" name="All files">
    <metrics statements="2273" coveredstatements="1857" conditionals="1451" coveredconditionals="1049" methods="559" coveredmethods="422" elements="4283" coveredelements="3328" complexity="0" loc="2273" ncloc="2273" packages="27" files="110" classes="110"/>
    <package name="app.(app)">
      <metrics statements="247" coveredstatements="175" conditionals="154" coveredconditionals="83" methods="84" coveredmethods="49"/>
      <file name="ai_summary.tsx" path="/Users/baris/Desktop/Dev/Therapy_New/app/(app)/ai_summary.tsx">
        <metrics statements="69" coveredstatements="27" conditionals="32" coveredconditionals="12" methods="18" coveredmethods="3"/>
        <line num="31" count="130" type="stmt"/>
        <line num="32" count="130" type="stmt"/>
        <line num="33" count="130" type="stmt"/>
        <line num="36" count="130" type="stmt"/>
        <line num="37" count="129" type="stmt"/>
        <line num="38" count="129" type="stmt"/>
        <line num="39" count="129" type="stmt"/>
        <line num="40" count="129" type="stmt"/>
        <line num="41" count="129" type="stmt"/>
        <line num="42" count="129" type="stmt"/>
        <line num="43" count="129" type="stmt"/>
        <line num="46" count="129" type="stmt"/>
        <line num="49" count="129" type="stmt"/>
        <line num="50" count="45" type="cond" truecount="2" falsecount="0"/>
        <line num="51" count="44" type="stmt"/>
        <line num="52" count="44" type="stmt"/>
        <line num="53" count="44" type="stmt"/>
        <line num="59" count="42" type="cond" truecount="2" falsecount="0"/>
        <line num="60" count="40" type="cond" truecount="1" falsecount="1"/>
        <line num="62" count="4" type="stmt"/>
        <line num="64" count="44" type="stmt"/>
        <line num="68" count="129" type="stmt"/>
        <line num="69" count="45" type="stmt"/>
        <line num="72" count="129" type="stmt"/>
        <line num="73" count="0" type="stmt"/>
        <line num="74" count="0" type="stmt"/>
        <line num="76" count="0" type="stmt"/>
        <line num="82" count="0" type="cond" truecount="0" falsecount="2"/>
        <line num="83" count="0" type="cond" truecount="0" falsecount="2"/>
        <line num="84" count="0" type="stmt"/>
        <line num="88" count="0" type="stmt"/>
        <line num="96" count="0" type="stmt"/>
        <line num="104" count="0" type="stmt"/>
        <line num="107" count="0" type="stmt"/>
        <line num="108" count="0" type="stmt"/>
        <line num="109" count="0" type="stmt"/>
        <line num="112" count="0" type="cond" truecount="0" falsecount="2"/>
        <line num="113" count="0" type="stmt"/>
        <line num="114" count="0" type="stmt"/>
        <line num="120" count="0" type="stmt"/>
        <line num="125" count="129" type="stmt"/>
        <line num="126" count="0" type="stmt"/>
        <line num="135" count="0" type="stmt"/>
        <line num="136" count="0" type="stmt"/>
        <line num="137" count="0" type="stmt"/>
        <line num="138" count="0" type="cond" truecount="0" falsecount="2"/>
        <line num="139" count="0" type="stmt"/>
        <line num="140" count="0" type="stmt"/>
        <line num="142" count="0" type="stmt"/>
        <line num="147" count="0" type="cond" truecount="0" falsecount="2"/>
        <line num="149" count="0" type="stmt"/>
        <line num="151" count="0" type="stmt"/>
        <line num="152" count="0" type="stmt"/>
        <line num="164" count="129" type="stmt"/>
        <line num="171" count="0" type="stmt"/>
        <line num="192" count="0" type="cond" truecount="0" falsecount="2"/>
        <line num="194" count="0" type="cond" truecount="0" falsecount="2"/>
        <line num="195" count="0" type="stmt"/>
        <line num="197" count="0" type="stmt"/>
        <line num="198" count="0" type="stmt"/>
        <line num="206" count="0" type="stmt"/>
        <line num="245" count="0" type="stmt"/>
        <line num="248" count="0" type="stmt"/>
        <line num="249" count="0" type="stmt"/>
        <line num="250" count="0" type="stmt"/>
        <line num="252" count="0" type="stmt"/>
        <line num="255" count="0" type="stmt"/>
        <line num="288" count="0" type="stmt"/>
        <line num="297" count="1" type="stmt"/>
      </file>
      <file name="daily_reflection.tsx" path="/Users/baris/Desktop/Dev/Therapy_New/app/(app)/daily_reflection.tsx">
        <metrics statements="35" coveredstatements="28" conditionals="21" coveredconditionals="17" methods="8" coveredmethods="4"/>
        <line num="32" count="15" type="stmt"/>
        <line num="33" count="15" type="stmt"/>
        <line num="34" count="15" type="stmt"/>
        <line num="36" count="15" type="cond" truecount="2" falsecount="0"/>
        <line num="37" count="1" type="stmt"/>
        <line num="44" count="14" type="cond" truecount="2" falsecount="0"/>
        <line num="45" count="2" type="stmt"/>
        <line num="60" count="1" type="stmt"/>
        <line num="71" count="12" type="stmt"/>
        <line num="72" count="12" type="stmt"/>
        <line num="73" count="12" type="stmt"/>
        <line num="76" count="12" type="stmt"/>
        <line num="83" count="12" type="stmt"/>
        <line num="90" count="12" type="stmt"/>
        <line num="93" count="12" type="stmt"/>
        <line num="95" count="12" type="stmt"/>
        <line num="99" count="12" type="stmt"/>
        <line num="103" count="12" type="stmt"/>
        <line num="106" count="12" type="stmt"/>
        <line num="110" count="12" type="cond" truecount="1" falsecount="1"/>
        <line num="114" count="12" type="stmt"/>
        <line num="117" count="12" type="stmt"/>
        <line num="119" count="12" type="stmt"/>
        <line num="121" count="0" type="cond" truecount="0" falsecount="2"/>
        <line num="122" count="0" type="stmt"/>
        <line num="126" count="0" type="stmt"/>
        <line num="128" count="0" type="stmt"/>
        <line num="134" count="12" type="stmt"/>
        <line num="154" count="0" type="stmt"/>
        <line num="186" count="1" type="stmt"/>
        <line num="187" count="1" type="stmt"/>
        <line num="205" count="1" type="stmt"/>
        <line num="206" count="1" type="stmt"/>
        <line num="219" count="0" type="stmt"/>
        <line num="220" count="0" type="stmt"/>
      </file>
      <file name="how_it_works.tsx" path="/Users/baris/Desktop/Dev/Therapy_New/app/(app)/how_it_works.tsx">
        <metrics statements="12" coveredstatements="12" conditionals="0" coveredconditionals="0" methods="9" coveredmethods="9"/>
        <line num="22" count="24" type="stmt"/>
        <line num="23" count="24" type="stmt"/>
        <line num="26" count="24" type="stmt"/>
        <line num="27" count="144" type="stmt"/>
        <line num="34" count="24" type="stmt"/>
        <line num="35" count="96" type="stmt"/>
        <line num="42" count="24" type="stmt"/>
        <line num="51" count="1" type="stmt"/>
        <line num="59" count="168" type="stmt"/>
        <line num="82" count="144" type="stmt"/>
        <line num="88" count="96" type="stmt"/>
        <line num="100" count="1" type="stmt"/>
      </file>
      <file name="index.tsx" path="/Users/baris/Desktop/Dev/Therapy_New/app/(app)/index.tsx">
        <metrics statements="11" coveredstatements="9" conditionals="10" coveredconditionals="9" methods="3" coveredmethods="1"/>
        <line num="21" count="10" type="stmt"/>
        <line num="23" count="10" type="stmt"/>
        <line num="40" count="10" type="stmt"/>
        <line num="42" count="10" type="cond" truecount="4" falsecount="0"/>
        <line num="43" count="2" type="stmt"/>
        <line num="50" count="8" type="cond" truecount="2" falsecount="0"/>
        <line num="51" count="1" type="stmt"/>
        <line num="54" count="7" type="stmt"/>
        <line num="106" count="0" type="stmt"/>
        <line num="107" count="0" type="stmt"/>
        <line num="117" count="1" type="stmt"/>
      </file>
      <file name="settings.tsx" path="/Users/baris/Desktop/Dev/Therapy_New/app/(app)/settings.tsx">
        <metrics statements="18" coveredstatements="15" conditionals="12" coveredconditionals="10" methods="9" coveredmethods="6"/>
        <line num="23" count="1" type="stmt"/>
        <line num="24" count="15" type="stmt"/>
        <line num="25" count="15" type="stmt"/>
        <line num="27" count="15" type="stmt"/>
        <line num="33" count="15" type="stmt"/>
        <line num="38" count="45" type="stmt"/>
        <line num="44" count="0" type="stmt"/>
        <line num="62" count="15" type="stmt"/>
        <line num="63" count="15" type="stmt"/>
        <line num="66" count="15" type="stmt"/>
        <line num="67" count="15" type="stmt"/>
        <line num="69" count="15" type="stmt"/>
        <line num="81" count="1" type="stmt"/>
        <line num="98" count="0" type="stmt"/>
        <line num="103" count="0" type="stmt"/>
        <line num="133" count="14" type="stmt"/>
        <line num="152" count="15" type="stmt"/>
        <line num="178" count="1" type="stmt"/>
      </file>
      <file name="transcripts.tsx" path="/Users/baris/Desktop/Dev/Therapy_New/app/(app)/transcripts.tsx">
        <metrics statements="102" coveredstatements="84" conditionals="79" coveredconditionals="35" methods="37" coveredmethods="26"/>
        <line num="26" count="1" type="cond" truecount="2" falsecount="2"/>
        <line num="27" count="0" type="stmt"/>
        <line num="31" count="1" type="stmt"/>
        <line num="68" count="1" type="stmt"/>
        <line num="69" count="25" type="stmt"/>
        <line num="80" count="1" type="stmt"/>
        <line num="81" count="0" type="cond" truecount="0" falsecount="2"/>
        <line num="103" count="1" type="stmt"/>
        <line num="104" count="30" type="stmt"/>
        <line num="105" count="30" type="stmt"/>
        <line num="106" count="30" type="cond" truecount="1" falsecount="1"/>
        <line num="122" count="90" type="stmt"/>
        <line num="137" count="1" type="stmt"/>
        <line num="138" count="8" type="stmt"/>
        <line num="139" count="8" type="stmt"/>
        <line num="140" count="8" type="stmt"/>
        <line num="141" count="8" type="stmt"/>
        <line num="142" count="8" type="stmt"/>
        <line num="143" count="8" type="stmt"/>
        <line num="144" count="8" type="stmt"/>
        <line num="145" count="8" type="stmt"/>
        <line num="146" count="8" type="cond" truecount="3" falsecount="1"/>
        <line num="148" count="0" type="cond" truecount="0" falsecount="2"/>
        <line num="151" count="8" type="stmt"/>
        <line num="153" count="8" type="stmt"/>
        <line num="154" count="8" type="stmt"/>
        <line num="155" count="8" type="cond" truecount="1" falsecount="1"/>
        <line num="156" count="8" type="cond" truecount="1" falsecount="1"/>
        <line num="157" count="8" type="cond" truecount="1" falsecount="1"/>
        <line num="159" count="8" type="cond" truecount="1" falsecount="1"/>
        <line num="160" count="8" type="cond" truecount="2" falsecount="3"/>
        <line num="161" count="8" type="stmt"/>
        <line num="162" count="8" type="cond" truecount="1" falsecount="1"/>
        <line num="163" count="8" type="stmt"/>
        <line num="167" count="8" type="cond" truecount="1" falsecount="1"/>
        <line num="173" count="8" type="stmt"/>
        <line num="174" count="8" type="cond" truecount="1" falsecount="1"/>
        <line num="187" count="8" type="cond" truecount="1" falsecount="1"/>
        <line num="192" count="8" type="cond" truecount="1" falsecount="1"/>
        <line num="202" count="1" type="stmt"/>
        <line num="203" count="0" type="stmt"/>
        <line num="204" count="0" type="stmt"/>
        <line num="214" count="1" type="stmt"/>
        <line num="215" count="3" type="stmt"/>
        <line num="217" count="3" type="stmt"/>
        <line num="218" count="3" type="stmt"/>
        <line num="219" count="3" type="stmt"/>
        <line num="222" count="3" type="stmt"/>
        <line num="223" count="3" type="stmt"/>
        <line num="224" count="3" type="stmt"/>
        <line num="225" count="3" type="stmt"/>
        <line num="227" count="3" type="stmt"/>
        <line num="250" count="3" type="stmt"/>
        <line num="256" count="3" type="stmt"/>
        <line num="263" count="3" type="stmt"/>
        <line num="278" count="3" type="cond" truecount="1" falsecount="1"/>
        <line num="297" count="26" type="stmt"/>
        <line num="298" count="26" type="stmt"/>
        <line num="299" count="26" type="stmt"/>
        <line num="300" count="26" type="stmt"/>
        <line num="302" count="26" type="stmt"/>
        <line num="303" count="26" type="stmt"/>
        <line num="304" count="26" type="stmt"/>
        <line num="306" count="0" type="cond" truecount="0" falsecount="2"/>
        <line num="307" count="0" type="stmt"/>
        <line num="308" count="0" type="stmt"/>
        <line num="309" count="0" type="cond" truecount="0" falsecount="3"/>
        <line num="311" count="0" type="cond" truecount="0" falsecount="2"/>
        <line num="314" count="0" type="cond" truecount="0" falsecount="2"/>
        <line num="316" count="0" type="stmt"/>
        <line num="319" count="26" type="stmt"/>
        <line num="320" count="26" type="cond" truecount="2" falsecount="0"/>
        <line num="322" count="26" type="stmt"/>
        <line num="323" count="26" type="stmt"/>
        <line num="325" count="25" type="cond" truecount="2" falsecount="0"/>
        <line num="327" count="15" type="stmt"/>
        <line num="341" count="1" type="stmt"/>
        <line num="349" count="0" type="stmt"/>
        <line num="364" count="10" type="stmt"/>
        <line num="365" count="10" type="cond" truecount="1" falsecount="1"/>
        <line num="366" count="10" type="stmt"/>
        <line num="367" count="1" type="stmt"/>
        <line num="368" count="8" type="stmt"/>
        <line num="369" count="10" type="stmt"/>
        <line num="370" count="8" type="cond" truecount="1" falsecount="1"/>
        <line num="371" count="8" type="stmt"/>
        <line num="372" count="8" type="stmt"/>
        <line num="373" count="11" type="cond" truecount="1" falsecount="1"/>
        <line num="374" count="0" type="stmt"/>
        <line num="375" count="8" type="cond" truecount="1" falsecount="1"/>
        <line num="377" count="10" type="stmt"/>
        <line num="382" count="10" type="cond" truecount="1" falsecount="1"/>
        <line num="383" count="10" type="stmt"/>
        <line num="391" count="8" type="cond" truecount="1" falsecount="1"/>
        <line num="392" count="8" type="cond" truecount="1" falsecount="1"/>
        <line num="393" count="0" type="cond" truecount="0" falsecount="3"/>
        <line num="395" count="8" type="stmt"/>
        <line num="400" count="0" type="stmt"/>
        <line num="401" count="0" type="stmt"/>
        <line num="413" count="26" type="stmt"/>
        <line num="416" count="0" type="stmt"/>
        <line num="425" count="1" type="stmt"/>
      </file>
    </package>
    <package name="app.(app).dream">
      <metrics statements="144" coveredstatements="74" conditionals="97" coveredconditionals="45" methods="45" coveredmethods="18"/>
      <file name="analyze.tsx" path="/Users/baris/Desktop/Dev/Therapy_New/app/(app)/dream/analyze.tsx">
        <metrics statements="36" coveredstatements="25" conditionals="31" coveredconditionals="15" methods="6" coveredmethods="5"/>
        <line num="30" count="68" type="stmt"/>
        <line num="31" count="68" type="stmt"/>
        <line num="32" count="68" type="stmt"/>
        <line num="33" count="68" type="stmt"/>
        <line num="34" count="68" type="stmt"/>
        <line num="35" count="68" type="stmt"/>
        <line num="38" count="68" type="stmt"/>
        <line num="41" count="68" type="stmt"/>
        <line num="44" count="0" type="stmt"/>
        <line num="45" count="0" type="cond" truecount="0" falsecount="2"/>
        <line num="46" count="0" type="stmt"/>
        <line num="50" count="0" type="cond" truecount="0" falsecount="2"/>
        <line num="51" count="0" type="stmt"/>
        <line num="54" count="0" type="stmt"/>
        <line num="64" count="0" type="stmt"/>
        <line num="68" count="0" type="cond" truecount="0" falsecount="2"/>
        <line num="71" count="0" type="cond" truecount="0" falsecount="4"/>
        <line num="72" count="0" type="cond" truecount="0" falsecount="2"/>
        <line num="74" count="0" type="stmt"/>
        <line num="80" count="2" type="stmt"/>
        <line num="83" count="2" type="stmt"/>
        <line num="85" count="2" type="stmt"/>
        <line num="94" count="2" type="cond" truecount="1" falsecount="1"/>
        <line num="95" count="2" type="cond" truecount="3" falsecount="1"/>
        <line num="96" count="1" type="stmt"/>
        <line num="98" count="1" type="stmt"/>
        <line num="108" count="68" type="stmt"/>
        <line num="109" count="6" type="stmt"/>
        <line num="110" count="6" type="stmt"/>
        <line num="111" count="6" type="stmt"/>
        <line num="114" count="68" type="stmt"/>
        <line num="115" count="68" type="stmt"/>
        <line num="116" count="68" type="cond" truecount="3" falsecount="0"/>
        <line num="118" count="68" type="stmt"/>
        <line num="127" count="1" type="stmt"/>
        <line num="203" count="1" type="stmt"/>
      </file>
      <file name="index.tsx" path="/Users/baris/Desktop/Dev/Therapy_New/app/(app)/dream/index.tsx">
        <metrics statements="50" coveredstatements="24" conditionals="18" coveredconditionals="7" methods="24" coveredmethods="10"/>
        <line num="30" count="30" type="stmt"/>
        <line num="31" count="30" type="stmt"/>
        <line num="32" count="30" type="stmt"/>
        <line num="33" count="30" type="stmt"/>
        <line num="44" count="30" type="stmt"/>
        <line num="48" count="0" type="stmt"/>
        <line num="53" count="0" type="cond" truecount="0" falsecount="2"/>
        <line num="58" count="30" type="cond" truecount="2" falsecount="0"/>
        <line num="61" count="30" type="stmt"/>
        <line num="62" count="0" type="stmt"/>
        <line num="66" count="30" type="stmt"/>
        <line num="67" count="0" type="cond" truecount="0" falsecount="4"/>
        <line num="68" count="0" type="stmt"/>
        <line num="73" count="30" type="stmt"/>
        <line num="76" count="30" type="stmt"/>
        <line num="79" count="0" type="stmt"/>
        <line num="82" count="0" type="cond" truecount="0" falsecount="2"/>
        <line num="84" count="0" type="stmt"/>
        <line num="88" count="0" type="stmt"/>
        <line num="93" count="0" type="stmt"/>
        <line num="94" count="0" type="stmt"/>
        <line num="96" count="0" type="stmt"/>
        <line num="100" count="0" type="stmt"/>
        <line num="102" count="0" type="stmt"/>
        <line num="108" count="0" type="stmt"/>
        <line num="113" count="0" type="stmt"/>
        <line num="117" count="0" type="stmt"/>
        <line num="122" count="0" type="stmt"/>
        <line num="123" count="0" type="cond" truecount="0" falsecount="2"/>
        <line num="124" count="0" type="stmt"/>
        <line num="126" count="0" type="stmt"/>
        <line num="133" count="0" type="stmt"/>
        <line num="138" count="30" type="stmt"/>
        <line num="139" count="0" type="stmt"/>
        <line num="140" count="0" type="stmt"/>
        <line num="141" count="0" type="stmt"/>
        <line num="144" count="30" type="stmt"/>
        <line num="146" count="1" type="stmt"/>
        <line num="150" count="30" type="stmt"/>
        <line num="151" count="30" type="stmt"/>
        <line num="164" count="30" type="stmt"/>
        <line num="167" count="26" type="stmt"/>
        <line num="176" count="1" type="stmt"/>
        <line num="191" count="1" type="stmt"/>
        <line num="206" count="30" type="stmt"/>
        <line num="212" count="1" type="stmt"/>
        <line num="236" count="8" type="stmt"/>
        <line num="244" count="0" type="stmt"/>
        <line num="265" count="1" type="stmt"/>
        <line num="282" count="1" type="stmt"/>
      </file>
      <file name="result.tsx" path="/Users/baris/Desktop/Dev/Therapy_New/app/(app)/dream/result.tsx">
        <metrics statements="58" coveredstatements="25" conditionals="48" coveredconditionals="23" methods="15" coveredmethods="3"/>
        <line num="38" count="65" type="stmt"/>
        <line num="39" count="65" type="stmt"/>
        <line num="40" count="65" type="stmt"/>
        <line num="41" count="65" type="stmt"/>
        <line num="42" count="65" type="stmt"/>
        <line num="43" count="65" type="stmt"/>
        <line num="56" count="65" type="stmt"/>
        <line num="59" count="0" type="cond" truecount="0" falsecount="2"/>
        <line num="61" count="0" type="stmt"/>
        <line num="62" count="0" type="cond" truecount="0" falsecount="2"/>
        <line num="65" count="0" type="stmt"/>
        <line num="70" count="0" type="cond" truecount="0" falsecount="2"/>
        <line num="71" count="0" type="stmt"/>
        <line num="74" count="0" type="stmt"/>
        <line num="85" count="65" type="stmt"/>
        <line num="86" count="65" type="cond" truecount="5" falsecount="0"/>
        <line num="87" count="62" type="stmt"/>
        <line num="88" count="0" type="stmt"/>
        <line num="90" count="62" type="stmt"/>
        <line num="95" count="65" type="stmt"/>
        <line num="97" count="0" type="stmt"/>
        <line num="101" count="0" type="cond" truecount="0" falsecount="2"/>
        <line num="104" count="0" type="stmt"/>
        <line num="105" count="0" type="stmt"/>
        <line num="108" count="0" type="stmt"/>
        <line num="113" count="65" type="stmt"/>
        <line num="115" count="0" type="stmt"/>
        <line num="119" count="0" type="cond" truecount="0" falsecount="2"/>
        <line num="120" count="0" type="stmt"/>
        <line num="124" count="0" type="stmt"/>
        <line num="127" count="0" type="cond" truecount="0" falsecount="2"/>
        <line num="128" count="0" type="stmt"/>
        <line num="140" count="0" type="stmt"/>
        <line num="143" count="0" type="stmt"/>
        <line num="144" count="0" type="stmt"/>
        <line num="148" count="65" type="cond" truecount="2" falsecount="0"/>
        <line num="149" count="1" type="stmt"/>
        <line num="156" count="0" type="stmt"/>
        <line num="174" count="64" type="cond" truecount="2" falsecount="0"/>
        <line num="175" count="1" type="cond" truecount="1" falsecount="1"/>
        <line num="178" count="63" type="cond" truecount="2" falsecount="0"/>
        <line num="179" count="1" type="stmt"/>
        <line num="182" count="62" type="stmt"/>
        <line num="186" count="62" type="stmt"/>
        <line num="194" count="62" type="stmt"/>
        <line num="199" count="62" type="stmt"/>
        <line num="206" count="1" type="stmt"/>
        <line num="264" count="0" type="stmt"/>
        <line num="265" count="0" type="cond" truecount="0" falsecount="2"/>
        <line num="266" count="0" type="stmt"/>
        <line num="267" count="0" type="stmt"/>
        <line num="269" count="0" type="stmt"/>
        <line num="278" count="0" type="stmt"/>
        <line num="279" count="0" type="cond" truecount="0" falsecount="2"/>
        <line num="280" count="0" type="stmt"/>
        <line num="281" count="0" type="stmt"/>
        <line num="283" count="0" type="stmt"/>
        <line num="292" count="1" type="stmt"/>
      </file>
    </package>
    <package name="app.(app).sessions">
      <metrics statements="35" coveredstatements="32" conditionals="24" coveredconditionals="17" methods="10" coveredmethods="7"/>
      <file name="text_session.tsx" path="/Users/baris/Desktop/Dev/Therapy_New/app/(app)/sessions/text_session.tsx">
        <metrics statements="23" coveredstatements="20" conditionals="18" coveredconditionals="11" methods="8" coveredmethods="5"/>
        <line num="43" count="1" type="stmt"/>
        <line num="53" count="42" type="stmt"/>
        <line num="56" count="42" type="stmt"/>
        <line num="57" count="42" type="stmt"/>
        <line num="58" count="42" type="stmt"/>
        <line num="80" count="42" type="stmt"/>
        <line num="114" count="0" type="stmt"/>
        <line num="116" count="0" type="stmt"/>
        <line num="122" count="0" type="stmt"/>
        <line num="158" count="1" type="stmt"/>
        <line num="161" count="43" type="stmt"/>
        <line num="162" count="43" type="stmt"/>
        <line num="163" count="43" type="stmt"/>
        <line num="165" count="43" type="stmt"/>
        <line num="169" count="43" type="stmt"/>
        <line num="170" count="43" type="stmt"/>
        <line num="176" count="43" type="stmt"/>
        <line num="185" count="43" type="stmt"/>
        <line num="191" count="1" type="stmt"/>
        <line num="196" count="43" type="stmt"/>
        <line num="197" count="43" type="stmt"/>
        <line num="202" count="43" type="stmt"/>
        <line num="228" count="1" type="stmt"/>
      </file>
      <file name="voice_session.tsx" path="/Users/baris/Desktop/Dev/Therapy_New/app/(app)/sessions/voice_session.tsx">
        <metrics statements="12" coveredstatements="12" conditionals="6" coveredconditionals="6" methods="2" coveredmethods="2"/>
        <line num="10" count="29" type="stmt"/>
        <line num="11" count="29" type="stmt"/>
        <line num="15" count="29" type="stmt"/>
        <line num="18" count="29" type="stmt"/>
        <line num="20" count="29" type="cond" truecount="2" falsecount="0"/>
        <line num="21" count="4" type="stmt"/>
        <line num="26" count="25" type="cond" truecount="2" falsecount="0"/>
        <line num="28" count="2" type="stmt"/>
        <line num="34" count="29" type="cond" truecount="2" falsecount="0"/>
        <line num="35" count="4" type="stmt"/>
        <line num="45" count="25" type="stmt"/>
        <line num="54" count="1" type="stmt"/>
      </file>
    </package>
    <package name="app.(app).therapy">
      <metrics statements="14" coveredstatements="13" conditionals="2" coveredconditionals="1" methods="5" coveredmethods="4"/>
      <file name="therapy_options.tsx" path="/Users/baris/Desktop/Dev/Therapy_New/app/(app)/therapy/therapy_options.tsx">
        <metrics statements="14" coveredstatements="13" conditionals="2" coveredconditionals="1" methods="5" coveredmethods="4"/>
        <line num="30" count="1" type="stmt"/>
        <line num="33" count="3" type="stmt"/>
        <line num="34" count="3" type="stmt"/>
        <line num="35" count="3" type="stmt"/>
        <line num="38" count="3" type="cond" truecount="1" falsecount="1"/>
        <line num="40" count="3" type="stmt"/>
        <line num="41" count="0" type="stmt"/>
        <line num="47" count="3" type="stmt"/>
        <line num="48" count="3" type="stmt"/>
        <line num="65" count="3" type="stmt"/>
        <line num="76" count="1" type="stmt"/>
        <line num="91" count="6" type="stmt"/>
        <line num="101" count="6" type="stmt"/>
        <line num="120" count="1" type="stmt"/>
      </file>
    </package>
    <package name="assets">
      <metrics statements="2" coveredstatements="2" conditionals="0" coveredconditionals="0" methods="0" coveredmethods="0"/>
      <file name="logo.png" path="/Users/baris/Desktop/Dev/Therapy_New/assets/logo.png">
        <metrics statements="1" coveredstatements="1" conditionals="0" coveredconditionals="0" methods="0" coveredmethods="0"/>
        <line num="1" count="7" type="stmt"/>
      </file>
      <file name="therapy-illustration.png" path="/Users/baris/Desktop/Dev/Therapy_New/assets/therapy-illustration.png">
        <metrics statements="1" coveredstatements="1" conditionals="0" coveredconditionals="0" methods="0" coveredmethods="0"/>
        <line num="1" count="4" type="stmt"/>
      </file>
    </package>
    <package name="components">
      <metrics statements="117" coveredstatements="115" conditionals="81" coveredconditionals="73" methods="32" coveredmethods="31"/>
      <file name="AuthButton.tsx" path="/Users/baris/Desktop/Dev/Therapy_New/components/AuthButton.tsx">
        <metrics statements="6" coveredstatements="6" conditionals="12" coveredconditionals="10" methods="1" coveredmethods="1"/>
        <line num="7" count="1" type="stmt"/>
        <line num="8" count="1" type="stmt"/>
        <line num="17" count="1" type="cond" truecount="2" falsecount="0"/>
        <line num="18" count="2" type="cond" truecount="2" falsecount="0"/>
        <line num="20" count="2" type="stmt"/>
        <line num="36" count="1" type="stmt"/>
      </file>
      <file name="AuthInput.tsx" path="/Users/baris/Desktop/Dev/Therapy_New/components/AuthInput.tsx">
        <metrics statements="2" coveredstatements="2" conditionals="0" coveredconditionals="0" methods="1" coveredmethods="1"/>
        <line num="13" count="1" type="stmt"/>
        <line num="14" count="1" type="stmt"/>
      </file>
      <file name="AuthLayout.tsx" path="/Users/baris/Desktop/Dev/Therapy_New/components/AuthLayout.tsx">
        <metrics statements="2" coveredstatements="2" conditionals="2" coveredconditionals="1" methods="1" coveredmethods="1"/>
        <line num="13" count="1" type="stmt"/>
        <line num="14" count="4" type="stmt"/>
      </file>
      <file name="LoadingButton.tsx" path="/Users/baris/Desktop/Dev/Therapy_New/components/LoadingButton.tsx">
        <metrics statements="3" coveredstatements="3" conditionals="6" coveredconditionals="6" methods="2" coveredmethods="2"/>
        <line num="11" count="1" type="stmt"/>
        <line num="16" count="2" type="stmt"/>
        <line num="19" count="2" type="stmt"/>
      </file>
      <file name="MoodSelector.tsx" path="/Users/baris/Desktop/Dev/Therapy_New/components/MoodSelector.tsx">
        <metrics statements="37" coveredstatements="37" conditionals="14" coveredconditionals="10" methods="12" coveredmethods="12"/>
        <line num="19" count="1" type="stmt"/>
        <line num="20" count="1" type="stmt"/>
        <line num="29" count="35" type="stmt"/>
        <line num="30" count="35" type="stmt"/>
        <line num="31" count="35" type="stmt"/>
        <line num="32" count="35" type="stmt"/>
        <line num="33" count="35" type="stmt"/>
        <line num="35" count="35" type="stmt"/>
        <line num="36" count="35" type="stmt"/>
        <line num="37" count="35" type="stmt"/>
        <line num="45" count="35" type="stmt"/>
        <line num="46" count="13" type="stmt"/>
        <line num="47" count="13" type="stmt"/>
        <line num="48" count="13" type="stmt"/>
        <line num="49" count="34" type="stmt"/>
        <line num="50" count="34" type="stmt"/>
        <line num="51" count="34" type="cond" truecount="4" falsecount="0"/>
        <line num="52" count="3" type="stmt"/>
        <line num="53" count="3" type="stmt"/>
        <line num="55" count="31" type="stmt"/>
        <line num="56" count="31" type="stmt"/>
        <line num="58" count="34" type="stmt"/>
        <line num="62" count="35" type="stmt"/>
        <line num="63" count="8" type="cond" truecount="2" falsecount="0"/>
        <line num="64" count="8" type="stmt"/>
        <line num="71" count="35" type="stmt"/>
        <line num="72" count="2" type="cond" truecount="1" falsecount="1"/>
        <line num="73" count="2" type="stmt"/>
        <line num="77" count="35" type="stmt"/>
        <line num="78" count="245" type="stmt"/>
        <line num="79" count="245" type="stmt"/>
        <line num="80" count="245" type="stmt"/>
        <line num="81" count="35" type="stmt"/>
        <line num="88" count="35" type="stmt"/>
        <line num="92" count="35" type="stmt"/>
        <line num="96" count="35" type="stmt"/>
        <line num="132" count="1" type="stmt"/>
      </file>
      <file name="OnboardingStep.tsx" path="/Users/baris/Desktop/Dev/Therapy_New/components/OnboardingStep.tsx">
        <metrics statements="9" coveredstatements="9" conditionals="14" coveredconditionals="13" methods="2" coveredmethods="2"/>
        <line num="12" count="1" type="stmt"/>
        <line num="13" count="1" type="stmt"/>
        <line num="14" count="1" type="stmt"/>
        <line num="35" count="7" type="stmt"/>
        <line num="36" count="7" type="stmt"/>
        <line num="38" count="7" type="stmt"/>
        <line num="40" count="7" type="stmt"/>
        <line num="86" count="1" type="stmt"/>
        <line num="108" count="1" type="stmt"/>
      </file>
      <file name="PendingDeletionScreen.tsx" path="/Users/baris/Desktop/Dev/Therapy_New/components/PendingDeletionScreen.tsx">
        <metrics statements="16" coveredstatements="14" conditionals="2" coveredconditionals="2" methods="3" coveredmethods="3"/>
        <line num="10" count="9" type="stmt"/>
        <line num="11" count="9" type="stmt"/>
        <line num="13" count="9" type="stmt"/>
        <line num="14" count="2" type="stmt"/>
        <line num="15" count="2" type="stmt"/>
        <line num="16" count="2" type="stmt"/>
        <line num="19" count="1" type="stmt"/>
        <line num="20" count="1" type="stmt"/>
        <line num="22" count="2" type="stmt"/>
        <line num="26" count="9" type="stmt"/>
        <line num="27" count="1" type="stmt"/>
        <line num="28" count="1" type="stmt"/>
        <line num="30" count="0" type="stmt"/>
        <line num="31" count="0" type="stmt"/>
        <line num="35" count="9" type="stmt"/>
        <line num="69" count="2" type="stmt"/>
      </file>
      <file name="PremiumGate.tsx" path="/Users/baris/Desktop/Dev/Therapy_New/components/PremiumGate.tsx">
        <metrics statements="22" coveredstatements="22" conditionals="25" coveredconditionals="25" methods="4" coveredmethods="3"/>
        <line num="43" count="10" type="stmt"/>
        <line num="44" count="10" type="stmt"/>
        <line num="45" count="10" type="stmt"/>
        <line num="47" count="10" type="cond" truecount="2" falsecount="0"/>
        <line num="50" count="10" type="cond" truecount="5" falsecount="0"/>
        <line num="51" count="2" type="stmt"/>
        <line num="61" count="8" type="cond" truecount="2" falsecount="0"/>
        <line num="63" count="8" type="cond" truecount="3" falsecount="0"/>
        <line num="65" count="8" type="cond" truecount="4" falsecount="0"/>
        <line num="66" count="6" type="cond" truecount="2" falsecount="0"/>
        <line num="68" count="5" type="stmt"/>
        <line num="77" count="2" type="stmt"/>
        <line num="91" count="5" type="stmt"/>
        <line num="92" count="5" type="stmt"/>
        <line num="94" count="5" type="cond" truecount="2" falsecount="0"/>
        <line num="97" count="5" type="cond" truecount="2" falsecount="0"/>
        <line num="100" count="5" type="stmt"/>
        <line num="101" count="5" type="cond" truecount="2" falsecount="0"/>
        <line num="104" count="5" type="stmt"/>
        <line num="111" count="5" type="stmt"/>
        <line num="113" count="1" type="stmt"/>
        <line num="187" count="2" type="stmt"/>
      </file>
      <file name="ProcessingScreen.tsx" path="/Users/baris/Desktop/Dev/Therapy_New/components/ProcessingScreen.tsx">
        <metrics statements="12" coveredstatements="12" conditionals="0" coveredconditionals="0" methods="4" coveredmethods="4"/>
        <line num="8" count="2" type="stmt"/>
        <line num="9" count="2" type="stmt"/>
        <line num="18" count="7" type="stmt"/>
        <line num="20" count="7" type="stmt"/>
        <line num="22" count="7" type="stmt"/>
        <line num="23" count="7" type="stmt"/>
        <line num="26" count="7" type="stmt"/>
        <line num="29" count="7" type="stmt"/>
        <line num="30" count="7" type="stmt"/>
        <line num="34" count="7" type="stmt"/>
        <line num="38" count="7" type="stmt"/>
        <line num="53" count="2" type="stmt"/>
      </file>
      <file name="ReportModal.tsx" path="/Users/baris/Desktop/Dev/Therapy_New/components/ReportModal.tsx">
        <metrics statements="8" coveredstatements="8" conditionals="6" coveredconditionals="6" methods="2" coveredmethods="2"/>
        <line num="22" count="2" type="stmt"/>
        <line num="23" count="10" type="stmt"/>
        <line num="29" count="10" type="stmt"/>
        <line num="30" count="10" type="cond" truecount="4" falsecount="0"/>
        <line num="31" count="6" type="stmt"/>
        <line num="35" count="10" type="stmt"/>
        <line num="83" count="2" type="stmt"/>
        <line num="140" count="2" type="stmt"/>
      </file>
    </package>
    <package name="components.ai_summary">
      <metrics statements="59" coveredstatements="54" conditionals="84" coveredconditionals="52" methods="15" coveredmethods="14"/>
      <file name="ReportCard.tsx" path="/Users/baris/Desktop/Dev/Therapy_New/components/ai_summary/ReportCard.tsx">
        <metrics statements="9" coveredstatements="9" conditionals="12" coveredconditionals="7" methods="2" coveredmethods="2"/>
        <line num="33" count="2" type="stmt"/>
        <line num="35" count="4" type="stmt"/>
        <line num="36" count="4" type="cond" truecount="2" falsecount="0"/>
        <line num="37" count="1" type="stmt"/>
        <line num="38" count="1" type="cond" truecount="1" falsecount="1"/>
        <line num="42" count="4" type="stmt"/>
        <line num="43" count="4" type="cond" truecount="1" falsecount="1"/>
        <line num="45" count="4" type="stmt"/>
        <line num="76" count="2" type="stmt"/>
      </file>
      <file name="ReportDetailModal.tsx" path="/Users/baris/Desktop/Dev/Therapy_New/components/ai_summary/ReportDetailModal.tsx">
        <metrics statements="50" coveredstatements="45" conditionals="72" coveredconditionals="45" methods="13" coveredmethods="12"/>
        <line num="54" count="2" type="stmt"/>
        <line num="55" count="8" type="cond" truecount="1" falsecount="1"/>
        <line num="59" count="2" type="stmt"/>
        <line num="60" count="8" type="cond" truecount="2" falsecount="2"/>
        <line num="62" count="2" type="stmt"/>
        <line num="63" count="8" type="cond" truecount="1" falsecount="3"/>
        <line num="66" count="2" type="stmt"/>
        <line num="67" count="8" type="cond" truecount="1" falsecount="3"/>
        <line num="75" count="28" type="stmt"/>
        <line num="76" count="28" type="stmt"/>
        <line num="77" count="28" type="stmt"/>
        <line num="78" count="28" type="stmt"/>
        <line num="79" count="28" type="stmt"/>
        <line num="81" count="28" type="stmt"/>
        <line num="82" count="1" type="cond" truecount="1" falsecount="1"/>
        <line num="84" count="1" type="stmt"/>
        <line num="88" count="28" type="cond" truecount="1" falsecount="1"/>
        <line num="89" count="28" type="cond" truecount="5" falsecount="0"/>
        <line num="96" count="28" type="stmt"/>
        <line num="97" count="20" type="cond" truecount="5" falsecount="0"/>
        <line num="98" count="16" type="stmt"/>
        <line num="100" count="16" type="stmt"/>
        <line num="101" count="16" type="stmt"/>
        <line num="102" count="16" type="stmt"/>
        <line num="103" count="16" type="stmt"/>
        <line num="104" count="16" type="stmt"/>
        <line num="105" count="16" type="stmt"/>
        <line num="109" count="16" type="cond" truecount="1" falsecount="1"/>
        <line num="110" count="16" type="cond" truecount="3" falsecount="1"/>
        <line num="111" count="0" type="cond" truecount="0" falsecount="2"/>
        <line num="112" count="0" type="stmt"/>
        <line num="114" count="16" type="cond" truecount="2" falsecount="0"/>
        <line num="121" count="0" type="cond" truecount="0" falsecount="2"/>
        <line num="122" count="0" type="cond" truecount="0" falsecount="2"/>
        <line num="123" count="0" type="stmt"/>
        <line num="126" count="16" type="cond" truecount="2" falsecount="0"/>
        <line num="130" count="16" type="stmt"/>
        <line num="131" count="16" type="stmt"/>
        <line num="135" count="28" type="stmt"/>
        <line num="136" count="5" type="cond" truecount="2" falsecount="0"/>
        <line num="137" count="1" type="stmt"/>
        <line num="138" count="1" type="stmt"/>
        <line num="139" count="1" type="stmt"/>
        <line num="144" count="28" type="stmt"/>
        <line num="145" count="5" type="cond" truecount="3" falsecount="1"/>
        <line num="146" count="5" type="stmt"/>
        <line num="150" count="28" type="stmt"/>
        <line num="262" count="20" type="stmt"/>
        <line num="329" count="2" type="stmt"/>
        <line num="484" count="2" type="stmt"/>
      </file>
    </package>
    <package name="components.daily_reflection">
      <metrics statements="24" coveredstatements="24" conditionals="25" coveredconditionals="17" methods="9" coveredmethods="9"/>
      <file name="FeedbackModal.tsx" path="/Users/baris/Desktop/Dev/Therapy_New/components/daily_reflection/FeedbackModal.tsx">
        <metrics statements="15" coveredstatements="15" conditionals="21" coveredconditionals="14" methods="5" coveredmethods="5"/>
        <line num="28" count="3" type="stmt"/>
        <line num="42" count="12" type="stmt"/>
        <line num="43" count="12" type="stmt"/>
        <line num="45" count="12" type="stmt"/>
        <line num="46" count="12" type="cond" truecount="2" falsecount="0"/>
        <line num="47" count="6" type="stmt"/>
        <line num="57" count="6" type="stmt"/>
        <line num="58" count="6" type="stmt"/>
        <line num="62" count="12" type="stmt"/>
        <line num="71" count="12" type="stmt"/>
        <line num="120" count="1" type="stmt"/>
        <line num="121" count="1" type="stmt"/>
        <line num="173" count="1" type="stmt"/>
        <line num="190" count="1" type="stmt"/>
        <line num="209" count="3" type="stmt"/>
      </file>
      <file name="GradientHeader.tsx" path="/Users/baris/Desktop/Dev/Therapy_New/components/daily_reflection/GradientHeader.tsx">
        <metrics statements="2" coveredstatements="2" conditionals="0" coveredconditionals="0" methods="1" coveredmethods="1"/>
        <line num="12" count="2" type="stmt"/>
        <line num="27" count="1" type="stmt"/>
      </file>
      <file name="GradientMoodImage.tsx" path="/Users/baris/Desktop/Dev/Therapy_New/components/daily_reflection/GradientMoodImage.tsx">
        <metrics statements="2" coveredstatements="2" conditionals="0" coveredconditionals="0" methods="1" coveredmethods="1"/>
        <line num="13" count="1" type="stmt"/>
        <line num="15" count="1" type="stmt"/>
      </file>
      <file name="GradientMoodLabel.tsx" path="/Users/baris/Desktop/Dev/Therapy_New/components/daily_reflection/GradientMoodLabel.tsx">
        <metrics statements="2" coveredstatements="2" conditionals="0" coveredconditionals="0" methods="1" coveredmethods="1"/>
        <line num="7" count="2" type="stmt"/>
        <line num="12" count="1" type="stmt"/>
      </file>
      <file name="InputModal.tsx" path="/Users/baris/Desktop/Dev/Therapy_New/components/daily_reflection/InputModal.tsx">
        <metrics statements="3" coveredstatements="3" conditionals="4" coveredconditionals="3" methods="1" coveredmethods="1"/>
        <line num="29" count="4" type="stmt"/>
        <line num="31" count="4" type="stmt"/>
        <line num="116" count="2" type="stmt"/>
      </file>
    </package>
    <package name="components.diary">
      <metrics statements="30" coveredstatements="29" conditionals="88" coveredconditionals="74" methods="14" coveredmethods="13"/>
      <file name="DiaryList.tsx" path="/Users/baris/Desktop/Dev/Therapy_New/components/diary/DiaryList.tsx">
        <metrics statements="10" coveredstatements="9" conditionals="16" coveredconditionals="10" methods="5" coveredmethods="4"/>
        <line num="12" count="1" type="stmt"/>
        <line num="13" count="8" type="stmt"/>
        <line num="14" count="8" type="stmt"/>
        <line num="15" count="8" type="stmt"/>
        <line num="16" count="8" type="stmt"/>
        <line num="18" count="8" type="stmt"/>
        <line num="28" count="0" type="stmt"/>
        <line num="86" count="11" type="stmt"/>
        <line num="88" count="6" type="stmt"/>
        <line num="138" count="1" type="stmt"/>
      </file>
      <file name="DiaryView.tsx" path="/Users/baris/Desktop/Dev/Therapy_New/components/diary/DiaryView.tsx">
        <metrics statements="11" coveredstatements="11" conditionals="17" coveredconditionals="14" methods="4" coveredmethods="4"/>
        <line num="10" count="1" type="stmt"/>
        <line num="11" count="4" type="stmt"/>
        <line num="12" count="4" type="stmt"/>
        <line num="13" count="4" type="stmt"/>
        <line num="15" count="4" type="cond" truecount="2" falsecount="0"/>
        <line num="16" count="1" type="stmt"/>
        <line num="23" count="3" type="stmt"/>
        <line num="26" count="1" type="stmt"/>
        <line num="30" count="1" type="stmt"/>
        <line num="51" count="2" type="stmt"/>
        <line num="88" count="1" type="stmt"/>
      </file>
      <file name="WritingMode.tsx" path="/Users/baris/Desktop/Dev/Therapy_New/components/diary/WritingMode.tsx">
        <metrics statements="9" coveredstatements="9" conditionals="55" coveredconditionals="50" methods="5" coveredmethods="5"/>
        <line num="10" count="1" type="stmt"/>
        <line num="11" count="14" type="stmt"/>
        <line num="12" count="14" type="stmt"/>
        <line num="13" count="14" type="cond" truecount="5" falsecount="0"/>
        <line num="16" count="14" type="stmt"/>
        <line num="35" count="10" type="stmt"/>
        <line num="103" count="18" type="stmt"/>
        <line num="110" count="1" type="stmt"/>
        <line num="168" count="1" type="stmt"/>
      </file>
    </package>
    <package name="components.dream">
      <metrics statements="89" coveredstatements="87" conditionals="41" coveredconditionals="38" methods="23" coveredmethods="23"/>
      <file name="CrossConnectionsCard.tsx" path="/Users/baris/Desktop/Dev/Therapy_New/components/dream/CrossConnectionsCard.tsx">
        <metrics statements="6" coveredstatements="6" conditionals="4" coveredconditionals="4" methods="2" coveredmethods="2"/>
        <line num="23" count="8" type="stmt"/>
        <line num="24" count="8" type="cond" truecount="4" falsecount="0"/>
        <line num="25" count="3" type="stmt"/>
        <line num="28" count="5" type="stmt"/>
        <line num="46" count="11" type="stmt"/>
        <line num="67" count="2" type="stmt"/>
      </file>
      <file name="ErrorState.tsx" path="/Users/baris/Desktop/Dev/Therapy_New/components/dream/ErrorState.tsx">
        <metrics statements="5" coveredstatements="5" conditionals="3" coveredconditionals="3" methods="2" coveredmethods="2"/>
        <line num="16" count="5" type="stmt"/>
        <line num="17" count="5" type="stmt"/>
        <line num="19" count="5" type="stmt"/>
        <line num="23" count="1" type="stmt"/>
        <line num="31" count="2" type="stmt"/>
      </file>
      <file name="FeedbackCard.tsx" path="/Users/baris/Desktop/Dev/Therapy_New/components/dream/FeedbackCard.tsx">
        <metrics statements="5" coveredstatements="5" conditionals="4" coveredconditionals="4" methods="3" coveredmethods="3"/>
        <line num="16" count="7" type="stmt"/>
        <line num="17" count="7" type="stmt"/>
        <line num="42" count="1" type="stmt"/>
        <line num="45" count="1" type="stmt"/>
        <line num="57" count="2" type="stmt"/>
      </file>
      <file name="InterpretationCard.tsx" path="/Users/baris/Desktop/Dev/Therapy_New/components/dream/InterpretationCard.tsx">
        <metrics statements="6" coveredstatements="6" conditionals="2" coveredconditionals="2" methods="1" coveredmethods="1"/>
        <line num="16" count="8" type="stmt"/>
        <line num="17" count="8" type="cond" truecount="2" falsecount="0"/>
        <line num="18" count="3" type="stmt"/>
        <line num="21" count="5" type="stmt"/>
        <line num="38" count="2" type="stmt"/>
        <line num="62" count="2" type="stmt"/>
      </file>
      <file name="Oracle.tsx" path="/Users/baris/Desktop/Dev/Therapy_New/components/dream/Oracle.tsx">
        <metrics statements="26" coveredstatements="24" conditionals="21" coveredconditionals="18" methods="4" coveredmethods="4"/>
        <line num="36" count="2" type="stmt"/>
        <line num="37" count="9" type="cond" truecount="3" falsecount="2"/>
        <line num="38" count="5" type="stmt"/>
        <line num="39" count="2" type="stmt"/>
        <line num="40" count="2" type="stmt"/>
        <line num="41" count="0" type="stmt"/>
        <line num="42" count="0" type="stmt"/>
        <line num="56" count="18" type="stmt"/>
        <line num="57" count="18" type="cond" truecount="2" falsecount="0"/>
        <line num="58" count="18" type="stmt"/>
        <line num="59" count="18" type="stmt"/>
        <line num="61" count="18" type="stmt"/>
        <line num="62" count="5" type="stmt"/>
        <line num="63" count="5" type="stmt"/>
        <line num="64" count="5" type="stmt"/>
        <line num="65" count="5" type="stmt"/>
        <line num="66" count="5" type="stmt"/>
        <line num="67" count="5" type="stmt"/>
        <line num="68" count="2" type="stmt"/>
        <line num="69" count="2" type="stmt"/>
        <line num="71" count="2" type="stmt"/>
        <line num="75" count="18" type="stmt"/>
        <line num="147" count="2" type="cond" truecount="1" falsecount="1"/>
        <line num="149" count="9" type="cond" truecount="2" falsecount="0"/>
        <line num="152" count="9" type="stmt"/>
        <line num="182" count="2" type="stmt"/>
      </file>
      <file name="ResultSkeleton.tsx" path="/Users/baris/Desktop/Dev/Therapy_New/components/dream/ResultSkeleton.tsx">
        <metrics statements="2" coveredstatements="2" conditionals="0" coveredconditionals="0" methods="1" coveredmethods="1"/>
        <line num="10" count="6" type="stmt"/>
        <line num="109" count="2" type="stmt"/>
      </file>
      <file name="Sigil.tsx" path="/Users/baris/Desktop/Dev/Therapy_New/components/dream/Sigil.tsx">
        <metrics statements="23" coveredstatements="23" conditionals="0" coveredconditionals="0" methods="5" coveredmethods="5"/>
        <line num="11" count="24" type="stmt"/>
        <line num="12" count="24" type="stmt"/>
        <line num="13" count="24" type="stmt"/>
        <line num="16" count="24" type="stmt"/>
        <line num="17" count="24" type="stmt"/>
        <line num="18" count="24" type="stmt"/>
        <line num="26" count="24" type="stmt"/>
        <line num="27" count="24" type="stmt"/>
        <line num="28" count="24" type="stmt"/>
        <line num="30" count="24" type="stmt"/>
        <line num="31" count="24" type="stmt"/>
        <line num="32" count="24" type="stmt"/>
        <line num="34" count="24" type="stmt"/>
        <line num="35" count="24" type="stmt"/>
        <line num="36" count="24" type="stmt"/>
        <line num="40" count="24" type="stmt"/>
        <line num="41" count="24" type="stmt"/>
        <line num="42" count="24" type="stmt"/>
        <line num="43" count="24" type="stmt"/>
        <line num="44" count="24" type="stmt"/>
        <line num="45" count="24" type="stmt"/>
        <line num="47" count="24" type="stmt"/>
        <line num="81" count="3" type="stmt"/>
      </file>
      <file name="SkeletonCard.tsx" path="/Users/baris/Desktop/Dev/Therapy_New/components/dream/SkeletonCard.tsx">
        <metrics statements="2" coveredstatements="2" conditionals="1" coveredconditionals="1" methods="1" coveredmethods="1"/>
        <line num="13" count="7" type="stmt"/>
        <line num="34" count="2" type="stmt"/>
      </file>
      <file name="SummaryCard.tsx" path="/Users/baris/Desktop/Dev/Therapy_New/components/dream/SummaryCard.tsx">
        <metrics statements="5" coveredstatements="5" conditionals="2" coveredconditionals="2" methods="1" coveredmethods="1"/>
        <line num="16" count="6" type="stmt"/>
        <line num="18" count="6" type="cond" truecount="2" falsecount="0"/>
        <line num="19" count="3" type="stmt"/>
        <line num="23" count="3" type="stmt"/>
        <line num="35" count="2" type="stmt"/>
      </file>
      <file name="ThemesCard.tsx" path="/Users/baris/Desktop/Dev/Therapy_New/components/dream/ThemesCard.tsx">
        <metrics statements="6" coveredstatements="6" conditionals="4" coveredconditionals="4" methods="2" coveredmethods="2"/>
        <line num="16" count="7" type="stmt"/>
        <line num="18" count="7" type="cond" truecount="4" falsecount="0"/>
        <line num="19" count="3" type="stmt"/>
        <line num="22" count="4" type="stmt"/>
        <line num="30" count="11" type="stmt"/>
        <line num="40" count="2" type="stmt"/>
      </file>
      <file name="UndoToast.tsx" path="/Users/baris/Desktop/Dev/Therapy_New/components/dream/UndoToast.tsx">
        <metrics statements="3" coveredstatements="3" conditionals="0" coveredconditionals="0" methods="1" coveredmethods="1"/>
        <line num="12" count="4" type="stmt"/>
        <line num="13" count="4" type="stmt"/>
        <line num="26" count="1" type="stmt"/>
      </file>
    </package>
    <package name="components.home">
      <metrics statements="26" coveredstatements="26" conditionals="14" coveredconditionals="13" methods="12" coveredmethods="12"/>
      <file name="ActionButton.tsx" path="/Users/baris/Desktop/Dev/Therapy_New/components/home/ActionButton.tsx">
        <metrics statements="6" coveredstatements="6" conditionals="9" coveredconditionals="8" methods="2" coveredmethods="2"/>
        <line num="15" count="3" type="cond" truecount="1" falsecount="0"/>
        <line num="16" count="113" type="cond" truecount="2" falsecount="0"/>
        <line num="17" count="113" type="cond" truecount="2" falsecount="0"/>
        <line num="19" count="113" type="stmt"/>
        <line num="22" count="113" type="stmt"/>
        <line num="39" count="3" type="stmt"/>
      </file>
      <file name="HomeActions.tsx" path="/Users/baris/Desktop/Dev/Therapy_New/components/home/HomeActions.tsx">
        <metrics statements="13" coveredstatements="13" conditionals="5" coveredconditionals="5" methods="8" coveredmethods="8"/>
        <line num="20" count="2" type="stmt"/>
        <line num="26" count="18" type="stmt"/>
        <line num="27" count="18" type="stmt"/>
        <line num="30" count="18" type="stmt"/>
        <line num="32" count="1" type="stmt"/>
        <line num="33" count="1" type="stmt"/>
        <line num="34" count="1" type="stmt"/>
        <line num="35" count="1" type="stmt"/>
        <line num="36" count="1" type="stmt"/>
        <line num="39" count="18" type="stmt"/>
        <line num="65" count="108" type="stmt"/>
        <line num="77" count="1" type="stmt"/>
        <line num="85" count="2" type="stmt"/>
      </file>
      <file name="HomeHeader.tsx" path="/Users/baris/Desktop/Dev/Therapy_New/components/home/HomeHeader.tsx">
        <metrics statements="3" coveredstatements="3" conditionals="0" coveredconditionals="0" methods="1" coveredmethods="1"/>
        <line num="11" count="2" type="stmt"/>
        <line num="12" count="9" type="stmt"/>
        <line num="34" count="2" type="stmt"/>
      </file>
      <file name="HomeIllustration.tsx" path="/Users/baris/Desktop/Dev/Therapy_New/components/home/HomeIllustration.tsx">
        <metrics statements="4" coveredstatements="4" conditionals="0" coveredconditionals="0" methods="1" coveredmethods="1"/>
        <line num="6" count="2" type="stmt"/>
        <line num="7" count="9" type="stmt"/>
        <line num="9" count="9" type="stmt"/>
        <line num="29" count="2" type="stmt"/>
      </file>
    </package>
    <package name="components.how_it_works">
      <metrics statements="6" coveredstatements="6" conditionals="0" coveredconditionals="0" methods="2" coveredmethods="2"/>
      <file name="FeatureCard.tsx" path="/Users/baris/Desktop/Dev/Therapy_New/components/how_it_works/FeatureCard.tsx">
        <metrics statements="3" coveredstatements="3" conditionals="0" coveredconditionals="0" methods="1" coveredmethods="1"/>
        <line num="20" count="2" type="stmt"/>
        <line num="21" count="2" type="stmt"/>
        <line num="48" count="2" type="stmt"/>
      </file>
      <file name="StepCard.tsx" path="/Users/baris/Desktop/Dev/Therapy_New/components/how_it_works/StepCard.tsx">
        <metrics statements="3" coveredstatements="3" conditionals="0" coveredconditionals="0" methods="1" coveredmethods="1"/>
        <line num="16" count="2" type="stmt"/>
        <line num="17" count="2" type="stmt"/>
        <line num="32" count="2" type="stmt"/>
      </file>
    </package>
    <package name="components.settings">
      <metrics statements="15" coveredstatements="15" conditionals="8" coveredconditionals="6" methods="5" coveredmethods="5"/>
      <file name="FeaturedCard.tsx" path="/Users/baris/Desktop/Dev/Therapy_New/components/settings/FeaturedCard.tsx">
        <metrics statements="11" coveredstatements="11" conditionals="6" coveredconditionals="5" methods="3" coveredmethods="3"/>
        <line num="10" count="2" type="stmt"/>
        <line num="11" count="4" type="stmt"/>
        <line num="12" count="4" type="stmt"/>
        <line num="13" count="4" type="stmt"/>
        <line num="15" count="4" type="cond" truecount="2" falsecount="0"/>
        <line num="29" count="4" type="cond" truecount="2" falsecount="0"/>
        <line num="30" count="1" type="stmt"/>
        <line num="33" count="3" type="stmt"/>
        <line num="35" count="1" type="stmt"/>
        <line num="36" count="3" type="cond" truecount="1" falsecount="1"/>
        <line num="55" count="2" type="stmt"/>
      </file>
      <file name="SettingsCard.tsx" path="/Users/baris/Desktop/Dev/Therapy_New/components/settings/SettingsCard.tsx">
        <metrics statements="4" coveredstatements="4" conditionals="2" coveredconditionals="1" methods="2" coveredmethods="2"/>
        <line num="12" count="2" type="stmt"/>
        <line num="13" count="10" type="stmt"/>
        <line num="15" count="10" type="cond" truecount="1" falsecount="1"/>
        <line num="24" count="2" type="stmt"/>
      </file>
    </package>
    <package name="components.shared">
      <metrics statements="40" coveredstatements="38" conditionals="39" coveredconditionals="32" methods="9" coveredmethods="9"/>
      <file name="AppToast.tsx" path="/Users/baris/Desktop/Dev/Therapy_New/components/shared/AppToast.tsx">
        <metrics statements="4" coveredstatements="4" conditionals="3" coveredconditionals="3" methods="1" coveredmethods="1"/>
        <line num="13" count="1" type="stmt"/>
        <line num="32" count="4" type="stmt"/>
        <line num="34" count="4" type="stmt"/>
        <line num="54" count="1" type="stmt"/>
      </file>
      <file name="BaseModal.tsx" path="/Users/baris/Desktop/Dev/Therapy_New/components/shared/BaseModal.tsx">
        <metrics statements="2" coveredstatements="2" conditionals="2" coveredconditionals="1" methods="1" coveredmethods="1"/>
        <line num="28" count="16" type="stmt"/>
        <line num="74" count="1" type="stmt"/>
      </file>
      <file name="ErrorFallbackUI.tsx" path="/Users/baris/Desktop/Dev/Therapy_New/components/shared/ErrorFallbackUI.tsx">
        <metrics statements="3" coveredstatements="3" conditionals="0" coveredconditionals="0" methods="1" coveredmethods="1"/>
        <line num="11" count="1" type="stmt"/>
        <line num="12" count="2" type="stmt"/>
        <line num="25" count="1" type="stmt"/>
      </file>
      <file name="MarkdownRenderer.tsx" path="/Users/baris/Desktop/Dev/Therapy_New/components/shared/MarkdownRenderer.tsx">
        <metrics statements="31" coveredstatements="29" conditionals="34" coveredconditionals="28" methods="6" coveredmethods="6"/>
        <line num="11" count="1" type="stmt"/>
        <line num="15" count="7" type="cond" truecount="2" falsecount="0"/>
        <line num="18" count="6" type="stmt"/>
        <line num="20" count="6" type="stmt"/>
        <line num="23" count="6" type="cond" truecount="1" falsecount="1"/>
        <line num="26" count="6" type="cond" truecount="2" falsecount="0"/>
        <line num="28" count="1" type="stmt"/>
        <line num="29" count="1" type="stmt"/>
        <line num="31" count="1" type="stmt"/>
        <line num="35" count="3" type="cond" truecount="2" falsecount="0"/>
        <line num="40" count="1" type="stmt"/>
        <line num="48" count="2" type="cond" truecount="1" falsecount="1"/>
        <line num="54" count="0" type="stmt"/>
        <line num="61" count="2" type="stmt"/>
        <line num="67" count="1" type="stmt"/>
        <line num="78" count="5" type="cond" truecount="1" falsecount="1"/>
        <line num="79" count="0" type="stmt"/>
        <line num="86" count="5" type="cond" truecount="2" falsecount="0"/>
        <line num="87" count="1" type="stmt"/>
        <line num="95" count="4" type="cond" truecount="2" falsecount="0"/>
        <line num="96" count="1" type="stmt"/>
        <line num="109" count="3" type="stmt"/>
        <line num="111" count="3" type="stmt"/>
        <line num="113" count="3" type="stmt"/>
        <line num="117" count="7" type="cond" truecount="2" falsecount="0"/>
        <line num="122" count="1" type="stmt"/>
        <line num="130" count="6" type="cond" truecount="2" falsecount="0"/>
        <line num="136" count="1" type="stmt"/>
        <line num="143" count="5" type="stmt"/>
        <line num="149" count="3" type="stmt"/>
        <line num="156" count="1" type="stmt"/>
      </file>
    </package>
    <package name="components.subscription">
      <metrics statements="15" coveredstatements="14" conditionals="29" coveredconditionals="24" methods="5" coveredmethods="5"/>
      <file name="FeatureComparisonTable.tsx" path="/Users/baris/Desktop/Dev/Therapy_New/components/subscription/FeatureComparisonTable.tsx">
        <metrics statements="11" coveredstatements="10" conditionals="15" coveredconditionals="12" methods="3" coveredmethods="3"/>
        <line num="18" count="3" type="stmt"/>
        <line num="19" count="12" type="stmt"/>
        <line num="20" count="12" type="cond" truecount="2" falsecount="0"/>
        <line num="22" count="12" type="cond" truecount="5" falsecount="0"/>
        <line num="23" count="9" type="cond" truecount="2" falsecount="0"/>
        <line num="25" count="3" type="cond" truecount="1" falsecount="1"/>
        <line num="26" count="3" type="stmt"/>
        <line num="28" count="0" type="cond" truecount="0" falsecount="2"/>
        <line num="31" count="3" type="stmt"/>
        <line num="41" count="6" type="cond" truecount="2" falsecount="0"/>
        <line num="55" count="1" type="stmt"/>
      </file>
      <file name="PlanCard.tsx" path="/Users/baris/Desktop/Dev/Therapy_New/components/subscription/PlanCard.tsx">
        <metrics statements="4" coveredstatements="4" conditionals="14" coveredconditionals="12" methods="2" coveredmethods="2"/>
        <line num="34" count="6" type="stmt"/>
        <line num="35" count="5" type="stmt"/>
        <line num="56" count="6" type="stmt"/>
        <line num="101" count="1" type="stmt"/>
      </file>
    </package>
    <package name="components.text_session">
      <metrics statements="58" coveredstatements="54" conditionals="40" coveredconditionals="33" methods="13" coveredmethods="12"/>
      <file name="InputBar.tsx" path="/Users/baris/Desktop/Dev/Therapy_New/components/text_session/InputBar.tsx">
        <metrics statements="7" coveredstatements="7" conditionals="7" coveredconditionals="7" methods="2" coveredmethods="1"/>
        <line num="17" count="2" type="stmt"/>
        <line num="24" count="6" type="stmt"/>
        <line num="25" count="6" type="stmt"/>
        <line num="29" count="6" type="stmt"/>
        <line num="71" count="2" type="stmt"/>
        <line num="73" count="2" type="stmt"/>
        <line num="113" count="2" type="stmt"/>
      </file>
      <file name="MemoryBubble.tsx" path="/Users/baris/Desktop/Dev/Therapy_New/components/text_session/MemoryBubble.tsx">
        <metrics statements="11" coveredstatements="9" conditionals="6" coveredconditionals="4" methods="2" coveredmethods="2"/>
        <line num="14" count="1" type="stmt"/>
        <line num="20" count="4" type="stmt"/>
        <line num="21" count="4" type="cond" truecount="2" falsecount="0"/>
        <line num="26" count="4" type="stmt"/>
        <line num="27" count="4" type="cond" truecount="2" falsecount="2"/>
        <line num="29" count="3" type="stmt"/>
        <line num="31" count="1" type="stmt"/>
        <line num="33" count="0" type="stmt"/>
        <line num="35" count="0" type="stmt"/>
        <line num="39" count="4" type="stmt"/>
        <line num="65" count="1" type="stmt"/>
      </file>
      <file name="MemoryModal.tsx" path="/Users/baris/Desktop/Dev/Therapy_New/components/text_session/MemoryModal.tsx">
        <metrics statements="12" coveredstatements="10" conditionals="6" coveredconditionals="4" methods="2" coveredmethods="2"/>
        <line num="20" count="2" type="stmt"/>
        <line num="25" count="4" type="stmt"/>
        <line num="26" count="4" type="cond" truecount="2" falsecount="0"/>
        <line num="29" count="3" type="stmt"/>
        <line num="30" count="3" type="cond" truecount="2" falsecount="2"/>
        <line num="32" count="2" type="stmt"/>
        <line num="34" count="1" type="stmt"/>
        <line num="36" count="0" type="stmt"/>
        <line num="38" count="0" type="stmt"/>
        <line num="42" count="3" type="stmt"/>
        <line num="44" count="3" type="stmt"/>
        <line num="85" count="2" type="stmt"/>
      </file>
      <file name="MessageBubble.tsx" path="/Users/baris/Desktop/Dev/Therapy_New/components/text_session/MessageBubble.tsx">
        <metrics statements="4" coveredstatements="4" conditionals="7" coveredconditionals="7" methods="1" coveredmethods="1"/>
        <line num="16" count="2" type="stmt"/>
        <line num="20" count="4" type="stmt"/>
        <line num="22" count="4" type="stmt"/>
        <line num="42" count="2" type="stmt"/>
      </file>
      <file name="SessionSummaryModal.tsx" path="/Users/baris/Desktop/Dev/Therapy_New/components/text_session/SessionSummaryModal.tsx">
        <metrics statements="11" coveredstatements="11" conditionals="10" coveredconditionals="7" methods="2" coveredmethods="2"/>
        <line num="19" count="2" type="stmt"/>
        <line num="28" count="4" type="stmt"/>
        <line num="29" count="4" type="stmt"/>
        <line num="31" count="4" type="stmt"/>
        <line num="32" count="4" type="cond" truecount="2" falsecount="0"/>
        <line num="33" count="3" type="stmt"/>
        <line num="43" count="1" type="stmt"/>
        <line num="44" count="1" type="stmt"/>
        <line num="48" count="4" type="stmt"/>
        <line num="54" count="4" type="stmt"/>
        <line num="100" count="2" type="stmt"/>
      </file>
      <file name="TypingIndicator.tsx" path="/Users/baris/Desktop/Dev/Therapy_New/components/text_session/TypingIndicator.tsx">
        <metrics statements="13" coveredstatements="13" conditionals="4" coveredconditionals="4" methods="4" coveredmethods="4"/>
        <line num="9" count="2" type="stmt"/>
        <line num="11" count="3" type="stmt"/>
        <line num="12" count="3" type="stmt"/>
        <line num="13" count="3" type="stmt"/>
        <line num="15" count="3" type="stmt"/>
        <line num="16" count="2" type="stmt"/>
        <line num="58" count="3" type="stmt"/>
        <line num="59" count="3" type="cond" truecount="2" falsecount="0"/>
        <line num="60" count="2" type="stmt"/>
        <line num="64" count="3" type="cond" truecount="2" falsecount="0"/>
        <line num="66" count="2" type="stmt"/>
        <line num="69" count="6" type="stmt"/>
        <line num="93" count="2" type="stmt"/>
      </file>
    </package>
    <package name="components.therapy">
      <metrics statements="6" coveredstatements="6" conditionals="8" coveredconditionals="4" methods="3" coveredmethods="3"/>
      <file name="TherapyOptionCard.tsx" path="/Users/baris/Desktop/Dev/Therapy_New/components/therapy/TherapyOptionCard.tsx">
        <metrics statements="6" coveredstatements="6" conditionals="8" coveredconditionals="4" methods="3" coveredmethods="3"/>
        <line num="8" count="1" type="stmt"/>
        <line num="25" count="1" type="stmt"/>
        <line num="29" count="3" type="stmt"/>
        <line num="32" count="1" type="stmt"/>
        <line num="53" count="5" type="stmt"/>
        <line num="76" count="1" type="stmt"/>
      </file>
    </package>
    <package name="components.ui">
      <metrics statements="3" coveredstatements="3" conditionals="2" coveredconditionals="2" methods="3" coveredmethods="3"/>
      <file name="IconSymbol.ios.tsx" path="/Users/baris/Desktop/Dev/Therapy_New/components/ui/IconSymbol.ios.tsx">
        <metrics statements="1" coveredstatements="1" conditionals="2" coveredconditionals="2" methods="1" coveredmethods="1"/>
        <line num="17" count="4" type="stmt"/>
      </file>
      <file name="TabBarBackground.ios.tsx" path="/Users/baris/Desktop/Dev/Therapy_New/components/ui/TabBarBackground.ios.tsx">
        <metrics statements="2" coveredstatements="2" conditionals="0" coveredconditionals="0" methods="2" coveredmethods="2"/>
        <line num="6" count="1" type="stmt"/>
        <line num="18" count="1" type="stmt"/>
      </file>
    </package>
    <package name="constants">
      <metrics statements="13" coveredstatements="13" conditionals="0" coveredconditionals="0" methods="0" coveredmethods="0"/>
      <file name="Colors.ts" path="/Users/baris/Desktop/Dev/Therapy_New/constants/Colors.ts">
        <metrics statements="4" coveredstatements="4" conditionals="0" coveredconditionals="0" methods="0" coveredmethods="0"/>
        <line num="2" count="58" type="stmt"/>
        <line num="3" count="58" type="stmt"/>
        <line num="5" count="58" type="stmt"/>
        <line num="30" count="58" type="stmt"/>
      </file>
      <file name="Styles.ts" path="/Users/baris/Desktop/Dev/Therapy_New/constants/Styles.ts">
        <metrics statements="5" coveredstatements="5" conditionals="0" coveredconditionals="0" methods="0" coveredmethods="0"/>
        <line num="5" count="1" type="stmt"/>
        <line num="6" count="1" type="stmt"/>
        <line num="8" count="1" type="stmt"/>
        <line num="262" count="1" type="stmt"/>
        <line num="289" count="1" type="stmt"/>
      </file>
      <file name="dailyWrite.constants.ts" path="/Users/baris/Desktop/Dev/Therapy_New/constants/dailyWrite.constants.ts">
        <metrics statements="2" coveredstatements="2" conditionals="0" coveredconditionals="0" methods="0" coveredmethods="0"/>
        <line num="5" count="4" type="stmt"/>
        <line num="20" count="4" type="stmt"/>
      </file>
      <file name="howItWorksContent.ts" path="/Users/baris/Desktop/Dev/Therapy_New/constants/howItWorksContent.ts">
        <metrics statements="2" coveredstatements="2" conditionals="0" coveredconditionals="0" methods="0" coveredmethods="0"/>
        <line num="2" count="1" type="stmt"/>
        <line num="53" count="1" type="stmt"/>
      </file>
    </package>
    <package name="context">
      <metrics statements="77" coveredstatements="59" conditionals="30" coveredconditionals="22" methods="15" coveredmethods="10"/>
      <file name="Auth.tsx" path="/Users/baris/Desktop/Dev/Therapy_New/context/Auth.tsx">
        <metrics statements="61" coveredstatements="56" conditionals="28" coveredconditionals="22" methods="11" coveredmethods="10"/>
        <line num="21" count="7" type="stmt"/>
        <line num="26" count="0" type="stmt"/>
        <line num="29" count="7" type="stmt"/>
        <line num="31" count="18" type="stmt"/>
        <line num="32" count="18" type="cond" truecount="1" falsecount="1"/>
        <line num="34" count="0" type="stmt"/>
        <line num="36" count="18" type="stmt"/>
        <line num="40" count="7" type="stmt"/>
        <line num="41" count="28" type="stmt"/>
        <line num="42" count="28" type="stmt"/>
        <line num="44" count="28" type="stmt"/>
        <line num="46" count="28" type="stmt"/>
        <line num="49" count="28" type="stmt"/>
        <line num="52" count="28" type="stmt"/>
        <line num="53" count="6" type="cond" truecount="1" falsecount="1"/>
        <line num="54" count="0" type="stmt"/>
        <line num="55" count="0" type="stmt"/>
        <line num="61" count="6" type="stmt"/>
        <line num="62" count="6" type="stmt"/>
        <line num="63" count="6" type="stmt"/>
        <line num="71" count="28" type="stmt"/>
        <line num="72" count="3" type="cond" truecount="2" falsecount="0"/>
        <line num="74" count="2" type="stmt"/>
        <line num="76" count="2" type="stmt"/>
        <line num="77" count="2" type="cond" truecount="2" falsecount="0"/>
        <line num="80" count="1" type="stmt"/>
        <line num="82" count="1" type="stmt"/>
        <line num="88" count="1" type="stmt"/>
        <line num="90" count="1" type="cond" truecount="1" falsecount="1"/>
        <line num="93" count="1" type="stmt"/>
        <line num="94" count="1" type="stmt"/>
        <line num="99" count="28" type="stmt"/>
        <line num="101" count="13" type="stmt"/>
        <line num="102" count="13" type="stmt"/>
        <line num="103" count="13" type="cond" truecount="2" falsecount="0"/>
        <line num="104" count="13" type="cond" truecount="2" falsecount="0"/>
        <line num="105" count="13" type="stmt"/>
        <line num="109" count="13" type="stmt"/>
        <line num="111" count="1" type="stmt"/>
        <line num="112" count="1" type="cond" truecount="2" falsecount="0"/>
        <line num="113" count="1" type="stmt"/>
        <line num="114" count="1" type="cond" truecount="1" falsecount="1"/>
        <line num="115" count="0" type="stmt"/>
        <line num="117" count="1" type="stmt"/>
        <line num="123" count="13" type="stmt"/>
        <line num="124" count="1" type="stmt"/>
        <line num="125" count="1" type="stmt"/>
        <line num="128" count="1" type="cond" truecount="1" falsecount="1"/>
        <line num="129" count="1" type="cond" truecount="1" falsecount="1"/>
        <line num="133" count="13" type="stmt"/>
        <line num="136" count="13" type="stmt"/>
        <line num="137" count="13" type="cond" truecount="2" falsecount="0"/>
        <line num="138" count="1" type="stmt"/>
        <line num="143" count="13" type="stmt"/>
        <line num="144" count="13" type="stmt"/>
        <line num="145" count="13" type="stmt"/>
        <line num="149" count="28" type="stmt"/>
        <line num="151" count="28" type="stmt"/>
        <line num="161" count="28" type="cond" truecount="2" falsecount="0"/>
        <line num="162" count="13" type="stmt"/>
        <line num="169" count="15" type="stmt"/>
      </file>
      <file name="Loading.tsx" path="/Users/baris/Desktop/Dev/Therapy_New/context/Loading.tsx">
        <metrics statements="16" coveredstatements="3" conditionals="2" coveredconditionals="0" methods="4" coveredmethods="0"/>
        <line num="16" count="1" type="stmt"/>
        <line num="22" count="1" type="stmt"/>
        <line num="25" count="0" type="stmt"/>
        <line num="26" count="0" type="stmt"/>
        <line num="28" count="0" type="stmt"/>
        <line num="29" count="0" type="stmt"/>
        <line num="30" count="0" type="stmt"/>
        <line num="33" count="0" type="stmt"/>
        <line num="34" count="0" type="stmt"/>
        <line num="35" count="0" type="stmt"/>
        <line num="38" count="0" type="stmt"/>
        <line num="47" count="1" type="stmt"/>
        <line num="48" count="0" type="stmt"/>
        <line num="49" count="0" type="cond" truecount="0" falsecount="2"/>
        <line num="50" count="0" type="stmt"/>
        <line num="54" count="0" type="stmt"/>
      </file>
    </package>
    <package name="hooks">
      <metrics statements="684" coveredstatements="489" conditionals="296" coveredconditionals="169" methods="146" coveredmethods="104"/>
      <file name="index.ts" path="/Users/baris/Desktop/Dev/Therapy_New/hooks/index.ts">
        <metrics statements="0" coveredstatements="0" conditionals="0" coveredconditionals="0" methods="0" coveredmethods="0"/>
      </file>
      <file name="useColorScheme.ts" path="/Users/baris/Desktop/Dev/Therapy_New/hooks/useColorScheme.ts">
        <metrics statements="0" coveredstatements="0" conditionals="0" coveredconditionals="0" methods="0" coveredmethods="0"/>
      </file>
      <file name="useDailyReflection.ts" path="/Users/baris/Desktop/Dev/Therapy_New/hooks/useDailyReflection.ts">
        <metrics statements="95" coveredstatements="71" conditionals="40" coveredconditionals="13" methods="12" coveredmethods="10"/>
        <line num="21" count="3" type="stmt"/>
        <line num="24" count="24" type="stmt"/>
        <line num="25" count="24" type="stmt"/>
        <line num="27" count="24" type="stmt"/>
        <line num="28" count="24" type="stmt"/>
        <line num="30" count="24" type="stmt"/>
        <line num="31" count="24" type="stmt"/>
        <line num="32" count="24" type="stmt"/>
        <line num="33" count="24" type="stmt"/>
        <line num="35" count="24" type="stmt"/>
        <line num="36" count="24" type="stmt"/>
        <line num="37" count="24" type="stmt"/>
        <line num="38" count="24" type="stmt"/>
        <line num="41" count="24" type="stmt"/>
        <line num="44" count="24" type="stmt"/>
        <line num="48" count="24" type="stmt"/>
        <line num="49" count="24" type="stmt"/>
        <line num="50" count="24" type="stmt"/>
        <line num="51" count="24" type="stmt"/>
        <line num="59" count="24" type="stmt"/>
        <line num="61" count="24" type="stmt"/>
        <line num="62" count="5" type="cond" truecount="1" falsecount="1"/>
        <line num="63" count="5" type="stmt"/>
        <line num="67" count="24" type="stmt"/>
        <line num="68" count="5" type="stmt"/>
        <line num="75" count="5" type="stmt"/>
        <line num="93" count="5" type="stmt"/>
        <line num="94" count="5" type="stmt"/>
        <line num="95" count="0" type="stmt"/>
        <line num="99" count="5" type="stmt"/>
        <line num="106" count="5" type="stmt"/>
        <line num="109" count="24" type="stmt"/>
        <line num="110" count="1" type="stmt"/>
        <line num="125" count="4" type="cond" truecount="4" falsecount="0"/>
        <line num="126" count="2" type="stmt"/>
        <line num="128" count="2" type="stmt"/>
        <line num="129" count="2" type="stmt"/>
        <line num="131" count="2" type="stmt"/>
        <line num="133" count="2" type="stmt"/>
        <line num="134" count="2" type="stmt"/>
        <line num="152" count="1" type="cond" truecount="1" falsecount="1"/>
        <line num="155" count="0" type="stmt"/>
        <line num="157" count="0" type="cond" truecount="0" falsecount="2"/>
        <line num="158" count="0" type="stmt"/>
        <line num="161" count="0" type="stmt"/>
        <line num="168" count="0" type="stmt"/>
        <line num="177" count="0" type="cond" truecount="0" falsecount="2"/>
        <line num="178" count="0" type="stmt"/>
        <line num="180" count="0" type="stmt"/>
[...]
        <line num="70" count="4" type="stmt"/>
        <line num="73" count="6" type="cond" truecount="2" falsecount="0"/>
        <line num="74" count="3" type="cond" truecount="1" falsecount="1"/>
        <line num="75" count="3" type="stmt"/>
        <line num="78" count="6" type="cond" truecount="2" falsecount="0"/>
        <line num="79" count="2" type="cond" truecount="2" falsecount="0"/>
        <line num="80" count="2" type="stmt"/>
        <line num="83" count="6" type="cond" truecount="2" falsecount="0"/>
        <line num="84" count="2" type="cond" truecount="1" falsecount="1"/>
        <line num="85" count="2" type="stmt"/>
        <line num="88" count="6" type="stmt"/>
        <line num="90" count="1" type="stmt"/>
        <line num="91" count="1" type="stmt"/>
        <line num="96" count="9" type="stmt"/>
        <line num="97" count="9" type="stmt"/>
        <line num="98" count="9" type="cond" truecount="2" falsecount="0"/>
        <line num="101" count="8" type="stmt"/>
        <line num="108" count="8" type="cond" truecount="2" falsecount="0"/>
        <line num="109" count="4" type="stmt"/>
        <line num="112" count="8" type="cond" truecount="2" falsecount="0"/>
        <line num="113" count="1" type="stmt"/>
        <line num="117" count="8" type="cond" truecount="2" falsecount="0"/>
        <line num="118" count="3" type="stmt"/>
        <line num="121" count="8" type="cond" truecount="2" falsecount="0"/>
        <line num="122" count="2" type="stmt"/>
        <line num="127" count="8" type="stmt"/>
        <line num="131" count="8" type="cond" truecount="2" falsecount="0"/>
        <line num="132" count="7" type="cond" truecount="1" falsecount="1"/>
        <line num="134" count="1" type="stmt"/>
        <line num="135" count="1" type="stmt"/>
      </file>
    </package>
    <package name="services.__tests__">
      <metrics statements="3" coveredstatements="3" conditionals="0" coveredconditionals="0" methods="1" coveredmethods="1"/>
      <file name="supabase.mock.ts" path="/Users/baris/Desktop/Dev/Therapy_New/services/__tests__/supabase.mock.ts">
        <metrics statements="3" coveredstatements="3" conditionals="0" coveredconditionals="0" methods="1" coveredmethods="1"/>
        <line num="43" count="5" type="stmt"/>
        <line num="47" count="52" type="stmt"/>
        <line num="48" count="52" type="stmt"/>
      </file>
    </package>
    <package name="store">
      <metrics statements="24" coveredstatements="2" conditionals="2" coveredconditionals="0" methods="17" coveredmethods="1"/>
      <file name="onboardingStore.ts" path="/Users/baris/Desktop/Dev/Therapy_New/store/onboardingStore.ts">
        <metrics statements="24" coveredstatements="2" conditionals="2" coveredconditionals="0" methods="17" coveredmethods="1"/>
        <line num="44" count="1" type="stmt"/>
        <line num="58" count="0" type="stmt"/>
        <line num="60" count="0" type="stmt"/>
        <line num="73" count="0" type="stmt"/>
        <line num="74" count="0" type="stmt"/>
        <line num="75" count="0" type="stmt"/>
        <line num="76" count="0" type="stmt"/>
        <line num="77" count="0" type="stmt"/>
        <line num="78" count="0" type="stmt"/>
        <line num="79" count="0" type="stmt"/>
        <line num="81" count="0" type="stmt"/>
        <line num="82" count="0" type="stmt"/>
        <line num="83" count="0" type="stmt"/>
        <line num="85" count="0" type="stmt"/>
        <line num="86" count="0" type="cond" truecount="0" falsecount="2"/>
        <line num="87" count="0" type="stmt"/>
        <line num="89" count="0" type="stmt"/>
        <line num="91" count="0" type="stmt"/>
        <line num="92" count="0" type="stmt"/>
        <line num="99" count="1" type="stmt"/>
        <line num="100" count="0" type="stmt"/>
        <line num="101" count="0" type="stmt"/>
        <line num="102" count="0" type="stmt"/>
        <line num="103" count="0" type="stmt"/>
      </file>
    </package>
    <package name="styles">
      <metrics statements="4" coveredstatements="4" conditionals="0" coveredconditionals="0" methods="0" coveredmethods="0"/>
      <file name="auth.ts" path="/Users/baris/Desktop/Dev/Therapy_New/styles/auth.ts">
        <metrics statements="3" coveredstatements="3" conditionals="0" coveredconditionals="0" methods="0" coveredmethods="0"/>
        <line num="5" count="1" type="stmt"/>
        <line num="6" count="1" type="stmt"/>
        <line num="8" count="1" type="stmt"/>
      </file>
      <file name="dailyWrite.styles.ts" path="/Users/baris/Desktop/Dev/Therapy_New/styles/dailyWrite.styles.ts">
        <metrics statements="1" coveredstatements="1" conditionals="0" coveredconditionals="0" methods="0" coveredmethods="0"/>
        <line num="7" count="1" type="stmt"/>
      </file>
    </package>
    <package name="utils">
      <metrics statements="237" coveredstatements="225" conditionals="165" coveredconditionals="152" methods="47" coveredmethods="43"/>
      <file name="auth.ts" path="/Users/baris/Desktop/Dev/Therapy_New/utils/auth.ts">
        <metrics statements="36" coveredstatements="34" conditionals="28" coveredconditionals="24" methods="5" coveredmethods="5"/>
        <line num="8" count="4" type="stmt"/>
        <line num="9" count="9" type="stmt"/>
        <line num="10" count="9" type="cond" truecount="2" falsecount="0"/>
        <line num="11" count="2" type="stmt"/>
        <line num="13" count="7" type="cond" truecount="4" falsecount="0"/>
        <line num="14" count="3" type="stmt"/>
        <line num="16" count="4" type="cond" truecount="2" falsecount="0"/>
        <line num="19" count="1" type="stmt"/>
        <line num="20" count="3" type="cond" truecount="2" falsecount="0"/>
        <line num="21" count="1" type="stmt"/>
        <line num="23" count="2" type="stmt"/>
        <line num="36" count="6" type="stmt"/>
        <line num="37" count="6" type="stmt"/>
        <line num="51" count="6" type="cond" truecount="2" falsecount="0"/>
        <line num="52" count="3" type="stmt"/>
        <line num="55" count="3" type="cond" truecount="2" falsecount="0"/>
        <line num="57" count="1" type="stmt"/>
        <line num="62" count="2" type="stmt"/>
        <line num="64" count="4" type="cond" truecount="1" falsecount="1"/>
        <line num="67" count="4" type="stmt"/>
        <line num="75" count="8" type="stmt"/>
        <line num="76" count="8" type="stmt"/>
        <line num="80" count="6" type="cond" truecount="2" falsecount="0"/>
        <line num="81" count="3" type="stmt"/>
        <line num="83" count="5" type="cond" truecount="1" falsecount="1"/>
        <line num="86" count="5" type="stmt"/>
        <line num="94" count="4" type="stmt"/>
        <line num="95" count="4" type="stmt"/>
        <line num="97" count="4" type="cond" truecount="2" falsecount="0"/>
        <line num="98" count="2" type="stmt"/>
        <line num="101" count="2" type="cond" truecount="2" falsecount="0"/>
        <line num="102" count="1" type="stmt"/>
        <line num="105" count="1" type="stmt"/>
        <line num="107" count="0" type="cond" truecount="0" falsecount="2"/>
        <line num="110" count="0" type="stmt"/>
        <line num="118" count="1" type="stmt"/>
      </file>
      <file name="color.utils.ts" path="/Users/baris/Desktop/Dev/Therapy_New/utils/color.utils.ts">
        <metrics statements="26" coveredstatements="26" conditionals="6" coveredconditionals="6" methods="4" coveredmethods="4"/>
        <line num="5" count="13" type="cond" truecount="2" falsecount="0"/>
        <line num="8" count="13" type="stmt"/>
        <line num="9" count="13" type="stmt"/>
        <line num="10" count="13" type="stmt"/>
        <line num="11" count="13" type="stmt"/>
        <line num="17" count="17" type="cond" truecount="2" falsecount="0"/>
        <line num="19" count="13" type="stmt"/>
        <line num="20" count="13" type="cond" truecount="2" falsecount="0"/>
        <line num="21" count="5" type="stmt"/>
        <line num="23" count="13" type="stmt"/>
        <line num="24" count="13" type="stmt"/>
        <line num="25" count="13" type="stmt"/>
        <line num="28" count="4" type="stmt"/>
        <line num="37" count="111" type="stmt"/>
        <line num="38" count="37" type="stmt"/>
        <line num="39" count="37" type="stmt"/>
        <line num="40" count="37" type="stmt"/>
        <line num="41" count="37" type="stmt"/>
        <line num="42" count="37" type="stmt"/>
        <line num="43" count="37" type="stmt"/>
        <line num="44" count="37" type="stmt"/>
        <line num="45" count="37" type="stmt"/>
        <line num="46" count="37" type="stmt"/>
        <line num="47" count="37" type="stmt"/>
        <line num="48" count="37" type="stmt"/>
        <line num="49" count="37" type="stmt"/>
      </file>
      <file name="dev.ts" path="/Users/baris/Desktop/Dev/Therapy_New/utils/dev.ts">
        <metrics statements="2" coveredstatements="2" conditionals="0" coveredconditionals="0" methods="1" coveredmethods="1"/>
        <line num="3" count="7" type="stmt"/>
        <line num="4" count="7" type="stmt"/>
      </file>
      <file name="dialog.ts" path="/Users/baris/Desktop/Dev/Therapy_New/utils/dialog.ts">
        <metrics statements="4" coveredstatements="2" conditionals="1" coveredconditionals="0" methods="2" coveredmethods="0"/>
        <line num="4" count="2" type="stmt"/>
        <line num="5" count="0" type="stmt"/>
        <line num="19" count="2" type="stmt"/>
        <line num="23" count="0" type="stmt"/>
      </file>
      <file name="errors.ts" path="/Users/baris/Desktop/Dev/Therapy_New/utils/errors.ts">
        <metrics statements="21" coveredstatements="21" conditionals="22" coveredconditionals="22" methods="14" coveredmethods="14"/>
        <line num="9" count="24" type="stmt"/>
        <line num="10" count="24" type="stmt"/>
        <line num="20" count="6" type="cond" truecount="2" falsecount="0"/>
        <line num="26" count="3" type="stmt"/>
        <line num="32" count="1" type="stmt"/>
        <line num="38" count="1" type="stmt"/>
        <line num="44" count="1" type="stmt"/>
        <line num="50" count="1" type="stmt"/>
        <line num="56" count="2" type="stmt"/>
        <line num="62" count="1" type="stmt"/>
        <line num="68" count="1" type="stmt"/>
        <line num="74" count="1" type="stmt"/>
        <line num="80" count="29" type="stmt"/>
        <line num="84" count="8" type="cond" truecount="2" falsecount="0"/>
        <line num="85" count="5" type="stmt"/>
        <line num="87" count="3" type="stmt"/>
        <line num="91" count="11" type="cond" truecount="2" falsecount="0"/>
        <line num="92" count="2" type="stmt"/>
        <line num="96" count="9" type="cond" truecount="5" falsecount="0"/>
        <line num="97" count="4" type="stmt"/>
        <line num="100" count="5" type="stmt"/>
      </file>
      <file name="event-helpers.ts" path="/Users/baris/Desktop/Dev/Therapy_New/utils/event-helpers.ts">
        <metrics statements="19" coveredstatements="19" conditionals="33" coveredconditionals="31" methods="2" coveredmethods="2"/>
        <line num="8" count="15" type="stmt"/>
        <line num="9" count="15" type="cond" truecount="2" falsecount="0"/>
        <line num="15" count="14" type="stmt"/>
        <line num="16" count="14" type="cond" truecount="2" falsecount="0"/>
        <line num="18" count="13" type="cond" truecount="6" falsecount="0"/>
        <line num="21" count="2" type="stmt"/>
        <line num="24" count="1" type="stmt"/>
        <line num="29" count="6" type="stmt"/>
        <line num="30" count="6" type="cond" truecount="2" falsecount="0"/>
        <line num="31" count="5" type="stmt"/>
        <line num="32" count="5" type="stmt"/>
        <line num="33" count="8" type="cond" truecount="3" falsecount="1"/>
        <line num="34" count="8" type="stmt"/>
        <line num="35" count="8" type="cond" truecount="2" falsecount="0"/>
        <line num="37" count="8" type="cond" truecount="1" falsecount="1"/>
        <line num="40" count="8" type="cond" truecount="5" falsecount="0"/>
        <line num="43" count="5" type="cond" truecount="2" falsecount="0"/>
        <line num="45" count="1" type="stmt"/>
        <line num="48" count="4" type="stmt"/>
      </file>
      <file name="gcpServices.ts" path="/Users/baris/Desktop/Dev/Therapy_New/utils/gcpServices.ts">
        <metrics statements="46" coveredstatements="39" conditionals="14" coveredconditionals="13" methods="5" coveredmethods="3"/>
        <line num="9" count="8" type="cond" truecount="1" falsecount="1"/>
        <line num="10" count="8" type="stmt"/>
        <line num="14" count="0" type="stmt"/>
        <line num="15" count="0" type="stmt"/>
        <line num="16" count="0" type="stmt"/>
        <line num="17" count="0" type="stmt"/>
        <line num="18" count="0" type="stmt"/>
        <line num="19" count="0" type="stmt"/>
        <line num="20" count="0" type="stmt"/>
        <line num="24" count="2" type="stmt"/>
        <line num="25" count="6" type="stmt"/>
        <line num="29" count="6" type="stmt"/>
        <line num="30" count="6" type="stmt"/>
        <line num="31" count="6" type="stmt"/>
        <line num="32" count="5" type="stmt"/>
        <line num="38" count="5" type="stmt"/>
        <line num="40" count="5" type="stmt"/>
        <line num="41" count="5" type="stmt"/>
        <line num="45" count="5" type="stmt"/>
        <line num="51" count="5" type="cond" truecount="2" falsecount="0"/>
        <line num="52" count="1" type="stmt"/>
        <line num="53" count="1" type="stmt"/>
        <line num="56" count="4" type="cond" truecount="2" falsecount="0"/>
        <line num="57" count="4" type="stmt"/>
        <line num="63" count="4" type="stmt"/>
        <line num="65" count="2" type="stmt"/>
        <line num="66" count="2" type="stmt"/>
        <line num="70" count="2" type="stmt"/>
        <line num="71" count="8" type="stmt"/>
        <line num="75" count="8" type="stmt"/>
        <line num="77" count="8" type="stmt"/>
        <line num="79" count="8" type="stmt"/>
        <line num="80" count="8" type="stmt"/>
        <line num="84" count="8" type="stmt"/>
        <line num="90" count="8" type="cond" truecount="2" falsecount="0"/>
        <line num="91" count="1" type="stmt"/>
        <line num="92" count="1" type="stmt"/>
        <line num="95" count="7" type="cond" truecount="2" falsecount="0"/>
        <line num="96" count="1" type="stmt"/>
        <line num="97" count="1" type="stmt"/>
        <line num="100" count="6" type="stmt"/>
        <line num="101" count="6" type="stmt"/>
        <line num="105" count="5" type="stmt"/>
        <line num="106" count="5" type="stmt"/>
        <line num="108" count="3" type="stmt"/>
        <line num="109" count="3" type="stmt"/>
      </file>
      <file name="markdownRenderer.tsx" path="/Users/baris/Desktop/Dev/Therapy_New/utils/markdownRenderer.tsx">
        <metrics statements="34" coveredstatements="33" conditionals="45" coveredconditionals="40" methods="5" coveredmethods="5"/>
        <line num="5" count="5" type="stmt"/>
        <line num="6" count="42" type="cond" truecount="2" falsecount="0"/>
        <line num="8" count="39" type="stmt"/>
        <line num="10" count="39" type="stmt"/>
        <line num="13" count="51" type="stmt"/>
        <line num="14" count="51" type="cond" truecount="1" falsecount="1"/>
        <line num="16" count="51" type="cond" truecount="2" falsecount="0"/>
        <line num="17" count="7" type="stmt"/>
        <line num="18" count="7" type="stmt"/>
        <line num="35" count="13" type="cond" truecount="5" falsecount="0"/>
        <line num="36" count="3" type="stmt"/>
        <line num="42" count="10" type="cond" truecount="2" falsecount="4"/>
        <line num="43" count="0" type="stmt"/>
        <line num="49" count="10" type="stmt"/>
        <line num="55" count="44" type="cond" truecount="2" falsecount="0"/>
        <line num="56" count="6" type="stmt"/>
        <line num="63" count="38" type="cond" truecount="2" falsecount="0"/>
        <line num="64" count="3" type="stmt"/>
        <line num="71" count="35" type="cond" truecount="2" falsecount="0"/>
        <line num="72" count="6" type="stmt"/>
        <line num="73" count="6" type="stmt"/>
        <line num="74" count="6" type="stmt"/>
        <line num="78" count="16" type="cond" truecount="5" falsecount="0"/>
        <line num="79" count="3" type="stmt"/>
        <line num="85" count="13" type="cond" truecount="6" falsecount="0"/>
        <line num="86" count="2" type="stmt"/>
        <line num="92" count="11" type="stmt"/>
        <line num="98" count="29" type="stmt"/>
        <line num="99" count="29" type="stmt"/>
        <line num="102" count="55" type="cond" truecount="5" falsecount="0"/>
        <line num="103" count="9" type="stmt"/>
        <line num="105" count="46" type="cond" truecount="6" falsecount="0"/>
        <line num="106" count="4" type="stmt"/>
        <line num="108" count="42" type="stmt"/>
      </file>
      <file name="pdfGenerator.ts" path="/Users/baris/Desktop/Dev/Therapy_New/utils/pdfGenerator.ts">
        <metrics statements="49" coveredstatements="49" conditionals="16" coveredconditionals="16" methods="9" coveredmethods="9"/>
        <line num="15" count="2" type="stmt"/>
        <line num="16" count="2" type="stmt"/>
        <line num="19" count="2" type="stmt"/>
        <line num="20" count="100" type="stmt"/>
        <line num="26" count="140" type="cond" truecount="2" falsecount="0"/>
        <line num="27" count="10" type="stmt"/>
        <line num="32" count="130" type="stmt"/>
        <line num="34" count="130" type="stmt"/>
        <line num="35" count="120" type="cond" truecount="2" falsecount="0"/>
        <line num="36" count="10" type="stmt"/>
        <line num="39" count="110" type="stmt"/>
        <line num="42" count="110" type="stmt"/>
        <line num="45" count="110" type="stmt"/>
        <line num="47" count="110" type="stmt"/>
        <line num="57" count="2" type="stmt"/>
        <line num="62" count="12" type="cond" truecount="2" falsecount="0"/>
        <line num="64" count="11" type="stmt"/>
        <line num="65" count="11" type="stmt"/>
        <line num="66" count="11" type="stmt"/>
        <line num="67" count="11" type="stmt"/>
        <line num="68" count="11" type="stmt"/>
        <line num="70" count="11" type="stmt"/>
        <line num="103" count="11" type="stmt"/>
        <line num="104" count="11" type="stmt"/>
        <line num="106" count="110" type="stmt"/>
        <line num="107" count="110" type="stmt"/>
        <line num="108" count="110" type="cond" truecount="4" falsecount="0"/>
        <line num="109" count="88" type="stmt"/>
        <line num="121" count="22" type="stmt"/>
        <line num="126" count="11" type="stmt"/>
        <line num="167" count="2" type="stmt"/>
        <line num="168" count="14" type="stmt"/>
        <line num="174" count="14" type="stmt"/>
        <line num="176" count="14" type="stmt"/>
        <line num="190" count="140" type="stmt"/>
        <line num="191" count="14" type="stmt"/>
        <line num="194" count="12" type="stmt"/>
        <line num="195" count="12" type="stmt"/>
        <line num="196" count="120" type="stmt"/>
        <line num="200" count="12" type="stmt"/>
        <line num="202" count="12" type="stmt"/>
        <line num="210" count="12" type="stmt"/>
        <line num="212" count="10" type="cond" truecount="2" falsecount="0"/>
        <line num="214" count="9" type="cond" truecount="2" falsecount="0"/>
        <line num="217" count="9" type="stmt"/>
        <line num="222" count="1" type="stmt"/>
        <line num="225" count="6" type="stmt"/>
        <line num="226" count="6" type="cond" truecount="2" falsecount="0"/>
        <line num="229" count="6" type="stmt"/>
      </file>
    </package>
  </project>
</coverage>
