<?xml version="1.0" encoding="UTF-8"?>
<coverage generated="1759257434693" clover="3.2.0">
  <project timestamp="1759257434693" name="All files">
    <metrics statements="898" coveredstatements="844" conditionals="518" coveredconditionals="408" methods="174" coveredmethods="159" elements="1590" coveredelements="1411" complexity="0" loc="898" ncloc="898" packages="6" files="23" classes="23"/>
    <package name="constants">
      <metrics statements="6" coveredstatements="6" conditionals="0" coveredconditionals="0" methods="0" coveredmethods="0"/>
      <file name="Colors.ts" path="/Users/baris/Desktop/Dev/Therapy_New/constants/Colors.ts">
        <metrics statements="4" coveredstatements="4" conditionals="0" coveredconditionals="0" methods="0" coveredmethods="0"/>
        <line num="2" count="1" type="stmt"/>
        <line num="3" count="1" type="stmt"/>
        <line num="5" count="1" type="stmt"/>
        <line num="30" count="1" type="stmt"/>
      </file>
      <file name="dailyWrite.constants.ts" path="/Users/baris/Desktop/Dev/Therapy_New/constants/dailyWrite.constants.ts">
        <metrics statements="2" coveredstatements="2" conditionals="0" coveredconditionals="0" methods="0" coveredmethods="0"/>
        <line num="5" count="1" type="stmt"/>
        <line num="20" count="1" type="stmt"/>
      </file>
    </package>
    <package name="hooks">
      <metrics statements="517" coveredstatements="493" conditionals="229" coveredconditionals="172" methods="108" coveredmethods="105"/>
      <file name="useDailyReflection.ts" path="/Users/baris/Desktop/Dev/Therapy_New/hooks/useDailyReflection.ts">
        <metrics statements="95" coveredstatements="92" conditionals="40" coveredconditionals="28" methods="12" coveredmethods="11"/>
        <line num="21" count="1" type="stmt"/>
        <line num="24" count="39" type="stmt"/>
        <line num="25" count="39" type="stmt"/>
        <line num="27" count="39" type="stmt"/>
        <line num="28" count="39" type="stmt"/>
        <line num="30" count="39" type="stmt"/>
        <line num="31" count="39" type="stmt"/>
        <line num="32" count="39" type="stmt"/>
        <line num="33" count="39" type="stmt"/>
        <line num="35" count="39" type="stmt"/>
        <line num="36" count="39" type="stmt"/>
        <line num="37" count="39" type="stmt"/>
        <line num="38" count="39" type="stmt"/>
        <line num="41" count="39" type="stmt"/>
        <line num="44" count="39" type="stmt"/>
        <line num="48" count="39" type="stmt"/>
        <line num="49" count="39" type="stmt"/>
        <line num="50" count="39" type="stmt"/>
        <line num="51" count="39" type="stmt"/>
        <line num="59" count="39" type="stmt"/>
        <line num="61" count="39" type="stmt"/>
        <line num="62" count="8" type="cond" truecount="1" falsecount="1"/>
        <line num="63" count="8" type="stmt"/>
        <line num="67" count="39" type="stmt"/>
        <line num="68" count="8" type="stmt"/>
        <line num="75" count="8" type="stmt"/>
        <line num="93" count="8" type="stmt"/>
        <line num="94" count="8" type="stmt"/>
        <line num="95" count="0" type="stmt"/>
        <line num="99" count="8" type="stmt"/>
        <line num="106" count="8" type="stmt"/>
        <line num="109" count="39" type="stmt"/>
        <line num="110" count="1" type="stmt"/>
        <line num="125" count="7" type="cond" truecount="4" falsecount="0"/>
        <line num="126" count="5" type="stmt"/>
        <line num="128" count="5" type="stmt"/>
        <line num="129" count="5" type="stmt"/>
        <line num="131" count="5" type="stmt"/>
        <line num="133" count="5" type="stmt"/>
        <line num="134" count="5" type="stmt"/>
        <line num="152" count="3" type="cond" truecount="2" falsecount="0"/>
        <line num="155" count="2" type="stmt"/>
        <line num="157" count="2" type="cond" truecount="1" falsecount="1"/>
        <line num="158" count="2" type="stmt"/>
        <line num="161" count="0" type="stmt"/>
        <line num="168" count="0" type="stmt"/>
        <line num="177" count="2" type="cond" truecount="2" falsecount="0"/>
        <line num="178" count="1" type="stmt"/>
        <line num="180" count="1" type="stmt"/>
        <line num="188" count="1" type="cond" truecount="1" falsecount="1"/>
        <line num="190" count="1" type="stmt"/>
        <line num="192" count="1" type="cond" truecount="1" falsecount="1"/>
        <line num="193" count="1" type="stmt"/>
        <line num="194" count="1" type="stmt"/>
        <line num="197" count="1" type="cond" truecount="1" falsecount="1"/>
        <line num="198" count="1" type="stmt"/>
        <line num="201" count="1" type="cond" truecount="1" falsecount="1"/>
        <line num="202" count="1" type="stmt"/>
        <line num="206" count="3" type="stmt"/>
        <line num="209" count="3" type="cond" truecount="2" falsecount="0"/>
        <line num="210" count="1" type="stmt"/>
        <line num="215" count="2" type="cond" truecount="2" falsecount="0"/>
        <line num="216" count="1" type="stmt"/>
        <line num="222" count="1" type="stmt"/>
        <line num="230" count="3" type="stmt"/>
        <line num="233" count="3" type="stmt"/>
        <line num="239" count="4" type="stmt"/>
        <line num="244" count="3" type="cond" truecount="4" falsecount="0"/>
        <line num="246" count="2" type="stmt"/>
        <line num="248" count="2" type="stmt"/>
        <line num="255" count="2" type="cond" truecount="2" falsecount="0"/>
        <line num="257" count="1" type="stmt"/>
        <line num="258" count="1" type="stmt"/>
        <line num="269" count="1" type="stmt"/>
        <line num="270" count="1" type="stmt"/>
        <line num="282" count="2" type="stmt"/>
        <line num="283" count="2" type="stmt"/>
        <line num="285" count="2" type="stmt"/>
        <line num="287" count="2" type="cond" truecount="1" falsecount="1"/>
        <line num="288" count="2" type="stmt"/>
        <line num="296" count="2" type="stmt"/>
        <line num="299" count="1" type="stmt"/>
        <line num="305" count="1" type="stmt"/>
        <line num="308" count="2" type="stmt"/>
        <line num="309" count="2" type="stmt"/>
        <line num="310" count="2" type="stmt"/>
        <line num="311" count="2" type="stmt"/>
        <line num="312" count="2" type="stmt"/>
        <line num="313" count="2" type="stmt"/>
        <line num="316" count="2" type="stmt"/>
        <line num="320" count="39" type="stmt"/>
        <line num="330" count="39" type="stmt"/>
        <line num="364" count="1" type="stmt"/>
        <line num="365" count="1" type="stmt"/>
        <line num="366" count="1" type="stmt"/>
      </file>
      <file name="useDiary.ts" path="/Users/baris/Desktop/Dev/Therapy_New/hooks/useDiary.ts">
        <metrics statements="49" coveredstatements="49" conditionals="6" coveredconditionals="3" methods="19" coveredmethods="19"/>
        <line num="23" count="32" type="stmt"/>
        <line num="24" count="32" type="stmt"/>
        <line num="26" count="32" type="stmt"/>
        <line num="27" count="32" type="stmt"/>
        <line num="30" count="32" type="cond" truecount="1" falsecount="1"/>
        <line num="33" count="32" type="stmt"/>
        <line num="38" count="32" type="stmt"/>
        <line num="43" count="32" type="stmt"/>
        <line num="45" count="3" type="stmt"/>
        <line num="51" count="32" type="stmt"/>
        <line num="53" count="2" type="stmt"/>
        <line num="58" count="1" type="stmt"/>
        <line num="60" count="2" type="stmt"/>
        <line num="61" count="2" type="stmt"/>
        <line num="65" count="2" type="stmt"/>
        <line num="75" count="2" type="stmt"/>
        <line num="77" count="2" type="cond" truecount="0" falsecount="1"/>
        <line num="80" count="2" type="stmt"/>
        <line num="81" count="2" type="stmt"/>
        <line num="83" count="2" type="stmt"/>
        <line num="86" count="1" type="cond" truecount="1" falsecount="1"/>
        <line num="87" count="1" type="stmt"/>
        <line num="92" count="1" type="stmt"/>
        <line num="99" count="2" type="stmt"/>
        <line num="103" count="32" type="stmt"/>
        <line num="104" count="2" type="stmt"/>
        <line num="106" count="1" type="stmt"/>
        <line num="110" count="1" type="stmt"/>
        <line num="111" count="1" type="stmt"/>
        <line num="114" count="1" type="stmt"/>
        <line num="123" count="32" type="stmt"/>
        <line num="124" count="2" type="stmt"/>
        <line num="125" count="2" type="stmt"/>
        <line num="128" count="32" type="stmt"/>
        <line num="129" count="3" type="stmt"/>
        <line num="130" count="3" type="stmt"/>
        <line num="133" count="32" type="stmt"/>
        <line num="134" count="1" type="stmt"/>
        <line num="135" count="1" type="stmt"/>
        <line num="138" count="32" type="stmt"/>
        <line num="139" count="2" type="stmt"/>
        <line num="144" count="32" type="stmt"/>
        <line num="145" count="2" type="stmt"/>
        <line num="148" count="32" type="stmt"/>
        <line num="168" count="1" type="stmt"/>
        <line num="170" count="1" type="stmt"/>
        <line num="171" count="1" type="stmt"/>
        <line num="175" count="1" type="stmt"/>
        <line num="176" count="1" type="stmt"/>
      </file>
      <file name="useDiaryConversation.ts" path="/Users/baris/Desktop/Dev/Therapy_New/hooks/useDiaryConversation.ts">
        <metrics statements="45" coveredstatements="45" conditionals="14" coveredconditionals="11" methods="9" coveredmethods="9"/>
        <line num="19" count="48" type="stmt"/>
        <line num="20" count="48" type="stmt"/>
        <line num="21" count="48" type="stmt"/>
        <line num="22" count="48" type="stmt"/>
        <line num="23" count="48" type="stmt"/>
        <line num="26" count="48" type="stmt"/>
        <line num="29" count="48" type="stmt"/>
        <line num="33" count="48" type="stmt"/>
        <line num="37" count="8" type="stmt"/>
        <line num="54" count="6" type="cond" truecount="1" falsecount="1"/>
        <line num="55" count="6" type="stmt"/>
        <line num="58" count="6" type="cond" truecount="1" falsecount="1"/>
        <line num="59" count="6" type="stmt"/>
        <line num="61" count="6" type="stmt"/>
        <line num="65" count="6" type="cond" truecount="2" falsecount="0"/>
        <line num="66" count="1" type="stmt"/>
        <line num="67" count="1" type="stmt"/>
        <line num="69" count="5" type="cond" truecount="1" falsecount="1"/>
        <line num="73" count="1" type="stmt"/>
        <line num="82" count="48" type="stmt"/>
        <line num="83" count="1" type="stmt"/>
        <line num="84" count="1" type="stmt"/>
        <line num="85" count="1" type="stmt"/>
        <line num="86" count="1" type="stmt"/>
        <line num="87" count="1" type="stmt"/>
        <line num="88" count="1" type="stmt"/>
        <line num="89" count="1" type="stmt"/>
        <line num="92" count="48" type="stmt"/>
        <line num="97" count="15" type="stmt"/>
        <line num="99" count="15" type="stmt"/>
        <line num="102" count="48" type="stmt"/>
        <line num="103" count="10" type="cond" truecount="4" falsecount="0"/>
        <line num="105" count="8" type="stmt"/>
        <line num="108" count="8" type="cond" truecount="2" falsecount="0"/>
        <line num="110" count="1" type="stmt"/>
        <line num="111" count="1" type="stmt"/>
        <line num="112" count="1" type="stmt"/>
        <line num="114" count="7" type="stmt"/>
        <line num="115" count="7" type="stmt"/>
        <line num="118" count="8" type="stmt"/>
        <line num="125" count="8" type="stmt"/>
        <line num="126" count="8" type="stmt"/>
        <line num="127" count="8" type="stmt"/>
        <line num="128" count="8" type="stmt"/>
        <line num="137" count="48" type="stmt"/>
      </file>
      <file name="useProtectedRoute.ts" path="/Users/baris/Desktop/Dev/Therapy_New/hooks/useProtectedRoute.ts">
        <metrics statements="17" coveredstatements="17" conditionals="13" coveredconditionals="13" methods="2" coveredmethods="2"/>
        <line num="7" count="1" type="stmt"/>
        <line num="8" count="15" type="stmt"/>
        <line num="14" count="15" type="stmt"/>
        <line num="16" count="15" type="stmt"/>
        <line num="17" count="15" type="stmt"/>
        <line num="19" count="15" type="stmt"/>
        <line num="20" count="15" type="cond" truecount="2" falsecount="0"/>
        <line num="21" count="15" type="cond" truecount="2" falsecount="0"/>
        <line num="22" count="2" type="stmt"/>
        <line num="24" count="13" type="stmt"/>
        <line num="27" count="13" type="stmt"/>
        <line num="29" count="13" type="cond" truecount="2" falsecount="0"/>
        <line num="30" count="6" type="cond" truecount="2" falsecount="0"/>
        <line num="31" count="4" type="stmt"/>
        <line num="33" count="6" type="stmt"/>
        <line num="36" count="7" type="cond" truecount="5" falsecount="0"/>
        <line num="37" count="2" type="stmt"/>
      </file>
      <file name="useSettings.ts" path="/Users/baris/Desktop/Dev/Therapy_New/hooks/useSettings.ts">
        <metrics statements="37" coveredstatements="36" conditionals="14" coveredconditionals="9" methods="7" coveredmethods="7"/>
        <line num="9" count="1" type="stmt"/>
        <line num="10" count="16" type="stmt"/>
        <line num="11" count="16" type="stmt"/>
        <line num="13" count="16" type="stmt"/>
        <line num="14" count="3" type="stmt"/>
        <line num="26" count="2" type="stmt"/>
        <line num="27" count="2" type="stmt"/>
        <line num="28" count="1" type="stmt"/>
        <line num="30" count="1" type="cond" truecount="1" falsecount="1"/>
        <line num="33" count="1" type="stmt"/>
        <line num="37" count="1" type="stmt"/>
        <line num="48" count="16" type="stmt"/>
        <line num="49" count="4" type="stmt"/>
        <line num="50" count="4" type="stmt"/>
        <line num="51" count="4" type="stmt"/>
        <line num="54" count="2" type="cond" truecount="1" falsecount="1"/>
        <line num="56" count="2" type="stmt"/>
        <line num="60" count="2" type="stmt"/>
        <line num="61" count="2" type="stmt"/>
        <line num="63" count="2" type="stmt"/>
        <line num="64" count="2" type="stmt"/>
        <line num="66" count="2" type="cond" truecount="1" falsecount="1"/>
        <line num="67" count="2" type="cond" truecount="2" falsecount="0"/>
        <line num="68" count="1" type="stmt"/>
        <line num="70" count="1" type="cond" truecount="1" falsecount="1"/>
        <line num="74" count="0" type="stmt"/>
        <line num="78" count="2" type="stmt"/>
        <line num="83" count="4" type="stmt"/>
        <line num="87" count="16" type="stmt"/>
        <line num="88" count="7" type="stmt"/>
        <line num="89" count="7" type="stmt"/>
        <line num="101" count="6" type="stmt"/>
        <line num="117" count="5" type="cond" truecount="2" falsecount="0"/>
        <line num="121" count="1" type="stmt"/>
        <line num="129" count="1" type="stmt"/>
        <line num="131" count="4" type="stmt"/>
        <line num="143" count="16" type="stmt"/>
      </file>
      <file name="useSubscription.ts" path="/Users/baris/Desktop/Dev/Therapy_New/hooks/useSubscription.ts">
        <metrics statements="17" coveredstatements="17" conditionals="4" coveredconditionals="4" methods="8" coveredmethods="8"/>
        <line num="15" count="1" type="stmt"/>
        <line num="25" count="4" type="stmt"/>
        <line num="35" count="7" type="stmt"/>
        <line num="40" count="7" type="stmt"/>
        <line num="41" count="7" type="cond" truecount="2" falsecount="0"/>
        <line num="43" count="7" type="stmt"/>
        <line num="56" count="13" type="stmt"/>
        <line num="66" count="7" type="stmt"/>
        <line num="68" count="7" type="cond" truecount="2" falsecount="0"/>
        <line num="75" count="7" type="stmt"/>
        <line num="82" count="6" type="stmt"/>
        <line num="84" count="6" type="stmt"/>
        <line num="85" count="4" type="stmt"/>
        <line num="87" count="3" type="stmt"/>
        <line num="88" count="3" type="stmt"/>
        <line num="91" count="1" type="stmt"/>
        <line num="92" count="1" type="stmt"/>
      </file>
      <file name="useTextSessionReducer.ts" path="/Users/baris/Desktop/Dev/Therapy_New/hooks/useTextSessionReducer.ts">
        <metrics statements="140" coveredstatements="126" conditionals="90" coveredconditionals="67" methods="19" coveredmethods="19"/>
        <line num="82" count="1" type="stmt"/>
        <line num="102" count="112" type="cond" truecount="19" falsecount="4"/>
        <line num="104" count="11" type="stmt"/>
        <line num="107" count="7" type="stmt"/>
        <line num="108" count="7" type="stmt"/>
        <line num="119" count="5" type="stmt"/>
        <line num="122" count="7" type="cond" truecount="2" falsecount="0"/>
        <line num="129" count="2" type="stmt"/>
        <line num="132" count="2" type="cond" truecount="1" falsecount="1"/>
        <line num="140" count="2" type="stmt"/>
        <line num="147" count="2" type="stmt"/>
        <line num="154" count="12" type="stmt"/>
        <line num="157" count="0" type="stmt"/>
        <line num="160" count="0" type="stmt"/>
        <line num="163" count="0" type="stmt"/>
        <line num="166" count="30" type="stmt"/>
        <line num="169" count="1" type="stmt"/>
        <line num="180" count="10" type="stmt"/>
        <line num="188" count="1" type="stmt"/>
        <line num="194" count="1" type="stmt"/>
        <line num="202" count="5" type="stmt"/>
        <line num="209" count="2" type="stmt"/>
        <line num="218" count="1" type="cond" truecount="1" falsecount="1"/>
        <line num="219" count="0" type="stmt"/>
        <line num="222" count="1" type="stmt"/>
        <line num="231" count="5" type="stmt"/>
        <line num="246" count="1" type="stmt"/>
        <line num="254" count="7" type="stmt"/>
        <line num="261" count="6" type="stmt"/>
        <line num="268" count="2" type="stmt"/>
        <line num="276" count="0" type="stmt"/>
        <line num="308" count="57" type="stmt"/>
        <line num="311" count="57" type="stmt"/>
        <line num="312" count="16" type="stmt"/>
        <line num="313" count="16" type="stmt"/>
        <line num="316" count="16" type="cond" truecount="2" falsecount="0"/>
        <line num="317" count="5" type="stmt"/>
        <line num="318" count="5" type="stmt"/>
        <line num="319" count="4" type="cond" truecount="1" falsecount="1"/>
        <line num="326" count="4" type="stmt"/>
        <line num="331" count="4" type="stmt"/>
        <line num="333" count="4" type="stmt"/>
        <line num="341" count="4" type="stmt"/>
        <line num="345" count="4" type="stmt"/>
        <line num="347" count="1" type="stmt"/>
        <line num="352" count="11" type="cond" truecount="2" falsecount="0"/>
        <line num="353" count="1" type="stmt"/>
        <line num="354" count="1" type="stmt"/>
        <line num="356" count="1" type="stmt"/>
        <line num="373" count="0" type="cond" truecount="0" falsecount="2"/>
        <line num="375" count="0" type="stmt"/>
        <line num="379" count="0" type="stmt"/>
        <line num="381" count="1" type="stmt"/>
        <line num="386" count="1" type="stmt"/>
        <line num="390" count="10" type="stmt"/>
        <line num="391" count="10" type="stmt"/>
        <line num="394" count="16" type="cond" truecount="1" falsecount="1"/>
        <line num="395" count="0" type="stmt"/>
        <line num="399" count="16" type="stmt"/>
        <line num="403" count="57" type="stmt"/>
        <line num="404" count="6" type="stmt"/>
        <line num="408" count="57" type="stmt"/>
        <line num="409" count="5" type="stmt"/>
        <line num="412" count="5" type="cond" truecount="3" falsecount="1"/>
        <line num="416" count="5" type="stmt"/>
        <line num="419" count="5" type="stmt"/>
        <line num="427" count="5" type="stmt"/>
        <line num="428" count="5" type="stmt"/>
        <line num="429" count="5" type="stmt"/>
        <line num="433" count="5" type="stmt"/>
        <line num="435" count="7" type="stmt"/>
        <line num="440" count="5" type="stmt"/>
        <line num="443" count="5" type="stmt"/>
        <line num="448" count="5" type="stmt"/>
        <line num="461" count="4" type="cond" truecount="1" falsecount="1"/>
        <line num="463" count="0" type="stmt"/>
        <line num="467" count="4" type="stmt"/>
        <line num="468" count="4" type="stmt"/>
        <line num="470" count="1" type="stmt"/>
        <line num="472" count="1" type="stmt"/>
        <line num="477" count="5" type="stmt"/>
        <line num="482" count="57" type="stmt"/>
        <line num="483" count="6" type="cond" truecount="1" falsecount="1"/>
        <line num="485" count="6" type="stmt"/>
        <line num="487" count="6" type="stmt"/>
        <line num="488" count="6" type="stmt"/>
        <line num="489" count="5" type="stmt"/>
        <line num="491" count="6" type="cond" truecount="2" falsecount="0"/>
        <line num="494" count="5" type="stmt"/>
        <line num="495" count="5" type="cond" truecount="1" falsecount="1"/>
        <line num="496" count="0" type="stmt"/>
        <line num="500" count="5" type="stmt"/>
        <line num="501" count="5" type="cond" truecount="2" falsecount="0"/>
        <line num="503" count="3" type="stmt"/>
        <line num="510" count="3" type="cond" truecount="2" falsecount="0"/>
        <line num="513" count="2" type="stmt"/>
        <line num="518" count="2" type="cond" truecount="1" falsecount="1"/>
        <line num="519" count="2" type="stmt"/>
        <line num="528" count="2" type="cond" truecount="2" falsecount="0"/>
        <line num="533" count="2" type="stmt"/>
        <line num="543" count="2" type="cond" truecount="1" falsecount="1"/>
        <line num="546" count="2" type="stmt"/>
        <line num="555" count="2" type="cond" truecount="1" falsecount="1"/>
        <line num="556" count="2" type="stmt"/>
        <line num="561" count="4" type="stmt"/>
        <line num="563" count="4" type="stmt"/>
        <line num="573" count="2" type="cond" truecount="1" falsecount="1"/>
        <line num="574" count="0" type="stmt"/>
        <line num="576" count="2" type="cond" truecount="1" falsecount="1"/>
        <line num="578" count="2" type="stmt"/>
        <line num="582" count="4" type="stmt"/>
        <line num="583" count="4" type="cond" truecount="5" falsecount="0"/>
        <line num="584" count="1" type="stmt"/>
        <line num="593" count="0" type="cond" truecount="0" falsecount="2"/>
        <line num="594" count="0" type="stmt"/>
        <line num="601" count="1" type="stmt"/>
        <line num="605" count="4" type="stmt"/>
        <line num="606" count="4" type="stmt"/>
        <line num="607" count="4" type="stmt"/>
        <line num="610" count="1" type="stmt"/>
        <line num="611" count="1" type="stmt"/>
        <line num="613" count="1" type="stmt"/>
        <line num="614" count="1" type="stmt"/>
        <line num="618" count="1" type="stmt"/>
        <line num="629" count="57" type="stmt"/>
        <line num="630" count="2" type="cond" truecount="1" falsecount="1"/>
        <line num="631" count="2" type="stmt"/>
        <line num="632" count="2" type="cond" truecount="2" falsecount="0"/>
        <line num="634" count="1" type="stmt"/>
        <line num="637" count="1" type="stmt"/>
        <line num="649" count="1" type="stmt"/>
        <line num="653" count="57" type="stmt"/>
        <line num="654" count="1" type="stmt"/>
        <line num="657" count="57" type="stmt"/>
        <line num="658" count="1" type="stmt"/>
        <line num="662" count="57" type="stmt"/>
        <line num="663" count="35" type="stmt"/>
        <line num="667" count="35" type="stmt"/>
        <line num="668" count="35" type="stmt"/>
        <line num="672" count="57" type="stmt"/>
      </file>
      <file name="useTranscripts.ts" path="/Users/baris/Desktop/Dev/Therapy_New/hooks/useTranscripts.ts">
        <metrics statements="102" coveredstatements="96" conditionals="46" coveredconditionals="36" methods="26" coveredmethods="24"/>
        <line num="51" count="1" type="stmt"/>
        <line num="64" count="30" type="cond" truecount="7" falsecount="5"/>
        <line num="66" count="0" type="stmt"/>
        <line num="69" count="1" type="stmt"/>
        <line num="72" count="0" type="stmt"/>
        <line num="75" count="0" type="stmt"/>
        <line num="78" count="12" type="stmt"/>
        <line num="85" count="11" type="stmt"/>
        <line num="93" count="1" type="stmt"/>
        <line num="100" count="2" type="stmt"/>
        <line num="107" count="2" type="stmt"/>
        <line num="110" count="2" type="stmt"/>
        <line num="116" count="1" type="stmt"/>
        <line num="118" count="0" type="stmt"/>
        <line num="121" count="1" type="stmt"/>
        <line num="128" count="0" type="stmt"/>
        <line num="131" count="0" type="stmt"/>
        <line num="136" count="46" type="stmt"/>
        <line num="137" count="46" type="stmt"/>
        <line num="138" count="46" type="stmt"/>
        <line num="139" count="46" type="stmt"/>
        <line num="142" count="46" type="stmt"/>
        <line num="143" count="46" type="stmt"/>
        <line num="145" count="1" type="cond" truecount="1" falsecount="1"/>
        <line num="146" count="1" type="cond" truecount="1" falsecount="1"/>
        <line num="147" count="1" type="stmt"/>
        <line num="151" count="46" type="stmt"/>
        <line num="152" count="1" type="stmt"/>
        <line num="156" count="46" type="stmt"/>
        <line num="158" count="12" type="stmt"/>
        <line num="159" count="12" type="stmt"/>
        <line num="160" count="12" type="stmt"/>
        <line num="161" count="12" type="stmt"/>
        <line num="164" count="11" type="stmt"/>
        <line num="165" count="17" type="stmt"/>
        <line num="167" count="3" type="stmt"/>
        <line num="170" count="11" type="stmt"/>
        <line num="171" count="11" type="stmt"/>
        <line num="172" count="11" type="stmt"/>
        <line num="174" count="7" type="stmt"/>
        <line num="175" count="7" type="cond" truecount="2" falsecount="0"/>
        <line num="176" count="6" type="stmt"/>
        <line num="177" count="6" type="stmt"/>
        <line num="180" count="11" type="stmt"/>
        <line num="181" count="17" type="cond" truecount="2" falsecount="0"/>
        <line num="185" count="11" type="stmt"/>
        <line num="186" count="16" type="stmt"/>
        <line num="188" count="11" type="stmt"/>
        <line num="189" count="11" type="stmt"/>
        <line num="194" count="11" type="stmt"/>
        <line num="196" count="2" type="stmt"/>
        <line num="201" count="11" type="stmt"/>
        <line num="203" count="16" type="cond" truecount="2" falsecount="0"/>
        <line num="206" count="16" type="cond" truecount="4" falsecount="0"/>
        <line num="207" count="10" type="stmt"/>
        <line num="208" count="10" type="stmt"/>
        <line num="210" count="7" type="stmt"/>
        <line num="212" count="10" type="cond" truecount="2" falsecount="0"/>
        <line num="213" count="5" type="cond" truecount="1" falsecount="1"/>
        <line num="217" count="16" type="stmt"/>
        <line num="224" count="11" type="stmt"/>
        <line num="225" count="16" type="stmt"/>
        <line num="227" count="11" type="stmt"/>
        <line num="228" count="10" type="cond" truecount="4" falsecount="0"/>
        <line num="229" count="5" type="stmt"/>
        <line num="234" count="5" type="stmt"/>
        <line num="235" count="5" type="stmt"/>
        <line num="239" count="4" type="cond" truecount="2" falsecount="0"/>
        <line num="241" count="1" type="stmt"/>
        <line num="244" count="11" type="stmt"/>
        <line num="245" count="11" type="stmt"/>
        <line num="246" count="11" type="stmt"/>
        <line num="248" count="11" type="stmt"/>
        <line num="249" count="16" type="cond" truecount="2" falsecount="0"/>
        <line num="250" count="10" type="stmt"/>
        <line num="251" count="10" type="cond" truecount="4" falsecount="0"/>
        <line num="252" count="6" type="stmt"/>
        <line num="257" count="10" type="stmt"/>
        <line num="260" count="11" type="stmt"/>
        <line num="265" count="1" type="stmt"/>
        <line num="266" count="1" type="stmt"/>
        <line num="269" count="12" type="stmt"/>
        <line num="273" count="46" type="stmt"/>
        <line num="274" count="31" type="stmt"/>
        <line num="277" count="46" type="stmt"/>
        <line num="278" count="2" type="stmt"/>
        <line num="281" count="46" type="stmt"/>
        <line num="282" count="1" type="stmt"/>
        <line num="285" count="46" type="stmt"/>
        <line num="286" count="2" type="stmt"/>
        <line num="287" count="2" type="stmt"/>
        <line num="288" count="2" type="stmt"/>
        <line num="290" count="2" type="cond" truecount="1" falsecount="1"/>
        <line num="293" count="2" type="stmt"/>
        <line num="295" count="2" type="stmt"/>
        <line num="296" count="2" type="stmt"/>
        <line num="303" count="1" type="cond" truecount="1" falsecount="1"/>
        <line num="305" count="1" type="stmt"/>
        <line num="309" count="1" type="stmt"/>
        <line num="313" count="1" type="stmt"/>
        <line num="319" count="2" type="stmt"/>
        <line num="322" count="46" type="stmt"/>
      </file>
      <file name="useVault.ts" path="/Users/baris/Desktop/Dev/Therapy_New/hooks/useVault.ts">
        <metrics statements="15" coveredstatements="15" conditionals="2" coveredconditionals="1" methods="6" coveredmethods="6"/>
        <line num="9" count="1" type="stmt"/>
        <line num="14" count="1" type="stmt"/>
        <line num="15" count="9" type="stmt"/>
        <line num="27" count="1" type="stmt"/>
        <line num="28" count="12" type="stmt"/>
        <line num="30" count="12" type="stmt"/>
        <line num="31" count="6" type="stmt"/>
        <line num="36" count="6" type="stmt"/>
        <line num="39" count="6" type="stmt"/>
        <line num="44" count="6" type="stmt"/>
        <line num="47" count="6" type="stmt"/>
        <line num="52" count="1" type="cond" truecount="1" falsecount="1"/>
        <line num="53" count="1" type="stmt"/>
        <line num="54" count="1" type="stmt"/>
        <line num="64" count="6" type="stmt"/>
      </file>
    </package>
    <package name="schemas">
      <metrics statements="7" coveredstatements="7" conditionals="4" coveredconditionals="2" methods="3" coveredmethods="3"/>
      <file name="diary.schema.ts" path="/Users/baris/Desktop/Dev/Therapy_New/schemas/diary.schema.ts">
        <metrics statements="7" coveredstatements="7" conditionals="4" coveredconditionals="2" methods="3" coveredmethods="3"/>
        <line num="4" count="1" type="stmt"/>
        <line num="9" count="1" type="cond" truecount="1" falsecount="1"/>
        <line num="13" count="1" type="stmt"/>
        <line num="17" count="1" type="stmt"/>
        <line num="18" count="2" type="stmt"/>
        <line num="23" count="1" type="cond" truecount="1" falsecount="1"/>
        <line num="30" count="1" type="stmt"/>
      </file>
    </package>
    <package name="services">
      <metrics statements="294" coveredstatements="288" conditionals="218" coveredconditionals="190" methods="41" coveredmethods="41"/>
      <file name="api.service.ts" path="/Users/baris/Desktop/Dev/Therapy_New/services/api.service.ts">
        <metrics statements="32" coveredstatements="32" conditionals="16" coveredconditionals="16" methods="11" coveredmethods="11"/>
        <line num="24" count="19" type="stmt"/>
        <line num="25" count="19" type="stmt"/>
        <line num="26" count="12" type="stmt"/>
        <line num="28" count="7" type="stmt"/>
        <line num="29" count="7" type="stmt"/>
        <line num="33" count="1" type="stmt"/>
        <line num="36" count="4" type="stmt"/>
        <line num="37" count="4" type="cond" truecount="2" falsecount="0"/>
        <line num="39" count="3" type="stmt"/>
        <line num="45" count="3" type="cond" truecount="2" falsecount="0"/>
        <line num="46" count="1" type="stmt"/>
        <line num="56" count="2" type="stmt"/>
        <line num="60" count="2" type="stmt"/>
        <line num="65" count="1" type="stmt"/>
        <line num="70" count="4" type="stmt"/>
        <line num="71" count="4" type="stmt"/>
        <line num="72" count="4" type="cond" truecount="2" falsecount="0"/>
        <line num="74" count="3" type="stmt"/>
        <line num="82" count="3" type="cond" truecount="2" falsecount="0"/>
        <line num="83" count="2" type="cond" truecount="2" falsecount="0"/>
        <line num="86" count="4" type="stmt"/>
        <line num="91" count="3" type="stmt"/>
        <line num="92" count="3" type="stmt"/>
        <line num="99" count="3" type="cond" truecount="2" falsecount="0"/>
        <line num="100" count="1" type="stmt"/>
        <line num="103" count="2" type="stmt"/>
        <line num="106" count="3" type="stmt"/>
        <line num="115" count="4" type="stmt"/>
        <line num="116" count="4" type="stmt"/>
        <line num="128" count="4" type="cond" truecount="2" falsecount="0"/>
        <line num="131" count="3" type="cond" truecount="2" falsecount="0"/>
        <line num="138" count="4" type="stmt"/>
      </file>
      <file name="event.service.ts" path="/Users/baris/Desktop/Dev/Therapy_New/services/event.service.ts">
        <metrics statements="155" coveredstatements="149" conditionals="122" coveredconditionals="100" methods="17" coveredmethods="17"/>
        <line num="12" count="1" type="stmt"/>
        <line num="61" count="6" type="stmt"/>
        <line num="62" count="6" type="stmt"/>
        <line num="65" count="6" type="cond" truecount="2" falsecount="0"/>
        <line num="66" count="1" type="cond" truecount="1" falsecount="1"/>
        <line num="67" count="1" type="cond" truecount="1" falsecount="1"/>
        <line num="69" count="1" type="stmt"/>
        <line num="72" count="5" type="stmt"/>
        <line num="73" count="5" type="stmt"/>
        <line num="77" count="5" type="cond" truecount="2" falsecount="0"/>
        <line num="78" count="4" type="cond" truecount="1" falsecount="1"/>
        <line num="81" count="4" type="stmt"/>
        <line num="82" count="1" type="stmt"/>
        <line num="83" count="31" type="stmt"/>
        <line num="84" count="31" type="cond" truecount="2" falsecount="0"/>
        <line num="85" count="31" type="stmt"/>
        <line num="87" count="4" type="cond" truecount="4" falsecount="0"/>
        <line num="98" count="4" type="cond" truecount="2" falsecount="0"/>
        <line num="103" count="4" type="cond" truecount="4" falsecount="0"/>
        <line num="104" count="3" type="stmt"/>
        <line num="110" count="3" type="stmt"/>
        <line num="121" count="1" type="stmt"/>
        <line num="132" count="4" type="stmt"/>
        <line num="134" count="1" type="stmt"/>
        <line num="135" count="1" type="stmt"/>
        <line num="143" count="3" type="stmt"/>
        <line num="144" count="3" type="cond" truecount="2" falsecount="0"/>
        <line num="146" count="3" type="stmt"/>
        <line num="147" count="3" type="cond" truecount="2" falsecount="0"/>
        <line num="149" count="2" type="stmt"/>
        <line num="157" count="2" type="cond" truecount="2" falsecount="0"/>
        <line num="158" count="1" type="stmt"/>
        <line num="159" count="1" type="stmt"/>
        <line num="162" count="1" type="cond" truecount="1" falsecount="1"/>
        <line num="166" count="3" type="stmt"/>
        <line num="167" count="3" type="stmt"/>
        <line num="168" count="3" type="cond" truecount="2" falsecount="0"/>
        <line num="169" count="2" type="stmt"/>
        <line num="171" count="2" type="cond" truecount="2" falsecount="0"/>
        <line num="172" count="1" type="cond" truecount="1" falsecount="1"/>
        <line num="174" count="2" type="stmt"/>
        <line num="175" count="2" type="stmt"/>
        <line num="183" count="2" type="stmt"/>
        <line num="184" count="2" type="stmt"/>
        <line num="185" count="2" type="cond" truecount="2" falsecount="0"/>
        <line num="186" count="1" type="stmt"/>
        <line num="188" count="1" type="cond" truecount="1" falsecount="1"/>
        <line num="189" count="1" type="cond" truecount="1" falsecount="1"/>
        <line num="190" count="1" type="stmt"/>
        <line num="195" count="1" type="stmt"/>
        <line num="196" count="1" type="stmt"/>
        <line num="204" count="1" type="stmt"/>
        <line num="210" count="4" type="stmt"/>
        <line num="211" count="4" type="stmt"/>
        <line num="212" count="4" type="cond" truecount="2" falsecount="0"/>
        <line num="214" count="3" type="stmt"/>
        <line num="215" count="2" type="cond" truecount="1" falsecount="1"/>
        <line num="216" count="0" type="stmt"/>
        <line num="219" count="2" type="stmt"/>
        <line num="220" count="2" type="cond" truecount="2" falsecount="0"/>
        <line num="221" count="1" type="stmt"/>
        <line num="223" count="1" type="stmt"/>
        <line num="230" count="2" type="stmt"/>
        <line num="234" count="2" type="stmt"/>
        <line num="239" count="2" type="stmt"/>
        <line num="240" count="2" type="stmt"/>
        <line num="241" count="2" type="cond" truecount="2" falsecount="0"/>
        <line num="242" count="1" type="stmt"/>
        <line num="244" count="1" type="stmt"/>
        <line num="251" count="1" type="cond" truecount="1" falsecount="1"/>
        <line num="252" count="1" type="cond" truecount="1" falsecount="1"/>
        <line num="254" count="1" type="stmt"/>
        <line num="258" count="1" type="stmt"/>
        <line num="264" count="3" type="stmt"/>
        <line num="265" count="3" type="stmt"/>
        <line num="266" count="3" type="cond" truecount="2" falsecount="0"/>
        <line num="267" count="1" type="stmt"/>
        <line num="270" count="2" type="stmt"/>
        <line num="277" count="2" type="cond" truecount="1" falsecount="1"/>
        <line num="278" count="2" type="cond" truecount="1" falsecount="1"/>
        <line num="280" count="2" type="stmt"/>
        <line num="281" count="2" type="stmt"/>
        <line num="286" count="2" type="stmt"/>
        <line num="287" count="2" type="stmt"/>
        <line num="288" count="2" type="cond" truecount="2" falsecount="0"/>
        <line num="289" count="1" type="stmt"/>
        <line num="293" count="1" type="stmt"/>
        <line num="299" count="1" type="cond" truecount="1" falsecount="1"/>
        <line num="300" count="1" type="cond" truecount="1" falsecount="1"/>
        <line num="302" count="1" type="stmt"/>
        <line num="306" count="1" type="stmt"/>
        <line num="311" count="3" type="stmt"/>
        <line num="312" count="3" type="stmt"/>
        <line num="313" count="3" type="cond" truecount="2" falsecount="0"/>
        <line num="314" count="1" type="stmt"/>
        <line num="318" count="2" type="stmt"/>
        <line num="326" count="2" type="cond" truecount="3" falsecount="1"/>
        <line num="327" count="2" type="cond" truecount="2" falsecount="0"/>
        <line num="329" count="1" type="stmt"/>
        <line num="333" count="1" type="stmt"/>
        <line num="338" count="3" type="stmt"/>
        <line num="339" count="3" type="stmt"/>
        <line num="340" count="3" type="cond" truecount="2" falsecount="0"/>
        <line num="342" count="2" type="stmt"/>
        <line num="349" count="2" type="cond" truecount="2" falsecount="0"/>
        <line num="350" count="1" type="cond" truecount="1" falsecount="1"/>
        <line num="351" count="0" type="stmt"/>
        <line num="353" count="1" type="stmt"/>
        <line num="355" count="1" type="stmt"/>
        <line num="359" count="1" type="stmt"/>
        <line num="373" count="2" type="stmt"/>
        <line num="374" count="2" type="cond" truecount="2" falsecount="0"/>
        <line num="377" count="1" type="stmt"/>
        <line num="378" count="1" type="stmt"/>
        <line num="380" count="1" type="stmt"/>
        <line num="387" count="1" type="cond" truecount="1" falsecount="1"/>
        <line num="388" count="0" type="stmt"/>
        <line num="389" count="0" type="stmt"/>
        <line num="392" count="1" type="cond" truecount="1" falsecount="1"/>
        <line num="399" count="3" type="cond" truecount="2" falsecount="0"/>
        <line num="400" count="2" type="stmt"/>
        <line num="401" count="2" type="cond" truecount="2" falsecount="0"/>
        <line num="404" count="1" type="stmt"/>
        <line num="411" count="1" type="cond" truecount="3" falsecount="1"/>
        <line num="413" count="1" type="stmt"/>
        <line num="414" count="1" type="stmt"/>
        <line num="415" count="2" type="stmt"/>
        <line num="417" count="1" type="stmt"/>
        <line num="425" count="8" type="stmt"/>
        <line num="426" count="8" type="cond" truecount="2" falsecount="0"/>
        <line num="429" count="7" type="cond" truecount="2" falsecount="0"/>
        <line num="430" count="7" type="cond" truecount="2" falsecount="0"/>
        <line num="431" count="2" type="stmt"/>
        <line num="437" count="2" type="cond" truecount="1" falsecount="1"/>
        <line num="438" count="0" type="stmt"/>
        <line num="440" count="2" type="cond" truecount="2" falsecount="0"/>
        <line num="444" count="7" type="stmt"/>
        <line num="452" count="7" type="cond" truecount="2" falsecount="0"/>
        <line num="453" count="1" type="stmt"/>
        <line num="455" count="7" type="cond" truecount="2" falsecount="0"/>
        <line num="458" count="5" type="cond" truecount="2" falsecount="0"/>
        <line num="459" count="4" type="stmt"/>
        <line num="468" count="4" type="cond" truecount="2" falsecount="0"/>
        <line num="469" count="1" type="stmt"/>
        <line num="471" count="4" type="cond" truecount="2" falsecount="0"/>
        <line num="472" count="1" type="stmt"/>
        <line num="480" count="1" type="cond" truecount="1" falsecount="1"/>
        <line num="481" count="0" type="stmt"/>
        <line num="486" count="1" type="cond" truecount="1" falsecount="1"/>
        <line num="491" count="3" type="stmt"/>
        <line num="494" count="3" type="stmt"/>
        <line num="504" count="3" type="cond" truecount="2" falsecount="0"/>
        <line num="505" count="1" type="stmt"/>
        <line num="507" count="3" type="cond" truecount="2" falsecount="0"/>
        <line num="510" count="3" type="stmt"/>
      </file>
      <file name="prompt.service.ts" path="/Users/baris/Desktop/Dev/Therapy_New/services/prompt.service.ts">
        <metrics statements="23" coveredstatements="23" conditionals="18" coveredconditionals="17" methods="3" coveredmethods="3"/>
        <line num="17" count="14" type="cond" truecount="2" falsecount="0"/>
        <line num="19" count="14" type="stmt"/>
        <line num="91" count="14" type="stmt"/>
        <line num="100" count="8" type="stmt"/>
        <line num="101" count="8" type="stmt"/>
        <line num="114" count="8" type="cond" truecount="2" falsecount="0"/>
        <line num="115" count="7" type="stmt"/>
        <line num="118" count="7" type="stmt"/>
        <line num="119" count="7" type="stmt"/>
        <line num="120" count="3" type="stmt"/>
        <line num="130" count="4" type="stmt"/>
        <line num="150" count="1" type="stmt"/>
        <line num="153" count="10" type="stmt"/>
        <line num="154" count="10" type="cond" truecount="2" falsecount="0"/>
        <line num="155" count="2" type="stmt"/>
        <line num="158" count="8" type="stmt"/>
        <line num="162" count="8" type="cond" truecount="4" falsecount="0"/>
        <line num="163" count="3" type="stmt"/>
        <line num="164" count="3" type="stmt"/>
        <line num="167" count="5" type="stmt"/>
        <line num="168" count="5" type="stmt"/>
        <line num="173" count="5" type="stmt"/>
        <line num="175" count="5" type="stmt"/>
      </file>
      <file name="report.service.ts" path="/Users/baris/Desktop/Dev/Therapy_New/services/report.service.ts">
        <metrics statements="11" coveredstatements="11" conditionals="6" coveredconditionals="6" methods="2" coveredmethods="2"/>
        <line num="21" count="4" type="stmt"/>
        <line num="22" count="4" type="cond" truecount="2" falsecount="0"/>
        <line num="24" count="3" type="stmt"/>
        <line num="32" count="3" type="cond" truecount="2" falsecount="0"/>
        <line num="33" count="1" type="stmt"/>
        <line num="34" count="1" type="stmt"/>
        <line num="37" count="2" type="stmt"/>
        <line num="45" count="2" type="stmt"/>
        <line num="50" count="2" type="cond" truecount="2" falsecount="0"/>
        <line num="51" count="1" type="stmt"/>
        <line num="54" count="1" type="stmt"/>
      </file>
      <file name="subscription.service.ts" path="/Users/baris/Desktop/Dev/Therapy_New/services/subscription.service.ts">
        <metrics statements="34" coveredstatements="34" conditionals="16" coveredconditionals="16" methods="6" coveredmethods="6"/>
        <line num="30" count="1" type="stmt"/>
        <line num="50" count="2" type="stmt"/>
        <line num="53" count="2" type="cond" truecount="2" falsecount="0"/>
        <line num="54" count="1" type="stmt"/>
        <line num="55" count="1" type="stmt"/>
        <line num="58" count="2" type="stmt"/>
        <line num="71" count="3" type="stmt"/>
        <line num="72" count="3" type="cond" truecount="2" falsecount="0"/>
        <line num="75" count="2" type="stmt"/>
        <line num="82" count="2" type="cond" truecount="2" falsecount="0"/>
        <line num="83" count="1" type="stmt"/>
        <line num="84" count="1" type="stmt"/>
        <line num="87" count="1" type="stmt"/>
        <line num="95" count="3" type="stmt"/>
        <line num="96" count="3" type="cond" truecount="2" falsecount="0"/>
        <line num="98" count="2" type="stmt"/>
        <line num="99" count="2" type="stmt"/>
        <line num="100" count="12" type="stmt"/>
        <line num="106" count="2" type="stmt"/>
        <line num="108" count="2" type="stmt"/>
        <line num="109" count="12" type="stmt"/>
        <line num="110" count="12" type="stmt"/>
        <line num="111" count="12" type="cond" truecount="4" falsecount="0"/>
        <line num="112" count="1" type="stmt"/>
        <line num="117" count="1" type="stmt"/>
        <line num="124" count="11" type="stmt"/>
        <line num="128" count="2" type="stmt"/>
        <line num="138" count="3" type="stmt"/>
        <line num="139" count="3" type="cond" truecount="2" falsecount="0"/>
        <line num="141" count="2" type="stmt"/>
        <line num="146" count="2" type="cond" truecount="2" falsecount="0"/>
        <line num="147" count="1" type="stmt"/>
        <line num="148" count="1" type="stmt"/>
        <line num="151" count="1" type="stmt"/>
      </file>
      <file name="vault.service.ts" path="/Users/baris/Desktop/Dev/Therapy_New/services/vault.service.ts">
        <metrics statements="39" coveredstatements="39" conditionals="40" coveredconditionals="35" methods="2" coveredmethods="2"/>
        <line num="46" count="7" type="stmt"/>
        <line num="47" count="7" type="stmt"/>
        <line num="48" count="7" type="cond" truecount="1" falsecount="1"/>
        <line num="51" count="7" type="stmt"/>
        <line num="59" count="7" type="cond" truecount="4" falsecount="0"/>
        <line num="62" count="6" type="cond" truecount="1" falsecount="1"/>
        <line num="65" count="6" type="cond" truecount="2" falsecount="0"/>
        <line num="68" count="6" type="cond" truecount="2" falsecount="0"/>
        <line num="69" count="4" type="cond" truecount="2" falsecount="0"/>
        <line num="70" count="4" type="stmt"/>
        <line num="73" count="6" type="cond" truecount="2" falsecount="0"/>
        <line num="74" count="3" type="cond" truecount="1" falsecount="1"/>
        <line num="75" count="3" type="stmt"/>
        <line num="78" count="6" type="cond" truecount="2" falsecount="0"/>
        <line num="79" count="2" type="cond" truecount="2" falsecount="0"/>
        <line num="80" count="2" type="stmt"/>
        <line num="83" count="6" type="cond" truecount="2" falsecount="0"/>
        <line num="84" count="2" type="cond" truecount="1" falsecount="1"/>
        <line num="85" count="2" type="stmt"/>
        <line num="88" count="6" type="stmt"/>
        <line num="90" count="1" type="stmt"/>
        <line num="91" count="1" type="stmt"/>
        <line num="96" count="9" type="stmt"/>
        <line num="97" count="9" type="stmt"/>
        <line num="98" count="9" type="cond" truecount="2" falsecount="0"/>
        <line num="101" count="8" type="stmt"/>
        <line num="108" count="8" type="cond" truecount="2" falsecount="0"/>
        <line num="109" count="4" type="stmt"/>
        <line num="112" count="8" type="cond" truecount="2" falsecount="0"/>
        <line num="113" count="1" type="stmt"/>
        <line num="117" count="8" type="cond" truecount="2" falsecount="0"/>
        <line num="118" count="3" type="stmt"/>
        <line num="121" count="8" type="cond" truecount="2" falsecount="0"/>
        <line num="122" count="2" type="stmt"/>
        <line num="127" count="8" type="stmt"/>
        <line num="131" count="8" type="cond" truecount="2" falsecount="0"/>
        <line num="132" count="7" type="cond" truecount="1" falsecount="1"/>
        <line num="134" count="1" type="stmt"/>
        <line num="135" count="1" type="stmt"/>
      </file>
    </package>
    <package name="services.__tests__">
      <metrics statements="3" coveredstatements="3" conditionals="0" coveredconditionals="0" methods="1" coveredmethods="1"/>
      <file name="supabase.mock.ts" path="/Users/baris/Desktop/Dev/Therapy_New/services/__tests__/supabase.mock.ts">
        <metrics statements="3" coveredstatements="3" conditionals="0" coveredconditionals="0" methods="1" coveredmethods="1"/>
        <line num="43" count="5" type="stmt"/>
        <line num="47" count="52" type="stmt"/>
        <line num="48" count="52" type="stmt"/>
      </file>
    </package>
    <package name="utils">
      <metrics statements="71" coveredstatements="47" conditionals="67" coveredconditionals="44" methods="21" coveredmethods="9"/>
      <file name="dev.ts" path="/Users/baris/Desktop/Dev/Therapy_New/utils/dev.ts">
        <metrics statements="2" coveredstatements="2" conditionals="0" coveredconditionals="0" methods="1" coveredmethods="1"/>
        <line num="3" count="7" type="stmt"/>
        <line num="4" count="7" type="stmt"/>
      </file>
      <file name="errors.ts" path="/Users/baris/Desktop/Dev/Therapy_New/utils/errors.ts">
        <metrics statements="21" coveredstatements="9" conditionals="22" coveredconditionals="7" methods="14" coveredmethods="5"/>
        <line num="9" count="2" type="stmt"/>
        <line num="10" count="2" type="stmt"/>
        <line num="20" count="1" type="cond" truecount="1" falsecount="1"/>
        <line num="26" count="1" type="stmt"/>
        <line num="32" count="0" type="stmt"/>
        <line num="38" count="0" type="stmt"/>
        <line num="44" count="0" type="stmt"/>
        <line num="50" count="0" type="stmt"/>
        <line num="56" count="0" type="stmt"/>
        <line num="62" count="0" type="stmt"/>
        <line num="68" count="0" type="stmt"/>
        <line num="74" count="0" type="stmt"/>
        <line num="80" count="10" type="stmt"/>
        <line num="84" count="0" type="cond" truecount="0" falsecount="2"/>
        <line num="85" count="0" type="stmt"/>
        <line num="87" count="0" type="stmt"/>
        <line num="91" count="7" type="cond" truecount="2" falsecount="0"/>
        <line num="92" count="2" type="stmt"/>
        <line num="96" count="5" type="cond" truecount="4" falsecount="1"/>
        <line num="97" count="5" type="stmt"/>
        <line num="100" count="0" type="stmt"/>
      </file>
      <file name="event-helpers.ts" path="/Users/baris/Desktop/Dev/Therapy_New/utils/event-helpers.ts">
        <metrics statements="19" coveredstatements="19" conditionals="33" coveredconditionals="31" methods="2" coveredmethods="2"/>
        <line num="8" count="15" type="stmt"/>
        <line num="9" count="15" type="cond" truecount="2" falsecount="0"/>
        <line num="15" count="14" type="stmt"/>
        <line num="16" count="14" type="cond" truecount="2" falsecount="0"/>
        <line num="18" count="13" type="cond" truecount="6" falsecount="0"/>
        <line num="21" count="2" type="stmt"/>
        <line num="24" count="1" type="stmt"/>
        <line num="29" count="6" type="stmt"/>
        <line num="30" count="6" type="cond" truecount="2" falsecount="0"/>
        <line num="31" count="5" type="stmt"/>
        <line num="32" count="5" type="stmt"/>
        <line num="33" count="8" type="cond" truecount="3" falsecount="1"/>
        <line num="34" count="8" type="stmt"/>
        <line num="35" count="8" type="cond" truecount="2" falsecount="0"/>
        <line num="37" count="8" type="cond" truecount="1" falsecount="1"/>
        <line num="40" count="8" type="cond" truecount="5" falsecount="0"/>
        <line num="43" count="5" type="cond" truecount="2" falsecount="0"/>
        <line num="45" count="1" type="stmt"/>
        <line num="48" count="4" type="stmt"/>
      </file>
      <file name="i18n.ts" path="/Users/baris/Desktop/Dev/Therapy_New/utils/i18n.ts">
        <metrics statements="29" coveredstatements="17" conditionals="12" coveredconditionals="6" methods="4" coveredmethods="1"/>
        <line num="15" count="3" type="stmt"/>
        <line num="17" count="3" type="stmt"/>
        <line num="18" count="3" type="stmt"/>
        <line num="21" count="3" type="stmt"/>
        <line num="29" count="3" type="stmt"/>
        <line num="30" count="3" type="stmt"/>
        <line num="37" count="0" type="cond" truecount="0" falsecount="2"/>
        <line num="38" count="0" type="stmt"/>
        <line num="43" count="0" type="stmt"/>
        <line num="48" count="3" type="stmt"/>
        <line num="49" count="3" type="stmt"/>
        <line num="50" count="3" type="stmt"/>
        <line num="52" count="3" type="stmt"/>
        <line num="54" count="0" type="stmt"/>
        <line num="57" count="3" type="cond" truecount="2" falsecount="2"/>
        <line num="59" count="0" type="stmt"/>
        <line num="62" count="3" type="stmt"/>
        <line num="64" count="3" type="cond" truecount="4" falsecount="0"/>
        <line num="65" count="2" type="stmt"/>
        <line num="68" count="1" type="stmt"/>
        <line num="74" count="3" type="stmt"/>
        <line num="78" count="3" type="stmt"/>
        <line num="79" count="0" type="cond" truecount="0" falsecount="2"/>
        <line num="80" count="0" type="stmt"/>
        <line num="81" count="0" type="stmt"/>
        <line num="85" count="0" type="stmt"/>
        <line num="88" count="0" type="stmt"/>
        <line num="89" count="0" type="stmt"/>
        <line num="91" count="0" type="stmt"/>
      </file>
    </package>
  </project>
</coverage>
