{"/Users/baris/Desktop/Dev/Therapy_New/app/+not-found.tsx": {"path":"/Users/baris/Desktop/Dev/Therapy_New/app/+not-found.tsx","statementMap":{"0":{"start":{"line":6,"column":2},"end":{"line":16,"column":4}},"1":{"start":{"line":19,"column":15},"end":{"line":39,"column":2}}},"fnMap":{"0":{"name":"NotFoundScreen","decl":{"start":{"line":5,"column":24},"end":{"line":5,"column":38}},"loc":{"start":{"line":5,"column":41},"end":{"line":17,"column":1}},"line":5}},"branchMap":{},"s":{"0":6,"1":1},"f":{"0":6},"b":{},"_coverageSchema":"1a1c01bbd47fc00a2c39e90264f33305004495a9","hash":"1e539df8f696b7f8f57eb70b209918c0e77a0369"}
,"/Users/baris/Desktop/Dev/Therapy_New/app/agentic-test.tsx": {"path":"/Users/baris/Desktop/Dev/Therapy_New/app/agentic-test.tsx","statementMap":{"0":{"start":{"line":13,"column":4},"end":{"line":52,"column":6}},"1":{"start":{"line":55,"column":15},"end":{"line":103,"column":2}}},"fnMap":{"0":{"name":"AgenticTestScreen","decl":{"start":{"line":12,"column":24},"end":{"line":12,"column":41}},"loc":{"start":{"line":12,"column":44},"end":{"line":53,"column":1}},"line":12}},"branchMap":{},"s":{"0":8,"1":1},"f":{"0":8},"b":{},"_coverageSchema":"1a1c01bbd47fc00a2c39e90264f33305004495a9","hash":"d2e9682ea4aedc1afb051ae1d9e065078a905b10"}
,"/Users/baris/Desktop/Dev/Therapy_New/app/(app)/_layout.tsx": {"path":"/Users/baris/Desktop/Dev/Therapy_New/app/(app)/_layout.tsx","statementMap":{"0":{"start":{"line":5,"column":2},"end":{"line":5,"column":58}}},"fnMap":{"0":{"name":"AppLayout","decl":{"start":{"line":4,"column":24},"end":{"line":4,"column":33}},"loc":{"start":{"line":4,"column":36},"end":{"line":6,"column":1}},"line":4}},"branchMap":{},"s":{"0":7},"f":{"0":7},"b":{},"_coverageSchema":"1a1c01bbd47fc00a2c39e90264f33305004495a9","hash":"405f74dd27db9606f3f4435e7f38117c43d86d4d"}
,"/Users/baris/Desktop/Dev/Therapy_New/app/(app)/ai_summary.tsx": {"path":"/Users/baris/Desktop/Dev/Therapy_New/app/(app)/ai_summary.tsx","statementMap":{"0":{"start":{"line":31,"column":19},"end":{"line":31,"column":28}},"1":{"start":{"line":32,"column":17},"end":{"line":32,"column":28}},"2":{"start":{"line":33,"column":22},"end":{"line":33,"column":38}},"3":{"start":{"line":36,"column":20},"end":{"line":36,"column":32}},"4":{"start":{"line":37,"column":42},"end":{"line":37,"column":53}},"5":{"start":{"line":38,"column":48},"end":{"line":38,"column":78}},"6":{"start":{"line":39,"column":32},"end":{"line":39,"column":47}},"7":{"start":{"line":40,"column":42},"end":{"line":40,"column":57}},"8":{"start":{"line":41,"column":44},"end":{"line":41,"column":92}},"9":{"start":{"line":42,"column":46},"end":{"line":42,"column":60}},"10":{"start":{"line":43,"column":36},"end":{"line":43,"column":66}},"11":{"start":{"line":46,"column":26},"end":{"line":46,"column":82}},"12":{"start":{"line":49,"column":27},"end":{"line":66,"column":12}},"13":{"start":{"line":50,"column":4},"end":{"line":50,"column":22}},"14":{"start":{"line":50,"column":15},"end":{"line":50,"column":22}},"15":{"start":{"line":51,"column":4},"end":{"line":51,"column":28}},"16":{"start":{"line":52,"column":4},"end":{"line":65,"column":5}},"17":{"start":{"line":53,"column":30},"end":{"line":57,"column":50}},"18":{"start":{"line":59,"column":6},"end":{"line":59,"column":29}},"19":{"start":{"line":59,"column":17},"end":{"line":59,"column":29}},"20":{"start":{"line":60,"column":6},"end":{"line":60,"column":41}},"21":{"start":{"line":60,"column":16},"end":{"line":60,"column":41}},"22":{"start":{"line":62,"column":6},"end":{"line":62,"column":53}},"23":{"start":{"line":64,"column":6},"end":{"line":64,"column":31}},"24":{"start":{"line":68,"column":2},"end":{"line":70,"column":25}},"25":{"start":{"line":69,"column":4},"end":{"line":69,"column":23}},"26":{"start":{"line":72,"column":23},"end":{"line":122,"column":3}},"27":{"start":{"line":73,"column":4},"end":{"line":73,"column":21}},"28":{"start":{"line":74,"column":4},"end":{"line":121,"column":5}},"29":{"start":{"line":76,"column":48},"end":{"line":79,"column":7}},"30":{"start":{"line":82,"column":6},"end":{"line":82,"column":29}},"31":{"start":{"line":82,"column":17},"end":{"line":82,"column":29}},"32":{"start":{"line":83,"column":6},"end":{"line":85,"column":7}},"33":{"start":{"line":84,"column":8},"end":{"line":84,"column":48}},"34":{"start":{"line":88,"column":6},"end":{"line":92,"column":9}},"35":{"start":{"line":96,"column":48},"end":{"line":101,"column":7}},"36":{"start":{"line":104,"column":6},"end":{"line":104,"column":77}},"37":{"start":{"line":104,"column":40},"end":{"line":104,"column":75}},"38":{"start":{"line":107,"column":6},"end":{"line":107,"column":41}},"39":{"start":{"line":108,"column":6},"end":{"line":108,"column":33}},"40":{"start":{"line":109,"column":6},"end":{"line":109,"column":28}},"41":{"start":{"line":112,"column":27},"end":{"line":112,"column":95}},"42":{"start":{"line":113,"column":6},"end":{"line":113,"column":58}},"43":{"start":{"line":114,"column":6},"end":{"line":118,"column":9}},"44":{"start":{"line":120,"column":6},"end":{"line":120,"column":24}},"45":{"start":{"line":125,"column":24},"end":{"line":162,"column":3}},"46":{"start":{"line":126,"column":4},"end":{"line":161,"column":6}},"47":{"start":{"line":135,"column":40},"end":{"line":135,"column":60}},"48":{"start":{"line":136,"column":12},"end":{"line":136,"column":76}},"49":{"start":{"line":136,"column":39},"end":{"line":136,"column":74}},"50":{"start":{"line":136,"column":56},"end":{"line":136,"column":73}},"51":{"start":{"line":137,"column":12},"end":{"line":157,"column":13}},"52":{"start":{"line":138,"column":14},"end":{"line":141,"column":15}},"53":{"start":{"line":139,"column":16},"end":{"line":139,"column":83}},"54":{"start":{"line":140,"column":16},"end":{"line":140,"column":23}},"55":{"start":{"line":142,"column":32},"end":{"line":145,"column":35}},"56":{"start":{"line":147,"column":14},"end":{"line":147,"column":37}},"57":{"start":{"line":147,"column":25},"end":{"line":147,"column":37}},"58":{"start":{"line":149,"column":14},"end":{"line":149,"column":81}},"59":{"start":{"line":151,"column":14},"end":{"line":151,"column":54}},"60":{"start":{"line":152,"column":14},"end":{"line":156,"column":17}},"61":{"start":{"line":164,"column":2},"end":{"line":293,"column":4}},"62":{"start":{"line":171,"column":39},"end":{"line":171,"column":52}},"63":{"start":{"line":192,"column":29},"end":{"line":192,"column":56}},"64":{"start":{"line":194,"column":12},"end":{"line":196,"column":13}},"65":{"start":{"line":195,"column":14},"end":{"line":195,"column":52}},"66":{"start":{"line":197,"column":12},"end":{"line":199,"column":20}},"67":{"start":{"line":198,"column":14},"end":{"line":198,"column":40}},"68":{"start":{"line":206,"column":12},"end":{"line":208,"column":19}},"69":{"start":{"line":245,"column":16},"end":{"line":253,"column":18}},"70":{"start":{"line":248,"column":20},"end":{"line":248,"column":51}},"71":{"start":{"line":249,"column":20},"end":{"line":249,"column":53}},"72":{"start":{"line":250,"column":20},"end":{"line":250,"column":42}},"73":{"start":{"line":252,"column":34},"end":{"line":252,"column":56}},"74":{"start":{"line":255,"column":38},"end":{"line":255,"column":45}},"75":{"start":{"line":288,"column":23},"end":{"line":288,"column":45}},"76":{"start":{"line":297,"column":15},"end":{"line":461,"column":2}}},"fnMap":{"0":{"name":"AISummaryScreen","decl":{"start":{"line":30,"column":9},"end":{"line":30,"column":24}},"loc":{"start":{"line":30,"column":27},"end":{"line":294,"column":1}},"line":30},"1":{"name":"(anonymous_1)","decl":{"start":{"line":49,"column":39},"end":{"line":49,"column":40}},"loc":{"start":{"line":49,"column":51},"end":{"line":66,"column":3}},"line":49},"2":{"name":"(anonymous_2)","decl":{"start":{"line":68,"column":12},"end":{"line":68,"column":13}},"loc":{"start":{"line":68,"column":18},"end":{"line":70,"column":3}},"line":68},"3":{"name":"(anonymous_3)","decl":{"start":{"line":72,"column":23},"end":{"line":72,"column":24}},"loc":{"start":{"line":72,"column":35},"end":{"line":122,"column":3}},"line":72},"4":{"name":"(anonymous_4)","decl":{"start":{"line":104,"column":25},"end":{"line":104,"column":26}},"loc":{"start":{"line":104,"column":40},"end":{"line":104,"column":75}},"line":104},"5":{"name":"(anonymous_5)","decl":{"start":{"line":125,"column":24},"end":{"line":125,"column":25}},"loc":{"start":{"line":125,"column":46},"end":{"line":162,"column":3}},"line":125},"6":{"name":"(anonymous_6)","decl":{"start":{"line":134,"column":19},"end":{"line":134,"column":20}},"loc":{"start":{"line":134,"column":31},"end":{"line":158,"column":11}},"line":134},"7":{"name":"(anonymous_7)","decl":{"start":{"line":136,"column":31},"end":{"line":136,"column":32}},"loc":{"start":{"line":136,"column":39},"end":{"line":136,"column":74}},"line":136},"8":{"name":"(anonymous_8)","decl":{"start":{"line":136,"column":51},"end":{"line":136,"column":52}},"loc":{"start":{"line":136,"column":56},"end":{"line":136,"column":73}},"line":136},"9":{"name":"(anonymous_9)","decl":{"start":{"line":171,"column":33},"end":{"line":171,"column":34}},"loc":{"start":{"line":171,"column":39},"end":{"line":171,"column":52}},"line":171},"10":{"name":"(anonymous_10)","decl":{"start":{"line":191,"column":25},"end":{"line":191,"column":26}},"loc":{"start":{"line":191,"column":32},"end":{"line":200,"column":11}},"line":191},"11":{"name":"(anonymous_11)","decl":{"start":{"line":197,"column":49},"end":{"line":197,"column":50}},"loc":{"start":{"line":197,"column":55},"end":{"line":199,"column":13}},"line":197},"12":{"name":"(anonymous_12)","decl":{"start":{"line":205,"column":32},"end":{"line":205,"column":33}},"loc":{"start":{"line":206,"column":12},"end":{"line":208,"column":19}},"line":206},"13":{"name":"(anonymous_13)","decl":{"start":{"line":244,"column":26},"end":{"line":244,"column":27}},"loc":{"start":{"line":245,"column":16},"end":{"line":253,"column":18}},"line":245},"14":{"name":"(anonymous_14)","decl":{"start":{"line":247,"column":27},"end":{"line":247,"column":28}},"loc":{"start":{"line":247,"column":33},"end":{"line":251,"column":19}},"line":247},"15":{"name":"(anonymous_15)","decl":{"start":{"line":252,"column":28},"end":{"line":252,"column":29}},"loc":{"start":{"line":252,"column":34},"end":{"line":252,"column":56}},"line":252},"16":{"name":"(anonymous_16)","decl":{"start":{"line":255,"column":28},"end":{"line":255,"column":29}},"loc":{"start":{"line":255,"column":38},"end":{"line":255,"column":45}},"line":255},"17":{"name":"(anonymous_17)","decl":{"start":{"line":288,"column":17},"end":{"line":288,"column":18}},"loc":{"start":{"line":288,"column":23},"end":{"line":288,"column":45}},"line":288}},"branchMap":{"0":{"loc":{"start":{"line":50,"column":4},"end":{"line":50,"column":22}},"type":"if","locations":[{"start":{"line":50,"column":4},"end":{"line":50,"column":22}},{"start":{},"end":{}}],"line":50},"1":{"loc":{"start":{"line":59,"column":6},"end":{"line":59,"column":29}},"type":"if","locations":[{"start":{"line":59,"column":6},"end":{"line":59,"column":29}},{"start":{},"end":{}}],"line":59},"2":{"loc":{"start":{"line":60,"column":6},"end":{"line":60,"column":41}},"type":"if","locations":[{"start":{"line":60,"column":6},"end":{"line":60,"column":41}},{"start":{},"end":{}}],"line":60},"3":{"loc":{"start":{"line":82,"column":6},"end":{"line":82,"column":29}},"type":"if","locations":[{"start":{"line":82,"column":6},"end":{"line":82,"column":29}},{"start":{},"end":{}}],"line":82},"4":{"loc":{"start":{"line":83,"column":6},"end":{"line":85,"column":7}},"type":"if","locations":[{"start":{"line":83,"column":6},"end":{"line":85,"column":7}},{"start":{},"end":{}}],"line":83},"5":{"loc":{"start":{"line":112,"column":27},"end":{"line":112,"column":95}},"type":"cond-expr","locations":[{"start":{"line":112,"column":48},"end":{"line":112,"column":57}},{"start":{"line":112,"column":60},"end":{"line":112,"column":95}}],"line":112},"6":{"loc":{"start":{"line":138,"column":14},"end":{"line":141,"column":15}},"type":"if","locations":[{"start":{"line":138,"column":14},"end":{"line":141,"column":15}},{"start":{},"end":{}}],"line":138},"7":{"loc":{"start":{"line":147,"column":14},"end":{"line":147,"column":37}},"type":"if","locations":[{"start":{"line":147,"column":14},"end":{"line":147,"column":37}},{"start":{},"end":{}}],"line":147},"8":{"loc":{"start":{"line":155,"column":23},"end":{"line":155,"column":97}},"type":"cond-expr","locations":[{"start":{"line":155,"column":45},"end":{"line":155,"column":55}},{"start":{"line":155,"column":58},"end":{"line":155,"column":97}}],"line":155},"9":{"loc":{"start":{"line":192,"column":29},"end":{"line":192,"column":56}},"type":"cond-expr","locations":[{"start":{"line":192,"column":48},"end":{"line":192,"column":52}},{"start":{"line":192,"column":55},"end":{"line":192,"column":56}}],"line":192},"10":{"loc":{"start":{"line":194,"column":12},"end":{"line":196,"column":13}},"type":"if","locations":[{"start":{"line":194,"column":12},"end":{"line":196,"column":13}},{"start":{},"end":{}}],"line":194},"11":{"loc":{"start":{"line":212,"column":40},"end":{"line":212,"column":67}},"type":"binary-expr","locations":[{"start":{"line":212,"column":40},"end":{"line":212,"column":47}},{"start":{"line":212,"column":51},"end":{"line":212,"column":67}}],"line":212},"12":{"loc":{"start":{"line":223,"column":15},"end":{"line":227,"column":15}},"type":"cond-expr","locations":[{"start":{"line":224,"column":16},"end":{"line":224,"column":66}},{"start":{"line":226,"column":16},"end":{"line":226,"column":78}}],"line":223},"13":{"loc":{"start":{"line":229,"column":17},"end":{"line":229,"column":109}},"type":"cond-expr","locations":[{"start":{"line":229,"column":27},"end":{"line":229,"column":52}},{"start":{"line":229,"column":55},"end":{"line":229,"column":109}}],"line":229},"14":{"loc":{"start":{"line":236,"column":9},"end":{"line":282,"column":9}},"type":"cond-expr","locations":[{"start":{"line":237,"column":10},"end":{"line":237,"column":77}},{"start":{"line":238,"column":12},"end":{"line":282,"column":9}}],"line":236},"15":{"loc":{"start":{"line":238,"column":12},"end":{"line":282,"column":9}},"type":"cond-expr","locations":[{"start":{"line":239,"column":10},"end":{"line":258,"column":13}},{"start":{"line":260,"column":10},"end":{"line":281,"column":17}}],"line":238}},"s":{"0":48,"1":48,"2":48,"3":48,"4":48,"5":48,"6":48,"7":48,"8":48,"9":48,"10":48,"11":48,"12":48,"13":17,"14":1,"15":16,"16":16,"17":16,"18":16,"19":1,"20":15,"21":15,"22":1,"23":16,"24":48,"25":17,"26":48,"27":5,"28":5,"29":5,"30":4,"31":1,"32":3,"33":1,"34":2,"35":2,"36":2,"37":2,"38":2,"39":2,"40":2,"41":3,"42":3,"43":3,"44":5,"45":48,"46":4,"47":3,"48":3,"49":3,"50":3,"51":3,"52":3,"53":1,"54":1,"55":2,"56":2,"57":1,"58":1,"59":1,"60":1,"61":48,"62":0,"63":1,"64":1,"65":0,"66":1,"67":0,"68":0,"69":28,"70":1,"71":1,"72":1,"73":4,"74":44,"75":0,"76":1},"f":{"0":48,"1":17,"2":17,"3":5,"4":2,"5":4,"6":3,"7":3,"8":3,"9":0,"10":1,"11":0,"12":0,"13":28,"14":1,"15":4,"16":44,"17":0},"b":{"0":[1,16],"1":[1,15],"2":[15,0],"3":[1,3],"4":[1,2],"5":[3,0],"6":[1,2],"7":[1,1],"8":[0,1],"9":[1,0],"10":[0,1],"11":[48,5],"12":[5,43],"13":[5,43],"14":[17,31],"15":[26,5]},"_coverageSchema":"1a1c01bbd47fc00a2c39e90264f33305004495a9","hash":"8aca44f1b74932d7e112e9450ab3e346ce191ee5"}
,"/Users/baris/Desktop/Dev/Therapy_New/app/(app)/daily_reflection.tsx": {"path":"/Users/baris/Desktop/Dev/Therapy_New/app/(app)/daily_reflection.tsx","statementMap":{"0":{"start":{"line":32,"column":30},"end":{"line":32,"column":50}},"1":{"start":{"line":33,"column":40},"end":{"line":33,"column":51}},"2":{"start":{"line":34,"column":16},"end":{"line":34,"column":32}},"3":{"start":{"line":36,"column":2},"end":{"line":42,"column":3}},"4":{"start":{"line":37,"column":4},"end":{"line":41,"column":6}},"5":{"start":{"line":44,"column":2},"end":{"line":68,"column":3}},"6":{"start":{"line":45,"column":4},"end":{"line":67,"column":6}},"7":{"start":{"line":60,"column":74},"end":{"line":60,"column":111}},"8":{"start":{"line":71,"column":21},"end":{"line":71,"column":48}},"9":{"start":{"line":72,"column":19},"end":{"line":72,"column":67}},"10":{"start":{"line":73,"column":17},"end":{"line":73,"column":45}},"11":{"start":{"line":76,"column":28},"end":{"line":80,"column":3}},"12":{"start":{"line":83,"column":26},"end":{"line":87,"column":3}},"13":{"start":{"line":90,"column":44},"end":{"line":90,"column":80}},"14":{"start":{"line":93,"column":29},"end":{"line":93,"column":46}},"15":{"start":{"line":95,"column":27},"end":{"line":95,"column":85}},"16":{"start":{"line":99,"column":21},"end":{"line":99,"column":23}},"17":{"start":{"line":103,"column":34},"end":{"line":103,"column":35}},"18":{"start":{"line":106,"column":21},"end":{"line":106,"column":63}},"19":{"start":{"line":110,"column":30},"end":{"line":110,"column":108}},"20":{"start":{"line":114,"column":24},"end":{"line":114,"column":77}},"21":{"start":{"line":117,"column":29},"end":{"line":117,"column":57}},"22":{"start":{"line":119,"column":34},"end":{"line":132,"column":3}},"23":{"start":{"line":121,"column":4},"end":{"line":123,"column":5}},"24":{"start":{"line":122,"column":6},"end":{"line":122,"column":13}},"25":{"start":{"line":126,"column":4},"end":{"line":126,"column":29}},"26":{"start":{"line":128,"column":4},"end":{"line":131,"column":7}},"27":{"start":{"line":134,"column":2},"end":{"line":238,"column":4}},"28":{"start":{"line":154,"column":33},"end":{"line":154,"column":79}},"29":{"start":{"line":186,"column":14},"end":{"line":186,"column":38}},"30":{"start":{"line":187,"column":14},"end":{"line":187,"column":45}},"31":{"start":{"line":205,"column":14},"end":{"line":205,"column":70}},"32":{"start":{"line":206,"column":14},"end":{"line":206,"column":37}},"33":{"start":{"line":219,"column":23},"end":{"line":219,"column":54}},"34":{"start":{"line":220,"column":24},"end":{"line":220,"column":55}}},"fnMap":{"0":{"name":"DailyReflectionScreen","decl":{"start":{"line":31,"column":24},"end":{"line":31,"column":45}},"loc":{"start":{"line":31,"column":48},"end":{"line":239,"column":1}},"line":31},"1":{"name":"(anonymous_1)","decl":{"start":{"line":60,"column":68},"end":{"line":60,"column":69}},"loc":{"start":{"line":60,"column":74},"end":{"line":60,"column":111}},"line":60},"2":{"name":"(anonymous_2)","decl":{"start":{"line":119,"column":34},"end":{"line":119,"column":35}},"loc":{"start":{"line":119,"column":40},"end":{"line":132,"column":3}},"line":119},"3":{"name":"(anonymous_3)","decl":{"start":{"line":154,"column":22},"end":{"line":154,"column":23}},"loc":{"start":{"line":154,"column":33},"end":{"line":154,"column":79}},"line":154},"4":{"name":"(anonymous_4)","decl":{"start":{"line":185,"column":21},"end":{"line":185,"column":22}},"loc":{"start":{"line":185,"column":27},"end":{"line":188,"column":13}},"line":185},"5":{"name":"(anonymous_5)","decl":{"start":{"line":204,"column":21},"end":{"line":204,"column":22}},"loc":{"start":{"line":204,"column":27},"end":{"line":207,"column":13}},"line":204},"6":{"name":"(anonymous_6)","decl":{"start":{"line":219,"column":17},"end":{"line":219,"column":18}},"loc":{"start":{"line":219,"column":23},"end":{"line":219,"column":54}},"line":219},"7":{"name":"(anonymous_7)","decl":{"start":{"line":220,"column":18},"end":{"line":220,"column":19}},"loc":{"start":{"line":220,"column":24},"end":{"line":220,"column":55}},"line":220}},"branchMap":{"0":{"loc":{"start":{"line":36,"column":2},"end":{"line":42,"column":3}},"type":"if","locations":[{"start":{"line":36,"column":2},"end":{"line":42,"column":3}},{"start":{},"end":{}}],"line":36},"1":{"loc":{"start":{"line":44,"column":2},"end":{"line":68,"column":3}},"type":"if","locations":[{"start":{"line":44,"column":2},"end":{"line":68,"column":3}},{"start":{},"end":{}}],"line":44},"2":{"loc":{"start":{"line":110,"column":30},"end":{"line":110,"column":108}},"type":"cond-expr","locations":[{"start":{"line":110,"column":48},"end":{"line":110,"column":104}},{"start":{"line":110,"column":107},"end":{"line":110,"column":108}}],"line":110},"3":{"loc":{"start":{"line":121,"column":4},"end":{"line":123,"column":5}},"type":"if","locations":[{"start":{"line":121,"column":4},"end":{"line":123,"column":5}},{"start":{},"end":{}}],"line":121},"4":{"loc":{"start":{"line":193,"column":65},"end":{"line":193,"column":98}},"type":"binary-expr","locations":[{"start":{"line":193,"column":65},"end":{"line":193,"column":75}},{"start":{"line":193,"column":79},"end":{"line":193,"column":98}}],"line":193},"5":{"loc":{"start":{"line":194,"column":17},"end":{"line":194,"column":71}},"type":"binary-expr","locations":[{"start":{"line":194,"column":17},"end":{"line":194,"column":27}},{"start":{"line":194,"column":31},"end":{"line":194,"column":71}}],"line":194},"6":{"loc":{"start":{"line":202,"column":22},"end":{"line":202,"column":49}},"type":"binary-expr","locations":[{"start":{"line":202,"column":22},"end":{"line":202,"column":33}},{"start":{"line":202,"column":37},"end":{"line":202,"column":49}}],"line":202},"7":{"loc":{"start":{"line":209,"column":121},"end":{"line":209,"column":170}},"type":"binary-expr","locations":[{"start":{"line":209,"column":122},"end":{"line":209,"column":133}},{"start":{"line":209,"column":137},"end":{"line":209,"column":149}},{"start":{"line":209,"column":154},"end":{"line":209,"column":170}}],"line":209},"8":{"loc":{"start":{"line":211,"column":45},"end":{"line":211,"column":129}},"type":"cond-expr","locations":[{"start":{"line":211,"column":60},"end":{"line":211,"column":93}},{"start":{"line":211,"column":96},"end":{"line":211,"column":129}}],"line":211},"9":{"loc":{"start":{"line":230,"column":19},"end":{"line":230,"column":40}},"type":"binary-expr","locations":[{"start":{"line":230,"column":19},"end":{"line":230,"column":34}},{"start":{"line":230,"column":38},"end":{"line":230,"column":40}}],"line":230}},"s":{"0":21,"1":21,"2":21,"3":21,"4":1,"5":20,"6":2,"7":1,"8":18,"9":18,"10":18,"11":18,"12":18,"13":18,"14":18,"15":18,"16":18,"17":18,"18":18,"19":18,"20":18,"21":18,"22":18,"23":2,"24":1,"25":1,"26":1,"27":18,"28":1,"29":1,"30":1,"31":1,"32":1,"33":1,"34":1},"f":{"0":21,"1":1,"2":2,"3":1,"4":1,"5":1,"6":1,"7":1},"b":{"0":[1,20],"1":[2,18],"2":[1,17],"3":[1,1],"4":[18,15],"5":[18,3],"6":[18,15],"7":[18,15,4],"8":[1,17],"9":[18,0]},"_coverageSchema":"1a1c01bbd47fc00a2c39e90264f33305004495a9","hash":"9c1b7a736590a9e877298e421028ee61b66340fa"}
,"/Users/baris/Desktop/Dev/Therapy_New/app/(app)/diary.tsx": {"path":"/Users/baris/Desktop/Dev/Therapy_New/app/(app)/diary.tsx","statementMap":{"0":{"start":{"line":13,"column":20},"end":{"line":13,"column":37}},"1":{"start":{"line":15,"column":2},"end":{"line":17,"column":3}},"2":{"start":{"line":16,"column":4},"end":{"line":16,"column":25}},"3":{"start":{"line":19,"column":2},"end":{"line":21,"column":3}},"4":{"start":{"line":20,"column":4},"end":{"line":20,"column":27}},"5":{"start":{"line":23,"column":2},"end":{"line":23,"column":23}},"6":{"start":{"line":27,"column":23},"end":{"line":29,"column":3}},"7":{"start":{"line":28,"column":4},"end":{"line":28,"column":64}},"8":{"start":{"line":31,"column":2},"end":{"line":44,"column":4}},"9":{"start":{"line":47,"column":15},"end":{"line":52,"column":2}}},"fnMap":{"0":{"name":"DiaryFlowController","decl":{"start":{"line":12,"column":9},"end":{"line":12,"column":28}},"loc":{"start":{"line":12,"column":31},"end":{"line":24,"column":1}},"line":12},"1":{"name":"DiaryScreen","decl":{"start":{"line":26,"column":24},"end":{"line":26,"column":35}},"loc":{"start":{"line":26,"column":38},"end":{"line":45,"column":1}},"line":26},"2":{"name":"(anonymous_2)","decl":{"start":{"line":27,"column":23},"end":{"line":27,"column":24}},"loc":{"start":{"line":27,"column":61},"end":{"line":29,"column":3}},"line":27}},"branchMap":{"0":{"loc":{"start":{"line":15,"column":2},"end":{"line":17,"column":3}},"type":"if","locations":[{"start":{"line":15,"column":2},"end":{"line":17,"column":3}},{"start":{},"end":{}}],"line":15},"1":{"loc":{"start":{"line":19,"column":2},"end":{"line":21,"column":3}},"type":"if","locations":[{"start":{"line":19,"column":2},"end":{"line":21,"column":3}},{"start":{},"end":{}}],"line":19}},"s":{"0":14,"1":14,"2":2,"3":12,"4":2,"5":10,"6":14,"7":0,"8":14,"9":1},"f":{"0":14,"1":14,"2":0},"b":{"0":[2,12],"1":[2,10]},"_coverageSchema":"1a1c01bbd47fc00a2c39e90264f33305004495a9","hash":"28cae0c3fcd51c282ad9b8b3febc1b8b98f879b8"}
,"/Users/baris/Desktop/Dev/Therapy_New/app/(app)/how_it_works.tsx": {"path":"/Users/baris/Desktop/Dev/Therapy_New/app/(app)/how_it_works.tsx","statementMap":{"0":{"start":{"line":22,"column":17},"end":{"line":22,"column":28}},"1":{"start":{"line":23,"column":16},"end":{"line":23,"column":32}},"2":{"start":{"line":26,"column":29},"end":{"line":32,"column":9}},"3":{"start":{"line":27,"column":4},"end":{"line":31,"column":7}},"4":{"start":{"line":27,"column":25},"end":{"line":31,"column":5}},"5":{"start":{"line":34,"column":26},"end":{"line":40,"column":9}},"6":{"start":{"line":35,"column":4},"end":{"line":39,"column":7}},"7":{"start":{"line":35,"column":22},"end":{"line":39,"column":5}},"8":{"start":{"line":42,"column":2},"end":{"line":97,"column":4}},"9":{"start":{"line":51,"column":43},"end":{"line":51,"column":56}},"10":{"start":{"line":59,"column":34},"end":{"line":59,"column":41}},"11":{"start":{"line":82,"column":36},"end":{"line":82,"column":66}},"12":{"start":{"line":88,"column":18},"end":{"line":88,"column":60}},"13":{"start":{"line":100,"column":15},"end":{"line":176,"column":2}}},"fnMap":{"0":{"name":"HowItWorksScreen","decl":{"start":{"line":21,"column":24},"end":{"line":21,"column":40}},"loc":{"start":{"line":21,"column":43},"end":{"line":98,"column":1}},"line":21},"1":{"name":"(anonymous_1)","decl":{"start":{"line":26,"column":37},"end":{"line":26,"column":38}},"loc":{"start":{"line":27,"column":4},"end":{"line":31,"column":7}},"line":27},"2":{"name":"(anonymous_2)","decl":{"start":{"line":27,"column":17},"end":{"line":27,"column":18}},"loc":{"start":{"line":27,"column":25},"end":{"line":31,"column":5}},"line":27},"3":{"name":"(anonymous_3)","decl":{"start":{"line":34,"column":34},"end":{"line":34,"column":35}},"loc":{"start":{"line":35,"column":4},"end":{"line":39,"column":7}},"line":35},"4":{"name":"(anonymous_4)","decl":{"start":{"line":35,"column":14},"end":{"line":35,"column":15}},"loc":{"start":{"line":35,"column":22},"end":{"line":39,"column":5}},"line":35},"5":{"name":"(anonymous_5)","decl":{"start":{"line":51,"column":37},"end":{"line":51,"column":38}},"loc":{"start":{"line":51,"column":43},"end":{"line":51,"column":56}},"line":51},"6":{"name":"(anonymous_6)","decl":{"start":{"line":59,"column":24},"end":{"line":59,"column":25}},"loc":{"start":{"line":59,"column":34},"end":{"line":59,"column":41}},"line":59},"7":{"name":"(anonymous_7)","decl":{"start":{"line":82,"column":22},"end":{"line":82,"column":23}},"loc":{"start":{"line":82,"column":36},"end":{"line":82,"column":66}},"line":82},"8":{"name":"(anonymous_8)","decl":{"start":{"line":87,"column":37},"end":{"line":87,"column":38}},"loc":{"start":{"line":88,"column":18},"end":{"line":88,"column":60}},"line":88}},"branchMap":{},"s":{"0":24,"1":24,"2":24,"3":24,"4":144,"5":24,"6":24,"7":96,"8":24,"9":1,"10":168,"11":144,"12":96,"13":1},"f":{"0":24,"1":24,"2":144,"3":24,"4":96,"5":1,"6":168,"7":144,"8":96},"b":{},"_coverageSchema":"1a1c01bbd47fc00a2c39e90264f33305004495a9","hash":"49e46b596e75341c33182e99107bbd0f242bb85b"}
,"/Users/baris/Desktop/Dev/Therapy_New/app/(app)/index.tsx": {"path":"/Users/baris/Desktop/Dev/Therapy_New/app/(app)/index.tsx","statementMap":{"0":{"start":{"line":21,"column":58},"end":{"line":21,"column":67}},"1":{"start":{"line":23,"column":33},"end":{"line":27,"column":4}},"2":{"start":{"line":40,"column":6},"end":{"line":40,"column":21}},"3":{"start":{"line":42,"column":2},"end":{"line":48,"column":3}},"4":{"start":{"line":43,"column":4},"end":{"line":47,"column":6}},"5":{"start":{"line":50,"column":2},"end":{"line":52,"column":3}},"6":{"start":{"line":51,"column":4},"end":{"line":51,"column":37}},"7":{"start":{"line":54,"column":2},"end":{"line":114,"column":4}},"8":{"start":{"line":106,"column":14},"end":{"line":106,"column":33}},"9":{"start":{"line":107,"column":14},"end":{"line":107,"column":39}},"10":{"start":{"line":117,"column":15},"end":{"line":139,"column":2}}},"fnMap":{"0":{"name":"HomeScreen","decl":{"start":{"line":20,"column":24},"end":{"line":20,"column":34}},"loc":{"start":{"line":20,"column":37},"end":{"line":115,"column":1}},"line":20},"1":{"name":"(anonymous_1)","decl":{"start":{"line":98,"column":26},"end":{"line":98,"column":27}},"loc":{"start":{"line":98,"column":32},"end":{"line":98,"column":34}},"line":98},"2":{"name":"(anonymous_2)","decl":{"start":{"line":105,"column":21},"end":{"line":105,"column":22}},"loc":{"start":{"line":105,"column":27},"end":{"line":108,"column":13}},"line":105}},"branchMap":{"0":{"loc":{"start":{"line":42,"column":2},"end":{"line":48,"column":3}},"type":"if","locations":[{"start":{"line":42,"column":2},"end":{"line":48,"column":3}},{"start":{},"end":{}}],"line":42},"1":{"loc":{"start":{"line":42,"column":6},"end":{"line":42,"column":37}},"type":"binary-expr","locations":[{"start":{"line":42,"column":6},"end":{"line":42,"column":19}},{"start":{"line":42,"column":23},"end":{"line":42,"column":37}}],"line":42},"2":{"loc":{"start":{"line":50,"column":2},"end":{"line":52,"column":3}},"type":"if","locations":[{"start":{"line":50,"column":2},"end":{"line":52,"column":3}},{"start":{},"end":{}}],"line":50},"3":{"loc":{"start":{"line":83,"column":9},"end":{"line":89,"column":9}},"type":"binary-expr","locations":[{"start":{"line":83,"column":9},"end":{"line":83,"column":20}},{"start":{"line":84,"column":10},"end":{"line":88,"column":12}}],"line":83},"4":{"loc":{"start":{"line":102,"column":9},"end":{"line":111,"column":9}},"type":"binary-expr","locations":[{"start":{"line":102,"column":9},"end":{"line":102,"column":21}},{"start":{"line":103,"column":10},"end":{"line":110,"column":12}}],"line":102}},"s":{"0":20,"1":20,"2":20,"3":20,"4":2,"5":18,"6":1,"7":17,"8":0,"9":0,"10":1},"f":{"0":20,"1":0,"2":0},"b":{"0":[2,18],"1":[20,19],"2":[1,17],"3":[17,5],"4":[17,0]},"_coverageSchema":"1a1c01bbd47fc00a2c39e90264f33305004495a9","hash":"d8be867b60263b71b8f0de0cafc4df98376feaa7"}
,"/Users/baris/Desktop/Dev/Therapy_New/app/(app)/settings.tsx": {"path":"/Users/baris/Desktop/Dev/Therapy_New/app/(app)/settings.tsx","statementMap":{"0":{"start":{"line":23,"column":25},"end":{"line":57,"column":1}},"1":{"start":{"line":24,"column":24},"end":{"line":24,"column":40}},"2":{"start":{"line":25,"column":28},"end":{"line":25,"column":41}},"3":{"start":{"line":27,"column":22},"end":{"line":31,"column":5}},"4":{"start":{"line":33,"column":4},"end":{"line":56,"column":6}},"5":{"start":{"line":38,"column":20},"end":{"line":52,"column":32}},"6":{"start":{"line":44,"column":39},"end":{"line":44,"column":69}},"7":{"start":{"line":62,"column":19},"end":{"line":62,"column":30}},"8":{"start":{"line":63,"column":18},"end":{"line":63,"column":34}},"9":{"start":{"line":66,"column":21},"end":{"line":66,"column":30}},"10":{"start":{"line":67,"column":60},"end":{"line":67,"column":73}},"11":{"start":{"line":69,"column":4},"end":{"line":174,"column":6}},"12":{"start":{"line":81,"column":39},"end":{"line":81,"column":52}},"13":{"start":{"line":98,"column":43},"end":{"line":98,"column":77}},"14":{"start":{"line":103,"column":43},"end":{"line":103,"column":78}},"15":{"start":{"line":133,"column":41},"end":{"line":136,"column":37}},"16":{"start":{"line":152,"column":33},"end":{"line":155,"column":29}},"17":{"start":{"line":178,"column":15},"end":{"line":302,"column":2}}},"fnMap":{"0":{"name":"(anonymous_0)","decl":{"start":{"line":23,"column":25},"end":{"line":23,"column":26}},"loc":{"start":{"line":23,"column":31},"end":{"line":57,"column":1}},"line":23},"1":{"name":"(anonymous_1)","decl":{"start":{"line":37,"column":31},"end":{"line":37,"column":32}},"loc":{"start":{"line":38,"column":20},"end":{"line":52,"column":32}},"line":38},"2":{"name":"(anonymous_2)","decl":{"start":{"line":44,"column":33},"end":{"line":44,"column":34}},"loc":{"start":{"line":44,"column":39},"end":{"line":44,"column":69}},"line":44},"3":{"name":"SettingsScreen","decl":{"start":{"line":61,"column":24},"end":{"line":61,"column":38}},"loc":{"start":{"line":61,"column":41},"end":{"line":175,"column":1}},"line":61},"4":{"name":"(anonymous_4)","decl":{"start":{"line":81,"column":33},"end":{"line":81,"column":34}},"loc":{"start":{"line":81,"column":39},"end":{"line":81,"column":52}},"line":81},"5":{"name":"(anonymous_5)","decl":{"start":{"line":98,"column":37},"end":{"line":98,"column":38}},"loc":{"start":{"line":98,"column":43},"end":{"line":98,"column":77}},"line":98},"6":{"name":"(anonymous_6)","decl":{"start":{"line":103,"column":37},"end":{"line":103,"column":38}},"loc":{"start":{"line":103,"column":43},"end":{"line":103,"column":78}},"line":103},"7":{"name":"(anonymous_7)","decl":{"start":{"line":131,"column":43},"end":{"line":131,"column":44}},"loc":{"start":{"line":133,"column":41},"end":{"line":136,"column":37}},"line":133},"8":{"name":"(anonymous_8)","decl":{"start":{"line":150,"column":35},"end":{"line":150,"column":36}},"loc":{"start":{"line":152,"column":33},"end":{"line":155,"column":29}},"line":152}},"branchMap":{"0":{"loc":{"start":{"line":42,"column":28},"end":{"line":42,"column":84}},"type":"binary-expr","locations":[{"start":{"line":42,"column":28},"end":{"line":42,"column":57}},{"start":{"line":42,"column":61},"end":{"line":42,"column":84}}],"line":42},"1":{"loc":{"start":{"line":48,"column":28},"end":{"line":48,"column":88}},"type":"binary-expr","locations":[{"start":{"line":48,"column":28},"end":{"line":48,"column":57}},{"start":{"line":48,"column":61},"end":{"line":48,"column":88}}],"line":48},"2":{"loc":{"start":{"line":90,"column":21},"end":{"line":92,"column":21}},"type":"binary-expr","locations":[{"start":{"line":90,"column":21},"end":{"line":90,"column":32}},{"start":{"line":91,"column":24},"end":{"line":91,"column":74}}],"line":90},"3":{"loc":{"start":{"line":122,"column":25},"end":{"line":147,"column":29}},"type":"cond-expr","locations":[{"start":{"line":124,"column":32},"end":{"line":126,"column":39}},{"start":{"line":129,"column":32},"end":{"line":146,"column":44}}],"line":122},"4":{"loc":{"start":{"line":135,"column":40},"end":{"line":135,"column":69}},"type":"binary-expr","locations":[{"start":{"line":135,"column":40},"end":{"line":135,"column":47}},{"start":{"line":135,"column":51},"end":{"line":135,"column":69}}],"line":135},"5":{"loc":{"start":{"line":154,"column":32},"end":{"line":154,"column":61}},"type":"binary-expr","locations":[{"start":{"line":154,"column":32},"end":{"line":154,"column":39}},{"start":{"line":154,"column":43},"end":{"line":154,"column":61}}],"line":154}},"s":{"0":1,"1":25,"2":25,"3":25,"4":25,"5":75,"6":0,"7":25,"8":25,"9":25,"10":25,"11":25,"12":1,"13":0,"14":0,"15":24,"16":25,"17":1},"f":{"0":25,"1":75,"2":0,"3":25,"4":1,"5":0,"6":0,"7":24,"8":25},"b":{"0":[75,25],"1":[75,25],"2":[25,24],"3":[1,24],"4":[24,0],"5":[25,0]},"_coverageSchema":"1a1c01bbd47fc00a2c39e90264f33305004495a9","hash":"cdc1c35d9fcc9cafbd775d94dbb6fd5b808a1a21"}
,"/Users/baris/Desktop/Dev/Therapy_New/app/(app)/transcripts.tsx": {"path":"/Users/baris/Desktop/Dev/Therapy_New/app/(app)/transcripts.tsx","statementMap":{"0":{"start":{"line":26,"column":0},"end":{"line":28,"column":1}},"1":{"start":{"line":27,"column":2},"end":{"line":27,"column":56}},"2":{"start":{"line":31,"column":14},"end":{"line":61,"column":1}},"3":{"start":{"line":68,"column":71},"end":{"line":78,"column":1}},"4":{"start":{"line":69,"column":2},"end":{"line":77,"column":9}},"5":{"start":{"line":80,"column":133},"end":{"line":93,"column":1}},"6":{"start":{"line":81,"column":2},"end":{"line":92,"column":14}},"7":{"start":{"line":81,"column":55},"end":{"line":81,"column":125}},"8":{"start":{"line":103,"column":5},"end":{"line":134,"column":1}},"9":{"start":{"line":104,"column":18},"end":{"line":104,"column":34}},"10":{"start":{"line":105,"column":4},"end":{"line":133,"column":6}},"11":{"start":{"line":106,"column":61},"end":{"line":106,"column":127}},"12":{"start":{"line":122,"column":24},"end":{"line":125,"column":31}},"13":{"start":{"line":137,"column":142},"end":{"line":199,"column":1}},"14":{"start":{"line":138,"column":22},"end":{"line":138,"column":38}},"15":{"start":{"line":139,"column":42},"end":{"line":139,"column":77}},"16":{"start":{"line":140,"column":54},"end":{"line":140,"column":109}},"17":{"start":{"line":141,"column":2},"end":{"line":152,"column":32}},"18":{"start":{"line":142,"column":20},"end":{"line":142,"column":24}},"19":{"start":{"line":143,"column":4},"end":{"line":150,"column":9}},"20":{"start":{"line":144,"column":6},"end":{"line":149,"column":7}},"21":{"start":{"line":145,"column":18},"end":{"line":145,"column":74}},"22":{"start":{"line":146,"column":8},"end":{"line":146,"column":50}},"23":{"start":{"line":146,"column":23},"end":{"line":146,"column":50}},"24":{"start":{"line":148,"column":8},"end":{"line":148,"column":45}},"25":{"start":{"line":148,"column":23},"end":{"line":148,"column":45}},"26":{"start":{"line":151,"column":4},"end":{"line":151,"column":40}},"27":{"start":{"line":151,"column":19},"end":{"line":151,"column":37}},"28":{"start":{"line":153,"column":15},"end":{"line":153,"column":40}},"29":{"start":{"line":154,"column":44},"end":{"line":154,"column":85}},"30":{"start":{"line":155,"column":24},"end":{"line":155,"column":136}},"31":{"start":{"line":156,"column":27},"end":{"line":158,"column":8}},"32":{"start":{"line":157,"column":59},"end":{"line":157,"column":79}},"33":{"start":{"line":159,"column":22},"end":{"line":159,"column":99}},"34":{"start":{"line":160,"column":22},"end":{"line":160,"column":124}},"35":{"start":{"line":161,"column":18},"end":{"line":161,"column":55}},"36":{"start":{"line":162,"column":25},"end":{"line":162,"column":89}},"37":{"start":{"line":163,"column":28},"end":{"line":166,"column":27}},"38":{"start":{"line":167,"column":23},"end":{"line":169,"column":23}},"39":{"start":{"line":173,"column":2},"end":{"line":198,"column":4}},"40":{"start":{"line":174,"column":77},"end":{"line":174,"column":145}},"41":{"start":{"line":187,"column":66},"end":{"line":187,"column":135}},"42":{"start":{"line":192,"column":43},"end":{"line":192,"column":66}},"43":{"start":{"line":192,"column":67},"end":{"line":192,"column":94}},"44":{"start":{"line":192,"column":122},"end":{"line":192,"column":273}},"45":{"start":{"line":202,"column":80},"end":{"line":209,"column":1}},"46":{"start":{"line":203,"column":15},"end":{"line":203,"column":38}},"47":{"start":{"line":204,"column":2},"end":{"line":208,"column":4}},"48":{"start":{"line":214,"column":59},"end":{"line":293,"column":1}},"49":{"start":{"line":215,"column":18},"end":{"line":215,"column":34}},"50":{"start":{"line":217,"column":27},"end":{"line":217,"column":71}},"51":{"start":{"line":218,"column":28},"end":{"line":218,"column":71}},"52":{"start":{"line":219,"column":23},"end":{"line":219,"column":66}},"53":{"start":{"line":222,"column":4},"end":{"line":247,"column":54}},"54":{"start":{"line":223,"column":8},"end":{"line":223,"column":36}},"55":{"start":{"line":224,"column":8},"end":{"line":224,"column":36}},"56":{"start":{"line":225,"column":8},"end":{"line":225,"column":31}},"57":{"start":{"line":227,"column":8},"end":{"line":246,"column":19}},"58":{"start":{"line":250,"column":20},"end":{"line":255,"column":5}},"59":{"start":{"line":256,"column":20},"end":{"line":261,"column":5}},"60":{"start":{"line":263,"column":4},"end":{"line":292,"column":6}},"61":{"start":{"line":278,"column":76},"end":{"line":278,"column":151}},"62":{"start":{"line":297,"column":29},"end":{"line":297,"column":45}},"63":{"start":{"line":298,"column":66},"end":{"line":298,"column":71}},"64":{"start":{"line":299,"column":128},"end":{"line":299,"column":135}},"65":{"start":{"line":300,"column":16},"end":{"line":300,"column":32}},"66":{"start":{"line":302,"column":60},"end":{"line":302,"column":81}},"67":{"start":{"line":303,"column":46},"end":{"line":303,"column":64}},"68":{"start":{"line":304,"column":24},"end":{"line":317,"column":3}},"69":{"start":{"line":306,"column":4},"end":{"line":315,"column":5}},"70":{"start":{"line":307,"column":6},"end":{"line":312,"column":7}},"71":{"start":{"line":308,"column":22},"end":{"line":308,"column":73}},"72":{"start":{"line":309,"column":8},"end":{"line":309,"column":59}},"73":{"start":{"line":311,"column":8},"end":{"line":311,"column":50}},"74":{"start":{"line":314,"column":6},"end":{"line":314,"column":48}},"75":{"start":{"line":316,"column":4},"end":{"line":316,"column":35}},"76":{"start":{"line":319,"column":24},"end":{"line":412,"column":3}},"77":{"start":{"line":320,"column":4},"end":{"line":320,"column":129}},"78":{"start":{"line":320,"column":21},"end":{"line":320,"column":127}},"79":{"start":{"line":322,"column":30},"end":{"line":322,"column":84}},"80":{"start":{"line":322,"column":52},"end":{"line":322,"column":76}},"81":{"start":{"line":323,"column":31},"end":{"line":323,"column":87}},"82":{"start":{"line":323,"column":53},"end":{"line":323,"column":79}},"83":{"start":{"line":325,"column":4},"end":{"line":411,"column":5}},"84":{"start":{"line":327,"column":8},"end":{"line":362,"column":10}},"85":{"start":{"line":341,"column":37},"end":{"line":341,"column":76}},"86":{"start":{"line":349,"column":37},"end":{"line":349,"column":77}},"87":{"start":{"line":364,"column":34},"end":{"line":364,"column":72}},"88":{"start":{"line":365,"column":21},"end":{"line":365,"column":121}},"89":{"start":{"line":365,"column":43},"end":{"line":365,"column":120}},"90":{"start":{"line":366,"column":31},"end":{"line":368,"column":40}},"91":{"start":{"line":367,"column":26},"end":{"line":367,"column":91}},"92":{"start":{"line":368,"column":22},"end":{"line":368,"column":39}},"93":{"start":{"line":369,"column":41},"end":{"line":376,"column":9}},"94":{"start":{"line":370,"column":10},"end":{"line":370,"column":38}},"95":{"start":{"line":370,"column":26},"end":{"line":370,"column":38}},"96":{"start":{"line":371,"column":20},"end":{"line":371,"column":49}},"97":{"start":{"line":372,"column":29},"end":{"line":374,"column":95}},"98":{"start":{"line":373,"column":26},"end":{"line":373,"column":94}},"99":{"start":{"line":374,"column":27},"end":{"line":374,"column":94}},"100":{"start":{"line":375,"column":10},"end":{"line":375,"column":65}},"101":{"start":{"line":377,"column":30},"end":{"line":381,"column":9}},"102":{"start":{"line":382,"column":22},"end":{"line":382,"column":103}},"103":{"start":{"line":383,"column":8},"end":{"line":408,"column":10}},"104":{"start":{"line":391,"column":36},"end":{"line":391,"column":109}},"105":{"start":{"line":392,"column":34},"end":{"line":394,"column":31}},"106":{"start":{"line":393,"column":28},"end":{"line":393,"column":132}},"107":{"start":{"line":395,"column":18},"end":{"line":403,"column":20}},"108":{"start":{"line":400,"column":38},"end":{"line":400,"column":65}},"109":{"start":{"line":401,"column":44},"end":{"line":401,"column":88}},"110":{"start":{"line":413,"column":2},"end":{"line":421,"column":22}},"111":{"start":{"line":416,"column":19},"end":{"line":416,"column":50}},"112":{"start":{"line":425,"column":15},"end":{"line":678,"column":2}}},"fnMap":{"0":{"name":"(anonymous_0)","decl":{"start":{"line":68,"column":71},"end":{"line":68,"column":72}},"loc":{"start":{"line":69,"column":2},"end":{"line":77,"column":9}},"line":69},"1":{"name":"(anonymous_1)","decl":{"start":{"line":80,"column":133},"end":{"line":80,"column":134}},"loc":{"start":{"line":81,"column":2},"end":{"line":92,"column":14}},"line":81},"2":{"name":"(anonymous_2)","decl":{"start":{"line":81,"column":38},"end":{"line":81,"column":39}},"loc":{"start":{"line":81,"column":55},"end":{"line":81,"column":125}},"line":81},"3":{"name":"(anonymous_3)","decl":{"start":{"line":103,"column":5},"end":{"line":103,"column":6}},"loc":{"start":{"line":103,"column":65},"end":{"line":134,"column":1}},"line":103},"4":{"name":"(anonymous_4)","decl":{"start":{"line":106,"column":44},"end":{"line":106,"column":45}},"loc":{"start":{"line":106,"column":61},"end":{"line":106,"column":127}},"line":106},"5":{"name":"(anonymous_5)","decl":{"start":{"line":121,"column":36},"end":{"line":121,"column":37}},"loc":{"start":{"line":122,"column":24},"end":{"line":125,"column":31}},"line":122},"6":{"name":"(anonymous_6)","decl":{"start":{"line":137,"column":142},"end":{"line":137,"column":143}},"loc":{"start":{"line":137,"column":191},"end":{"line":199,"column":1}},"line":137},"7":{"name":"(anonymous_7)","decl":{"start":{"line":141,"column":18},"end":{"line":141,"column":19}},"loc":{"start":{"line":141,"column":24},"end":{"line":152,"column":3}},"line":141},"8":{"name":"(anonymous_8)","decl":{"start":{"line":143,"column":5},"end":{"line":143,"column":6}},"loc":{"start":{"line":143,"column":17},"end":{"line":150,"column":5}},"line":143},"9":{"name":"(anonymous_9)","decl":{"start":{"line":151,"column":11},"end":{"line":151,"column":12}},"loc":{"start":{"line":151,"column":17},"end":{"line":151,"column":39}},"line":151},"10":{"name":"(anonymous_10)","decl":{"start":{"line":157,"column":32},"end":{"line":157,"column":33}},"loc":{"start":{"line":157,"column":59},"end":{"line":157,"column":79}},"line":157},"11":{"name":"(anonymous_11)","decl":{"start":{"line":174,"column":60},"end":{"line":174,"column":61}},"loc":{"start":{"line":174,"column":77},"end":{"line":174,"column":145}},"line":174},"12":{"name":"(anonymous_12)","decl":{"start":{"line":187,"column":49},"end":{"line":187,"column":50}},"loc":{"start":{"line":187,"column":66},"end":{"line":187,"column":135}},"line":187},"13":{"name":"(anonymous_13)","decl":{"start":{"line":192,"column":34},"end":{"line":192,"column":35}},"loc":{"start":{"line":192,"column":41},"end":{"line":192,"column":96}},"line":192},"14":{"name":"(anonymous_14)","decl":{"start":{"line":192,"column":105},"end":{"line":192,"column":106}},"loc":{"start":{"line":192,"column":122},"end":{"line":192,"column":273}},"line":192},"15":{"name":"(anonymous_15)","decl":{"start":{"line":202,"column":80},"end":{"line":202,"column":81}},"loc":{"start":{"line":202,"column":97},"end":{"line":209,"column":1}},"line":202},"16":{"name":"(anonymous_16)","decl":{"start":{"line":214,"column":59},"end":{"line":214,"column":60}},"loc":{"start":{"line":214,"column":79},"end":{"line":293,"column":1}},"line":214},"17":{"name":"(anonymous_17)","decl":{"start":{"line":222,"column":20},"end":{"line":222,"column":21}},"loc":{"start":{"line":222,"column":26},"end":{"line":247,"column":5}},"line":222},"18":{"name":"(anonymous_18)","decl":{"start":{"line":278,"column":59},"end":{"line":278,"column":60}},"loc":{"start":{"line":278,"column":76},"end":{"line":278,"column":151}},"line":278},"19":{"name":"PremiumHistoryScreen","decl":{"start":{"line":296,"column":24},"end":{"line":296,"column":44}},"loc":{"start":{"line":296,"column":47},"end":{"line":422,"column":1}},"line":296},"20":{"name":"(anonymous_20)","decl":{"start":{"line":304,"column":24},"end":{"line":304,"column":25}},"loc":{"start":{"line":304,"column":98},"end":{"line":317,"column":3}},"line":304},"21":{"name":"(anonymous_21)","decl":{"start":{"line":319,"column":24},"end":{"line":319,"column":25}},"loc":{"start":{"line":319,"column":30},"end":{"line":412,"column":3}},"line":319},"22":{"name":"(anonymous_22)","decl":{"start":{"line":322,"column":47},"end":{"line":322,"column":48}},"loc":{"start":{"line":322,"column":52},"end":{"line":322,"column":76}},"line":322},"23":{"name":"(anonymous_23)","decl":{"start":{"line":323,"column":48},"end":{"line":323,"column":49}},"loc":{"start":{"line":323,"column":53},"end":{"line":323,"column":79}},"line":323},"24":{"name":"(anonymous_24)","decl":{"start":{"line":341,"column":31},"end":{"line":341,"column":32}},"loc":{"start":{"line":341,"column":37},"end":{"line":341,"column":76}},"line":341},"25":{"name":"(anonymous_25)","decl":{"start":{"line":349,"column":31},"end":{"line":349,"column":32}},"loc":{"start":{"line":349,"column":37},"end":{"line":349,"column":77}},"line":349},"26":{"name":"(anonymous_26)","decl":{"start":{"line":365,"column":38},"end":{"line":365,"column":39}},"loc":{"start":{"line":365,"column":43},"end":{"line":365,"column":120}},"line":365},"27":{"name":"(anonymous_27)","decl":{"start":{"line":367,"column":16},"end":{"line":367,"column":17}},"loc":{"start":{"line":367,"column":26},"end":{"line":367,"column":91}},"line":367},"28":{"name":"(anonymous_28)","decl":{"start":{"line":368,"column":15},"end":{"line":368,"column":16}},"loc":{"start":{"line":368,"column":22},"end":{"line":368,"column":39}},"line":368},"29":{"name":"(anonymous_29)","decl":{"start":{"line":369,"column":41},"end":{"line":369,"column":42}},"loc":{"start":{"line":369,"column":65},"end":{"line":376,"column":9}},"line":369},"30":{"name":"(anonymous_30)","decl":{"start":{"line":373,"column":20},"end":{"line":373,"column":21}},"loc":{"start":{"line":373,"column":26},"end":{"line":373,"column":94}},"line":373},"31":{"name":"(anonymous_31)","decl":{"start":{"line":374,"column":18},"end":{"line":374,"column":19}},"loc":{"start":{"line":374,"column":27},"end":{"line":374,"column":94}},"line":374},"32":{"name":"(anonymous_32)","decl":{"start":{"line":390,"column":36},"end":{"line":390,"column":37}},"loc":{"start":{"line":390,"column":45},"end":{"line":404,"column":17}},"line":390},"33":{"name":"(anonymous_33)","decl":{"start":{"line":393,"column":22},"end":{"line":393,"column":23}},"loc":{"start":{"line":393,"column":28},"end":{"line":393,"column":132}},"line":393},"34":{"name":"(anonymous_34)","decl":{"start":{"line":400,"column":32},"end":{"line":400,"column":33}},"loc":{"start":{"line":400,"column":38},"end":{"line":400,"column":65}},"line":400},"35":{"name":"(anonymous_35)","decl":{"start":{"line":401,"column":37},"end":{"line":401,"column":38}},"loc":{"start":{"line":401,"column":44},"end":{"line":401,"column":88}},"line":401},"36":{"name":"(anonymous_36)","decl":{"start":{"line":416,"column":13},"end":{"line":416,"column":14}},"loc":{"start":{"line":416,"column":19},"end":{"line":416,"column":50}},"line":416}},"branchMap":{"0":{"loc":{"start":{"line":26,"column":0},"end":{"line":28,"column":1}},"type":"if","locations":[{"start":{"line":26,"column":0},"end":{"line":28,"column":1}},{"start":{},"end":{}}],"line":26},"1":{"loc":{"start":{"line":26,"column":4},"end":{"line":26,"column":80}},"type":"binary-expr","locations":[{"start":{"line":26,"column":4},"end":{"line":26,"column":29}},{"start":{"line":26,"column":33},"end":{"line":26,"column":80}}],"line":26},"2":{"loc":{"start":{"line":70,"column":5},"end":{"line":74,"column":44}},"type":"cond-expr","locations":[{"start":{"line":71,"column":6},"end":{"line":73,"column":25}},{"start":{"line":74,"column":8},"end":{"line":74,"column":44}}],"line":70},"3":{"loc":{"start":{"line":81,"column":101},"end":{"line":81,"column":119}},"type":"cond-expr","locations":[{"start":{"line":81,"column":111},"end":{"line":81,"column":115}},{"start":{"line":81,"column":118},"end":{"line":81,"column":119}}],"line":81},"4":{"loc":{"start":{"line":106,"column":102},"end":{"line":106,"column":121}},"type":"cond-expr","locations":[{"start":{"line":106,"column":112},"end":{"line":106,"column":117}},{"start":{"line":106,"column":120},"end":{"line":106,"column":121}}],"line":106},"5":{"loc":{"start":{"line":117,"column":56},"end":{"line":117,"column":136}},"type":"cond-expr","locations":[{"start":{"line":117,"column":68},"end":{"line":117,"column":106}},{"start":{"line":117,"column":109},"end":{"line":117,"column":136}}],"line":117},"6":{"loc":{"start":{"line":146,"column":8},"end":{"line":146,"column":50}},"type":"if","locations":[{"start":{"line":146,"column":8},"end":{"line":146,"column":50}},{"start":{},"end":{}}],"line":146},"7":{"loc":{"start":{"line":146,"column":39},"end":{"line":146,"column":48}},"type":"binary-expr","locations":[{"start":{"line":146,"column":39},"end":{"line":146,"column":40}},{"start":{"line":146,"column":44},"end":{"line":146,"column":48}}],"line":146},"8":{"loc":{"start":{"line":148,"column":8},"end":{"line":148,"column":45}},"type":"if","locations":[{"start":{"line":148,"column":8},"end":{"line":148,"column":45}},{"start":{},"end":{}}],"line":148},"9":{"loc":{"start":{"line":155,"column":48},"end":{"line":155,"column":83}},"type":"binary-expr","locations":[{"start":{"line":155,"column":48},"end":{"line":155,"column":72}},{"start":{"line":155,"column":76},"end":{"line":155,"column":83}}],"line":155},"10":{"loc":{"start":{"line":156,"column":27},"end":{"line":158,"column":8}},"type":"cond-expr","locations":[{"start":{"line":157,"column":7},"end":{"line":157,"column":92}},{"start":{"line":158,"column":6},"end":{"line":158,"column":8}}],"line":156},"11":{"loc":{"start":{"line":157,"column":7},"end":{"line":157,"column":92}},"type":"binary-expr","locations":[{"start":{"line":157,"column":7},"end":{"line":157,"column":86}},{"start":{"line":157,"column":90},"end":{"line":157,"column":92}}],"line":157},"12":{"loc":{"start":{"line":159,"column":22},"end":{"line":159,"column":99}},"type":"cond-expr","locations":[{"start":{"line":159,"column":64},"end":{"line":159,"column":92}},{"start":{"line":159,"column":95},"end":{"line":159,"column":99}}],"line":159},"13":{"loc":{"start":{"line":160,"column":22},"end":{"line":160,"column":124}},"type":"binary-expr","locations":[{"start":{"line":160,"column":22},"end":{"line":160,"column":34}},{"start":{"line":160,"column":38},"end":{"line":160,"column":51}},{"start":{"line":160,"column":55},"end":{"line":160,"column":66}},{"start":{"line":160,"column":70},"end":{"line":160,"column":86}},{"start":{"line":160,"column":90},"end":{"line":160,"column":124}}],"line":160},"14":{"loc":{"start":{"line":162,"column":25},"end":{"line":162,"column":89}},"type":"cond-expr","locations":[{"start":{"line":162,"column":48},"end":{"line":162,"column":79}},{"start":{"line":162,"column":82},"end":{"line":162,"column":89}}],"line":162},"15":{"loc":{"start":{"line":167,"column":23},"end":{"line":169,"column":23}},"type":"cond-expr","locations":[{"start":{"line":168,"column":6},"end":{"line":168,"column":46}},{"start":{"line":169,"column":6},"end":{"line":169,"column":23}}],"line":167},"16":{"loc":{"start":{"line":174,"column":121},"end":{"line":174,"column":139}},"type":"cond-expr","locations":[{"start":{"line":174,"column":131},"end":{"line":174,"column":135}},{"start":{"line":174,"column":138},"end":{"line":174,"column":139}}],"line":174},"17":{"loc":{"start":{"line":187,"column":111},"end":{"line":187,"column":129}},"type":"cond-expr","locations":[{"start":{"line":187,"column":121},"end":{"line":187,"column":125}},{"start":{"line":187,"column":128},"end":{"line":187,"column":129}}],"line":187},"18":{"loc":{"start":{"line":192,"column":249},"end":{"line":192,"column":267}},"type":"cond-expr","locations":[{"start":{"line":192,"column":259},"end":{"line":192,"column":263}},{"start":{"line":192,"column":266},"end":{"line":192,"column":267}}],"line":192},"19":{"loc":{"start":{"line":205,"column":34},"end":{"line":205,"column":76}},"type":"cond-expr","locations":[{"start":{"line":205,"column":41},"end":{"line":205,"column":56}},{"start":{"line":205,"column":59},"end":{"line":205,"column":76}}],"line":205},"20":{"loc":{"start":{"line":278,"column":127},"end":{"line":278,"column":145}},"type":"cond-expr","locations":[{"start":{"line":278,"column":137},"end":{"line":278,"column":141}},{"start":{"line":278,"column":144},"end":{"line":278,"column":145}}],"line":278},"21":{"loc":{"start":{"line":306,"column":4},"end":{"line":315,"column":5}},"type":"if","locations":[{"start":{"line":306,"column":4},"end":{"line":315,"column":5}},{"start":{"line":313,"column":11},"end":{"line":315,"column":5}}],"line":306},"22":{"loc":{"start":{"line":309,"column":26},"end":{"line":309,"column":57}},"type":"binary-expr","locations":[{"start":{"line":309,"column":26},"end":{"line":309,"column":31}},{"start":{"line":309,"column":35},"end":{"line":309,"column":51}},{"start":{"line":309,"column":55},"end":{"line":309,"column":57}}],"line":309},"23":{"loc":{"start":{"line":311,"column":26},"end":{"line":311,"column":48}},"type":"binary-expr","locations":[{"start":{"line":311,"column":26},"end":{"line":311,"column":42}},{"start":{"line":311,"column":46},"end":{"line":311,"column":48}}],"line":311},"24":{"loc":{"start":{"line":314,"column":24},"end":{"line":314,"column":46}},"type":"binary-expr","locations":[{"start":{"line":314,"column":24},"end":{"line":314,"column":40}},{"start":{"line":314,"column":44},"end":{"line":314,"column":46}}],"line":314},"25":{"loc":{"start":{"line":320,"column":4},"end":{"line":320,"column":129}},"type":"if","locations":[{"start":{"line":320,"column":4},"end":{"line":320,"column":129}},{"start":{},"end":{}}],"line":320},"26":{"loc":{"start":{"line":325,"column":4},"end":{"line":411,"column":5}},"type":"switch","locations":[{"start":{"line":326,"column":6},"end":{"line":362,"column":10}},{"start":{"line":363,"column":6},"end":{"line":409,"column":7}}],"line":325},"27":{"loc":{"start":{"line":365,"column":43},"end":{"line":365,"column":120}},"type":"cond-expr","locations":[{"start":{"line":365,"column":63},"end":{"line":365,"column":87}},{"start":{"line":365,"column":90},"end":{"line":365,"column":120}}],"line":365},"28":{"loc":{"start":{"line":370,"column":10},"end":{"line":370,"column":38}},"type":"if","locations":[{"start":{"line":370,"column":10},"end":{"line":370,"column":38}},{"start":{},"end":{}}],"line":370},"29":{"loc":{"start":{"line":373,"column":26},"end":{"line":373,"column":94}},"type":"binary-expr","locations":[{"start":{"line":373,"column":26},"end":{"line":373,"column":52}},{"start":{"line":373,"column":56},"end":{"line":373,"column":94}}],"line":373},"30":{"loc":{"start":{"line":375,"column":17},"end":{"line":375,"column":64}},"type":"cond-expr","locations":[{"start":{"line":375,"column":41},"end":{"line":375,"column":57}},{"start":{"line":375,"column":60},"end":{"line":375,"column":64}}],"line":375},"31":{"loc":{"start":{"line":382,"column":22},"end":{"line":382,"column":103}},"type":"binary-expr","locations":[{"start":{"line":382,"column":22},"end":{"line":382,"column":57}},{"start":{"line":382,"column":61},"end":{"line":382,"column":103}}],"line":382},"32":{"loc":{"start":{"line":386,"column":13},"end":{"line":406,"column":13}},"type":"cond-expr","locations":[{"start":{"line":387,"column":16},"end":{"line":387,"column":69}},{"start":{"line":389,"column":14},"end":{"line":405,"column":27}}],"line":386},"33":{"loc":{"start":{"line":391,"column":36},"end":{"line":391,"column":109}},"type":"cond-expr","locations":[{"start":{"line":391,"column":56},"end":{"line":391,"column":98}},{"start":{"line":391,"column":101},"end":{"line":391,"column":109}}],"line":391},"34":{"loc":{"start":{"line":392,"column":34},"end":{"line":394,"column":31}},"type":"cond-expr","locations":[{"start":{"line":393,"column":22},"end":{"line":393,"column":132}},{"start":{"line":394,"column":22},"end":{"line":394,"column":31}}],"line":392},"35":{"loc":{"start":{"line":393,"column":70},"end":{"line":393,"column":131}},"type":"binary-expr","locations":[{"start":{"line":393,"column":71},"end":{"line":393,"column":100}},{"start":{"line":393,"column":105},"end":{"line":393,"column":118}},{"start":{"line":393,"column":122},"end":{"line":393,"column":131}}],"line":393},"36":{"loc":{"start":{"line":427,"column":69},"end":{"line":427,"column":104}},"type":"cond-expr","locations":[{"start":{"line":427,"column":97},"end":{"line":427,"column":99}},{"start":{"line":427,"column":102},"end":{"line":427,"column":104}}],"line":427}},"s":{"0":1,"1":0,"2":1,"3":1,"4":39,"5":1,"6":0,"7":0,"8":1,"9":40,"10":40,"11":40,"12":120,"13":1,"14":18,"15":18,"16":18,"17":18,"18":18,"19":18,"20":18,"21":18,"22":18,"23":18,"24":0,"25":0,"26":18,"27":18,"28":18,"29":18,"30":18,"31":18,"32":17,"33":18,"34":18,"35":18,"36":18,"37":18,"38":18,"39":18,"40":18,"41":18,"42":0,"43":0,"44":18,"45":1,"46":0,"47":0,"48":1,"49":3,"50":3,"51":3,"52":3,"53":3,"54":3,"55":3,"56":3,"57":3,"58":3,"59":3,"60":3,"61":3,"62":40,"63":40,"64":40,"65":40,"66":40,"67":40,"68":40,"69":0,"70":0,"71":0,"72":0,"73":0,"74":0,"75":0,"76":40,"77":40,"78":1,"79":39,"80":44,"81":39,"82":44,"83":39,"84":20,"85":3,"86":1,"87":19,"88":19,"89":20,"90":19,"91":2,"92":18,"93":19,"94":17,"95":0,"96":17,"97":17,"98":23,"99":0,"100":17,"101":19,"102":19,"103":19,"104":18,"105":18,"106":1,"107":18,"108":2,"109":0,"110":40,"111":0,"112":1},"f":{"0":39,"1":0,"2":0,"3":40,"4":40,"5":120,"6":18,"7":18,"8":18,"9":18,"10":17,"11":18,"12":18,"13":0,"14":18,"15":0,"16":3,"17":3,"18":3,"19":40,"20":0,"21":40,"22":44,"23":44,"24":3,"25":1,"26":20,"27":2,"28":18,"29":17,"30":23,"31":0,"32":18,"33":1,"34":2,"35":0,"36":0},"b":{"0":[0,1],"1":[1,0],"2":[39,0],"3":[0,0],"4":[0,40],"5":[21,19],"6":[18,0],"7":[18,18],"8":[0,0],"9":[18,0],"10":[17,1],"11":[17,0],"12":[18,0],"13":[18,18,2,0,0],"14":[0,18],"15":[0,18],"16":[0,18],"17":[0,18],"18":[0,18],"19":[0,0],"20":[0,3],"21":[0,0],"22":[0,0,0],"23":[0,0],"24":[0,0],"25":[1,39],"26":[20,19],"27":[19,1],"28":[0,17],"29":[23,1],"30":[1,16],"31":[19,0],"32":[3,16],"33":[17,1],"34":[2,16],"35":[1,0,0],"36":[0,1]},"_coverageSchema":"1a1c01bbd47fc00a2c39e90264f33305004495a9","hash":"7912ea9d4697297fe67ee3892a422d94252d733d"}
,"/Users/baris/Desktop/Dev/Therapy_New/app/(app)/dream/analyze.tsx": {"path":"/Users/baris/Desktop/Dev/Therapy_New/app/(app)/dream/analyze.tsx","statementMap":{"0":{"start":{"line":30,"column":28},"end":{"line":30,"column":40}},"1":{"start":{"line":31,"column":28},"end":{"line":31,"column":57}},"2":{"start":{"line":32,"column":17},"end":{"line":32,"column":28}},"3":{"start":{"line":33,"column":22},"end":{"line":33,"column":38}},"4":{"start":{"line":34,"column":17},"end":{"line":34,"column":36}},"5":{"start":{"line":35,"column":16},"end":{"line":35,"column":32}},"6":{"start":{"line":38,"column":54},"end":{"line":38,"column":64}},"7":{"start":{"line":41,"column":26},"end":{"line":105,"column":4}},"8":{"start":{"line":44,"column":29},"end":{"line":44,"column":56}},"9":{"start":{"line":45,"column":6},"end":{"line":47,"column":7}},"10":{"start":{"line":46,"column":8},"end":{"line":46,"column":69}},"11":{"start":{"line":50,"column":6},"end":{"line":52,"column":7}},"12":{"start":{"line":51,"column":8},"end":{"line":51,"column":71}},"13":{"start":{"line":54,"column":27},"end":{"line":57,"column":7}},"14":{"start":{"line":64,"column":30},"end":{"line":66,"column":8}},"15":{"start":{"line":68,"column":6},"end":{"line":68,"column":29}},"16":{"start":{"line":68,"column":17},"end":{"line":68,"column":29}},"17":{"start":{"line":71,"column":22},"end":{"line":71,"column":75}},"18":{"start":{"line":72,"column":6},"end":{"line":72,"column":80}},"19":{"start":{"line":72,"column":20},"end":{"line":72,"column":80}},"20":{"start":{"line":74,"column":6},"end":{"line":74,"column":21}},"21":{"start":{"line":80,"column":6},"end":{"line":80,"column":67}},"22":{"start":{"line":83,"column":6},"end":{"line":83,"column":77}},"23":{"start":{"line":85,"column":6},"end":{"line":89,"column":9}},"24":{"start":{"line":94,"column":6},"end":{"line":94,"column":65}},"25":{"start":{"line":95,"column":6},"end":{"line":103,"column":7}},"26":{"start":{"line":96,"column":8},"end":{"line":96,"column":100}},"27":{"start":{"line":98,"column":8},"end":{"line":102,"column":11}},"28":{"start":{"line":108,"column":29},"end":{"line":112,"column":3}},"29":{"start":{"line":109,"column":4},"end":{"line":109,"column":19}},"30":{"start":{"line":110,"column":4},"end":{"line":110,"column":23}},"31":{"start":{"line":111,"column":4},"end":{"line":111,"column":29}},"32":{"start":{"line":114,"column":18},"end":{"line":114,"column":20}},"33":{"start":{"line":115,"column":21},"end":{"line":115,"column":40}},"34":{"start":{"line":116,"column":20},"end":{"line":116,"column":90}},"35":{"start":{"line":118,"column":2},"end":{"line":200,"column":4}},"36":{"start":{"line":127,"column":45},"end":{"line":127,"column":58}},"37":{"start":{"line":203,"column":15},"end":{"line":306,"column":2}}},"fnMap":{"0":{"name":"AnalyzeDreamScreen","decl":{"start":{"line":29,"column":24},"end":{"line":29,"column":42}},"loc":{"start":{"line":29,"column":45},"end":{"line":201,"column":1}},"line":29},"1":{"name":"(anonymous_1)","decl":{"start":{"line":42,"column":16},"end":{"line":42,"column":17}},"loc":{"start":{"line":42,"column":45},"end":{"line":75,"column":5}},"line":42},"2":{"name":"(anonymous_2)","decl":{"start":{"line":78,"column":15},"end":{"line":78,"column":16}},"loc":{"start":{"line":78,"column":36},"end":{"line":90,"column":5}},"line":78},"3":{"name":"(anonymous_3)","decl":{"start":{"line":93,"column":13},"end":{"line":93,"column":14}},"loc":{"start":{"line":93,"column":27},"end":{"line":104,"column":5}},"line":93},"4":{"name":"(anonymous_4)","decl":{"start":{"line":108,"column":29},"end":{"line":108,"column":30}},"loc":{"start":{"line":108,"column":35},"end":{"line":112,"column":3}},"line":108},"5":{"name":"(anonymous_5)","decl":{"start":{"line":127,"column":39},"end":{"line":127,"column":40}},"loc":{"start":{"line":127,"column":45},"end":{"line":127,"column":58}},"line":127}},"branchMap":{"0":{"loc":{"start":{"line":45,"column":6},"end":{"line":47,"column":7}},"type":"if","locations":[{"start":{"line":45,"column":6},"end":{"line":47,"column":7}},{"start":{},"end":{}}],"line":45},"1":{"loc":{"start":{"line":50,"column":6},"end":{"line":52,"column":7}},"type":"if","locations":[{"start":{"line":50,"column":6},"end":{"line":52,"column":7}},{"start":{},"end":{}}],"line":50},"2":{"loc":{"start":{"line":68,"column":6},"end":{"line":68,"column":29}},"type":"if","locations":[{"start":{"line":68,"column":6},"end":{"line":68,"column":29}},{"start":{},"end":{}}],"line":68},"3":{"loc":{"start":{"line":71,"column":22},"end":{"line":71,"column":75}},"type":"cond-expr","locations":[{"start":{"line":71,"column":49},"end":{"line":71,"column":53}},{"start":{"line":71,"column":56},"end":{"line":71,"column":75}}],"line":71},"4":{"loc":{"start":{"line":71,"column":56},"end":{"line":71,"column":75}},"type":"binary-expr","locations":[{"start":{"line":71,"column":56},"end":{"line":71,"column":69}},{"start":{"line":71,"column":73},"end":{"line":71,"column":75}}],"line":71},"5":{"loc":{"start":{"line":72,"column":6},"end":{"line":72,"column":80}},"type":"if","locations":[{"start":{"line":72,"column":6},"end":{"line":72,"column":80}},{"start":{},"end":{}}],"line":72},"6":{"loc":{"start":{"line":94,"column":15},"end":{"line":94,"column":63}},"type":"binary-expr","locations":[{"start":{"line":94,"column":15},"end":{"line":94,"column":24}},{"start":{"line":94,"column":28},"end":{"line":94,"column":63}}],"line":94},"7":{"loc":{"start":{"line":95,"column":6},"end":{"line":103,"column":7}},"type":"if","locations":[{"start":{"line":95,"column":6},"end":{"line":103,"column":7}},{"start":{"line":97,"column":13},"end":{"line":103,"column":7}}],"line":95},"8":{"loc":{"start":{"line":95,"column":11},"end":{"line":95,"column":26}},"type":"binary-expr","locations":[{"start":{"line":95,"column":11},"end":{"line":95,"column":20}},{"start":{"line":95,"column":24},"end":{"line":95,"column":26}}],"line":95},"9":{"loc":{"start":{"line":101,"column":17},"end":{"line":101,"column":65}},"type":"binary-expr","locations":[{"start":{"line":101,"column":17},"end":{"line":101,"column":26}},{"start":{"line":101,"column":30},"end":{"line":101,"column":65}}],"line":101},"10":{"loc":{"start":{"line":116,"column":20},"end":{"line":116,"column":90}},"type":"binary-expr","locations":[{"start":{"line":116,"column":20},"end":{"line":116,"column":41}},{"start":{"line":116,"column":45},"end":{"line":116,"column":71}},{"start":{"line":116,"column":75},"end":{"line":116,"column":90}}],"line":116},"11":{"loc":{"start":{"line":121,"column":18},"end":{"line":121,"column":62}},"type":"cond-expr","locations":[{"start":{"line":121,"column":42},"end":{"line":121,"column":51}},{"start":{"line":121,"column":54},"end":{"line":121,"column":62}}],"line":121},"12":{"loc":{"start":{"line":164,"column":11},"end":{"line":164,"column":65}},"type":"binary-expr","locations":[{"start":{"line":164,"column":11},"end":{"line":164,"column":16}},{"start":{"line":164,"column":20},"end":{"line":164,"column":65}}],"line":164},"13":{"loc":{"start":{"line":183,"column":24},"end":{"line":183,"column":98}},"type":"cond-expr","locations":[{"start":{"line":183,"column":37},"end":{"line":183,"column":67}},{"start":{"line":183,"column":70},"end":{"line":183,"column":98}}],"line":183},"14":{"loc":{"start":{"line":188,"column":17},"end":{"line":192,"column":17}},"type":"cond-expr","locations":[{"start":{"line":189,"column":18},"end":{"line":189,"column":101}},{"start":{"line":191,"column":18},"end":{"line":191,"column":99}}],"line":188}},"s":{"0":48,"1":48,"2":48,"3":48,"4":48,"5":48,"6":48,"7":48,"8":7,"9":7,"10":1,"11":6,"12":1,"13":5,"14":5,"15":5,"16":1,"17":4,"18":4,"19":1,"20":3,"21":1,"22":1,"23":1,"24":3,"25":3,"26":1,"27":2,"28":48,"29":3,"30":3,"31":3,"32":48,"33":48,"34":48,"35":48,"36":1,"37":1},"f":{"0":48,"1":7,"2":1,"3":3,"4":3,"5":1},"b":{"0":[1,6],"1":[1,5],"2":[1,4],"3":[2,2],"4":[2,1],"5":[1,3],"6":[3,1],"7":[1,2],"8":[3,1],"9":[2,1],"10":[48,13,13],"11":[48,0],"12":[48,3],"13":[36,12],"14":[3,45]},"_coverageSchema":"1a1c01bbd47fc00a2c39e90264f33305004495a9","hash":"b16ea33079954ecd38d57fe22359b9c7dc079179"}
,"/Users/baris/Desktop/Dev/Therapy_New/app/(app)/dream/index.tsx": {"path":"/Users/baris/Desktop/Dev/Therapy_New/app/(app)/dream/index.tsx","statementMap":{"0":{"start":{"line":30,"column":17},"end":{"line":30,"column":28}},"1":{"start":{"line":31,"column":22},"end":{"line":31,"column":38}},"2":{"start":{"line":32,"column":17},"end":{"line":32,"column":36}},"3":{"start":{"line":33,"column":16},"end":{"line":33,"column":32}},"4":{"start":{"line":44,"column":6},"end":{"line":55,"column":4}},"5":{"start":{"line":48,"column":6},"end":{"line":48,"column":56}},"6":{"start":{"line":53,"column":6},"end":{"line":53,"column":65}},"7":{"start":{"line":58,"column":19},"end":{"line":58,"column":60}},"8":{"start":{"line":58,"column":49},"end":{"line":58,"column":53}},"9":{"start":{"line":61,"column":20},"end":{"line":63,"column":15}},"10":{"start":{"line":62,"column":4},"end":{"line":62,"column":20}},"11":{"start":{"line":66,"column":19},"end":{"line":70,"column":3}},"12":{"start":{"line":67,"column":4},"end":{"line":69,"column":5}},"13":{"start":{"line":68,"column":6},"end":{"line":68,"column":22}},"14":{"start":{"line":73,"column":21},"end":{"line":73,"column":79}},"15":{"start":{"line":76,"column":25},"end":{"line":135,"column":4}},"16":{"start":{"line":79,"column":24},"end":{"line":81,"column":8}},"17":{"start":{"line":82,"column":6},"end":{"line":87,"column":7}},"18":{"start":{"line":84,"column":8},"end":{"line":86,"column":10}},"19":{"start":{"line":88,"column":6},"end":{"line":88,"column":29}},"20":{"start":{"line":93,"column":6},"end":{"line":93,"column":69}},"21":{"start":{"line":94,"column":31},"end":{"line":94,"column":72}},"22":{"start":{"line":96,"column":6},"end":{"line":106,"column":8}},"23":{"start":{"line":100,"column":14},"end":{"line":105,"column":9}},"24":{"start":{"line":102,"column":12},"end":{"line":102,"column":63}},"25":{"start":{"line":102,"column":35},"end":{"line":102,"column":62}},"26":{"start":{"line":108,"column":6},"end":{"line":115,"column":9}},"27":{"start":{"line":113,"column":24},"end":{"line":113,"column":62}},"28":{"start":{"line":117,"column":6},"end":{"line":117,"column":34}},"29":{"start":{"line":122,"column":6},"end":{"line":122,"column":62}},"30":{"start":{"line":123,"column":6},"end":{"line":125,"column":7}},"31":{"start":{"line":124,"column":8},"end":{"line":124,"column":76}},"32":{"start":{"line":126,"column":6},"end":{"line":130,"column":9}},"33":{"start":{"line":133,"column":6},"end":{"line":133,"column":67}},"34":{"start":{"line":138,"column":2},"end":{"line":142,"column":4}},"35":{"start":{"line":139,"column":4},"end":{"line":139,"column":64}},"36":{"start":{"line":140,"column":4},"end":{"line":140,"column":27}},"37":{"start":{"line":141,"column":4},"end":{"line":141,"column":17}},"38":{"start":{"line":144,"column":23},"end":{"line":147,"column":3}},"39":{"start":{"line":146,"column":4},"end":{"line":146,"column":35}},"40":{"start":{"line":150,"column":33},"end":{"line":162,"column":9}},"41":{"start":{"line":151,"column":4},"end":{"line":161,"column":11}},"42":{"start":{"line":164,"column":26},"end":{"line":203,"column":3}},"43":{"start":{"line":167,"column":4},"end":{"line":202,"column":15}},"44":{"start":{"line":176,"column":10},"end":{"line":176,"column":77}},"45":{"start":{"line":191,"column":25},"end":{"line":191,"column":46}},"46":{"start":{"line":206,"column":2},"end":{"line":279,"column":4}},"47":{"start":{"line":212,"column":27},"end":{"line":212,"column":40}},"48":{"start":{"line":236,"column":18},"end":{"line":236,"column":74}},"49":{"start":{"line":244,"column":40},"end":{"line":244,"column":58}},"50":{"start":{"line":265,"column":14},"end":{"line":265,"column":43}},"51":{"start":{"line":282,"column":15},"end":{"line":382,"column":2}}},"fnMap":{"0":{"name":"DreamJournalScreen","decl":{"start":{"line":29,"column":24},"end":{"line":29,"column":42}},"loc":{"start":{"line":29,"column":45},"end":{"line":280,"column":1}},"line":29},"1":{"name":"(anonymous_1)","decl":{"start":{"line":47,"column":13},"end":{"line":47,"column":14}},"loc":{"start":{"line":48,"column":6},"end":{"line":48,"column":56}},"line":48},"2":{"name":"(anonymous_2)","decl":{"start":{"line":49,"column":22},"end":{"line":49,"column":23}},"loc":{"start":{"line":49,"column":46},"end":{"line":54,"column":5}},"line":49},"3":{"name":"(anonymous_3)","decl":{"start":{"line":58,"column":39},"end":{"line":58,"column":40}},"loc":{"start":{"line":58,"column":49},"end":{"line":58,"column":53}},"line":58},"4":{"name":"(anonymous_4)","decl":{"start":{"line":61,"column":32},"end":{"line":61,"column":33}},"loc":{"start":{"line":61,"column":44},"end":{"line":63,"column":3}},"line":61},"5":{"name":"(anonymous_5)","decl":{"start":{"line":66,"column":19},"end":{"line":66,"column":20}},"loc":{"start":{"line":66,"column":25},"end":{"line":70,"column":3}},"line":66},"6":{"name":"(anonymous_6)","decl":{"start":{"line":78,"column":16},"end":{"line":78,"column":17}},"loc":{"start":{"line":78,"column":51},"end":{"line":89,"column":5}},"line":78},"7":{"name":"(anonymous_7)","decl":{"start":{"line":92,"column":14},"end":{"line":92,"column":15}},"loc":{"start":{"line":92,"column":48},"end":{"line":118,"column":5}},"line":92},"8":{"name":"(anonymous_8)","decl":{"start":{"line":98,"column":8},"end":{"line":98,"column":9}},"loc":{"start":{"line":100,"column":14},"end":{"line":105,"column":9}},"line":100},"9":{"name":"(anonymous_9)","decl":{"start":{"line":101,"column":33},"end":{"line":101,"column":34}},"loc":{"start":{"line":102,"column":12},"end":{"line":102,"column":63}},"line":102},"10":{"name":"(anonymous_10)","decl":{"start":{"line":102,"column":24},"end":{"line":102,"column":25}},"loc":{"start":{"line":102,"column":35},"end":{"line":102,"column":62}},"line":102},"11":{"name":"(anonymous_11)","decl":{"start":{"line":113,"column":18},"end":{"line":113,"column":19}},"loc":{"start":{"line":113,"column":24},"end":{"line":113,"column":62}},"line":113},"12":{"name":"(anonymous_12)","decl":{"start":{"line":121,"column":13},"end":{"line":121,"column":14}},"loc":{"start":{"line":121,"column":43},"end":{"line":131,"column":5}},"line":121},"13":{"name":"(anonymous_13)","decl":{"start":{"line":132,"column":15},"end":{"line":132,"column":16}},"loc":{"start":{"line":132,"column":21},"end":{"line":134,"column":5}},"line":132},"14":{"name":"(anonymous_14)","decl":{"start":{"line":138,"column":23},"end":{"line":138,"column":24}},"loc":{"start":{"line":138,"column":54},"end":{"line":142,"column":3}},"line":138},"15":{"name":"(anonymous_15)","decl":{"start":{"line":144,"column":23},"end":{"line":144,"column":24}},"loc":{"start":{"line":144,"column":44},"end":{"line":147,"column":3}},"line":144},"16":{"name":"(anonymous_16)","decl":{"start":{"line":150,"column":41},"end":{"line":150,"column":42}},"loc":{"start":{"line":151,"column":4},"end":{"line":161,"column":11}},"line":151},"17":{"name":"(anonymous_17)","decl":{"start":{"line":164,"column":26},"end":{"line":164,"column":27}},"loc":{"start":{"line":167,"column":4},"end":{"line":202,"column":15}},"line":167},"18":{"name":"(anonymous_18)","decl":{"start":{"line":175,"column":17},"end":{"line":175,"column":18}},"loc":{"start":{"line":176,"column":10},"end":{"line":176,"column":77}},"line":176},"19":{"name":"(anonymous_19)","decl":{"start":{"line":191,"column":19},"end":{"line":191,"column":20}},"loc":{"start":{"line":191,"column":25},"end":{"line":191,"column":46}},"line":191},"20":{"name":"(anonymous_20)","decl":{"start":{"line":212,"column":21},"end":{"line":212,"column":22}},"loc":{"start":{"line":212,"column":27},"end":{"line":212,"column":40}},"line":212},"21":{"name":"(anonymous_21)","decl":{"start":{"line":235,"column":47},"end":{"line":235,"column":48}},"loc":{"start":{"line":236,"column":18},"end":{"line":236,"column":74}},"line":236},"22":{"name":"(anonymous_22)","decl":{"start":{"line":244,"column":30},"end":{"line":244,"column":31}},"loc":{"start":{"line":244,"column":40},"end":{"line":244,"column":58}},"line":244},"23":{"name":"(anonymous_23)","decl":{"start":{"line":264,"column":21},"end":{"line":264,"column":22}},"loc":{"start":{"line":265,"column":14},"end":{"line":265,"column":43}},"line":265}},"branchMap":{"0":{"loc":{"start":{"line":53,"column":13},"end":{"line":53,"column":64}},"type":"cond-expr","locations":[{"start":{"line":53,"column":37},"end":{"line":53,"column":46}},{"start":{"line":53,"column":49},"end":{"line":53,"column":64}}],"line":53},"1":{"loc":{"start":{"line":58,"column":19},"end":{"line":58,"column":60}},"type":"binary-expr","locations":[{"start":{"line":58,"column":19},"end":{"line":58,"column":54}},{"start":{"line":58,"column":58},"end":{"line":58,"column":60}}],"line":58},"2":{"loc":{"start":{"line":67,"column":4},"end":{"line":69,"column":5}},"type":"if","locations":[{"start":{"line":67,"column":4},"end":{"line":69,"column":5}},{"start":{},"end":{}}],"line":67},"3":{"loc":{"start":{"line":67,"column":8},"end":{"line":67,"column":42}},"type":"binary-expr","locations":[{"start":{"line":67,"column":8},"end":{"line":67,"column":19}},{"start":{"line":67,"column":23},"end":{"line":67,"column":42}}],"line":67},"4":{"loc":{"start":{"line":82,"column":6},"end":{"line":87,"column":7}},"type":"if","locations":[{"start":{"line":82,"column":6},"end":{"line":87,"column":7}},{"start":{},"end":{}}],"line":82},"5":{"loc":{"start":{"line":123,"column":6},"end":{"line":125,"column":7}},"type":"if","locations":[{"start":{"line":123,"column":6},"end":{"line":125,"column":7}},{"start":{},"end":{}}],"line":123},"6":{"loc":{"start":{"line":180,"column":13},"end":{"line":181,"column":44}},"type":"binary-expr","locations":[{"start":{"line":180,"column":13},"end":{"line":180,"column":62}},{"start":{"line":181,"column":14},"end":{"line":181,"column":44}}],"line":180},"7":{"loc":{"start":{"line":232,"column":11},"end":{"line":257,"column":13}},"type":"cond-expr","locations":[{"start":{"line":234,"column":14},"end":{"line":238,"column":21}},{"start":{"line":241,"column":14},"end":{"line":256,"column":16}}],"line":232},"8":{"loc":{"start":{"line":252,"column":37},"end":{"line":254,"column":24}},"type":"cond-expr","locations":[{"start":{"line":253,"column":20},"end":{"line":253,"column":72}},{"start":{"line":254,"column":20},"end":{"line":254,"column":24}}],"line":252}},"s":{"0":22,"1":22,"2":22,"3":22,"4":22,"5":0,"6":0,"7":22,"8":19,"9":22,"10":1,"11":22,"12":3,"13":1,"14":22,"15":22,"16":2,
[...]
:{"line":97,"column":47}},"41":{"start":{"line":100,"column":20},"end":{"line":100,"column":72}},"42":{"start":{"line":101,"column":4},"end":{"line":103,"column":7}},"43":{"start":{"line":105,"column":4},"end":{"line":105,"column":65}},"44":{"start":{"line":106,"column":4},"end":{"line":106,"column":19}},"45":{"start":{"line":108,"column":4},"end":{"line":108,"column":70}},"46":{"start":{"line":109,"column":4},"end":{"line":109,"column":14}}},"fnMap":{"0":{"name":"audioToBase64","decl":{"start":{"line":8,"column":22},"end":{"line":8,"column":35}},"loc":{"start":{"line":8,"column":66},"end":{"line":22,"column":1}},"line":8},"1":{"name":"(anonymous_1)","decl":{"start":{"line":16,"column":21},"end":{"line":16,"column":22}},"loc":{"start":{"line":16,"column":42},"end":{"line":21,"column":3}},"line":16},"2":{"name":"(anonymous_2)","decl":{"start":{"line":18,"column":18},"end":{"line":18,"column":19}},"loc":{"start":{"line":18,"column":24},"end":{"line":18,"column":67}},"line":18},"3":{"name":"(anonymous_3)","decl":{"start":{"line":24,"column":31},"end":{"line":24,"column":32}},"loc":{"start":{"line":24,"column":76},"end":{"line":68,"column":1}},"line":24},"4":{"name":"(anonymous_4)","decl":{"start":{"line":70,"column":28},"end":{"line":70,"column":29}},"loc":{"start":{"line":70,"column":69},"end":{"line":111,"column":1}},"line":70}},"branchMap":{"0":{"loc":{"start":{"line":9,"column":2},"end":{"line":13,"column":3}},"type":"if","locations":[{"start":{"line":9,"column":2},"end":{"line":13,"column":3}},{"start":{},"end":{}}],"line":9},"1":{"loc":{"start":{"line":48,"column":13},"end":{"line":48,"column":36}},"type":"binary-expr","locations":[{"start":{"line":48,"column":13},"end":{"line":48,"column":27}},{"start":{"line":48,"column":31},"end":{"line":48,"column":36}}],"line":48},"2":{"loc":{"start":{"line":51,"column":4},"end":{"line":54,"column":5}},"type":"if","locations":[{"start":{"line":51,"column":4},"end":{"line":54,"column":5}},{"start":{},"end":{}}],"line":51},"3":{"loc":{"start":{"line":56,"column":23},"end":{"line":56,"column":78}},"type":"binary-expr","locations":[{"start":{"line":56,"column":23},"end":{"line":56,"column":72}},{"start":{"line":56,"column":76},"end":{"line":56,"column":78}}],"line":56},"4":{"loc":{"start":{"line":60,"column":15},"end":{"line":60,"column":60}},"type":"binary-expr","locations":[{"start":{"line":60,"column":15},"end":{"line":60,"column":26}},{"start":{"line":60,"column":30},"end":{"line":60,"column":60}}],"line":60},"5":{"loc":{"start":{"line":90,"column":4},"end":{"line":93,"column":5}},"type":"if","locations":[{"start":{"line":90,"column":4},"end":{"line":93,"column":5}},{"start":{},"end":{}}],"line":90},"6":{"loc":{"start":{"line":95,"column":4},"end":{"line":98,"column":5}},"type":"if","locations":[{"start":{"line":95,"column":4},"end":{"line":98,"column":5}},{"start":{},"end":{}}],"line":95}},"s":{"0":7,"1":4,"2":3,"3":2,"4":2,"5":2,"6":2,"7":1,"8":2,"9":2,"10":5,"11":3,"12":3,"13":3,"14":3,"15":3,"16":3,"17":3,"18":3,"19":3,"20":3,"21":1,"22":1,"23":2,"24":2,"25":2,"26":1,"27":1,"28":5,"29":5,"30":5,"31":5,"32":5,"33":5,"34":5,"35":5,"36":1,"37":1,"38":4,"39":2,"40":2,"41":2,"42":2,"43":1,"44":1,"45":4,"46":4},"f":{"0":7,"1":2,"2":1,"3":3,"4":5},"b":{"0":[4,3],"1":[3,2],"2":[1,2],"3":[2,1],"4":[2,1],"5":[1,4],"6":[2,2]},"_coverageSchema":"1a1c01bbd47fc00a2c39e90264f33305004495a9","hash":"f84aea05d767aaa8a3738a1e0e0dd3e9b74d57b6"}
,"/Users/baris/Desktop/Dev/Therapy_New/utils/markdownRenderer.tsx": {"path":"/Users/baris/Desktop/Dev/Therapy_New/utils/markdownRenderer.tsx","statementMap":{"0":{"start":{"line":5,"column":34},"end":{"line":115,"column":1}},"1":{"start":{"line":6,"column":2},"end":{"line":6,"column":37}},"2":{"start":{"line":6,"column":21},"end":{"line":6,"column":37}},"3":{"start":{"line":8,"column":21},"end":{"line":8,"column":49}},"4":{"start":{"line":10,"column":2},"end":{"line":114,"column":4}},"5":{"start":{"line":13,"column":24},"end":{"line":13,"column":40}},"6":{"start":{"line":14,"column":8},"end":{"line":14,"column":59}},"7":{"start":{"line":14,"column":22},"end":{"line":14,"column":59}},"8":{"start":{"line":16,"column":8},"end":{"line":53,"column":9}},"9":{"start":{"line":17,"column":24},"end":{"line":17,"column":69}},"10":{"start":{"line":18,"column":10},"end":{"line":52,"column":12}},"11":{"start":{"line":35,"column":16},"end":{"line":41,"column":17}},"12":{"start":{"line":36,"column":18},"end":{"line":40,"column":20}},"13":{"start":{"line":42,"column":16},"end":{"line":48,"column":17}},"14":{"start":{"line":43,"column":18},"end":{"line":47,"column":20}},"15":{"start":{"line":49,"column":16},"end":{"line":49,"column":55}},"16":{"start":{"line":55,"column":8},"end":{"line":61,"column":9}},"17":{"start":{"line":56,"column":10},"end":{"line":60,"column":12}},"18":{"start":{"line":63,"column":8},"end":{"line":69,"column":9}},"19":{"start":{"line":64,"column":10},"end":{"line":68,"column":12}},"20":{"start":{"line":71,"column":8},"end":{"line":96,"column":9}},"21":{"start":{"line":72,"column":29},"end":{"line":72,"column":45}},"22":{"start":{"line":73,"column":24},"end":{"line":73,"column":72}},"23":{"start":{"line":74,"column":10},"end":{"line":95,"column":12}},"24":{"start":{"line":78,"column":16},"end":{"line":84,"column":17}},"25":{"start":{"line":79,"column":18},"end":{"line":83,"column":20}},"26":{"start":{"line":85,"column":16},"end":{"line":91,"column":17}},"27":{"start":{"line":86,"column":18},"end":{"line":90,"column":20}},"28":{"start":{"line":92,"column":16},"end":{"line":92,"column":55}},"29":{"start":{"line":98,"column":22},"end":{"line":98,"column":67}},"30":{"start":{"line":99,"column":8},"end":{"line":111,"column":10}},"31":{"start":{"line":102,"column":14},"end":{"line":104,"column":15}},"32":{"start":{"line":103,"column":16},"end":{"line":103,"column":116}},"33":{"start":{"line":105,"column":14},"end":{"line":107,"column":15}},"34":{"start":{"line":106,"column":16},"end":{"line":106,"column":100}},"35":{"start":{"line":108,"column":14},"end":{"line":108,"column":53}}},"fnMap":{"0":{"name":"(anonymous_0)","decl":{"start":{"line":5,"column":34},"end":{"line":5,"column":35}},"loc":{"start":{"line":5,"column":73},"end":{"line":115,"column":1}},"line":5},"1":{"name":"(anonymous_1)","decl":{"start":{"line":12,"column":22},"end":{"line":12,"column":23}},"loc":{"start":{"line":12,"column":53},"end":{"line":112,"column":7}},"line":12},"2":{"name":"(anonymous_2)","decl":{"start":{"line":34,"column":25},"end":{"line":34,"column":26}},"loc":{"start":{"line":34,"column":42},"end":{"line":50,"column":15}},"line":34},"3":{"name":"(anonymous_3)","decl":{"start":{"line":77,"column":25},"end":{"line":77,"column":26}},"loc":{"start":{"line":77,"column":42},"end":{"line":93,"column":15}},"line":77},"4":{"name":"(anonymous_4)","decl":{"start":{"line":101,"column":23},"end":{"line":101,"column":24}},"loc":{"start":{"line":101,"column":40},"end":{"line":109,"column":13}},"line":101}},"branchMap":{"0":{"loc":{"start":{"line":6,"column":2},"end":{"line":6,"column":37}},"type":"if","locations":[{"start":{"line":6,"column":2},"end":{"line":6,"column":37}},{"start":{},"end":{}}],"line":6},"1":{"loc":{"start":{"line":14,"column":8},"end":{"line":14,"column":59}},"type":"if","locations":[{"start":{"line":14,"column":8},"end":{"line":14,"column":59}},{"start":{},"end":{}}],"line":14},"2":{"loc":{"start":{"line":16,"column":8},"end":{"line":53,"column":9}},"type":"if","locations":[{"start":{"line":16,"column":8},"end":{"line":53,"column":9}},{"start":{},"end":{}}],"line":16},"3":{"loc":{"start":{"line":35,"column":16},"end":{"line":41,"column":17}},"type":"if","locations":[{"start":{"line":35,"column":16},"end":{"line":41,"column":17}},{"start":{},"end":{}}],"line":35},"4":{"loc":{"start":{"line":35,"column":20},"end":{"line":35,"column":83}},"type":"binary-expr","locations":[{"start":{"line":35,"column":20},"end":{"line":35,"column":41}},{"start":{"line":35,"column":45},"end":{"line":35,"column":64}},{"start":{"line":35,"column":68},"end":{"line":35,"column":83}}],"line":35},"5":{"loc":{"start":{"line":42,"column":16},"end":{"line":48,"column":17}},"type":"if","locations":[{"start":{"line":42,"column":16},"end":{"line":48,"column":17}},{"start":{},"end":{}}],"line":42},"6":{"loc":{"start":{"line":42,"column":20},"end":{"line":42,"column":107}},"type":"binary-expr","locations":[{"start":{"line":42,"column":20},"end":{"line":42,"column":40}},{"start":{"line":42,"column":44},"end":{"line":42,"column":62}},{"start":{"line":42,"column":66},"end":{"line":42,"column":81}},{"start":{"line":42,"column":85},"end":{"line":42,"column":107}}],"line":42},"7":{"loc":{"start":{"line":55,"column":8},"end":{"line":61,"column":9}},"type":"if","locations":[{"start":{"line":55,"column":8},"end":{"line":61,"column":9}},{"start":{},"end":{}}],"line":55},"8":{"loc":{"start":{"line":63,"column":8},"end":{"line":69,"column":9}},"type":"if","locations":[{"start":{"line":63,"column":8},"end":{"line":69,"column":9}},{"start":{},"end":{}}],"line":63},"9":{"loc":{"start":{"line":71,"column":8},"end":{"line":96,"column":9}},"type":"if","locations":[{"start":{"line":71,"column":8},"end":{"line":96,"column":9}},{"start":{},"end":{}}],"line":71},"10":{"loc":{"start":{"line":78,"column":16},"end":{"line":84,"column":17}},"type":"if","locations":[{"start":{"line":78,"column":16},"end":{"line":84,"column":17}},{"start":{},"end":{}}],"line":78},"11":{"loc":{"start":{"line":78,"column":20},"end":{"line":78,"column":83}},"type":"binary-expr","locations":[{"start":{"line":78,"column":20},"end":{"line":78,"column":41}},{"start":{"line":78,"column":45},"end":{"line":78,"column":64}},{"start":{"line":78,"column":68},"end":{"line":78,"column":83}}],"line":78},"12":{"loc":{"start":{"line":85,"column":16},"end":{"line":91,"column":17}},"type":"if","locations":[{"start":{"line":85,"column":16},"end":{"line":91,"column":17}},{"start":{},"end":{}}],"line":85},"13":{"loc":{"start":{"line":85,"column":20},"end":{"line":85,"column":107}},"type":"binary-expr","locations":[{"start":{"line":85,"column":20},"end":{"line":85,"column":40}},{"start":{"line":85,"column":44},"end":{"line":85,"column":62}},{"start":{"line":85,"column":66},"end":{"line":85,"column":81}},{"start":{"line":85,"column":85},"end":{"line":85,"column":107}}],"line":85},"14":{"loc":{"start":{"line":102,"column":14},"end":{"line":104,"column":15}},"type":"if","locations":[{"start":{"line":102,"column":14},"end":{"line":104,"column":15}},{"start":{},"end":{}}],"line":102},"15":{"loc":{"start":{"line":102,"column":18},"end":{"line":102,"column":81}},"type":"binary-expr","locations":[{"start":{"line":102,"column":18},"end":{"line":102,"column":39}},{"start":{"line":102,"column":43},"end":{"line":102,"column":62}},{"start":{"line":102,"column":66},"end":{"line":102,"column":81}}],"line":102},"16":{"loc":{"start":{"line":105,"column":14},"end":{"line":107,"column":15}},"type":"if","locations":[{"start":{"line":105,"column":14},"end":{"line":107,"column":15}},{"start":{},"end":{}}],"line":105},"17":{"loc":{"start":{"line":105,"column":18},"end":{"line":105,"column":105}},"type":"binary-expr","locations":[{"start":{"line":105,"column":18},"end":{"line":105,"column":38}},{"start":{"line":105,"column":42},"end":{"line":105,"column":60}},{"start":{"line":105,"column":64},"end":{"line":105,"column":79}},{"start":{"line":105,"column":83},"end":{"line":105,"column":105}}],"line":105}},"s":{"0":5,"1":52,"2":3,"3":49,"4":49,"5":61,"6":61,"7":0,"8":61,"9":7,"10":7,"11":13,"12":3,"13":10,"14":0,"15":10,"16":54,"17":6,"18":48,"19":3,"20":45,"21":6,"22":6,"23":6,"24":16,"25":3,"26":13,"27":2,"28":11,"29":39,"30":39,"31":65,"32":9,"33":56,"34":4,"35":52},"f":{"0":52,"1":61,"2":13,"3":16,"4":65},"b":{"0":[3,49],"1":[0,61],"2":[7,54],"3":[3,10],"4":[13,3,3],"5":[0,10],"6":[10,0,0,0],"7":[6,48],"8":[3,45],"9":[6,39],"10":[3,13],"11":[16,3,3],"12":[2,11],"13":[13,2,2,2],"14":[9,56],"15":[65,11,10],"16":[4,52],"17":[56,7,6,4]},"_coverageSchema":"1a1c01bbd47fc00a2c39e90264f33305004495a9","hash":"d973068968abaca4b83c7fb468018a43749f2a0e"}
,"/Users/baris/Desktop/Dev/Therapy_New/utils/pdfGenerator.ts": {"path":"/Users/baris/Desktop/Dev/Therapy_New/utils/pdfGenerator.ts","statementMap":{"0":{"start":{"line":15,"column":42},"end":{"line":15,"column":44}},"1":{"start":{"line":16,"column":25},"end":{"line":16,"column":32}},"2":{"start":{"line":19,"column":32},"end":{"line":21,"column":1}},"3":{"start":{"line":20,"column":2},"end":{"line":20,"column":65}},"4":{"start":{"line":20,"column":42},"end":{"line":20,"column":63}},"5":{"start":{"line":26,"column":2},"end":{"line":28,"column":3}},"6":{"start":{"line":27,"column":4},"end":{"line":27,"column":31}},"7":{"start":{"line":32,"column":4},"end":{"line":32,"column":77}},"8":{"start":{"line":34,"column":19},"end":{"line":34,"column":35}},"9":{"start":{"line":35,"column":2},"end":{"line":37,"column":3}},"10":{"start":{"line":36,"column":4},"end":{"line":36,"column":73}},"11":{"start":{"line":39,"column":18},"end":{"line":39,"column":39}},"12":{"start":{"line":42,"column":18},"end":{"line":42,"column":64}},"13":{"start":{"line":45,"column":2},"end":{"line":45,"column":32}},"14":{"start":{"line":47,"column":2},"end":{"line":47,"column":17}},"15":{"start":{"line":57,"column":28},"end":{"line":164,"column":1}},"16":{"start":{"line":62,"column":2},"end":{"line":62,"column":60}},"17":{"start":{"line":62,"column":16},"end":{"line":62,"column":60}},"18":{"start":{"line":64,"column":20},"end":{"line":64,"column":37}},"19":{"start":{"line":65,"column":20},"end":{"line":65,"column":29}},"20":{"start":{"line":66,"column":19},"end":{"line":66,"column":40}},"21":{"start":{"line":67,"column":17},"end":{"line":67,"column":34}},"22":{"start":{"line":68,"column":17},"end":{"line":68,"column":26}},"23":{"start":{"line":70,"column":19},"end":{"line":101,"column":3}},"24":{"start":{"line":103,"column":29},"end":{"line":124,"column":3}},"25":{"start":{"line":104,"column":4},"end":{"line":123,"column":16}},"26":{"start":{"line":106,"column":21},"end":{"line":106,"column":62}},"27":{"start":{"line":107,"column":24},"end":{"line":107,"column":47}},"28":{"start":{"line":108,"column":8},"end":{"line":120,"column":9}},"29":{"start":{"line":109,"column":10},"end":{"line":119,"column":12}},"30":{"start":{"line":121,"column":8},"end":{"line":121,"column":18}},"31":{"start":{"line":126,"column":2},"end":{"line":163,"column":4}},"32":{"start":{"line":167,"column":27},"end":{"line":235,"column":1}},"33":{"start":{"line":168,"column":2},"end":{"line":172,"column":5}},"34":{"start":{"line":174,"column":2},"end":{"line":234,"column":3}},"35":{"start":{"line":176,"column":26},"end":{"line":187,"column":5}},"36":{"start":{"line":190,"column":25},"end":{"line":190,"column":74}},"37":{"start":{"line":190,"column":53},"end":{"line":190,"column":73}},"38":{"start":{"line":191,"column":25},"end":{"line":191,"column":56}},"39":{"start":{"line":194,"column":45},"end":{"line":194,"column":47}},"40":{"start":{"line":195,"column":4},"end":{"line":197,"column":7}},"41":{"start":{"line":196,"column":6},"end":{"line":196,"column":43}},"42":{"start":{"line":200,"column":24},"end":{"line":200,"column":72}},"43":{"start":{"line":202,"column":20},"end":{"line":208,"column":5}},"44":{"start":{"line":210,"column":17},"end":{"line":210,"column":51}},"45":{"start":{"line":212,"column":4},"end":{"line":223,"column":5}},"46":{"start":{"line":214,"column":22},"end":{"line":216,"column":23}},"47":{"start":{"line":217,"column":6},"end":{"line":220,"column":9}},"48":{"start":{"line":222,"column":6},"end":{"line":222,"column":56}},"49":{"start":{"line":225,"column":4},"end":{"line":225,"column":46}},"50":{"start":{"line":226,"column":25},"end":{"line":228,"column":37}},"51":{"start":{"line":229,"column":4},"end":{"line":233,"column":7}}},"fnMap":{"0":{"name":"(anonymous_0)","decl":{"start":{"line":19,"column":32},"end":{"line":19,"column":33}},"loc":{"start":{"line":19,"column":38},"end":{"line":21,"column":1}},"line":19},"1":{"name":"(anonymous_1)","decl":{"start":{"line":20,"column":33},"end":{"line":20,"column":34}},"loc":{"start":{"line":20,"column":42},"end":{"line":20,"column":63}},"line":20},"2":{"name":"getIconDataUri","decl":{"start":{"line":24,"column":15},"end":{"line":24,"column":29}},"loc":{"start":{"line":24,"column":65},"end":{"line":48,"column":1}},"line":24},"3":{"name":"(anonymous_3)","decl":{"start":{"line":57,"column":28},"end":{"line":57,"column":29}},"loc":{"start":{"line":61,"column":13},"end":{"line":164,"column":1}},"line":61},"4":{"name":"(anonymous_4)","decl":{"start":{"line":103,"column":29},"end":{"line":103,"column":30}},"loc":{"start":{"line":103,"column":35},"end":{"line":124,"column":3}},"line":103},"5":{"name":"(anonymous_5)","decl":{"start":{"line":105,"column":11},"end":{"line":105,"column":12}},"loc":{"start":{"line":105,"column":24},"end":{"line":122,"column":7}},"line":105},"6":{"name":"(anonymous_6)","decl":{"start":{"line":167,"column":27},"end":{"line":167,"column":28}},"loc":{"start":{"line":167,"column":77},"end":{"line":235,"column":1}},"line":167},"7":{"name":"(anonymous_7)","decl":{"start":{"line":190,"column":43},"end":{"line":190,"column":44}},"loc":{"start":{"line":190,"column":53},"end":{"line":190,"column":73}},"line":190},"8":{"name":"(anonymous_8)","decl":{"start":{"line":195,"column":26},"end":{"line":195,"column":27}},"loc":{"start":{"line":195,"column":43},"end":{"line":197,"column":5}},"line":195}},"branchMap":{"0":{"loc":{"start":{"line":26,"column":2},"end":{"line":28,"column":3}},"type":"if","locations":[{"start":{"line":26,"column":2},"end":{"line":28,"column":3}},{"start":{},"end":{}}],"line":26},"1":{"loc":{"start":{"line":35,"column":2},"end":{"line":37,"column":3}},"type":"if","locations":[{"start":{"line":35,"column":2},"end":{"line":37,"column":3}},{"start":{},"end":{}}],"line":35},"2":{"loc":{"start":{"line":62,"column":2},"end":{"line":62,"column":60}},"type":"if","locations":[{"start":{"line":62,"column":2},"end":{"line":62,"column":60}},{"start":{},"end":{}}],"line":62},"3":{"loc":{"start":{"line":108,"column":8},"end":{"line":120,"column":9}},"type":"if","locations":[{"start":{"line":108,"column":8},"end":{"line":120,"column":9}},{"start":{},"end":{}}],"line":108},"4":{"loc":{"start":{"line":108,"column":12},"end":{"line":108,"column":27}},"type":"binary-expr","locations":[{"start":{"line":108,"column":12},"end":{"line":108,"column":16}},{"start":{"line":108,"column":20},"end":{"line":108,"column":27}}],"line":108},"5":{"loc":{"start":{"line":212,"column":4},"end":{"line":223,"column":5}},"type":"if","locations":[{"start":{"line":212,"column":4},"end":{"line":223,"column":5}},{"start":{"line":221,"column":11},"end":{"line":223,"column":5}}],"line":212},"6":{"loc":{"start":{"line":214,"column":22},"end":{"line":216,"column":23}},"type":"cond-expr","locations":[{"start":{"line":215,"column":10},"end":{"line":215,"column":35}},{"start":{"line":216,"column":10},"end":{"line":216,"column":23}}],"line":214},"7":{"loc":{"start":{"line":226,"column":25},"end":{"line":228,"column":37}},"type":"cond-expr","locations":[{"start":{"line":227,"column":8},"end":{"line":227,"column":17}},{"start":{"line":228,"column":8},"end":{"line":228,"column":37}}],"line":226}},"s":{"0":1,"1":1,"2":1,"3":14,"4":100,"5":140,"6":10,"7":130,"8":130,"9":120,"10":10,"11":110,"12":110,"13":110,"14":110,"15":1,"16":12,"17":1,"18":11,"19":11,"20":11,"21":11,"22":11,"23":11,"24":11,"25":11,"26":110,"27":110,"28":110,"29":88,"30":22,"31":11,"32":1,"33":14,"34":14,"35":14,"36":14,"37":140,"38":14,"39":12,"40":12,"41":120,"42":12,"43":12,"44":12,"45":10,"46":9,"47":9,"48":1,"49":6,"50":6,"51":6},"f":{"0":14,"1":100,"2":140,"3":12,"4":11,"5":110,"6":14,"7":140,"8":120},"b":{"0":[10,130],"1":[10,110],"2":[1,11],"3":[88,22],"4":[110,88],"5":[9,1],"6":[1,8],"7":[5,1]},"_coverageSchema":"1a1c01bbd47fc00a2c39e90264f33305004495a9","hash":"56676550caa36f6d45473f114fb458a6d659e3cb"}
}
