{"/Users/baris/Desktop/Dev/Therapy_New/constants/Colors.ts": {"path":"/Users/baris/Desktop/Dev/Therapy_New/constants/Colors.ts","statementMap":{"0":{"start":{"line":2,"column":23},"end":{"line":2,"column":32}},"1":{"start":{"line":3,"column":22},"end":{"line":3,"column":31}},"2":{"start":{"line":5,"column":22},"end":{"line":28,"column":1}},"3":{"start":{"line":30,"column":29},"end":{"line":41,"column":10}}},"fnMap":{},"branchMap":{},"s":{"0":1,"1":1,"2":1,"3":1},"f":{},"b":{},"_coverageSchema":"1a1c01bbd47fc00a2c39e90264f33305004495a9","hash":"8a6771bacf6321c3164a23193a395c2200cc8bfe"}
,"/Users/baris/Desktop/Dev/Therapy_New/constants/dailyWrite.constants.ts": {"path":"/Users/baris/Desktop/Dev/Therapy_New/constants/dailyWrite.constants.ts","statementMap":{"0":{"start":{"line":5,"column":22},"end":{"line":17,"column":1}},"1":{"start":{"line":20,"column":27},"end":{"line":35,"column":1}}},"fnMap":{},"branchMap":{},"s":{"0":1,"1":1},"f":{},"b":{},"_coverageSchema":"1a1c01bbd47fc00a2c39e90264f33305004495a9","hash":"9763f87220b6819d784f9d780ece6b680d5600fd"}
,"/Users/baris/Desktop/Dev/Therapy_New/hooks/useDailyReflection.ts": {"path":"/Users/baris/Desktop/Dev/Therapy_New/hooks/useDailyReflection.ts","statementMap":{"0":{"start":{"line":21,"column":26},"end":{"line":21,"column":50}},"1":{"start":{"line":24,"column":19},"end":{"line":24,"column":30}},"2":{"start":{"line":25,"column":21},"end":{"line":25,"column":30}},"3":{"start":{"line":27,"column":28},"end":{"line":27,"column":38}},"4":{"start":{"line":28,"column":36},"end":{"line":28,"column":52}},"5":{"start":{"line":30,"column":38},"end":{"line":30,"column":49}},"6":{"start":{"line":31,"column":28},"end":{"line":31,"column":40}},"7":{"start":{"line":32,"column":44},"end":{"line":32,"column":59}},"8":{"start":{"line":33,"column":50},"end":{"line":33,"column":65}},"9":{"start":{"line":35,"column":38},"end":{"line":35,"column":50}},"10":{"start":{"line":36,"column":32},"end":{"line":36,"column":47}},"11":{"start":{"line":37,"column":46},"end":{"line":37,"column":66}},"12":{"start":{"line":38,"column":54},"end":{"line":40,"column":5}},"13":{"start":{"line":41,"column":54},"end":{"line":43,"column":5}},"14":{"start":{"line":44,"column":52},"end":{"line":46,"column":5}},"15":{"start":{"line":48,"column":22},"end":{"line":48,"column":59}},"16":{"start":{"line":49,"column":22},"end":{"line":49,"column":59}},"17":{"start":{"line":50,"column":19},"end":{"line":50,"column":71}},"18":{"start":{"line":51,"column":19},"end":{"line":51,"column":71}},"19":{"start":{"line":59,"column":8},"end":{"line":59,"column":44}},"20":{"start":{"line":61,"column":4},"end":{"line":65,"column":28}},"21":{"start":{"line":62,"column":8},"end":{"line":64,"column":9}},"22":{"start":{"line":63,"column":12},"end":{"line":63,"column":22}},"23":{"start":{"line":67,"column":4},"end":{"line":107,"column":36}},"24":{"start":{"line":68,"column":32},"end":{"line":91,"column":9}},"25":{"start":{"line":75,"column":12},"end":{"line":90,"column":14}},"26":{"start":{"line":93,"column":8},"end":{"line":93,"column":78}},"27":{"start":{"line":94,"column":22},"end":{"line":97,"column":16}},"28":{"start":{"line":95,"column":12},"end":{"line":96,"column":25}},"29":{"start":{"line":99,"column":8},"end":{"line":104,"column":19}},"30":{"start":{"line":106,"column":8},"end":{"line":106,"column":41}},"31":{"start":{"line":106,"column":21},"end":{"line":106,"column":40}},"32":{"start":{"line":109,"column":25},"end":{"line":122,"column":5}},"33":{"start":{"line":110,"column":8},"end":{"line":121,"column":19}},"34":{"start":{"line":125,"column":8},"end":{"line":125,"column":36}},"35":{"start":{"line":125,"column":29},"end":{"line":125,"column":36}},"36":{"start":{"line":126,"column":8},"end":{"line":126,"column":24}},"37":{"start":{"line":128,"column":8},"end":{"line":128,"column":25}},"38":{"start":{"line":129,"column":8},"end":{"line":129,"column":33}},"39":{"start":{"line":131,"column":8},"end":{"line":240,"column":9}},"40":{"start":{"line":133,"column":30},"end":{"line":133,"column":70}},"41":{"start":{"line":134,"column":36},"end":{"line":149,"column":13}},"42":{"start":{"line":152,"column":12},"end":{"line":185,"column":13}},"43":{"start":{"line":155,"column":16},"end":{"line":174,"column":17}},"44":{"start":{"line":157,"column":20},"end":{"line":165,"column":21}},"45":{"start":{"line":158,"column":24},"end":{"line":158,"column":64}},"46":{"start":{"line":161,"column":24},"end":{"line":164,"column":26}},"47":{"start":{"line":168,"column":20},"end":{"line":173,"column":22}},"48":{"start":{"line":177,"column":16},"end":{"line":184,"column":17}},"49":{"start":{"line":178,"column":20},"end":{"line":178,"column":65}},"50":{"start":{"line":180,"column":20},"end":{"line":183,"column":22}},"51":{"start":{"line":188,"column":31},"end":{"line":189,"column":57}},"52":{"start":{"line":190,"column":12},"end":{"line":190,"column":37}},"53":{"start":{"line":192,"column":12},"end":{"line":195,"column":13}},"54":{"start":{"line":193,"column":16},"end":{"line":193,"column":53}},"55":{"start":{"line":194,"column":16},"end":{"line":194,"column":43}},"56":{"start":{"line":197,"column":12},"end":{"line":199,"column":13}},"57":{"start":{"line":198,"column":16},"end":{"line":198,"column":61}},"58":{"start":{"line":201,"column":12},"end":{"line":203,"column":13}},"59":{"start":{"line":202,"column":16},"end":{"line":202,"column":59}},"60":{"start":{"line":206,"column":12},"end":{"line":206,"column":64}},"61":{"start":{"line":209,"column":12},"end":{"line":227,"column":13}},"62":{"start":{"line":210,"column":16},"end":{"line":214,"column":19}},"63":{"start":{"line":215,"column":19},"end":{"line":227,"column":13}},"64":{"start":{"line":216,"column":16},"end":{"line":220,"column":19}},"65":{"start":{"line":222,"column":16},"end":{"line":226,"column":19}},"66":{"start":{"line":230,"column":12},"end":{"line":230,"column":62}},"67":{"start":{"line":230,"column":29},"end":{"line":230,"column":54}},"68":{"start":{"line":233,"column":12},"end":{"line":237,"column":15}},"69":{"start":{"line":239,"column":12},"end":{"line":239,"column":29}},"70":{"start":{"line":244,"column":8},"end":{"line":244,"column":65}},"71":{"start":{"line":244,"column":58},"end":{"line":244,"column":65}},"72":{"start":{"line":246,"column":8},"end":{"line":278,"column":9}},"73":{"start":{"line":248,"column":30},"end":{"line":253,"column":13}},"74":{"start":{"line":255,"column":12},"end":{"line":255,"column":35}},"75":{"start":{"line":255,"column":23},"end":{"line":255,"column":35}},"76":{"start":{"line":257,"column":12},"end":{"line":257,"column":40}},"77":{"start":{"line":258,"column":12},"end":{"line":267,"column":15}},"78":{"start":{"line":269,"column":12},"end":{"line":269,"column":75}},"79":{"start":{"line":270,"column":12},"end":{"line":277,"column":15}},"80":{"start":{"line":282,"column":8},"end":{"line":282,"column":34}},"81":{"start":{"line":283,"column":28},"end":{"line":283,"column":66}},"82":{"start":{"line":285,"column":8},"end":{"line":317,"column":9}},"83":{"start":{"line":287,"column":12},"end":{"line":297,"column":13}},"84":{"start":{"line":288,"column":33},"end":{"line":295,"column":17}},"85":{"start":{"line":296,"column":16},"end":{"line":296,"column":38}},"86":{"start":{"line":299,"column":12},"end":{"line":304,"column":15}},"87":{"start":{"line":305,"column":12},"end":{"line":305,"column":69}},"88":{"start":{"line":308,"column":12},"end":{"line":308,"column":24}},"89":{"start":{"line":309,"column":12},"end":{"line":309,"column":29}},"90":{"start":{"line":310,"column":12},"end":{"line":310,"column":33}},"91":{"start":{"line":311,"column":12},"end":{"line":311,"column":39}},"92":{"start":{"line":312,"column":12},"end":{"line":312,"column":39}},"93":{"start":{"line":313,"column":12},"end":{"line":313,"column":38}},"94":{"start":{"line":316,"column":12},"end":{"line":316,"column":29}},"95":{"start":{"line":320,"column":19},"end":{"line":328,"column":5}},"96":{"start":{"line":330,"column":4},"end":{"line":369,"column":6}},"97":{"start":{"line":364,"column":37},"end":{"line":364,"column":50}},"98":{"start":{"line":365,"column":16},"end":{"line":365,"column":43}},"99":{"start":{"line":366,"column":16},"end":{"line":366,"column":41}}},"fnMap":{"0":{"name":"useDailyReflection","decl":{"start":{"line":23,"column":16},"end":{"line":23,"column":34}},"loc":{"start":{"line":23,"column":37},"end":{"line":370,"column":1}},"line":23},"1":{"name":"(anonymous_1)","decl":{"start":{"line":61,"column":14},"end":{"line":61,"column":15}},"loc":{"start":{"line":61,"column":20},"end":{"line":65,"column":5}},"line":61},"2":{"name":"(anonymous_2)","decl":{"start":{"line":67,"column":14},"end":{"line":67,"column":15}},"loc":{"start":{"line":67,"column":20},"end":{"line":107,"column":5}},"line":67},"3":{"name":"(anonymous_3)","decl":{"start":{"line":68,"column":32},"end":{"line":68,"column":33}},"loc":{"start":{"line":74,"column":13},"end":{"line":91,"column":9}},"line":74},"4":{"name":"(anonymous_4)","decl":{"start":{"line":94,"column":33},"end":{"line":94,"column":34}},"loc":{"start":{"line":94,"column":39},"end":{"line":97,"column":9}},"line":94},"5":{"name":"(anonymous_5)","decl":{"start":{"line":106,"column":15},"end":{"line":106,"column":16}},"loc":{"start":{"line":106,"column":21},"end":{"line":106,"column":40}},"line":106},"6":{"name":"(anonymous_6)","decl":{"start":{"line":109,"column":25},"end":{"line":109,"column":26}},"loc":{"start":{"line":109,"column":31},"end":{"line":122,"column":5}},"line":109},"7":{"name":"saveSession","decl":{"start":{"line":124,"column":19},"end":{"line":124,"column":30}},"loc":{"start":{"line":124,"column":33},"end":{"line":241,"column":5}},"line":124},"8":{"name":"(anonymous_8)","decl":{"start":{"line":230,"column":23},"end":{"line":230,"column":24}},"loc":{"start":{"line":230,"column":29},"end":{"line":230,"column":54}},"line":230},"9":{"name":"handleSatisfaction","decl":{"start":{"line":243,"column":19},"end":{"line":243,"column":37}},"loc":{"start":{"line":243,"column":53},"end":{"line":279,"column":5}},"line":243},"10":{"name":"closeFeedback","decl":{"start":{"line":281,"column":13},"end":{"line":281,"column":26}},"loc":{"start":{"line":281,"column":29},"end":{"line":318,"column":5}},"line":281},"11":{"name":"(anonymous_11)","decl":{"start":{"line":363,"column":31},"end":{"line":363,"column":32}},"loc":{"start":{"line":363,"column":46},"end":{"line":367,"column":13}},"line":363}},"branchMap":{"0":{"loc":{"start":{"line":62,"column":8},"end":{"line":64,"column":9}},"type":"if","locations":[{"start":{"line":62,"column":8},"end":{"line":64,"column":9}},{"start":{},"end":{}}],"line":62},"1":{"loc":{"start":{"line":125,"column":8},"end":{"line":125,"column":36}},"type":"if","locations":[{"start":{"line":125,"column":8},"end":{"line":125,"column":36}},{"start":{},"end":{}}],"line":125},"2":{"loc":{"start":{"line":125,"column":12},"end":{"line":125,"column":27}},"type":"binary-expr","locations":[{"start":{"line":125,"column":12},"end":{"line":125,"column":17}},{"start":{"line":125,"column":21},"end":{"line":125,"column":27}}],"line":125},"3":{"loc":{"start":{"line":152,"column":12},"end":{"line":185,"column":13}},"type":"if","locations":[{"start":{"line":152,"column":12},"end":{"line":185,"column":13}},{"start":{},"end":{}}],"line":152},"4":{"loc":{"start":{"line":157,"column":20},"end":{"line":165,"column":21}},"type":"if","locations":[{"start":{"line":157,"column":20},"end":{"line":165,"column":21}},{"start":{"line":159,"column":27},"end":{"line":165,"column":21}}],"line":157},"5":{"loc":{"start":{"line":162,"column":35},"end":{"line":162,"column":69}},"type":"binary-expr","locations":[{"start":{"line":162,"column":35},"end":{"line":162,"column":48}},{"start":{"line":162,"column":52},"end":{"line":162,"column":69}}],"line":162},"6":{"loc":{"start":{"line":169,"column":31},"end":{"line":171,"column":42}},"type":"cond-expr","locations":[{"start":{"line":170,"column":30},"end":{"line":170,"column":43}},{"start":{"line":171,"column":30},"end":{"line":171,"column":42}}],"line":169},"7":{"loc":{"start":{"line":177,"column":16},"end":{"line":184,"column":17}},"type":"if","locations":[{"start":{"line":177,"column":16},"end":{"line":184,"column":17}},{"start":{"line":179,"column":23},"end":{"line":184,"column":17}}],"line":177},"8":{"loc":{"start":{"line":182,"column":24},"end":{"line":182,"column":55}},"type":"binary-expr","locations":[{"start":{"line":182,"column":24},"end":{"line":182,"column":40}},{"start":{"line":182,"column":44},"end":{"line":182,"column":55}}],"line":182},"9":{"loc":{"start":{"line":188,"column":31},"end":{"line":189,"column":57}},"type":"binary-expr","locations":[{"start":{"line":188,"column":31},"end":{"line":188,"column":47}},{"start":{"line":189,"column":16},"end":{"line":189,"column":57}}],"line":188},"10":{"loc":{"start":{"line":192,"column":12},"end":{"line":195,"column":13}},"type":"if","locations":[{"start":{"line":192,"column":12},"end":{"line":195,"column":13}},{"start":{},"end":{}}],"line":192},"11":{"loc":{"start":{"line":197,"column":12},"end":{"line":199,"column":13}},"type":"if","locations":[{"start":{"line":197,"column":12},"end":{"line":199,"column":13}},{"start":{},"end":{}}],"line":197},"12":{"loc":{"start":{"line":201,"column":12},"end":{"line":203,"column":13}},"type":"if","locations":[{"start":{"line":201,"column":12},"end":{"line":203,"column":13}},{"start":{},"end":{}}],"line":201},"13":{"loc":{"start":{"line":209,"column":12},"end":{"line":227,"column":13}},"type":"if","locations":[{"start":{"line":209,"column":12},"end":{"line":227,"column":13}},{"start":{"line":215,"column":19},"end":{"line":227,"column":13}}],"line":209},"14":{"loc":{"start":{"line":215,"column":19},"end":{"line":227,"column":13}},"type":"if","locations":[{"start":{"line":215,"column":19},"end":{"line":227,"column":13}},{"start":{"line":221,"column":19},"end":{"line":227,"column":13}}],"line":215},"15":{"loc":{"start":{"line":235,"column":22},"end":{"line":235,"column":69}},"type":"cond-expr","locations":[{"start":{"line":235,"column":40},"end":{"line":235,"column":48}},{"start":{"line":235,"column":51},"end":{"line":235,"column":69}}],"line":235},"16":{"loc":{"start":{"line":244,"column":8},"end":{"line":244,"column":65}},"type":"if","locations":[{"start":{"line":244,"column":8},"end":{"line":244,"column":65}},{"start":{},"end":{}}],"line":244},"17":{"loc":{"start":{"line":244,"column":12},"end":{"line":244,"column":56}},"type":"binary-expr","locations":[{"start":{"line":244,"column":12},"end":{"line":244,"column":26}},{"start":{"line":244,"column":30},"end":{"line":244,"column":56}}],"line":244},"18":{"loc":{"start":{"line":255,"column":12},"end":{"line":255,"column":35}},"type":"if","locations":[{"start":{"line":255,"column":12},"end":{"line":255,"column":35}},{"start":{},"end":{}}],"line":255},"19":{"loc":{"start":{"line":287,"column":12},"end":{"line":297,"column":13}},"type":"if","locations":[{"start":{"line":287,"column":12},"end":{"line":297,"column":13}},{"start":{},"end":{}}],"line":287}},"s":{"0":1,"1":39,"2":39,"3":39,"4":39,"5":39,"6":39,"7":39,"8":39,"9":39,"10":39,"11":39,"12":39,"13":39,"14":39,"15":39,"16":39,"17":39,"18":39,"19":39,"20":39,"21":8,"22":8,"23":39,"24":8,"25":8,"26":8,"27":8,"28":0,"29":8,"30":8,"31":8,"32":39,"33":1,"34":7,"35":2,"36":5,"37":5,"38":5,"39":5,"40":5,"41":5,"42":3,"43":2,"44":2,"45":2,"46":0,"47":0,"48":2,"49":1,"50":1,"51":1,"52":1,"53":1,"54":1,"55":1,"56":1,"57":1,"58":1,"59":1,"60":3,"61":3,"62":1,"63":2,"64":1,"65":1,"66":3,"67":2,"68":3,"69":4,"70":3,"71":1,"72":2,"73":2,"74":2,"75":1,"76":1,"77":1,"78":1,"79":1,"80":2,"81":2,"82":2,"83":2,"84":2,"85":2,"86":1,"87":1,"88":2,"89":2,"90":2,"91":2,"92":2,"93":2,"94":2,"95":39,"96":39,"97":1,"98":1,"99":1},"f":{"0":39,"1":8,"2":8,"3":8,"4":0,"5":8,"6":1,"7":7,"8":2,"9":3,"10":2,"11":1},"b":{"0":[8,0],"1":[2,5],"2":[7,6],"3":[2,1],"4":[2,0],"5":[0,0],"6":[0,0],"7":[1,1],"8":[1,0],"9":[1,0],"10":[1,0],"11":[1,0],"12":[1,0],"13":[1,2],"14":[1,1],"15":[2,1],"16":[1,2],"17":[3,2],"18":[1,1],"19":[2,0]},"_coverageSchema":"1a1c01bbd47fc00a2c39e90264f33305004495a9","hash":"c19103e4cb925aed3d96b18feae1d8d5f9c61523"}
,"/Users/baris/Desktop/Dev/Therapy_New/hooks/useDiary.ts": {"path":"/Users/baris/Desktop/Dev/Therapy_New/hooks/useDiary.ts","statementMap":{"0":{"start":{"line":23,"column":24},"end":{"line":23,"column":40}},"1":{"start":{"line":24,"column":21},"end":{"line":24,"column":30}},"2":{"start":{"line":26,"column":28},"end":{"line":26,"column":55}},"3":{"start":{"line":27,"column":50},"end":{"line":27,"column":79}},"4":{"start":{"line":30,"column":21},"end":{"line":30,"column":59}},"5":{"start":{"line":33,"column":25},"end":{"line":33,"column":47}},"6":{"start":{"line":38,"column":8},"end":{"line":41,"column":6}},"7":{"start":{"line":43,"column":36},"end":{"line":47,"column":6}},"8":{"start":{"line":45,"column":23},"end":{"line":45,"column":53}},"9":{"start":{"line":51,"column":30},"end":{"line":101,"column":6}},"10":{"start":{"line":53,"column":12},"end":{"line":58,"column":63}},"11":{"start":{"line":58,"column":26},"end":{"line":58,"column":62}},"12":{"start":{"line":60,"column":12},"end":{"line":60,"column":75}},"13":{"start":{"line":61,"column":36},"end":{"line":63,"column":14}},"14":{"start":{"line":65,"column":51},"end":{"line":73,"column":30}},"15":{"start":{"line":75,"column":12},"end":{"line":78,"column":14}},"16":{"start":{"line":77,"column":30},"end":{"line":77,"column":55}},"17":{"start":{"line":80,"column":12},"end":{"line":80,"column":28}},"18":{"start":{"line":81,"column":12},"end":{"line":81,"column":45}},"19":{"start":{"line":83,"column":12},"end":{"line":83,"column":80}},"20":{"start":{"line":86,"column":12},"end":{"line":91,"column":13}},"21":{"start":{"line":87,"column":16},"end":{"line":90,"column":18}},"22":{"start":{"line":92,"column":12},"end":{"line":96,"column":15}},"23":{"start":{"line":99,"column":12},"end":{"line":99,"column":73}},"24":{"start":{"line":103,"column":32},"end":{"line":119,"column":6}},"25":{"start":{"line":104,"column":41},"end":{"line":104,"column":65}},"26":{"start":{"line":106,"column":12},"end":{"line":109,"column":15}},"27":{"start":{"line":110,"column":12},"end":{"line":110,"column":73}},"28":{"start":{"line":111,"column":12},"end":{"line":111,"column":28}},"29":{"start":{"line":114,"column":12},"end":{"line":118,"column":14}},"30":{"start":{"line":123,"column":32},"end":{"line":126,"column":22}},"31":{"start":{"line":124,"column":8},"end":{"line":124,"column":41}},"32":{"start":{"line":125,"column":8},"end":{"line":125,"column":25}},"33":{"start":{"line":128,"column":28},"end":{"line":131,"column":10}},"34":{"start":{"line":129,"column":8},"end":{"line":129,"column":37}},"35":{"start":{"line":130,"column":8},"end":{"line":130,"column":24}},"36":{"start":{"line":133,"column":27},"end":{"line":136,"column":10}},"37":{"start":{"line":134,"column":8},"end":{"line":134,"column":24}},"38":{"start":{"line":135,"column":8},"end":{"line":135,"column":33}},"39":{"start":{"line":138,"column":28},"end":{"line":142,"column":50}},"40":{"start":{"line":139,"column":8},"end":{"line":141,"column":11}},"41":{"start":{"line":144,"column":30},"end":{"line":146,"column":29}},"42":{"start":{"line":145,"column":8},"end":{"line":145,"column":39}},"43":{"start":{"line":148,"column":4},"end":{"line":182,"column":6}},"44":{"start":{"line":168,"column":29},"end":{"line":168,"column":65}},"45":{"start":{"line":170,"column":16},"end":{"line":170,"column":54}},"46":{"start":{"line":171,"column":16},"end":{"line":171,"column":53}},"47":{"start":{"line":175,"column":16},"end":{"line":175,"column":50}},"48":{"start":{"line":176,"column":16},"end":{"line":176,"column":53}}},"fnMap":{"0":{"name":"useDiary","decl":{"start":{"line":22,"column":16},"end":{"line":22,"column":24}},"loc":{"start":{"line":22,"column":27},"end":{"line":183,"column":1}},"line":22},"1":{"name":"(anonymous_1)","decl":{"start":{"line":45,"column":17},"end":{"line":45,"column":18}},"loc":{"start":{"line":45,"column":23},"end":{"line":45,"column":53}},"line":45},"2":{"name":"(anonymous_2)","decl":{"start":{"line":52,"column":20},"end":{"line":52,"column":21}},"loc":{"start":{"line":53,"column":12},"end":{"line":58,"column":63}},"line":53},"3":{"name":"(anonymous_3)","decl":{"start":{"line":58,"column":20},"end":{"line":58,"column":21}},"loc":{"start":{"line":58,"column":26},"end":{"line":58,"column":62}},"line":58},"4":{"name":"(anonymous_4)","decl":{"start":{"line":59,"column":18},"end":{"line":59,"column":19}},"loc":{"start":{"line":59,"column":30},"end":{"line":84,"column":9}},"line":59},"5":{"name":"(anonymous_5)","decl":{"start":{"line":77,"column":16},"end":{"line":77,"column":17}},"loc":{"start":{"line":77,"column":30},"end":{"line":77,"column":55}},"line":77},"6":{"name":"(anonymous_6)","decl":{"start":{"line":85,"column":17},"end":{"line":85,"column":18}},"loc":{"start":{"line":85,"column":47},"end":{"line":97,"column":9}},"line":85},"7":{"name":"(anonymous_7)","decl":{"start":{"line":98,"column":19},"end":{"line":98,"column":20}},"loc":{"start":{"line":98,"column":25},"end":{"line":100,"column":9}},"line":98},"8":{"name":"(anonymous_8)","decl":{"start":{"line":104,"column":20},"end":{"line":104,"column":21}},"loc":{"start":{"line":104,"column":41},"end":{"line":104,"column":65}},"line":104},"9":{"name":"(anonymous_9)","decl":{"start":{"line":105,"column":19},"end":{"line":105,"column":20}},"loc":{"start":{"line":105,"column":25},"end":{"line":112,"column":9}},"line":105},"10":{"name":"(anonymous_10)","decl":{"start":{"line":113,"column":17},"end":{"line":113,"column":18}},"loc":{"start":{"line":114,"column":12},"end":{"line":118,"column":14}},"line":114},"11":{"name":"(anonymous_11)","decl":{"start":{"line":123,"column":44},"end":{"line":123,"column":45}},"loc":{"start":{"line":123,"column":50},"end":{"line":126,"column":5}},"line":123},"12":{"name":"(anonymous_12)","decl":{"start":{"line":128,"column":40},"end":{"line":128,"column":41}},"loc":{"start":{"line":128,"column":66},"end":{"line":131,"column":5}},"line":128},"13":{"name":"(anonymous_13)","decl":{"start":{"line":133,"column":39},"end":{"line":133,"column":40}},"loc":{"start":{"line":133,"column":45},"end":{"line":136,"column":5}},"line":133},"14":{"name":"(anonymous_14)","decl":{"start":{"line":138,"column":40},"end":{"line":138,"column":41}},"loc":{"start":{"line":138,"column":46},"end":{"line":142,"column":5}},"line":138},"15":{"name":"(anonymous_15)","decl":{"start":{"line":144,"column":42},"end":{"line":144,"column":43}},"loc":{"start":{"line":144,"column":58},"end":{"line":146,"column":5}},"line":144},"16":{"name":"(anonymous_16)","decl":{"start":{"line":168,"column":23},"end":{"line":168,"column":24}},"loc":{"start":{"line":168,"column":29},"end":{"line":168,"column":65}},"line":168},"17":{"name":"(anonymous_17)","decl":{"start":{"line":169,"column":24},"end":{"line":169,"column":25}},"loc":{"start":{"line":169,"column":30},"end":{"line":172,"column":13}},"line":169},"18":{"name":"(anonymous_18)","decl":{"start":{"line":174,"column":28},"end":{"line":174,"column":29}},"loc":{"start":{"line":174,"column":43},"end":{"line":177,"column":13}},"line":174}},"branchMap":{"0":{"loc":{"start":{"line":30,"column":21},"end":{"line":30,"column":59}},"type":"binary-expr","locations":[{"start":{"line":30,"column":21},"end":{"line":30,"column":50}},{"start":{"line":30,"column":54},"end":{"line":30,"column":59}}],"line":30},"1":{"loc":{"start":{"line":36,"column":14},"end":{"line":36,"column":30}},"type":"default-arg","locations":[{"start":{"line":36,"column":28},"end":{"line":36,"column":30}}],"line":36},"2":{"loc":{"start":{"line":77,"column":17},"end":{"line":77,"column":25}},"type":"default-arg","locations":[{"start":{"line":77,"column":23},"end":{"line":77,"column":25}}],"line":77},"3":{"loc":{"start":{"line":86,"column":12},"end":{"line":91,"column":13}},"type":"if","locations":[{"start":{"line":86,"column":12},"end":{"line":91,"column":13}},{"start":{},"end":{}}],"line":86}},"s":{"0":32,"1":32,"2":32,"3":32,"4":32,"5":32,"6":32,"7":32,"8":3,"9":32,"10":2,"11":1,"12":2,"13":2,"14":2,"15":2,"16":2,"17":2,"18":2,"19":2,"20":1,"21":1,"22":1,"23":2,"24":32,"25":2,"26":1,"27":1,"28":1,"29":1,"30":32,"31":2,"32":2,"33":32,"34":3,"35":3,"36":32,"37":1,"38":1,"39":32,"40":2,"41":32,"42":2,"43":32,"44":1,"45":1,"46":1,"47":1,"48":1},"f":{"0":32,"1":3,"2":2,"3":1,"4":2,"5":2,"6":1,"7":2,"8":2,"9":1,"10":1,"11":2,"12":3,"13":1,"14":2,"15":2,"16":1,"17":1,"18":1},"b":{"0":[32,0],"1":[17],"2":[0],"3":[1,0]},"_coverageSchema":"1a1c01bbd47fc00a2c39e90264f33305004495a9","hash":"fd21e2b120afe92a8e1fc0ff96227009b3857c9a"}
,"/Users/baris/Desktop/Dev/Therapy_New/hooks/useDiaryConversation.ts": {"path":"/Users/baris/Desktop/Dev/Therapy_New/hooks/useDiaryConversation.ts","statementMap":{"0":{"start":{"line":19,"column":36},"end":{"line":19,"column":59}},"1":{"start":{"line":20,"column":52},"end":{"line":20,"column":74}},"2":{"start":{"line":21,"column":44},"end":{"line":21,"column":56}},"3":{"start":{"line":22,"column":48},"end":{"line":22,"column":63}},"4":{"start":{"line":23,"column":54},"end":{"line":25,"column":28}},"5":{"start":{"line":26,"column":56},"end":{"line":28,"column":5}},"6":{"start":{"line":29,"column":48},"end":{"line":29,"column":77}},"7":{"start":{"line":33,"column":33},"end":{"line":78,"column":6}},"8":{"start":{"line":37,"column":36},"end":{"line":52,"column":13}},"9":{"start":{"line":54,"column":12},"end":{"line":54,"column":35}},"10":{"start":{"line":54,"column":23},"end":{"line":54,"column":35}},"11":{"start":{"line":55,"column":12},"end":{"line":55,"column":48}},"12":{"start":{"line":58,"column":12},"end":{"line":60,"column":13}},"13":{"start":{"line":59,"column":16},"end":{"line":59,"column":55}},"14":{"start":{"line":61,"column":12},"end":{"line":64,"column":16}},"15":{"start":{"line":61,"column":44},"end":{"line":64,"column":13}},"16":{"start":{"line":65,"column":12},"end":{"line":70,"column":13}},"17":{"start":{"line":66,"column":16},"end":{"line":66,"column":44}},"18":{"start":{"line":67,"column":16},"end":{"line":67,"column":40}},"19":{"start":{"line":69,"column":16},"end":{"line":69,"column":66}},"20":{"start":{"line":73,"column":12},"end":{"line":77,"column":14}},"21":{"start":{"line":82,"column":30},"end":{"line":90,"column":10}},"22":{"start":{"line":83,"column":8},"end":{"line":83,"column":24}},"23":{"start":{"line":84,"column":8},"end":{"line":84,"column":32}},"24":{"start":{"line":85,"column":8},"end":{"line":85,"column":28}},"25":{"start":{"line":86,"column":8},"end":{"line":86,"column":33}},"26":{"start":{"line":87,"column":8},"end":{"line":87,"column":52}},"27":{"start":{"line":88,"column":8},"end":{"line":88,"column":37}},"28":{"start":{"line":89,"column":8},"end":{"line":89,"column":32}},"29":{"start":{"line":92,"column":23},"end":{"line":100,"column":10}},"30":{"start":{"line":97,"column":8},"end":{"line":99,"column":77}},"31":{"start":{"line":99,"column":13},"end":{"line":99,"column":75}},"32":{"start":{"line":102,"column":25},"end":{"line":135,"column":6}},"33":{"start":{"line":103,"column":8},"end":{"line":103,"column":75}},"34":{"start":{"line":103,"column":68},"end":{"line":103,"column":75}},"35":{"start":{"line":105,"column":30},"end":{"line":105,"column":49}},"36":{"start":{"line":108,"column":8},"end":{"line":116,"column":9}},"37":{"start":{"line":110,"column":12},"end":{"line":110,"column":75}},"38":{"start":{"line":111,"column":12},"end":{"line":111,"column":44}},"39":{"start":{"line":112,"column":12},"end":{"line":112,"column":68}},"40":{"start":{"line":114,"column":12},"end":{"line":114,"column":44}},"41":{"start":{"line":115,"column":12},"end":{"line":115,"column":42}},"42":{"start":{"line":118,"column":8},"end":{"line":122,"column":11}},"43":{"start":{"line":125,"column":8},"end":{"line":125,"column":28}},"44":{"start":{"line":126,"column":8},"end":{"line":126,"column":32}},"45":{"start":{"line":127,"column":8},"end":{"line":127,"column":33}},"46":{"start":{"line":128,"column":8},"end":{"line":128,"column":32}},"47":{"start":{"line":137,"column":4},"end":{"line":155,"column":6}}},"fnMap":{"0":{"name":"useDiaryConversation","decl":{"start":{"line":18,"column":16},"end":{"line":18,"column":36}},"loc":{"start":{"line":18,"column":39},"end":{"line":156,"column":1}},"line":18},"1":{"name":"(anonymous_1)","decl":{"start":{"line":34,"column":20},"end":{"line":34,"column":21}},"loc":{"start":{"line":36,"column":13},"end":{"line":56,"column":9}},"line":36},"2":{"name":"(anonymous_2)","decl":{"start":{"line":57,"column":19},"end":{"line":57,"column":20}},"loc":{"start":{"line":57,"column":55},"end":{"line":71,"column":9}},"line":57},"3":{"name":"(anonymous_3)","decl":{"start":{"line":61,"column":33},"end":{"line":61,"column":34}},"loc":{"start":{"line":61,"column":44},"end":{"line":64,"column":13}},"line":61},"4":{"name":"(anonymous_4)","decl":{"start":{"line":72,"column":17},"end":{"line":72,"column":18}},"loc":{"start":{"line":73,"column":12},"end":{"line":77,"column":14}},"line":73},"5":{"name":"(anonymous_5)","decl":{"start":{"line":82,"column":42},"end":{"line":82,"column":43}},"loc":{"start":{"line":82,"column":48},"end":{"line":90,"column":5}},"line":82},"6":{"name":"(anonymous_6)","decl":{"start":{"line":92,"column":35},"end":{"line":92,"column":36}},"loc":{"start":{"line":96,"column":9},"end":{"line":100,"column":5}},"line":96},"7":{"name":"(anonymous_7)","decl":{"start":{"line":97,"column":20},"end":{"line":97,"column":21}},"loc":{"start":{"line":99,"column":13},"end":{"line":99,"column":75}},"line":99},"8":{"name":"(anonymous_8)","decl":{"start":{"line":102,"column":37},"end":{"line":102,"column":38}},"loc":{"start":{"line":102,"column":43},"end":{"line":129,"column":5}},"line":102}},"branchMap":{"0":{"loc":{"start":{"line":54,"column":12},"end":{"line":54,"column":35}},"type":"if","locations":[{"start":{"line":54,"column":12},"end":{"line":54,"column":35}},{"start":{},"end":{}}],"line":54},"1":{"loc":{"start":{"line":58,"column":12},"end":{"line":60,"column":13}},"type":"if","locations":[{"start":{"line":58,"column":12},"end":{"line":60,"column":13}},{"start":{},"end":{}}],"line":58},"2":{"loc":{"start":{"line":65,"column":12},"end":{"line":70,"column":13}},"type":"if","locations":[{"start":{"line":65,"column":12},"end":{"line":70,"column":13}},{"start":{"line":68,"column":19},"end":{"line":70,"column":13}}],"line":65},"3":{"loc":{"start":{"line":69,"column":36},"end":{"line":69,"column":64}},"type":"binary-expr","locations":[{"start":{"line":69,"column":36},"end":{"line":69,"column":58}},{"start":{"line":69,"column":62},"end":{"line":69,"column":64}}],"line":69},"4":{"loc":{"start":{"line":103,"column":8},"end":{"line":103,"column":75}},"type":"if","locations":[{"start":{"line":103,"column":8},"end":{"line":103,"column":75}},{"start":{},"end":{}}],"line":103},"5":{"loc":{"start":{"line":103,"column":12},"end":{"line":103,"column":66}},"type":"binary-expr","locations":[{"start":{"line":103,"column":12},"end":{"line":103,"column":32}},{"start":{"line":103,"column":36},"end":{"line":103,"column":66}}],"line":103},"6":{"loc":{"start":{"line":108,"column":8},"end":{"line":116,"column":9}},"type":"if","locations":[{"start":{"line":108,"column":8},"end":{"line":116,"column":9}},{"start":{"line":113,"column":15},"end":{"line":116,"column":9}}],"line":108}},"s":{"0":48,"1":48,"2":48,"3":48,"4":48,"5":48,"6":48,"7":48,"8":8,"9":6,"10":0,"11":6,"12":6,"13":6,"14":6,"15":6,"16":6,"17":1,"18":1,"19":5,"20":1,"21":48,"22":1,"23":1,"24":1,"25":1,"26":1,"27":1,"28":1,"29":48,"30":15,"31":15,"32":48,"33":10,"34":2,"35":8,"36":8,"37":1,"38":1,"39":1,"40":7,"41":7,"42":8,"43":8,"44":8,"45":8,"46":8,"47":48},"f":{"0":48,"1":8,"2":6,"3":6,"4":1,"5":1,"6":15,"7":15,"8":10},"b":{"0":[0,6],"1":[6,0],"2":[1,5],"3":[5,0],"4":[2,8],"5":[10,8],"6":[1,7]},"_coverageSchema":"1a1c01bbd47fc00a2c39e90264f33305004495a9","hash":"0480f15ec75d7fbab5dcee3ec4b5e3190c022161"}
,"/Users/baris/Desktop/Dev/Therapy_New/hooks/useProtectedRoute.ts": {"path":"/Users/baris/Desktop/Dev/Therapy_New/hooks/useProtectedRoute.ts","statementMap":{"0":{"start":{"line":7,"column":33},"end":{"line":40,"column":1}},"1":{"start":{"line":8,"column":45},"end":{"line":8,"column":54}},"2":{"start":{"line":14,"column":53},"end":{"line":14,"column":63}},"3":{"start":{"line":16,"column":19},"end":{"line":16,"column":32}},"4":{"start":{"line":17,"column":17},"end":{"line":17,"column":28}},"5":{"start":{"line":19,"column":2},"end":{"line":39,"column":69}},"6":{"start":{"line":20,"column":22},"end":{"line":20,"column":53}},"7":{"start":{"line":21,"column":4},"end":{"line":23,"column":5}},"8":{"start":{"line":22,"column":6},"end":{"line":22,"column":13}},"9":{"start":{"line":24,"column":24},"end":{"line":24,"column":48}},"10":{"start":{"line":27,"column":27},"end":{"line":27,"column":56}},"11":{"start":{"line":29,"column":4},"end":{"line":34,"column":5}},"12":{"start":{"line":30,"column":6},"end":{"line":32,"column":7}},"13":{"start":{"line":31,"column":8},"end":{"line":31,"column":40}},"14":{"start":{"line":33,"column":6},"end":{"line":33,"column":13}},"15":{"start":{"line":36,"column":4},"end":{"line":38,"column":5}},"16":{"start":{"line":37,"column":6},"end":{"line":37,"column":31}}},"fnMap":{"0":{"name":"(anonymous_0)","decl":{"start":{"line":7,"column":33},"end":{"line":7,"column":34}},"loc":{"start":{"line":7,"column":39},"end":{"line":40,"column":1}},"line":7},"1":{"name":"(anonymous_1)","decl":{"start":{"line":19,"column":12},"end":{"line":19,"column":13}},"loc":{"start":{"line":19,"column":18},"end":{"line":39,"column":3}},"line":19}},"branchMap":{"0":{"loc":{"start":{"line":20,"column":22},"end":{"line":20,"column":53}},"type":"binary-expr","locations":[{"start":{"line":20,"column":22},"end":{"line":20,"column":35}},{"start":{"line":20,"column":39},"end":{"line":20,"column":53}}],"line":20},"1":{"loc":{"start":{"line":21,"column":4},"end":{"line":23,"column":5}},"type":"if","locations":[{"start":{"line":21,"column":4},"end":{"line":23,"column":5}},{"start":{},"end":{}}],"line":21},"2":{"loc":{"start":{"line":29,"column":4},"end":{"line":34,"column":5}},"type":"if","locations":[{"start":{"line":29,"column":4},"end":{"line":34,"column":5}},{"start":{},"end":{}}],"line":29},"3":{"loc":{"start":{"line":30,"column":6},"end":{"line":32,"column":7}},"type":"if","locations":[{"start":{"line":30,"column":6},"end":{"line":32,"column":7}},{"start":{},"end":{}}],"line":30},"4":{"loc":{"start":{"line":36,"column":4},"end":{"line":38,"column":5}},"type":"if","locations":[{"start":{"line":36,"column":4},"end":{"line":38,"column":5}},{"start":{},"end":{}}],"line":36},"5":{"loc":{"start":{"line":36,"column":8},"end":{"line":36,"column":46}},"type":"binary-expr","locations":[{"start":{"line":36,"column":8},"end":{"line":36,"column":12}},{"start":{"line":36,"column":16},"end":{"line":36,"column":27}},{"start":{"line":36,"column":31},"end":{"line":36,"column":46}}],"line":36}},"s":{"0":1,"1":15,"2":15,"3":15,"4":15,"5":15,"6":15,"7":15,"8":2,"9":13,"10":13,"11":13,"12":6,"13":4,"14":6,"15":7,"16":2},"f":{"0":15,"1":15},"b":{"0":[15,14],"1":[2,13],"2":[6,7],"3":[4,2],"4":[2,5],"5":[7,7,3]},"_coverageSchema":"1a1c01bbd47fc00a2c39e90264f33305004495a9","hash":"dc877acdd19d20a6a31a124196e7070f7c17eaf5"}
,"/Users/baris/Desktop/Dev/Therapy_New/hooks/useSettings.ts": {"path":"/Users/baris/Desktop/Dev/Therapy_New/hooks/useSettings.ts","statementMap":{"0":{"start":{"line":9,"column":27},"end":{"line":148,"column":1}},"1":{"start":{"line":10,"column":19},"end":{"line":10,"column":30}},"2":{"start":{"line":11,"column":42},"end":{"line":11,"column":57}},"3":{"start":{"line":13,"column":26},"end":{"line":46,"column":5}},"4":{"start":{"line":14,"column":8},"end":{"line":45,"column":10}},"5":{"start":{"line":26,"column":24},"end":{"line":41,"column":25}},"6":{"start":{"line":27,"column":28},"end":{"line":27,"column":44}},"7":{"start":{"line":28,"column":28},"end":{"line":28,"column":53}},"8":{"start":{"line":30,"column":49},"end":{"line":32,"column":78}},"9":{"start":{"line":33,"column":28},"end":{"line":36,"column":30}},"10":{"start":{"line":37,"column":28},"end":{"line":40,"column":30}},"11":{"start":{"line":48,"column":29},"end":{"line":85,"column":5}},"12":{"start":{"line":49,"column":8},"end":{"line":49,"column":29}},"13":{"start":{"line":50,"column":8},"end":{"line":84,"column":9}},"14":{"start":{"line":51,"column":30},"end":{"line":53,"column":13}},"15":{"start":{"line":54,"column":12},"end":{"line":54,"column":35}},"16":{"start":{"line":54,"column":23},"end":{"line":54,"column":35}},"17":{"start":{"line":56,"column":12},"end":{"line":59,"column":14}},"18":{"start":{"line":60,"column":12},"end":{"line":60,"column":28}},"19":{"start":{"line":61,"column":12},"end":{"line":61,"column":37}},"20":{"start":{"line":63,"column":12},"end":{"line":63,"column":72}},"21":{"start":{"line":64,"column":31},"end":{"line":64,"column":75}},"22":{"start":{"line":66,"column":12},"end":{"line":76,"column":13}},"23":{"start":{"line":67,"column":16},"end":{"line":75,"column":17}},"24":{"start":{"line":68,"column":20},"end":{"line":69,"column":83}},"25":{"start":{"line":70,"column":23},"end":{"line":75,"column":17}},"26":{"start":{"line":74,"column":20},"end":{"line":74,"column":72}},"27":{"start":{"line":78,"column":12},"end":{"line":81,"column":14}},"28":{"start":{"line":83,"column":12},"end":{"line":83,"column":34}},"29":{"start":{"line":87,"column":28},"end":{"line":141,"column":5}},"30":{"start":{"line":88,"column":33},"end":{"line":88,"column":53}},"31":{"start":{"line":89,"column":8},"end":{"line":140,"column":10}},"32":{"start":{"line":101,"column":24},"end":{"line":136,"column":26}},"33":{"start":{"line":117,"column":40},"end":{"line":130,"column":41}},"34":{"start":{"line":121,"column":44},"end":{"line":128,"column":46}},"35":{"start":{"line":129,"column":44},"end":{"line":129,"column":51}},"36":{"start":{"line":131,"column":40},"end":{"line":131,"column":65}},"37":{"start":{"line":143,"column":4},"end":{"line":147,"column":6}}},"fnMap":{"0":{"name":"(anonymous_0)","decl":{"start":{"line":9,"column":27},"end":{"line":9,"column":28}},"loc":{"start":{"line":9,"column":33},"end":{"line":148,"column":1}},"line":9},"1":{"name":"(anonymous_1)","decl":{"start":{"line":13,"column":26},"end":{"line":13,"column":27}},"loc":{"start":{"line":13,"column":32},"end":{"line":46,"column":5}},"line":13},"2":{"name":"(anonymous_2)","decl":{"start":{"line":25,"column":29},"end":{"line":25,"column":30}},"loc":{"start":{"line":25,"column":41},"end":{"line":42,"column":21}},"line":25},"3":{"name":"(anonymous_3)","decl":{"start":{"line":48,"column":29},"end":{"line":48,"column":30}},"loc":{"start":{"line":48,"column":41},"end":{"line":85,"column":5}},"line":48},"4":{"name":"(anonymous_4)","decl":{"start":{"line":87,"column":28},"end":{"line":87,"column":29}},"loc":{"start":{"line":87,"column":34},"end":{"line":141,"column":5}},"line":87},"5":{"name":"(anonymous_5)","decl":{"start":{"line":100,"column":29},"end":{"line":100,"column":30}},"loc":{"start":{"line":100,"column":35},"end":{"line":137,"column":21}},"line":100},"6":{"name":"(anonymous_6)","decl":{"start":{"line":116,"column":45},"end":{"line":116,"column":46}},"loc":{"start":{"line":116,"column":66},"end":{"line":132,"column":37}},"line":116}},"branchMap":{"0":{"loc":{"start":{"line":30,"column":49},"end":{"line":32,"column":78}},"type":"cond-expr","locations":[{"start":{"line":31,"column":34},"end":{"line":31,"column":47}},{"start":{"line":32,"column":34},"end":{"line":32,"column":78}}],"line":30},"1":{"loc":{"start":{"line":54,"column":12},"end":{"line":54,"column":35}},"type":"if","locations":[{"start":{"line":54,"column":12},"end":{"line":54,"column":35}},{"start":{},"end":{}}],"line":54},"2":{"loc":{"start":{"line":66,"column":12},"end":{"line":76,"column":13}},"type":"if","locations":[{"start":{"line":66,"column":12},"end":{"line":76,"column":13}},{"start":{},"end":{}}],"line":66},"3":{"loc":{"start":{"line":67,"column":16},"end":{"line":75,"column":17}},"type":"if","locations":[{"start":{"line":67,"column":16},"end":{"line":75,"column":17}},{"start":{"line":70,"column":23},"end":{"line":75,"column":17}}],"line":67},"4":{"loc":{"start":{"line":70,"column":23},"end":{"line":75,"column":17}},"type":"if","locations":[{"start":{"line":70,"column":23},"end":{"line":75,"column":17}},{"start":{},"end":{}}],"line":70},"5":{"loc":{"start":{"line":71,"column":20},"end":{"line":72,"column":77}},"type":"binary-expr","locations":[{"start":{"line":71,"column":20},"end":{"line":71,"column":36}},{"start":{"line":72,"column":20},"end":{"line":72,"column":77}}],"line":71},"6":{"loc":{"start":{"line":117,"column":40},"end":{"line":130,"column":41}},"type":"if","locations":[{"start":{"line":117,"column":40},"end":{"line":130,"column":41}},{"start":{},"end":{}}],"line":117}},"s":{"0":1,"1":16,"2":16,"3":16,"4":3,"5":2,"6":2,"7":1,"8":1,"9":1,"10":1,"11":16,"12":4,"13":4,"14":4,"15":2,"16":0,"17":2,"18":2,"19":2,"20":2,"21":2,"22":2,"23":2,"24":1,"25":1,"26":0,"27":2,"28":4,"29":16,"30":7,"31":7,"32":6,"33":5,"34":1,"35":1,"36":4,"37":16},"f":{"0":16,"1":3,"2":2,"3":4,"4":7,"5":6,"6":5},"b":{"0":[1,0],"1":[0,2],"2":[2,0],"3":[1,1],"4":[0,1],"5":[1,0],"6":[1,4]},"_coverageSchema":"1a1c01bbd47fc00a2c39e90264f33305004495a9","hash":"8d9446105db8e89821d8aab0cf96bac6f764ee3c"}
,"/Users/baris/Desktop/Dev/Therapy_New/hooks/useSubscription.ts": {"path":"/Users/baris/Desktop/Dev/Therapy_New/hooks/useSubscription.ts","statementMap":{"0":{"start":{"line":15,"column":18},"end":{"line":19,"column":1}},"1":{"start":{"line":25,"column":2},"end":{"line":28,"column":5}},"2":{"start":{"line":35,"column":53},"end":{"line":38,"column":4}},"3":{"start":{"line":40,"column":20},"end":{"line":40,"column":52}},"4":{"start":{"line":41,"column":19},"end":{"line":41,"column":47}},"5":{"start":{"line":43,"column":2},"end":{"line":49,"column":4}},"6":{"start":{"line":56,"column":2},"end":{"line":59,"column":5}},"7":{"start":{"line":66,"column":45},"end":{"line":66,"column":60}},"8":{"start":{"line":68,"column":17},"end":{"line":73,"column":3}},"9":{"start":{"line":75,"column":2},"end":{"line":75,"column":37}},"10":{"start":{"line":82,"column":22},"end":{"line":82,"column":38}},"11":{"start":{"line":84,"column":2},"end":{"line":94,"column":5}},"12":{"start":{"line":85,"column":39},"end":{"line":85,"column":62}},"13":{"start":{"line":87,"column":6},"end":{"line":87,"column":69}},"14":{"start":{"line":88,"column":6},"end":{"line":88,"column":67}},"15":{"start":{"line":91,"column":6},"end":{"line":91,"column":69}},"16":{"start":{"line":92,"column":6},"end":{"line":92,"column":67}}},"fnMap":{"0":{"name":"useSubscriptionPlans","decl":{"start":{"line":24,"column":16},"end":{"line":24,"column":36}},"loc":{"start":{"line":24,"column":39},"end":{"line":29,"column":1}},"line":24},"1":{"name":"useSubscription","decl":{"start":{"line":34,"column":16},"end":{"line":34,"column":31}},"loc":{"start":{"line":34,"column":34},"end":{"line":50,"column":1}},"line":34},"2":{"name":"useUsageStats","decl":{"start":{"line":55,"column":16},"end":{"line":55,"column":29}},"loc":{"start":{"line":55,"column":32},"end":{"line":60,"column":1}},"line":55},"3":{"name":"useFeatureAccess","decl":{"start":{"line":65,"column":16},"end":{"line":65,"column":32}},"loc":{"start":{"line":65,"column":54},"end":{"line":76,"column":1}},"line":65},"4":{"name":"useUpdateSubscription","decl":{"start":{"line":81,"column":16},"end":{"line":81,"column":37}},"loc":{"start":{"line":81,"column":40},"end":{"line":95,"column":1}},"line":81},"5":{"name":"(anonymous_5)","decl":{"start":{"line":85,"column":16},"end":{"line":85,"column":17}},"loc":{"start":{"line":85,"column":39},"end":{"line":85,"column":62}},"line":85},"6":{"name":"(anonymous_6)","decl":{"start":{"line":86,"column":15},"end":{"line":86,"column":16}},"loc":{"start":{"line":86,"column":21},"end":{"line":89,"column":5}},"line":86},"7":{"name":"(anonymous_7)","decl":{"start":{"line":90,"column":13},"end":{"line":90,"column":14}},"loc":{"start":{"line":90,"column":19},"end":{"line":93,"column":5}},"line":90}},"branchMap":{"0":{"loc":{"start":{"line":41,"column":19},"end":{"line":41,"column":47}},"type":"binary-expr","locations":[{"start":{"line":41,"column":19},"end":{"line":41,"column":37}},{"start":{"line":41,"column":41},"end":{"line":41,"column":47}}],"line":41},"1":{"loc":{"start":{"line":68,"column":17},"end":{"line":73,"column":3}},"type":"binary-expr","locations":[{"start":{"line":68,"column":17},"end":{"line":68,"column":38}},{"start":{"line":68,"column":42},"end":{"line":73,"column":3}}],"line":68}},"s":{"0":1,"1":4,"2":7,"3":7,"4":7,"5":7,"6":13,"7":7,"8":7,"9":7,"10":6,"11":6,"12":4,"13":3,"14":3,"15":1,"16":1},"f":{"0":4,"1":7,"2":13,"3":7,"4":6,"5":4,"6":3,"7":1},"b":{"0":[7,6],"1":[7,6]},"_coverageSchema":"1a1c01bbd47fc00a2c39e90264f33305004495a9","hash":"d88104930a6722ac52137af3b61076cdae209bed"}
,"/Users/baris/Desktop/Dev/Therapy_New/hooks/useTextSessionReducer.ts": {"path":"/Users/baris/Desktop/Dev/Therapy_New/hooks/useTextSessionReducer.ts","statementMap":{"0":{"start":{"line":82,"column":46},"end":{"line":95,"column":1}},"1":{"start":{"line":102,"column":4},"end":{"line":277,"column":5}},"2":{"start":{"line":104,"column":12},"end":{"line":104,"column":55}},"3":{"start":{"line":107,"column":34},"end":{"line":107,"column":66}},"4":{"start":{"line":108,"column":12},"end":{"line":115,"column":14}},"5":{"start":{"line":119,"column":12},"end":{"line":126,"column":14}},"6":{"start":{"line":122,"column":20},"end":{"line":124,"column":29}},"7":{"start":{"line":129,"column":12},"end":{"line":137,"column":14}},"8":{"start":{"line":132,"column":20},"end":{"line":134,"column":29}},"9":{"start":{"line":140,"column":12},"end":{"line":144,"column":14}},"10":{"start":{"line":147,"column":12},"end":{"line":151,"column":14}},"11":{"start":{"line":154,"column":12},"end":{"line":154,"column":58}},"12":{"start":{"line":157,"column":12},"end":{"line":157,"column":58}},"13":{"start":{"line":160,"column":12},"end":{"line":160,"column":61}},"14":{"start":{"line":163,"column":12},"end":{"line":163,"column":55}},"15":{"start":{"line":166,"column":12},"end":{"line":166,"column":56}},"16":{"start":{"line":169,"column":12},"end":{"line":176,"column":14}},"17":{"start":{"line":180,"column":12},"end":{"line":185,"column":14}},"18":{"start":{"line":188,"column":50},"end":{"line":193,"column":13}},"19":{"start":{"line":194,"column":12},"end":{"line":199,"column":14}},"20":{"start":{"line":202,"column":12},"end":{"line":207,"column":14}},"21":{"start":{"line":209,"column":12},"end":{"line":213,"column":14}},"22":{"start":{"line":218,"column":12},"end":{"line":220,"column":13}},"23":{"start":{"line":219,"column":16},"end":{"line":219,"column":29}},"24":{"start":{"line":222,"column":12},"end":{"line":228,"column":14}},"25":{"start":{"line":231,"column":12},"end":{"line":243,"column":14}},"26":{"start":{"line":246,"column":12},"end":{"line":251,"column":14}},"27":{"start":{"line":254,"column":12},"end":{"line":258,"column":14}},"28":{"start":{"line":261,"column":12},"end":{"line":265,"column":14}},"29":{"start":{"line":268,"column":12},"end":{"line":273,"column":14}},"30":{"start":{"line":276,"column":12},"end":{"line":276,"column":25}},"31":{"start":{"line":308,"column":30},"end":{"line":308,"column":74}},"32":{"start":{"line":311,"column":4},"end":{"line":400,"column":49}},"33":{"start":{"line":312,"column":34},"end":{"line":397,"column":9}},"34":{"start":{"line":313,"column":12},"end":{"line":313,"column":70}},"35":{"start":{"line":316,"column":12},"end":{"line":392,"column":13}},"36":{"start":{"line":317,"column":16},"end":{"line":351,"column":17}},"37":{"start":{"line":318,"column":34},"end":{"line":318,"column":61}},"38":{"start":{"line":319,"column":44},"end":{"line":324,"column":28}},"39":{"start":{"line":326,"column":37},"end":{"line":329,"column":23}},"40":{"start":{"line":326,"column":65},"end":{"line":329,"column":21}},"41":{"start":{"line":331,"column":39},"end":{"line":339,"column":35}},"42":{"start":{"line":333,"column":28},"end":{"line":337,"column":41}},"43":{"start":{"line":341,"column":20},"end":{"line":344,"column":23}},"44":{"start":{"line":345,"column":20},"end":{"line":345,"column":70}},"45":{"start":{"line":347,"column":20},"end":{"line":350,"column":23}},"46":{"start":{"line":352,"column":19},"end":{"line":392,"column":13}},"47":{"start":{"line":353,"column":16},"end":{"line":387,"column":17}},"48":{"start":{"line":354,"column":20},"end":{"line":354,"column":68}},"49":{"start":{"line":356,"column":53},"end":{"line":371,"column":25}},"50":{"start":{"line":373,"column":20},"end":{"line":373,"column":62}},"51":{"start":{"line":373,"column":31},"end":{"line":373,"column":62}},"52":{"start":{"line":375,"column":20},"end":{"line":378,"column":23}},"53":{"start":{"line":379,"column":20},"end":{"line":379,"column":70}},"54":{"start":{"line":381,"column":20},"end":{"line":384,"column":23}},"55":{"start":{"line":386,"column":20},"end":{"line":386,"column":69}},"56":{"start":{"line":390,"column":16},"end":{"line":390,"column":61}},"57":{"start":{"line":391,"column":16},"end":{"line":391,"column":66}},"58":{"start":{"line":394,"column":12},"end":{"line":396,"column":13}},"59":{"start":{"line":395,"column":16},"end":{"line":395,"column":69}},"60":{"start":{"line":399,"column":8},"end":{"line":399,"column":28}},"61":{"start":{"line":403,"column":30},"end":{"line":405,"column":10}},"62":{"start":{"line":404,"column":8},"end":{"line":404,"column":55}},"63":{"start":{"line":408,"column":24},"end":{"line":479,"column":53}},"64":{"start":{"line":409,"column":29},"end":{"line":409,"column":47}},"65":{"start":{"line":412,"column":8},"end":{"line":412,"column":52}},"66":{"start":{"line":412,"column":45},"end":{"line":412,"column":52}},"67":{"start":{"line":416,"column":26},"end":{"line":418,"column":10}},"68":{"start":{"line":419,"column":41},"end":{"line":424,"column":9}},"69":{"start":{"line":427,"column":8},"end":{"line":427,"column":64}},"70":{"start":{"line":428,"column":8},"end":{"line":428,"column":53}},"71":{"start":{"line":429,"column":8},"end":{"line":429,"column":56}},"72":{"start":{"line":433,"column":32},"end":{"line":433,"column":64}},"73":{"start":{"line":435,"column":34},"end":{"line":438,"column":11}},"74":{"start":{"line":435,"column":62},"end":{"line":438,"column":9}},"75":{"start":{"line":440,"column":8},"end":{"line":478,"column":9}},"76":{"start":{"line":443,"column":32},"end":{"line":446,"column":13}},"77":{"start":{"line":448,"column":45},"end":{"line":459,"column":13}},"78":{"start":{"line":461,"column":12},"end":{"line":464,"column":13}},"79":{"start":{"line":463,"column":16},"end":{"line":463,"column":47}},"80":{"start":{"line":467,"column":12},"end":{"line":467,"column":79}},"81":{"start":{"line":468,"column":12},"end":{"line":468,"column":73}},"82":{"start":{"line":470,"column":12},"end":{"line":470,"column":75}},"83":{"start":{"line":472,"column":12},"end":{"line":475,"column":15}},"84":{"start":{"line":477,"column":12},"end":{"line":477,"column":61}},"85":{"start":{"line":482,"column":23},"end":{"line":626,"column":6}},"86":{"start":{"line":483,"column":8},"end":{"line":483,"column":35}},"87":{"start":{"line":483,"column":28},"end":{"line":483,"column":35}},"88":{"start":{"line":485,"column":8},"end":{"line":485,"column":48}},"89":{"start":{"line":487,"column":8},"end":{"line":619,"column":9}},"90":{"start":{"line":488,"column":35},"end":{"line":490,"column":13}},"91":{"start":{"line":489,"column":16},"end":{"line":489,"column":35}},"92":{"start":{"line":491,"column":12},"end":{"line":608,"column":13}},"93":{"start":{"line":494,"column":43},"end":{"line":494,"column":72}},"94":{"start":{"line":495,"column":16},"end":{"line":499,"column":17}},"95":{"start":{"line":496,"column":20},"end":{"line":498,"column":22}},"96":{"start":{"line":500,"column":50},"end":{"line":500,"column":54}},"97":{"start":{"line":501,"column":16},"end":{"line":557,"column":17}},"98":{"start":{"line":503,"column":51},"end":{"line":509,"column":42}},"99":{"start":{"line":510,"column":20},"end":{"line":510,"column":55}},"100":{"start":{"line":510,"column":37},"end":{"line":510,"column":55}},"101":{"start":{"line":513,"column":44},"end":{"line":517,"column":38}},"102":{"start":{"line":518,"column":20},"end":{"line":529,"column":21}},"103":{"start":{"line":519,"column":45},"end":{"line":527,"column":42}},"104":{"start":{"line":528,"column":24},"end":{"line":528,"column":54}},"105":{"start":{"line":533,"column":24},"end":{"line":542,"column":37}},"106":{"start":{"line":543,"column":20},"end":{"line":543,"column":55}},"107":{"start":{"line":543,"column":37},"end":{"line":543,"column":55}},"108":{"start":{"line":546,"column":24},"end":{"line":554,"column":37}},"109":{"start":{"line":555,"column":20},"end":{"line":555,"column":55}},"110":{"start":{"line":555,"column":37},"end":{"line":555,"column":55}},"111":{"start":{"line":556,"column":20},"end":{"line":556,"column":49}},"112":{"start":{"line":561,"column":16},"end":{"line":579,"column":17}},"113":{"start":{"line":563,"column":24},"end":{"line":572,"column":30}},"114":{"start":{"line":573,"column":20},"end":{"line":575,"column":21}},"115":{"start":{"line":574,"column":24},"end":{"line":574,"column":41}},"116":{"start":{"line":576,"column":20},"end":{"line":576,"column":68}},"117":{"start":{"line":578,"column":20},"end":{"line":578,"column":80}},"118":{"start":{"line":582,"column":16},"end":{"line":602,"column":17}},"119":{"start":{"line":583,"column":20},"end":{"line":599,"column":21}},"120":{"start":{"line":584,"column":53},"end":{"line":592,"column":51}},"121":{"start":{"line":593,"column":24},"end":{"line":598,"column":25}},"122":{"start":{"line":594,"column":28},"end":{"line":597,"column":30}},"123":{"start":{"line":601,"column":20},"end":{"line":601,"column":76}},"124":{"start":{"line":605,"column":16},"end":{"line":605,"column":58}},"125":{"start":{"line":606,"column":16},"end":{"line":606,"column":42}},"126":{"start":{"line":607,"column":16},"end":{"line":607,"column":23}},"127":{"start":{"line":610,"column":12},"end":{"line":610,"column":54}},"128":{"start":{"line":611,"column":12},"end":{"line":611,"column":27}},"129":{"start":{"line":613,"column":12},"end":{"line":613,"column":56}},"130":{"start":{"line":614,"column":12},"end":{"line":617,"column":15}},"131":{"start":{"line":618,"column":12},"end":{"line":618,"column":27}},"132":{"start":{"line":629,"column":28},"end":{"line":650,"column":52}},"133":{"start":{"line":630,"column":8},"end":{"line":630,"column":40}},"134":{"start":{"line":630,"column":28},"end":{"line":630,"column":40}},"135":{"start":{"line":631,"column":31},"end":{"line":631,"column":78}},"136":{"start":{"line":631,"column":58},"end":{"line":631,"column":77}},"137":{"start":{"line":632,"column":8},"end":{"line":635,"column":9}},"138":{"start":{"line":634,"column":12},"end":{"line":634,"column":25}},"139":{"start":{"line":637,"column":8},"end":{"line":648,"column":10}},"140":{"start":{"line":649,"column":8},"end":{"line":649,"column":20}},"141":{"start":{"line":653,"column":28},"end":{"line":655,"column":10}},"142":{"start":{"line":654,"column":8},"end":{"line":654,"column":65}},"143":{"start":{"line":657,"column":29},"end":{"line":659,"column":10}},"144":{"start":{"line":658,"column":8},"end":{"line":658,"column":49}},"145":{"start":{"line":662,"column":4},"end":{"line":670,"column":26}},"146":{"start":{"line":663,"column":29},"end":{"line":666,"column":9}},"147":{"start":{"line":667,"column":8},"end":{"line":669,"column":10}},"148":{"start":{"line":668,"column":12},"end":{"line":668,"column":34}},"149":{"start":{"line":672,"column":4},"end":{"line":684,"column":6}}},"fnMap":{"0":{"name":"textSessionReducer","decl":{"start":{"line":98,"column":16},"end":{"line":98,"column":34}},"loc":{"start":{"line":101,"column":20},"end":{"line":278,"column":1}},"line":101},"1":{"name":"(anonymous_1)","decl":{"start":{"line":121,"column":45},"end":{"line":121,"column":46}},"loc":{"start":{"line":122,"column":20},"end":{"line":124,"column":29}},"line":122},"2":{"name":"(anonymous_2)","decl":{"start":{"line":131,"column":45},"end":{"line":131,"column":46}},"loc":{"start":{"line":132,"column":20},"end":{"line":134,"column":29}},"line":132},"3":{"name":"useTextSessionReducer","decl":{"start":{"line":301,"column":16},"end":{"line":301,"column":37}},"loc":{"start":{"line":306,"column":60},"end":{"line":685,"column":1}},"line":306},"4":{"name":"(anonymous_4)","decl":{"start":{"line":311,"column":14},"end":{"line":311,"column":15}},"loc":{"start":{"line":311,"column":20},"end":{"line":400,"column":5}},"line":311},"5":{"name":"(anonymous_5)","decl":{"start":{"line":312,"column":34},"end":{"line":312,"column":35}},"loc":{"start":{"line":312,"column":46},"end":{"line":397,"column":9}},"line":312},"6":{"name":"(anonymous_6)","decl":{"start":{"line":326,"column":57},"end":{"line":326,"column":58}},"loc":{"start":{"line":326,"column":65},"end":{"line":329,"column":21}},"line":326},"7":{"name":"(anonymous_7)","decl":{"start":{"line":332,"column":29},"end":{"line":332,"column":30}},"loc":{"start":{"line":333,"column":28},"end":{"line":337,"column":41}},"line":333},"8":{"name":"(anonymous_8)","decl":{"start":{"line":403,"column":42},"end":{"line":403,"column":43}},"loc":{"start":{"line":403,"column":60},"end":{"line":405,"column":5}},"line":403},"9":{"name":"(anonymous_9)","decl":{"start":{"line":408,"column":36},"end":{"line":408,"column":37}},"loc":{"start":{"line":408,"column":48},"end":{"line":479,"column":5}},"line":408},"10":{"name":"(anonymous_10)","decl":{"start":{"line":435,"column":54},"end":{"line":435,"column":55}},"loc":{"start":{"line":435,"column":62},"end":{"line":438,"column":9}},"line":435},"11":{"name":"(anonymous_11)","decl":{"start":{"line":482,"column":35},"end":{"line":482,"column":36}},"loc":{"start":{"line":482,"column":47},"end":{"line":620,"column":5}},"line":482},"12":{"name":"(anonymous_12)","decl":{"start":{"line":488,"column":55},"end":{"line":488,"column":56}},"loc":{"start":{"line":489,"column":16},"end":{"line":489,"column":35}},"line":489},"13":{"name":"(anonymous_13)","decl":{"start":{"line":629,"column":40},"end":{"line":629,"column":41}},"loc":{"start":{"line":629,"column":46},"end":{"line":650,"column":5}},"line":629},"14":{"name":"(anonymous_14)","decl":{"start":{"line":631,"column":51},"end":{"line":631,"column":52}},"loc":{"start":{"line":631,"column":58},"end":{"line":631,"column":77}},"line":631},"15":{"name":"(anonymous_15)","decl":{"start":{"line":653,"column":40},"end":{"line":653,"column":41}},"loc":{"start":{"line":653,"column":75},"end":{"line":655,"column":5}},"line":653},"16":{"name":"(anonymous_16)","decl":{"start":{"line":657,"column":41},"end":{"line":657,"column":42}},"loc":{"start":{"line":657,"column":47},"end":{"line":659,"column":5}},"line":657},"17":{"name":"(anonymous_17)","decl":{"start":{"line":662,"column":14},"end":{"line":662,"column":15}},"loc":{"start":{"line":662,"column":20},"end":{"line":670,"column":5}},"line":662},"18":{"name":"(anonymous_18)","decl":{"start":{"line":667,"column":15},"end":{"line":667,"column":16}},"loc":{"start":{"line":667,"column":21},"end":{"line":669,"column":9}},"line":667}},"branchMap":{"0":{"loc":{"start":{"line":102,"column":4},"end":{"line":277,"column":5}},"type":"switch","locations":[{"start":{"line":103,"column":8},"end":{"line":104,"column":55}},{"start":{"line":106,"column":8},"end":{"line":116,"column":9}},{"start":{"line":118,"column":8},"end":{"line":126,"column":14}},{"start":{"line":128,"column":8},"end":{"line":137,"column":14}},{"start":{"line":139,"column":8},"end":{"line":144,"column":14}},{"start":{"line":146,"column":8},"end":{"line":151,"column":14}},{"start":{"line":153,"column":8},"end":{"line":154,"column":58}},{"start":{"line":156,"column":8},"end":{"line":157,"column":58}},{"start":{"line":159,"column":8},"end":{"line":160,"column":61}},{"start":{"line":162,"column":8},"end":{"line":163,"column":55}},{"start":{"line":165,"column":8},"end":{"line":166,"column":56}},{"start":{"line":168,"column":8},"end":{"line":176,"column":14}},{"start":{"line":179,"column":8},"end":{"line":185,"column":14}},{"start":{"line":186,"column":8},"end":{"line":200,"column":9}},{"start":{"line":201,"column":8},"end":{"line":207,"column":14}},{"start":{"line":208,"column":8},"end":{"line":213,"column":14}},{"start":{"line":215,"column":8},"end":{"line":228,"column":14}},{"start":{"line":230,"column":8},"end":{"line":243,"column":14}},{"start":{"line":245,"column":8},"end":{"line":251,"column":14}},{"start":{"line":253,"column":8},"end":{"line":258,"column":14}},{"start":{"line":260,"column":8},"end":{"line":265,"column":14}},{"start":{"line":267,"column":8},"end":{"line":273,"column":14}},{"start":{"line":275,"column":8},"end":{"line":276,"column":25}}],"line":102},"1":{"loc":{"start":{"line":111,"column":27},"end":{"line":113,"column":37}},"type":"cond-expr","locations":[{"start":{"line":112,"column":22},"end":{"line":112,"column":41}},{"start":{"line":113,"column":22},"end":{"line":113,"column":37}}],"line":111},"2":{"loc":{"start":{"line":122,"column":20},"end":{"line":124,"column":29}},"type":"cond-expr","locations":[{"start":{"line":123,"column":26},"end":{"line":123,"column":61}},{"start":{"line":124,"column":26},"end":{"line":124,"column":29}}],"line":122},"3":{"loc":{"start":{"line":132,"column":20},"end":{"line":134,"column":29}},"type":"cond-expr","locations":[{"start":{"line":133,"column":26},"end":{"line":133,"column":63}},{"start":{"line":134,"column":26},"end":{"line":134,"column":29}}],"line":132},"4":{"loc":{"start":{"line":218,"column":12},"end":{"line":220,"column":13}},"type":"if","locations":[{"start":{"line":218,"column":12},"end":{"line":220,"column":13}},{"start":{},"end":{}}],"line":218},"5":{"loc":{"start":{"line":241,"column":28},"end":{"line":241,"column":66}},"type":"binary-expr","locations":[{"start":{"line":241,"column":28},"end":{"line":241,"column":53}},{"start":{"line":241,"column":57},"end":{"line":241,"column":66}}],"line":241},"6":{"loc":{"start":{"line":316,"column":12},"end":{"line":392,"column":13}},"type":"if","locations":[{"start":{"line":316,"column":12},"end":{"line":392,"column":13}},{"start":{"line":352,"column":19},"end":{"line":392,"column":13}}],"line":316},"7":{"loc":{"start":{"line":319,"column":44},"end":{"line":324,"column":28}},"type":"cond-expr","locations":[{"start":{"line":320,"column":27},"end":{"line":323,"column":27}},{"start":{"line":324,"column":26},"end":{"line":324,"column":28}}],"line":319},"8":{"loc":{"start":{"line":334,"column":32},"end":{"line":336,"column":42}},"type":"cond-expr","locations":[{"start":{"line":335,"column":38},"end":{"line":335,"column":49}},{"start":{"line":336,"column":38},"end":{"line":336,"column":42}}],"line":334},"9":{"loc":{"start":{"line":352,"column":19},"end":{"line":392,"column":13}},"type":"if","locations":[{"start":{"line":352,"column":19},"end":{"line":392,"column":13}},{"start":{"line":388,"column":19},"end":{"line":392,"column":13}}],"line":352},"10":{"loc":{"start":{"line":373,"column":20},"end":{"line":373,"column":62}},"type":"if","locations":[{"start":{"line":373,"column":20},"end":{"line":373,"column":62}},{"start":{},"end":{}}],"line":373},"11":{"loc":{"start":{"line":394,"column":12},"end":{"line":396,"column":13}},"type":"if","locations":[{"start":{"line":394,"column":12},"end":{"line":396,"column":13}},{"start":{},"end":{}}],"line":394},"12":{"loc":{"start":{"line":412,"column":8},"end":{"line":412,"column":52}},"type":"if","locations":[{"start":{"line":412,"column":8},"end":{"line":412,"column":52}},{"start":{},"end":{}}],"line":412},"13":{"loc":{"start":{"line":412,"column":12},"end":{"line":412,"column":43}},"type":"binary-expr","locations":[{"start":{"line":412,"column":12},"end":{"line":412,"column":25}},{"start":{"line":412,"column":29},"end":{"line":412,"column":43}}],"line":412},"14":{"loc":{"start":{"line":461,"column":12},"end":{"line":464,"column":13}},"type":"if","locations":[{"start":{"line":461,"column":12},"end":{"line":464,"column":13}},{"start":{},"end":{}}],"line":461},"15":{"loc":{"start":{"line":483,"column":8},"end":{"line":483,"column":35}},"type":"if","locations":[{"start":{"line":483,"column":8},"end":{"line":483,"column":35}},{"start":{},"end":{}}],"line":483},"16":{"loc":{"start":{"line":491,"column":12},"end":{"line":608,"column":13}},"type":"if","locations":[{"start":{"line":491,"column":12},"end":{"line":608,"column":13}},{"start":{},"end":{}}],"line":491},"17":{"loc":{"start":{"line":495,"column":16},"end":{"line":499,"column":17}},"type":"if","locations":[{"start":{"line":495,"column":16},"end":{"line":499,"column":17}},{"start":{},"end":{}}],"line":495},"18":{"loc":{"start":{"line":501,"column":16},"end":{"line":557,"column":17}},"type":"if","locations":[{"start":{"line":501,"column":16},"end":{"line":557,"column":17}},{"start":{"line":530,"column":23},"end":{"line":557,"column":17}}],"line":501},"19":{"loc":{"start":{"line":507,"column":34},"end":{"line":507,"column":59}},"type":"binary-expr","locations":[{"start":{"line":507,"column":34},"end":{"line":507,"column":51}},{"start":{"line":507,"column":55},"end":{"line":507,"column":59}}],"line":507},"20":{"loc":{"start":{"line":510,"column":20},"end":{"line":510,"column":55}},"type":"if","locations":[{"start":{"line":510,"column":20},"end":{"line":510,"column":55}},{"start":{},"end":{}}],"line":510},"21":{"loc":{"start":{"line":518,"column":20},"end":{"line":529,"column":21}},"type":"if","locations":[{"start":{"line":518,"column":20},"end":{"line":529,"column":21}},{"start":{},"end":{}}],"line":518},"22":{"loc":{"start":{"line":528,"column":39},"end":{"line":528,"column":53}},"type":"binary-expr","locations":[{"start":{"line":528,"column":39},"end":{"line":528,"column":45}},{"start":{"line":528,"column":49},"end":{"line":528,"column":53}}],"line":528},"23":{"loc":{"start":{"line":539,"column":38},"end":{"line":539,"column":63}},"type":"binary-expr","locations":[{"start":{"line":539,"column":38},"end":{"line":539,"column":55}},{"start":{"line":539,"column":59},"end":{"line":539,"column":63}}],"line":539},"24":{"loc":{"start":{"line":543,"column":20},"end":{"line":543,"column":55}},"type":"if","locations":[{"start":{"line":543,"column":20},"end":{"line":543,"column":55}},{"start":{},"end":{}}],"line":543},"25":{"loc":{"start":{"line":555,"column":20},"end":{"line":555,"column":55}},"type":"if","locations":[{"start":{"line":555,"column":20},"end":{"line":555,"column":55}},{"start":{},"end":{}}],"line":555},"26":{"loc":{"start":{"line":570,"column":42},"end":{"line":570,"column":67}},"type":"binary-expr","locations":[{"start":{"line":570,"column":42},"end":{"line":570,"column":59}},{"start":{"line":570,"column":63},"end":{"line":570,"column":67}}],"line":570},"27":{"loc":{"start":{"line":573,"column":20},"end":{"line":575,"column":21}},"type":"if","locations":[{"start":{"line":573,"column":20},"end":{"line":575,"column":21}},{"start":{},"end":{}}],"line":573},"28":{"loc":{"start":{"line":576,"column":41},"end":{"line":576,"column":66}},"type":"binary-expr","locations":[{"start":{"line":576,"column":41},"end":{"line":576,"column":60}},{"start":{"line":576,"column":64},"end":{"line":576,"column":66}}],"line":576},"29":{"loc":{"start":{"line":583,"column":20},"end":{"line":599,"column":21}},"type":"if","locations":[{"start":{"line":583,"column":20},"end":{"line":599,"column":21}},{"start":{},"end":{}}],"line":583},"30":{"loc":{"start":{"line":583,"column":24},"end":{"line":583,"column":77}},"type":"binary-expr","locations":[{"start":{"line":583,"column":24},"end":{"line":583,"column":35}},{"start":{"line":583,"column":39},"end":{"line":583,"column":61}},{"start":{"line":583,"column":65},"end":{"line":583,"column":77}}],"line":583},"31":{"loc":{"start":{"line":593,"column":24},"end":{"line":598,"column":25}},"type":"if","locations":[{"start":{"line":593,"column":24},"end":{"line":598,"column":25}},{"start":{},"end":{}}],"line":593},"32":{"loc":{"start":{"line":630,"column":8},"end":{"line":630,"column":40}},"type":"if","locations":[{"start":{"line":630,"column":8},"end":{"line":630,"column":40}},{"start":{},"end":{}}],"line":630},"33":{"loc":{"start":{"line":632,"column":8},"end":{"line":635,"column":9}},"type":"if","locations":[{"start":{"line":632,"column":8},"end":{"line":635,"column":9}},{"start":{},"end":{}}],"line":632}},"s":{"0":1,"1":191,"2":22,"3":13,"4":13,"5":9,"6":14,"7":3,"8":3,"9":2,"10":2,"11":24,"12":1,"13":2,"14":2,"15":47,"16":1,"17":15,"18":1,"19":1,"20":8,"21":3,"22":2,"23":1,"24":1,"25":9,"26":1,"27":11,"28":9,"29":3,"30":1,"31":91,"32":91,"33":24,"34":24,"35":24,"36":8,"37":8,"38":7,"39":7,"40":7,"41":7,"42":7,"43":7,"44":7,"45":1,"46":16,"47":2,"48":2,"49":2,"50":1,"51":0,"52":1,"53":1,"54":1,"55":2,"56":14,"57":14,"58":24,"59":1,"60":24,"61":91,"62":11,"63":91,"64":10,"65":10,"66":0,"67":10,"68":10,"69":10,"70":10,"71":10,"72":10,"73":10,"74":15,"75":10,"76":10,"77":10,"78":9,"79":1,"80":8,"81":8,"82":2,"83":2,"84":10,"85":91,"86":11,"87":1,"88":10,"89":10,"90":10,"91":9,"92":10,"93":9,"94":9,"95":1,"96":8,"97":8,"98":6,"99":6,"100":1,"101":5,"102":5,"103":5,"104":5,"105":2,"106":2,"107":0,"108":2,"109":2,"110":0,"111":2,"112":7,"113":7,"114":5,"115":1,"116":4,"117":3,"118":7,"119":7,"120":3,"121":1,"122":1,"123":2,"124":7,"125":7,"126":7,"127":1,"128":1,"129":2,"130":2,"131":2,"132":91,"133":2,"134":0,"135":2,"136":1,"137":2,"138":1,"139":1,"140":1,"141":91,"142":1,"143":91,"144":1,"145":91,"146":56,"147":56,"148":56,"149":91},"f":{"0":191,"1":14,"2":3,"3":91,"4":24,"5":24,"6":7,"7":7,"8":11,"9":10,"10":15,"11":11,"12":9,"13":2,"14":1,"15":1,"16":1,"17":56,"18":56},"b":{"0":[22,13,9,3,2,2,24,1,2,2,47,1,15,1,8,3,2,9,1,11,9,3,1],"1":[11,2],"2":[9,5],"3":[3,0],"4":[1,1],"5":[9,8],"6":[8,16],"7":[7,0],"8":[7,0],"9":[2,14],"10":[0,1],"11":[1,23],"12":[0,10],"13":[10,10],"14":[1,8],"15":[1,10],"16":[9,1],"17":[1,8],"18":[6,2],"19":[6,6],"20":[1,5],"21":[5,0],"22":[5,2],"23":[2,2],"24":[0,2],"25":[0,2],"26":[7,7],"27":[1,4],"28":[4,0],"29":[3,4],"30":[7,4,4],"31":[1,0],"32":[0,2],"33":[1,1]},"_coverageSchema":"1a1c01bbd47fc00a2c39e90264f33305004495a9","hash":"9fb25e75459287a4d323de6a8f069cf96c2ec14d"}
,"/Users/baris/Desktop/Dev/Therapy_New/hooks/useTranscripts.ts": {"path":"/Users/baris/Desktop/Dev/Therapy_New/hooks/useTranscripts.ts","statementMap":{"0":{"start":{"line":51,"column":39},"end":{"line":57,"column":1}},"1":{"start":{"line":64,"column":4},"end":{"line":132,"column":5}},"2":{"start":{"line":66,"column":12},"end":{"line":66,"column":59}},"3":{"start":{"line":69,"column":12},"end":{"line":69,"column":58}},"4":{"start":{"line":72,"column":12},"end":{"line":72,"column":59}},"5":{"start":{"line":75,"column":12},"end":{"line":75,"column":69}},"6":{"start":{"line":78,"column":12},"end":{"line":82,"column":14}},"7":{"start":{"line":85,"column":12},"end":{"line":90,"column":14}},"8":{"start":{"line":93,"column":12},"end":{"line":97,"column":14}},"9":{"start":{"line":100,"column":12},"end":{"line":104,"column":14}},"10":{"start":{"line":107,"column":12},"end":{"line":113,"column":14}},"11":{"start":{"line":110,"column":31},"end":{"line":110,"column":58}},"12":{"start":{"line":116,"column":35},"end":{"line":120,"column":17}},"13":{"start":{"line":118,"column":20},"end":{"line":119,"column":52}},"14":{"start":{"line":121,"column":12},"end":{"line":124,"column":14}},"15":{"start":{"line":128,"column":12},"end":{"line":128,"column":32}},"16":{"start":{"line":131,"column":12},"end":{"line":131,"column":25}},"17":{"start":{"line":136,"column":23},"end":{"line":136,"column":38}},"18":{"start":{"line":137,"column":19},"end":{"line":137,"column":30}},"19":{"start":{"line":138,"column":30},"end":{"line":138,"column":74}},"20":{"start":{"line":139,"column":22},"end":{"line":139,"column":64}},"21":{"start":{"line":142,"column":19},"end":{"line":142,"column":71}},"22":{"start":{"line":142,"column":37},"end":{"line":142,"column":56}},"23":{"start":{"line":143,"column":30},"end":{"line":150,"column":5}},"24":{"start":{"line":145,"column":27},"end":{"line":145,"column":77}},"25":{"start":{"line":146,"column":12},"end":{"line":146,"column":56}},"26":{"start":{"line":146,"column":25},"end":{"line":146,"column":56}},"27":{"start":{"line":147,"column":12},"end":{"line":147,"column":71}},"28":{"start":{"line":151,"column":30},"end":{"line":154,"column":5}},"29":{"start":{"line":152,"column":14},"end":{"line":152,"column":66}},"30":{"start":{"line":156,"column":4},"end":{"line":271,"column":6}},"31":{"start":{"line":158,"column":34},"end":{"line":268,"column":13}},"32":{"start":{"line":159,"column":16},"end":{"line":159,"column":50}},"33":{"start":{"line":160,"column":16},"end":{"line":267,"column":17}},"34":{"start":{"line":161,"column":46},"end":{"line":161,"column":73}},"35":{"start":{"line":164,"column":44},"end":{"line":169,"column":25}},"36":{"start":{"line":165,"column":39},"end":{"line":165,"column":63}},"37":{"start":{"line":167,"column":28},"end":{"line":168,"column":60}},"38":{"start":{"line":170,"column":39},"end":{"line":170,"column":56}},"39":{"start":{"line":171,"column":36},"end":{"line":171,"column":53}},"40":{"start":{"line":172,"column":20},"end":{"line":179,"column":21}},"41":{"start":{"line":174,"column":28},"end":{"line":174,"column":79}},"42":{"start":{"line":175,"column":24},"end":{"line":178,"column":25}},"43":{"start":{"line":176,"column":28},"end":{"line":176,"column":48}},"44":{"start":{"line":177,"column":28},"end":{"line":177,"column":47}},"45":{"start":{"line":180,"column":42},"end":{"line":182,"column":21}},"46":{"start":{"line":181,"column":24},"end":{"line":181,"column":69}},"47":{"start":{"line":185,"column":45},"end":{"line":187,"column":21}},"48":{"start":{"line":186,"column":31},"end":{"line":186,"column":55}},"49":{"start":{"line":188,"column":42},"end":{"line":188,"column":75}},"50":{"start":{"line":188,"column":70},"end":{"line":188,"column":74}},"51":{"start":{"line":189,"column":42},"end":{"line":191,"column":21}},"52":{"start":{"line":194,"column":46},"end":{"line":198,"column":21}},"53":{"start":{"line":196,"column":28},"end":{"line":197,"column":60}},"54":{"start":{"line":201,"column":42},"end":{"line":220,"column":22}},"55":{"start":{"line":203,"column":53},"end":{"line":204,"column":32}},"56":{"start":{"line":206,"column":24},"end":{"line":215,"column":25}},"57":{"start":{"line":207,"column":42},"end":{"line":207,"column":74}},"58":{"start":{"line":208,"column":44},"end":{"line":211,"column":29}},"59":{"start":{"line":210,"column":36},"end":{"line":210,"column":78}},"60":{"start":{"line":212,"column":28},"end":{"line":214,"column":29}},"61":{"start":{"line":213,"column":32},"end":{"line":213,"column":76}},"62":{"start":{"line":217,"column":24},"end":{"line":219,"column":26}},"63":{"start":{"line":224,"column":41},"end":{"line":226,"column":21}},"64":{"start":{"line":225,"column":31},"end":{"line":225,"column":56}},"65":{"start":{"line":227,"column":44},"end":{"line":243,"column":22}},"66":{"start":{"line":228,"column":24},"end":{"line":233,"column":25}},"67":{"start":{"line":229,"column":28},"end":{"line":232,"column":39}},"68":{"start":{"line":234,"column":24},"end":{"line":242,"column":25}},"69":{"start":{"line":235,"column":42},"end":{"line":238,"column":29}},"70":{"start":{"line":239,"column":28},"end":{"line":239,"column":67}},"71":{"start":{"line":241,"column":28},"end":{"line":241,"column":58}},"72":{"start":{"line":244,"column":39},"end":{"line":244,"column":73}},"73":{"start":{"line":245,"column":68},"end":{"line":245,"column":70}},"74":{"start":{"line":246,"column":20},"end":{"line":246,"column":71}},"75":{"start":{"line":246,"column":54},"end":{"line":246,"column":71}},"76":{"start":{"line":248,"column":40},"end":{"line":258,"column":22}},"77":{"start":{"line":249,"column":24},"end":{"line":256,"column":25}},"78":{"start":{"line":250,"column":38},"end":{"line":250,"column":52}},"79":{"start":{"line":251,"column":28},"end":{"line":255,"column":29}},"80":{"start":{"line":252,"column":32},"end":{"line":254,"column":34}},"81":{"start":{"line":257,"column":24},"end":{"line":257,"column":33}},"82":{"start":{"line":260,"column":20},"end":{"line":263,"column":23}},"83":{"start":{"line":265,"column":20},"end":{"line":265,"column":64}},"84":{"start":{"line":266,"column":20},"end":{"line":266,"column":54}},"85":{"start":{"line":269,"column":12},"end":{"line":269,"column":28}},"86":{"start":{"line":273,"column":4},"end":{"line":275,"column":26}},"87":{"start":{"line":274,"column":8},"end":{"line":274,"column":44}},"88":{"start":{"line":277,"column":36},"end":{"line":279,"column":10}},"89":{"start":{"line":278,"column":8},"end":{"line":278,"column":65}},"90":{"start":{"line":281,"column":36},"end":{"line":283,"column":5}},"91":{"start":{"line":282,"column":8},"end":{"line":282,"column":51}},"92":{"start":{"line":285,"column":30},"end":{"line":320,"column":10}},"93":{"start":{"line":286,"column":32},"end":{"line":317,"column":9}},"94":{"start":{"line":287,"column":29},"end":{"line":289,"column":13}},"95":{"start":{"line":288,"column":16},"end":{"line":288,"column":36}},"96":{"start":{"line":290,"column":12},"end":{"line":290,"column":34}},"97":{"start":{"line":290,"column":27},"end":{"line":290,"column":34}},"98":{"start":{"line":293,"column":12},"end":{"line":293,"column":65}},"99":{"start":{"line":295,"column":12},"end":{"line":316,"column":13}},"100":{"start":{"line":296,"column":34},"end":{"line":301,"column":17}},"101":{"start":{"line":303,"column":16},"end":{"line":303,"column":39}},"102":{"start":{"line":303,"column":27},"end":{"line":303,"column":39}},"103":{"start":{"line":305,"column":16},"end":{"line":308,"column":18}},"104":{"start":{"line":309,"column":16},"end":{"line":312,"column":19}},"105":{"start":{"line":313,"column":16},"end":{"line":315,"column":18}},"106":{"start":{"line":319,"column":8},"end":{"line":319,"column":48}},"107":{"start":{"line":322,"column":4},"end":{"line":332,"column":6}}},"fnMap":{"0":{"name":"transcriptsReducer","decl":{"start":{"line":60,"column":9},"end":{"line":60,"column":27}},"loc":{"start":{"line":63,"column":20},"end":{"line":133,"column":1}},"line":63},"1":{"name":"(anonymous_1)","decl":{"start":{"line":110,"column":20},"end":{"line":110,"column":21}},"loc":{"start":{"line":110,"column":31},"end":{"line":110,"column":58}},"line":110},"2":{"name":"(anonymous_2)","decl":{"start":{"line":117,"column":22},"end":{"line":117,"column":23}},"loc":{"start":{"line":118,"column":20},"end":{"line":119,"column":52}},"line":118},"3":{"name":"useTranscripts","decl":{"start":{"line":135,"column":16},"end":{"line":135,"column":30}},"loc":{"start":{"line":135,"column":33},"end":{"line":333,"column":1}},"line":135},"4":{"name":"(anonymous_4)","decl":{"start":{"line":142,"column":31},"end":{"line":142,"column":32}},"loc":{"start":{"line":142,"column":37},"end":{"line":142,"column":56}},"line":142},"5":{"name":"(anonymous_5)","decl":{"start":{"line":144,"column":8},"end":{"line":144,"column":9}},"loc":{"start":{"line":144,"column":69},"end":{"line":148,"column":9}},"line":144},"6":{"name":"(anonymous_6)","decl":{"start":{"line":152,"column":8},"end":{"line":152,"column":9}},"loc":{"start":{"line":152,"column":14},"end":{"line":152,"column":66}},"line":152},"7":{"name":"(anonymous_7)","decl":{"start":{"line":157,"column":20},"end":{"line":157,"column":21}},"loc":{"start":{"line":157,"column":26},"end":{"line":270,"column":9}},"line":157},"8":{"name":"(anonymous_8)","decl":{"start":{"line":158,"column":34},"end":{"line":158,"column":35}},"loc":{"start":{"line":158,"column":46},"end":{"line":268,"column":13}},"line":158},"9":{"name":"(anonymous_9)","decl":{"start":{"line":165,"column":32},"end":{"line":165,"column":33}},"loc":{"star
[...]
":8},"end":{"line":59,"column":45}},"17":{"start":{"line":62,"column":29},"end":{"line":63,"column":27}},"18":{"start":{"line":64,"column":8},"end":{"line":69,"column":9}},"19":{"start":{"line":65,"column":12},"end":{"line":65,"column":45}},"20":{"start":{"line":68,"column":12},"end":{"line":68,"column":49}},"21":{"start":{"line":74,"column":0},"end":{"line":74,"column":21}},"22":{"start":{"line":78,"column":30},"end":{"line":93,"column":1}},"23":{"start":{"line":79,"column":4},"end":{"line":82,"column":5}},"24":{"start":{"line":80,"column":8},"end":{"line":80,"column":73}},"25":{"start":{"line":81,"column":8},"end":{"line":81,"column":15}},"26":{"start":{"line":85,"column":4},"end":{"line":85,"column":34}},"27":{"start":{"line":88,"column":4},"end":{"line":92,"column":5}},"28":{"start":{"line":89,"column":8},"end":{"line":89,"column":59}},"29":{"start":{"line":91,"column":8},"end":{"line":91,"column":65}}},"fnMap":{"0":{"name":"(anonymous_0)","decl":{"start":{"line":36,"column":16},"end":{"line":36,"column":17}},"loc":{"start":{"line":36,"column":47},"end":{"line":39,"column":9}},"line":36},"1":{"name":"(anonymous_1)","decl":{"start":{"line":42,"column":23},"end":{"line":42,"column":24}},"loc":{"start":{"line":42,"column":42},"end":{"line":44,"column":5}},"line":42},"2":{"name":"(anonymous_2)","decl":{"start":{"line":48,"column":27},"end":{"line":48,"column":28}},"loc":{"start":{"line":48,"column":39},"end":{"line":71,"column":1}},"line":48},"3":{"name":"(anonymous_3)","decl":{"start":{"line":78,"column":30},"end":{"line":78,"column":31}},"loc":{"start":{"line":78,"column":53},"end":{"line":93,"column":1}},"line":78}},"branchMap":{"0":{"loc":{"start":{"line":37,"column":12},"end":{"line":37,"column":67}},"type":"if","locations":[{"start":{"line":37,"column":12},"end":{"line":37,"column":67}},{"start":{},"end":{}}],"line":37},"1":{"loc":{"start":{"line":57,"column":4},"end":{"line":70,"column":5}},"type":"if","locations":[{"start":{"line":57,"column":4},"end":{"line":70,"column":5}},{"start":{"line":60,"column":11},"end":{"line":70,"column":5}}],"line":57},"2":{"loc":{"start":{"line":57,"column":8},"end":{"line":57,"column":74}},"type":"binary-expr","locations":[{"start":{"line":57,"column":8},"end":{"line":57,"column":24}},{"start":{"line":57,"column":28},"end":{"line":57,"column":74}}],"line":57},"3":{"loc":{"start":{"line":64,"column":8},"end":{"line":69,"column":9}},"type":"if","locations":[{"start":{"line":64,"column":8},"end":{"line":69,"column":9}},{"start":{"line":66,"column":15},"end":{"line":69,"column":9}}],"line":64},"4":{"loc":{"start":{"line":64,"column":12},"end":{"line":64,"column":70}},"type":"binary-expr","locations":[{"start":{"line":64,"column":12},"end":{"line":64,"column":24}},{"start":{"line":64,"column":28},"end":{"line":64,"column":70}}],"line":64},"5":{"loc":{"start":{"line":79,"column":4},"end":{"line":82,"column":5}},"type":"if","locations":[{"start":{"line":79,"column":4},"end":{"line":82,"column":5}},{"start":{},"end":{}}],"line":79}},"s":{"0":4,"1":4,"2":4,"3":4,"4":4,"5":4,"6":2,"7":1,"8":1,"9":1,"10":4,"11":4,"12":4,"13":4,"14":0,"15":4,"16":0,"17":4,"18":4,"19":3,"20":1,"21":4,"22":4,"23":3,"24":1,"25":1,"26":2,"27":2,"28":2,"29":1},"f":{"0":2,"1":1,"2":4,"3":3},"b":{"0":[1,1],"1":[0,4],"2":[4,0],"3":[3,1],"4":[4,3],"5":[1,2]},"_coverageSchema":"1a1c01bbd47fc00a2c39e90264f33305004495a9","hash":"2e408a35958a6a5cedb8aca358c572f3460d1f40"}
,"/Users/baris/Desktop/Dev/Therapy_New/utils/markdownRenderer.tsx": {"path":"/Users/baris/Desktop/Dev/Therapy_New/utils/markdownRenderer.tsx","statementMap":{"0":{"start":{"line":5,"column":34},"end":{"line":115,"column":1}},"1":{"start":{"line":6,"column":2},"end":{"line":6,"column":37}},"2":{"start":{"line":6,"column":21},"end":{"line":6,"column":37}},"3":{"start":{"line":8,"column":21},"end":{"line":8,"column":49}},"4":{"start":{"line":10,"column":2},"end":{"line":114,"column":4}},"5":{"start":{"line":13,"column":24},"end":{"line":13,"column":40}},"6":{"start":{"line":14,"column":8},"end":{"line":14,"column":59}},"7":{"start":{"line":14,"column":22},"end":{"line":14,"column":59}},"8":{"start":{"line":16,"column":8},"end":{"line":53,"column":9}},"9":{"start":{"line":17,"column":24},"end":{"line":17,"column":69}},"10":{"start":{"line":18,"column":10},"end":{"line":52,"column":12}},"11":{"start":{"line":35,"column":16},"end":{"line":41,"column":17}},"12":{"start":{"line":36,"column":18},"end":{"line":40,"column":20}},"13":{"start":{"line":42,"column":16},"end":{"line":48,"column":17}},"14":{"start":{"line":43,"column":18},"end":{"line":47,"column":20}},"15":{"start":{"line":49,"column":16},"end":{"line":49,"column":55}},"16":{"start":{"line":55,"column":8},"end":{"line":61,"column":9}},"17":{"start":{"line":56,"column":10},"end":{"line":60,"column":12}},"18":{"start":{"line":63,"column":8},"end":{"line":69,"column":9}},"19":{"start":{"line":64,"column":10},"end":{"line":68,"column":12}},"20":{"start":{"line":71,"column":8},"end":{"line":96,"column":9}},"21":{"start":{"line":72,"column":29},"end":{"line":72,"column":45}},"22":{"start":{"line":73,"column":24},"end":{"line":73,"column":72}},"23":{"start":{"line":74,"column":10},"end":{"line":95,"column":12}},"24":{"start":{"line":78,"column":16},"end":{"line":84,"column":17}},"25":{"start":{"line":79,"column":18},"end":{"line":83,"column":20}},"26":{"start":{"line":85,"column":16},"end":{"line":91,"column":17}},"27":{"start":{"line":86,"column":18},"end":{"line":90,"column":20}},"28":{"start":{"line":92,"column":16},"end":{"line":92,"column":55}},"29":{"start":{"line":98,"column":22},"end":{"line":98,"column":67}},"30":{"start":{"line":99,"column":8},"end":{"line":111,"column":10}},"31":{"start":{"line":102,"column":14},"end":{"line":104,"column":15}},"32":{"start":{"line":103,"column":16},"end":{"line":103,"column":116}},"33":{"start":{"line":105,"column":14},"end":{"line":107,"column":15}},"34":{"start":{"line":106,"column":16},"end":{"line":106,"column":100}},"35":{"start":{"line":108,"column":14},"end":{"line":108,"column":53}}},"fnMap":{"0":{"name":"(anonymous_0)","decl":{"start":{"line":5,"column":34},"end":{"line":5,"column":35}},"loc":{"start":{"line":5,"column":73},"end":{"line":115,"column":1}},"line":5},"1":{"name":"(anonymous_1)","decl":{"start":{"line":12,"column":22},"end":{"line":12,"column":23}},"loc":{"start":{"line":12,"column":53},"end":{"line":112,"column":7}},"line":12},"2":{"name":"(anonymous_2)","decl":{"start":{"line":34,"column":25},"end":{"line":34,"column":26}},"loc":{"start":{"line":34,"column":42},"end":{"line":50,"column":15}},"line":34},"3":{"name":"(anonymous_3)","decl":{"start":{"line":77,"column":25},"end":{"line":77,"column":26}},"loc":{"start":{"line":77,"column":42},"end":{"line":93,"column":15}},"line":77},"4":{"name":"(anonymous_4)","decl":{"start":{"line":101,"column":23},"end":{"line":101,"column":24}},"loc":{"start":{"line":101,"column":40},"end":{"line":109,"column":13}},"line":101}},"branchMap":{"0":{"loc":{"start":{"line":6,"column":2},"end":{"line":6,"column":37}},"type":"if","locations":[{"start":{"line":6,"column":2},"end":{"line":6,"column":37}},{"start":{},"end":{}}],"line":6},"1":{"loc":{"start":{"line":14,"column":8},"end":{"line":14,"column":59}},"type":"if","locations":[{"start":{"line":14,"column":8},"end":{"line":14,"column":59}},{"start":{},"end":{}}],"line":14},"2":{"loc":{"start":{"line":16,"column":8},"end":{"line":53,"column":9}},"type":"if","locations":[{"start":{"line":16,"column":8},"end":{"line":53,"column":9}},{"start":{},"end":{}}],"line":16},"3":{"loc":{"start":{"line":35,"column":16},"end":{"line":41,"column":17}},"type":"if","locations":[{"start":{"line":35,"column":16},"end":{"line":41,"column":17}},{"start":{},"end":{}}],"line":35},"4":{"loc":{"start":{"line":35,"column":20},"end":{"line":35,"column":83}},"type":"binary-expr","locations":[{"start":{"line":35,"column":20},"end":{"line":35,"column":41}},{"start":{"line":35,"column":45},"end":{"line":35,"column":64}},{"start":{"line":35,"column":68},"end":{"line":35,"column":83}}],"line":35},"5":{"loc":{"start":{"line":42,"column":16},"end":{"line":48,"column":17}},"type":"if","locations":[{"start":{"line":42,"column":16},"end":{"line":48,"column":17}},{"start":{},"end":{}}],"line":42},"6":{"loc":{"start":{"line":42,"column":20},"end":{"line":42,"column":107}},"type":"binary-expr","locations":[{"start":{"line":42,"column":20},"end":{"line":42,"column":40}},{"start":{"line":42,"column":44},"end":{"line":42,"column":62}},{"start":{"line":42,"column":66},"end":{"line":42,"column":81}},{"start":{"line":42,"column":85},"end":{"line":42,"column":107}}],"line":42},"7":{"loc":{"start":{"line":55,"column":8},"end":{"line":61,"column":9}},"type":"if","locations":[{"start":{"line":55,"column":8},"end":{"line":61,"column":9}},{"start":{},"end":{}}],"line":55},"8":{"loc":{"start":{"line":63,"column":8},"end":{"line":69,"column":9}},"type":"if","locations":[{"start":{"line":63,"column":8},"end":{"line":69,"column":9}},{"start":{},"end":{}}],"line":63},"9":{"loc":{"start":{"line":71,"column":8},"end":{"line":96,"column":9}},"type":"if","locations":[{"start":{"line":71,"column":8},"end":{"line":96,"column":9}},{"start":{},"end":{}}],"line":71},"10":{"loc":{"start":{"line":78,"column":16},"end":{"line":84,"column":17}},"type":"if","locations":[{"start":{"line":78,"column":16},"end":{"line":84,"column":17}},{"start":{},"end":{}}],"line":78},"11":{"loc":{"start":{"line":78,"column":20},"end":{"line":78,"column":83}},"type":"binary-expr","locations":[{"start":{"line":78,"column":20},"end":{"line":78,"column":41}},{"start":{"line":78,"column":45},"end":{"line":78,"column":64}},{"start":{"line":78,"column":68},"end":{"line":78,"column":83}}],"line":78},"12":{"loc":{"start":{"line":85,"column":16},"end":{"line":91,"column":17}},"type":"if","locations":[{"start":{"line":85,"column":16},"end":{"line":91,"column":17}},{"start":{},"end":{}}],"line":85},"13":{"loc":{"start":{"line":85,"column":20},"end":{"line":85,"column":107}},"type":"binary-expr","locations":[{"start":{"line":85,"column":20},"end":{"line":85,"column":40}},{"start":{"line":85,"column":44},"end":{"line":85,"column":62}},{"start":{"line":85,"column":66},"end":{"line":85,"column":81}},{"start":{"line":85,"column":85},"end":{"line":85,"column":107}}],"line":85},"14":{"loc":{"start":{"line":102,"column":14},"end":{"line":104,"column":15}},"type":"if","locations":[{"start":{"line":102,"column":14},"end":{"line":104,"column":15}},{"start":{},"end":{}}],"line":102},"15":{"loc":{"start":{"line":102,"column":18},"end":{"line":102,"column":81}},"type":"binary-expr","locations":[{"start":{"line":102,"column":18},"end":{"line":102,"column":39}},{"start":{"line":102,"column":43},"end":{"line":102,"column":62}},{"start":{"line":102,"column":66},"end":{"line":102,"column":81}}],"line":102},"16":{"loc":{"start":{"line":105,"column":14},"end":{"line":107,"column":15}},"type":"if","locations":[{"start":{"line":105,"column":14},"end":{"line":107,"column":15}},{"start":{},"end":{}}],"line":105},"17":{"loc":{"start":{"line":105,"column":18},"end":{"line":105,"column":105}},"type":"binary-expr","locations":[{"start":{"line":105,"column":18},"end":{"line":105,"column":38}},{"start":{"line":105,"column":42},"end":{"line":105,"column":60}},{"start":{"line":105,"column":64},"end":{"line":105,"column":79}},{"start":{"line":105,"column":83},"end":{"line":105,"column":105}}],"line":105}},"s":{"0":1,"1":35,"2":3,"3":32,"4":32,"5":44,"6":44,"7":0,"8":44,"9":7,"10":7,"11":13,"12":3,"13":10,"14":0,"15":10,"16":37,"17":6,"18":31,"19":3,"20":28,"21":6,"22":6,"23":6,"24":16,"25":3,"26":13,"27":2,"28":11,"29":22,"30":22,"31":48,"32":9,"33":39,"34":4,"35":35},"f":{"0":35,"1":44,"2":13,"3":16,"4":48},"b":{"0":[3,32],"1":[0,44],"2":[7,37],"3":[3,10],"4":[13,3,3],"5":[0,10],"6":[10,0,0,0],"7":[6,31],"8":[3,28],"9":[6,22],"10":[3,13],"11":[16,3,3],"12":[2,11],"13":[13,2,2,2],"14":[9,39],"15":[48,11,10],"16":[4,35],"17":[39,7,6,4]},"_coverageSchema":"1a1c01bbd47fc00a2c39e90264f33305004495a9","hash":"d973068968abaca4b83c7fb468018a43749f2a0e"}
,"/Users/baris/Desktop/Dev/Therapy_New/utils/pdfGenerator.ts": {"path":"/Users/baris/Desktop/Dev/Therapy_New/utils/pdfGenerator.ts","statementMap":{"0":{"start":{"line":15,"column":42},"end":{"line":15,"column":44}},"1":{"start":{"line":16,"column":25},"end":{"line":16,"column":32}},"2":{"start":{"line":19,"column":32},"end":{"line":21,"column":1}},"3":{"start":{"line":20,"column":2},"end":{"line":20,"column":65}},"4":{"start":{"line":20,"column":42},"end":{"line":20,"column":63}},"5":{"start":{"line":26,"column":2},"end":{"line":28,"column":3}},"6":{"start":{"line":27,"column":4},"end":{"line":27,"column":31}},"7":{"start":{"line":32,"column":4},"end":{"line":32,"column":77}},"8":{"start":{"line":34,"column":19},"end":{"line":34,"column":35}},"9":{"start":{"line":35,"column":2},"end":{"line":37,"column":3}},"10":{"start":{"line":36,"column":4},"end":{"line":36,"column":73}},"11":{"start":{"line":39,"column":18},"end":{"line":39,"column":39}},"12":{"start":{"line":42,"column":18},"end":{"line":42,"column":64}},"13":{"start":{"line":45,"column":2},"end":{"line":45,"column":32}},"14":{"start":{"line":47,"column":2},"end":{"line":47,"column":17}},"15":{"start":{"line":57,"column":28},"end":{"line":164,"column":1}},"16":{"start":{"line":62,"column":2},"end":{"line":62,"column":60}},"17":{"start":{"line":62,"column":16},"end":{"line":62,"column":60}},"18":{"start":{"line":64,"column":20},"end":{"line":64,"column":37}},"19":{"start":{"line":65,"column":20},"end":{"line":65,"column":29}},"20":{"start":{"line":66,"column":19},"end":{"line":66,"column":40}},"21":{"start":{"line":67,"column":17},"end":{"line":67,"column":34}},"22":{"start":{"line":68,"column":17},"end":{"line":68,"column":26}},"23":{"start":{"line":70,"column":19},"end":{"line":101,"column":3}},"24":{"start":{"line":103,"column":29},"end":{"line":124,"column":3}},"25":{"start":{"line":104,"column":4},"end":{"line":123,"column":16}},"26":{"start":{"line":106,"column":21},"end":{"line":106,"column":62}},"27":{"start":{"line":107,"column":24},"end":{"line":107,"column":47}},"28":{"start":{"line":108,"column":8},"end":{"line":120,"column":9}},"29":{"start":{"line":109,"column":10},"end":{"line":119,"column":12}},"30":{"start":{"line":121,"column":8},"end":{"line":121,"column":18}},"31":{"start":{"line":126,"column":2},"end":{"line":163,"column":4}},"32":{"start":{"line":167,"column":27},"end":{"line":235,"column":1}},"33":{"start":{"line":168,"column":2},"end":{"line":172,"column":5}},"34":{"start":{"line":174,"column":2},"end":{"line":234,"column":3}},"35":{"start":{"line":176,"column":26},"end":{"line":187,"column":5}},"36":{"start":{"line":190,"column":25},"end":{"line":190,"column":74}},"37":{"start":{"line":190,"column":53},"end":{"line":190,"column":73}},"38":{"start":{"line":191,"column":25},"end":{"line":191,"column":56}},"39":{"start":{"line":194,"column":45},"end":{"line":194,"column":47}},"40":{"start":{"line":195,"column":4},"end":{"line":197,"column":7}},"41":{"start":{"line":196,"column":6},"end":{"line":196,"column":43}},"42":{"start":{"line":200,"column":24},"end":{"line":200,"column":72}},"43":{"start":{"line":202,"column":20},"end":{"line":208,"column":5}},"44":{"start":{"line":210,"column":17},"end":{"line":210,"column":51}},"45":{"start":{"line":212,"column":4},"end":{"line":223,"column":5}},"46":{"start":{"line":214,"column":22},"end":{"line":216,"column":23}},"47":{"start":{"line":217,"column":6},"end":{"line":220,"column":9}},"48":{"start":{"line":222,"column":6},"end":{"line":222,"column":56}},"49":{"start":{"line":225,"column":4},"end":{"line":225,"column":46}},"50":{"start":{"line":226,"column":25},"end":{"line":228,"column":37}},"51":{"start":{"line":229,"column":4},"end":{"line":233,"column":7}}},"fnMap":{"0":{"name":"(anonymous_0)","decl":{"start":{"line":19,"column":32},"end":{"line":19,"column":33}},"loc":{"start":{"line":19,"column":38},"end":{"line":21,"column":1}},"line":19},"1":{"name":"(anonymous_1)","decl":{"start":{"line":20,"column":33},"end":{"line":20,"column":34}},"loc":{"start":{"line":20,"column":42},"end":{"line":20,"column":63}},"line":20},"2":{"name":"getIconDataUri","decl":{"start":{"line":24,"column":15},"end":{"line":24,"column":29}},"loc":{"start":{"line":24,"column":65},"end":{"line":48,"column":1}},"line":24},"3":{"name":"(anonymous_3)","decl":{"start":{"line":57,"column":28},"end":{"line":57,"column":29}},"loc":{"start":{"line":61,"column":13},"end":{"line":164,"column":1}},"line":61},"4":{"name":"(anonymous_4)","decl":{"start":{"line":103,"column":29},"end":{"line":103,"column":30}},"loc":{"start":{"line":103,"column":35},"end":{"line":124,"column":3}},"line":103},"5":{"name":"(anonymous_5)","decl":{"start":{"line":105,"column":11},"end":{"line":105,"column":12}},"loc":{"start":{"line":105,"column":24},"end":{"line":122,"column":7}},"line":105},"6":{"name":"(anonymous_6)","decl":{"start":{"line":167,"column":27},"end":{"line":167,"column":28}},"loc":{"start":{"line":167,"column":77},"end":{"line":235,"column":1}},"line":167},"7":{"name":"(anonymous_7)","decl":{"start":{"line":190,"column":43},"end":{"line":190,"column":44}},"loc":{"start":{"line":190,"column":53},"end":{"line":190,"column":73}},"line":190},"8":{"name":"(anonymous_8)","decl":{"start":{"line":195,"column":26},"end":{"line":195,"column":27}},"loc":{"start":{"line":195,"column":43},"end":{"line":197,"column":5}},"line":195}},"branchMap":{"0":{"loc":{"start":{"line":26,"column":2},"end":{"line":28,"column":3}},"type":"if","locations":[{"start":{"line":26,"column":2},"end":{"line":28,"column":3}},{"start":{},"end":{}}],"line":26},"1":{"loc":{"start":{"line":35,"column":2},"end":{"line":37,"column":3}},"type":"if","locations":[{"start":{"line":35,"column":2},"end":{"line":37,"column":3}},{"start":{},"end":{}}],"line":35},"2":{"loc":{"start":{"line":62,"column":2},"end":{"line":62,"column":60}},"type":"if","locations":[{"start":{"line":62,"column":2},"end":{"line":62,"column":60}},{"start":{},"end":{}}],"line":62},"3":{"loc":{"start":{"line":108,"column":8},"end":{"line":120,"column":9}},"type":"if","locations":[{"start":{"line":108,"column":8},"end":{"line":120,"column":9}},{"start":{},"end":{}}],"line":108},"4":{"loc":{"start":{"line":108,"column":12},"end":{"line":108,"column":27}},"type":"binary-expr","locations":[{"start":{"line":108,"column":12},"end":{"line":108,"column":16}},{"start":{"line":108,"column":20},"end":{"line":108,"column":27}}],"line":108},"5":{"loc":{"start":{"line":212,"column":4},"end":{"line":223,"column":5}},"type":"if","locations":[{"start":{"line":212,"column":4},"end":{"line":223,"column":5}},{"start":{"line":221,"column":11},"end":{"line":223,"column":5}}],"line":212},"6":{"loc":{"start":{"line":214,"column":22},"end":{"line":216,"column":23}},"type":"cond-expr","locations":[{"start":{"line":215,"column":10},"end":{"line":215,"column":35}},{"start":{"line":216,"column":10},"end":{"line":216,"column":23}}],"line":214},"7":{"loc":{"start":{"line":226,"column":25},"end":{"line":228,"column":37}},"type":"cond-expr","locations":[{"start":{"line":227,"column":8},"end":{"line":227,"column":17}},{"start":{"line":228,"column":8},"end":{"line":228,"column":37}}],"line":226}},"s":{"0":1,"1":1,"2":1,"3":14,"4":100,"5":140,"6":10,"7":130,"8":130,"9":120,"10":10,"11":110,"12":110,"13":110,"14":110,"15":1,"16":12,"17":1,"18":11,"19":11,"20":11,"21":11,"22":11,"23":11,"24":11,"25":11,"26":110,"27":110,"28":110,"29":88,"30":22,"31":11,"32":1,"33":14,"34":14,"35":14,"36":14,"37":140,"38":14,"39":12,"40":12,"41":120,"42":12,"43":12,"44":12,"45":10,"46":9,"47":9,"48":1,"49":6,"50":6,"51":6},"f":{"0":14,"1":100,"2":140,"3":12,"4":11,"5":110,"6":14,"7":140,"8":120},"b":{"0":[10,130],"1":[10,110],"2":[1,11],"3":[88,22],"4":[110,88],"5":[9,1],"6":[1,8],"7":[5,1]},"_coverageSchema":"1a1c01bbd47fc00a2c39e90264f33305004495a9","hash":"56676550caa36f6d45473f114fb458a6d659e3cb"}
}
