TN:
SF:constants/Colors.ts
FNF:0
FNH:0
DA:2,1
DA:3,1
DA:5,1
DA:30,1
LF:4
LH:4
BRF:0
BRH:0
end_of_record
TN:
SF:constants/dailyWrite.constants.ts
FNF:0
FNH:0
DA:5,1
DA:20,1
LF:2
LH:2
BRF:0
BRH:0
end_of_record
TN:
SF:hooks/useDailyReflection.ts
FN:23,useDailyReflection
FN:61,(anonymous_1)
FN:67,(anonymous_2)
FN:68,(anonymous_3)
FN:94,(anonymous_4)
FN:106,(anonymous_5)
FN:109,(anonymous_6)
FN:124,saveSession
FN:230,(anonymous_8)
FN:243,handleSatisfaction
FN:281,closeFeedback
FN:363,(anonymous_11)
FNF:12
FNH:11
FNDA:39,useDailyReflection
FNDA:8,(anonymous_1)
FNDA:8,(anonymous_2)
FNDA:8,(anonymous_3)
FNDA:0,(anonymous_4)
FNDA:8,(anonymous_5)
FNDA:1,(anonymous_6)
FNDA:7,saveSession
FNDA:2,(anonymous_8)
FNDA:3,handleSatisfaction
FNDA:2,closeFeedback
FNDA:1,(anonymous_11)
DA:21,1
DA:24,39
DA:25,39
DA:27,39
DA:28,39
DA:30,39
DA:31,39
DA:32,39
DA:33,39
DA:35,39
DA:36,39
DA:37,39
DA:38,39
DA:41,39
DA:44,39
DA:48,39
DA:49,39
DA:50,39
DA:51,39
DA:59,39
DA:61,39
DA:62,8
DA:63,8
DA:67,39
DA:68,8
DA:75,8
DA:93,8
DA:94,8
DA:95,0
DA:99,8
DA:106,8
DA:109,39
DA:110,1
DA:125,7
DA:126,5
DA:128,5
DA:129,5
DA:131,5
DA:133,5
DA:134,5
DA:152,3
DA:155,2
DA:157,2
DA:158,2
DA:161,0
DA:168,0
DA:177,2
DA:178,1
DA:180,1
DA:188,1
DA:190,1
DA:192,1
DA:193,1
DA:194,1
DA:197,1
DA:198,1
DA:201,1
DA:202,1
DA:206,3
DA:209,3
DA:210,1
DA:215,2
DA:216,1
DA:222,1
DA:230,3
DA:233,3
DA:239,4
DA:244,3
DA:246,2
DA:248,2
DA:255,2
DA:257,1
DA:258,1
DA:269,1
DA:270,1
DA:282,2
DA:283,2
DA:285,2
DA:287,2
DA:288,2
DA:296,2
DA:299,1
DA:305,1
DA:308,2
DA:309,2
DA:310,2
DA:311,2
DA:312,2
DA:313,2
DA:316,2
DA:320,39
DA:330,39
DA:364,1
DA:365,1
DA:366,1
LF:95
LH:92
BRDA:62,0,0,8
BRDA:62,0,1,0
BRDA:125,1,0,2
BRDA:125,1,1,5
BRDA:125,2,0,7
BRDA:125,2,1,6
BRDA:152,3,0,2
BRDA:152,3,1,1
BRDA:157,4,0,2
BRDA:157,4,1,0
BRDA:162,5,0,0
BRDA:162,5,1,0
BRDA:169,6,0,0
BRDA:169,6,1,0
BRDA:177,7,0,1
BRDA:177,7,1,1
BRDA:182,8,0,1
BRDA:182,8,1,0
BRDA:188,9,0,1
BRDA:188,9,1,0
BRDA:192,10,0,1
BRDA:192,10,1,0
BRDA:197,11,0,1
BRDA:197,11,1,0
BRDA:201,12,0,1
BRDA:201,12,1,0
BRDA:209,13,0,1
BRDA:209,13,1,2
BRDA:215,14,0,1
BRDA:215,14,1,1
BRDA:235,15,0,2
BRDA:235,15,1,1
BRDA:244,16,0,1
BRDA:244,16,1,2
BRDA:244,17,0,3
BRDA:244,17,1,2
BRDA:255,18,0,1
BRDA:255,18,1,1
BRDA:287,19,0,2
BRDA:287,19,1,0
BRF:40
BRH:28
end_of_record
TN:
SF:hooks/useDiary.ts
FN:22,useDiary
FN:45,(anonymous_1)
FN:52,(anonymous_2)
FN:58,(anonymous_3)
FN:59,(anonymous_4)
FN:77,(anonymous_5)
FN:85,(anonymous_6)
FN:98,(anonymous_7)
FN:104,(anonymous_8)
FN:105,(anonymous_9)
FN:113,(anonymous_10)
FN:123,(anonymous_11)
FN:128,(anonymous_12)
FN:133,(anonymous_13)
FN:138,(anonymous_14)
FN:144,(anonymous_15)
FN:168,(anonymous_16)
FN:169,(anonymous_17)
FN:174,(anonymous_18)
FNF:19
FNH:19
FNDA:32,useDiary
FNDA:3,(anonymous_1)
FNDA:2,(anonymous_2)
FNDA:1,(anonymous_3)
FNDA:2,(anonymous_4)
FNDA:2,(anonymous_5)
FNDA:1,(anonymous_6)
FNDA:2,(anonymous_7)
FNDA:2,(anonymous_8)
FNDA:1,(anonymous_9)
FNDA:1,(anonymous_10)
FNDA:2,(anonymous_11)
FNDA:3,(anonymous_12)
FNDA:1,(anonymous_13)
FNDA:2,(anonymous_14)
FNDA:2,(anonymous_15)
FNDA:1,(anonymous_16)
FNDA:1,(anonymous_17)
FNDA:1,(anonymous_18)
DA:23,32
DA:24,32
DA:26,32
DA:27,32
DA:30,32
DA:33,32
DA:38,32
DA:43,32
DA:45,3
DA:51,32
DA:53,2
DA:58,1
DA:60,2
DA:61,2
DA:65,2
DA:75,2
DA:77,2
DA:80,2
DA:81,2
DA:83,2
DA:86,1
DA:87,1
DA:92,1
DA:99,2
DA:103,32
DA:104,2
DA:106,1
DA:110,1
DA:111,1
DA:114,1
DA:123,32
DA:124,2
DA:125,2
DA:128,32
DA:129,3
DA:130,3
DA:133,32
DA:134,1
DA:135,1
DA:138,32
DA:139,2
DA:144,32
DA:145,2
DA:148,32
DA:168,1
DA:170,1
DA:171,1
DA:175,1
DA:176,1
LF:49
LH:49
BRDA:30,0,0,32
BRDA:30,0,1,0
BRDA:36,1,0,17
BRDA:77,2,0,0
BRDA:86,3,0,1
BRDA:86,3,1,0
BRF:6
BRH:3
end_of_record
TN:
SF:hooks/useDiaryConversation.ts
FN:18,useDiaryConversation
FN:34,(anonymous_1)
FN:57,(anonymous_2)
FN:61,(anonymous_3)
FN:72,(anonymous_4)
FN:82,(anonymous_5)
FN:92,(anonymous_6)
FN:97,(anonymous_7)
FN:102,(anonymous_8)
FNF:9
FNH:9
FNDA:48,useDiaryConversation
FNDA:8,(anonymous_1)
FNDA:6,(anonymous_2)
FNDA:6,(anonymous_3)
FNDA:1,(anonymous_4)
FNDA:1,(anonymous_5)
FNDA:15,(anonymous_6)
FNDA:15,(anonymous_7)
FNDA:10,(anonymous_8)
DA:19,48
DA:20,48
DA:21,48
DA:22,48
DA:23,48
DA:26,48
DA:29,48
DA:33,48
DA:37,8
DA:54,6
DA:55,6
DA:58,6
DA:59,6
DA:61,6
DA:65,6
DA:66,1
DA:67,1
DA:69,5
DA:73,1
DA:82,48
DA:83,1
DA:84,1
DA:85,1
DA:86,1
DA:87,1
DA:88,1
DA:89,1
DA:92,48
DA:97,15
DA:99,15
DA:102,48
DA:103,10
DA:105,8
DA:108,8
DA:110,1
DA:111,1
DA:112,1
DA:114,7
DA:115,7
DA:118,8
DA:125,8
DA:126,8
DA:127,8
DA:128,8
DA:137,48
LF:45
LH:45
BRDA:54,0,0,0
BRDA:54,0,1,6
BRDA:58,1,0,6
BRDA:58,1,1,0
BRDA:65,2,0,1
BRDA:65,2,1,5
BRDA:69,3,0,5
BRDA:69,3,1,0
BRDA:103,4,0,2
BRDA:103,4,1,8
BRDA:103,5,0,10
BRDA:103,5,1,8
BRDA:108,6,0,1
BRDA:108,6,1,7
BRF:14
BRH:11
end_of_record
TN:
SF:hooks/useProtectedRoute.ts
FN:7,(anonymous_0)
FN:19,(anonymous_1)
FNF:2
FNH:2
FNDA:15,(anonymous_0)
FNDA:15,(anonymous_1)
DA:7,1
DA:8,15
DA:14,15
DA:16,15
DA:17,15
DA:19,15
DA:20,15
DA:21,15
DA:22,2
DA:24,13
DA:27,13
DA:29,13
DA:30,6
DA:31,4
DA:33,6
DA:36,7
DA:37,2
LF:17
LH:17
BRDA:20,0,0,15
BRDA:20,0,1,14
BRDA:21,1,0,2
BRDA:21,1,1,13
BRDA:29,2,0,6
BRDA:29,2,1,7
BRDA:30,3,0,4
BRDA:30,3,1,2
BRDA:36,4,0,2
BRDA:36,4,1,5
BRDA:36,5,0,7
BRDA:36,5,1,7
BRDA:36,5,2,3
BRF:13
BRH:13
end_of_record
TN:
SF:hooks/useSettings.ts
FN:9,(anonymous_0)
FN:13,(anonymous_1)
FN:25,(anonymous_2)
FN:48,(anonymous_3)
FN:87,(anonymous_4)
FN:100,(anonymous_5)
FN:116,(anonymous_6)
FNF:7
FNH:7
FNDA:16,(anonymous_0)
FNDA:3,(anonymous_1)
FNDA:2,(anonymous_2)
FNDA:4,(anonymous_3)
FNDA:7,(anonymous_4)
FNDA:6,(anonymous_5)
FNDA:5,(anonymous_6)
DA:9,1
DA:10,16
DA:11,16
DA:13,16
DA:14,3
DA:26,2
DA:27,2
DA:28,1
DA:30,1
DA:33,1
DA:37,1
DA:48,16
DA:49,4
DA:50,4
DA:51,4
DA:54,2
DA:56,2
DA:60,2
DA:61,2
DA:63,2
DA:64,2
DA:66,2
DA:67,2
DA:68,1
DA:70,1
DA:74,0
DA:78,2
DA:83,4
DA:87,16
DA:88,7
DA:89,7
DA:101,6
DA:117,5
DA:121,1
DA:129,1
DA:131,4
DA:143,16
LF:37
LH:36
BRDA:30,0,0,1
BRDA:30,0,1,0
BRDA:54,1,0,0
BRDA:54,1,1,2
BRDA:66,2,0,2
BRDA:66,2,1,0
BRDA:67,3,0,1
BRDA:67,3,1,1
BRDA:70,4,0,0
BRDA:70,4,1,1
BRDA:71,5,0,1
BRDA:71,5,1,0
BRDA:117,6,0,1
BRDA:117,6,1,4
BRF:14
BRH:9
end_of_record
TN:
SF:hooks/useSubscription.ts
FN:24,useSubscriptionPlans
FN:34,useSubscription
FN:55,useUsageStats
FN:65,useFeatureAccess
FN:81,useUpdateSubscription
FN:85,(anonymous_5)
FN:86,(anonymous_6)
FN:90,(anonymous_7)
FNF:8
FNH:8
FNDA:4,useSubscriptionPlans
FNDA:7,useSubscription
FNDA:13,useUsageStats
FNDA:7,useFeatureAccess
FNDA:6,useUpdateSubscription
FNDA:4,(anonymous_5)
FNDA:3,(anonymous_6)
FNDA:1,(anonymous_7)
DA:15,1
DA:25,4
DA:35,7
DA:40,7
DA:41,7
DA:43,7
DA:56,13
DA:66,7
DA:68,7
DA:75,7
DA:82,6
DA:84,6
DA:85,4
DA:87,3
DA:88,3
DA:91,1
DA:92,1
LF:17
LH:17
BRDA:41,0,0,7
BRDA:41,0,1,6
BRDA:68,1,0,7
BRDA:68,1,1,6
BRF:4
BRH:4
end_of_record
TN:
SF:hooks/useTextSessionReducer.ts
FN:98,textSessionReducer
FN:121,(anonymous_1)
FN:131,(anonymous_2)
FN:301,useTextSessionReducer
FN:311,(anonymous_4)
FN:312,(anonymous_5)
FN:326,(anonymous_6)
FN:332,(anonymous_7)
FN:403,(anonymous_8)
FN:408,(anonymous_9)
FN:435,(anonymous_10)
FN:482,(anonymous_11)
FN:488,(anonymous_12)
FN:629,(anonymous_13)
FN:631,(anonymous_14)
FN:653,(anonymous_15)
FN:657,(anonymous_16)
FN:662,(anonymous_17)
FN:667,(anonymous_18)
FNF:19
FNH:19
FNDA:112,textSessionReducer
FNDA:7,(anonymous_1)
FNDA:2,(anonymous_2)
FNDA:57,useTextSessionReducer
FNDA:16,(anonymous_4)
FNDA:16,(anonymous_5)
FNDA:4,(anonymous_6)
FNDA:4,(anonymous_7)
FNDA:6,(anonymous_8)
FNDA:5,(anonymous_9)
FNDA:7,(anonymous_10)
FNDA:6,(anonymous_11)
FNDA:5,(anonymous_12)
FNDA:2,(anonymous_13)
FNDA:1,(anonymous_14)
FNDA:1,(anonymous_15)
FNDA:1,(anonymous_16)
FNDA:35,(anonymous_17)
FNDA:35,(anonymous_18)
DA:82,1
DA:102,112
DA:104,11
DA:107,7
DA:108,7
DA:119,5
DA:122,7
DA:129,2
DA:132,2
DA:140,2
DA:147,2
DA:154,12
DA:157,0
DA:160,0
DA:163,0
DA:166,30
DA:169,1
DA:180,10
DA:188,1
DA:194,1
DA:202,5
DA:209,2
DA:218,1
DA:219,0
DA:222,1
DA:231,5
DA:246,1
DA:254,7
DA:261,6
DA:268,2
DA:276,0
DA:308,57
DA:311,57
DA:312,16
DA:313,16
DA:316,16
DA:317,5
DA:318,5
DA:319,4
DA:326,4
DA:331,4
DA:333,4
DA:341,4
DA:345,4
DA:347,1
DA:352,11
DA:353,1
DA:354,1
DA:356,1
DA:373,0
DA:375,0
DA:379,0
DA:381,1
DA:386,1
DA:390,10
DA:391,10
DA:394,16
DA:395,0
DA:399,16
DA:403,57
DA:404,6
DA:408,57
DA:409,5
DA:412,5
DA:416,5
DA:419,5
DA:427,5
DA:428,5
DA:429,5
DA:433,5
DA:435,7
DA:440,5
DA:443,5
DA:448,5
DA:461,4
DA:463,0
DA:467,4
DA:468,4
DA:470,1
DA:472,1
DA:477,5
DA:482,57
DA:483,6
DA:485,6
DA:487,6
DA:488,6
DA:489,5
DA:491,6
DA:494,5
DA:495,5
DA:496,0
DA:500,5
DA:501,5
DA:503,3
DA:510,3
DA:513,2
DA:518,2
DA:519,2
DA:528,2
DA:533,2
DA:543,2
DA:546,2
DA:555,2
DA:556,2
DA:561,4
DA:563,4
DA:573,2
DA:574,0
DA:576,2
DA:578,2
DA:582,4
DA:583,4
DA:584,1
DA:593,0
DA:594,0
DA:601,1
DA:605,4
DA:606,4
DA:607,4
DA:610,1
DA:611,1
DA:613,1
DA:614,1
DA:618,1
DA:629,57
DA:630,2
DA:631,2
DA:632,2
DA:634,1
DA:637,1
DA:649,1
DA:653,57
DA:654,1
DA:657,57
DA:658,1
DA:662,57
DA:663,35
DA:667,35
DA:668,35
DA:672,57
LF:140
LH:126
BRDA:102,0,0,11
BRDA:102,0,1,7
BRDA:102,0,2,5
BRDA:102,0,3,2
BRDA:102,0,4,2
BRDA:102,0,5,2
BRDA:102,0,6,12
BRDA:102,0,7,0
BRDA:102,0,8,0
BRDA:102,0,9,0
BRDA:102,0,10,30
BRDA:102,0,11,1
BRDA:102,0,12,10
BRDA:102,0,13,1
BRDA:102,0,14,5
BRDA:102,0,15,2
BRDA:102,0,16,1
BRDA:102,0,17,5
BRDA:102,0,18,1
BRDA:102,0,19,7
BRDA:102,0,20,6
BRDA:102,0,21,2
BRDA:102,0,22,0
BRDA:111,1,0,6
BRDA:111,1,1,1
BRDA:122,2,0,5
BRDA:122,2,1,2
BRDA:132,3,0,2
BRDA:132,3,1,0
BRDA:218,4,0,0
BRDA:218,4,1,1
BRDA:241,5,0,5
BRDA:241,5,1,4
BRDA:316,6,0,5
BRDA:316,6,1,11
BRDA:319,7,0,4
BRDA:319,7,1,0
BRDA:334,8,0,4
BRDA:334,8,1,0
BRDA:352,9,0,1
BRDA:352,9,1,10
BRDA:373,10,0,0
BRDA:373,10,1,0
BRDA:394,11,0,0
BRDA:394,11,1,16
BRDA:412,12,0,0
BRDA:412,12,1,5
BRDA:412,13,0,5
BRDA:412,13,1,5
BRDA:461,14,0,0
BRDA:461,14,1,4
BRDA:483,15,0,0
BRDA:483,15,1,6
BRDA:491,16,0,5
BRDA:491,16,1,1
BRDA:495,17,0,0
BRDA:495,17,1,5
BRDA:501,18,0,3
BRDA:501,18,1,2
BRDA:507,19,0,3
BRDA:507,19,1,3
BRDA:510,20,0,1
BRDA:510,20,1,2
BRDA:518,21,0,2
BRDA:518,21,1,0
BRDA:528,22,0,2
BRDA:528,22,1,2
BRDA:539,23,0,2
BRDA:539,23,1,2
BRDA:543,24,0,0
BRDA:543,24,1,2
BRDA:555,25,0,0
BRDA:555,25,1,2
BRDA:570,26,0,4
BRDA:570,26,1,4
BRDA:573,27,0,0
BRDA:573,27,1,2
BRDA:576,28,0,2
BRDA:576,28,1,0
BRDA:583,29,0,1
BRDA:583,29,1,3
BRDA:583,30,0,4
BRDA:583,30,1,2
BRDA:583,30,2,2
BRDA:593,31,0,0
BRDA:593,31,1,0
BRDA:630,32,0,0
BRDA:630,32,1,2
BRDA:632,33,0,1
BRDA:632,33,1,1
BRF:90
BRH:67
end_of_record
TN:
SF:hooks/useTranscripts.ts
FN:60,transcriptsReducer
FN:110,(anonymous_1)
FN:117,(anonymous_2)
FN:135,useTranscripts
FN:142,(anonymous_4)
FN:144,(anonymous_5)
FN:152,(anonymous_6)
FN:157,(anonymous_7)
FN:158,(anonymous_8)
FN:165,(anonymous_9)
FN:166,(anonymous_10)
FN:180,(anonymous_11)
FN:186,(anonymous_12)
FN:188,(anonymous_13)
FN:195,(anonymous_14)
FN:201,(anonymous_15)
FN:209,(anonymous_16)
FN:225,(anonymous_17)
FN:227,(anonymous_18)
FN:248,(anonymous_19)
FN:273,(anonymous_20)
FN:277,(anonymous_21)
FN:281,(anonymous_22)
FN:285,(anonymous_23)
FN:286,(anonymous_24)
FN:287,(anonymous_25)
FNF:26
FNH:24
FNDA:30,transcriptsReducer
FNDA:2,(anonymous_1)
FNDA:0,(anonymous_2)
FNDA:46,useTranscripts
FNDA:0,(anonymous_4)
FNDA:1,(anonymous_5)
FNDA:1,(anonymous_6)
FNDA:12,(anonymous_7)
FNDA:12,(anonymous_8)
FNDA:17,(anonymous_9)
FNDA:3,(anonymous_10)
FNDA:17,(anonymous_11)
FNDA:16,(anonymous_12)
FNDA:6,(anonymous_13)
FNDA:2,(anonymous_14)
FNDA:16,(anonymous_15)
FNDA:7,(anonymous_16)
FNDA:16,(anonymous_17)
FNDA:10,(anonymous_18)
FNDA:16,(anonymous_19)
FNDA:31,(anonymous_20)
FNDA:2,(anonymous_21)
FNDA:1,(anonymous_22)
FNDA:2,(anonymous_23)
FNDA:2,(anonymous_24)
FNDA:2,(anonymous_25)
DA:51,1
DA:64,30
DA:66,0
DA:69,1
DA:72,0
DA:75,0
DA:78,12
DA:85,11
DA:93,1
DA:100,2
DA:107,2
DA:110,2
DA:116,1
DA:118,0
DA:121,1
DA:128,0
DA:131,0
DA:136,46
DA:137,46
DA:138,46
DA:139,46
DA:142,46
DA:143,46
DA:145,1
DA:146,1
DA:147,1
DA:151,46
DA:152,1
DA:156,46
DA:158,12
DA:159,12
DA:160,12
DA:161,12
DA:164,11
DA:165,17
DA:167,3
DA:170,11
DA:171,11
DA:172,11
DA:174,7
DA:175,7
DA:176,6
DA:177,6
DA:180,11
DA:181,17
DA:185,11
DA:186,16
DA:188,11
DA:189,11
DA:194,11
DA:196,2
DA:201,11
DA:203,16
DA:206,16
DA:207,10
DA:208,10
DA:210,7
DA:212,10
DA:213,5
DA:217,16
DA:224,11
DA:225,16
DA:227,11
DA:228,10
DA:229,5
DA:234,5
DA:235,5
DA:239,4
DA:241,1
DA:244,11
DA:245,11
DA:246,11
DA:248,11
DA:249,16
DA:250,10
DA:251,10
DA:252,6
DA:257,10
DA:260,11
DA:265,1
DA:266,1
DA:269,12
DA:273,46
DA:274,31
DA:277,46
DA:278,2
DA:281,46
DA:282,1
DA:285,46
DA:286,2
DA:287,2
DA:288,2
DA:290,2
DA:293,2
DA:295,2
DA:296,2
DA:303,1
DA:305,1
DA:309,1
DA:313,1
DA:319,2
DA:322,46
LF:102
LH:96
BRDA:64,0,0,0
BRDA:64,0,1,1
BRDA:64,0,2,0
BRDA:64,0,3,0
BRDA:64,0,4,12
BRDA:64,0,5,11
BRDA:64,0,6,1
BRDA:64,0,7,2
BRDA:64,0,8,2
BRDA:64,0,9,1
BRDA:64,0,10,0
BRDA:64,0,11,0
BRDA:145,1,0,1
BRDA:145,1,1,0
BRDA:146,2,0,1
BRDA:146,2,1,0
BRDA:175,3,0,6
BRDA:175,3,1,1
BRDA:181,4,0,17
BRDA:181,4,1,7
BRDA:203,5,0,16
BRDA:203,5,1,11
BRDA:206,6,0,10
BRDA:206,6,1,6
BRDA:206,7,0,16
BRDA:206,7,1,10
BRDA:212,8,0,5
BRDA:212,8,1,5
BRDA:213,9,0,5
BRDA:213,9,1,0
BRDA:228,10,0,5
BRDA:228,10,1,5
BRDA:228,11,0,10
BRDA:228,11,1,5
BRDA:239,12,0,4
BRDA:239,12,1,3
BRDA:249,13,0,10
BRDA:249,13,1,6
BRDA:251,14,0,6
BRDA:251,14,1,4
BRDA:251,15,0,10
BRDA:251,15,1,6
BRDA:290,16,0,0
BRDA:290,16,1,2
BRDA:303,17,0,0
BRDA:303,17,1,1
BRF:46
BRH:36
end_of_record
TN:
SF:hooks/useVault.ts
FN:14,(anonymous_0)
FN:27,(anonymous_1)
FN:31,(anonymous_2)
FN:34,(anonymous_3)
FN:51,(anonymous_4)
FN:63,(anonymous_5)
FNF:6
FNH:6
FNDA:9,(anonymous_0)
FNDA:12,(anonymous_1)
FNDA:6,(anonymous_2)
FNDA:6,(anonymous_3)
FNDA:1,(anonymous_4)
FNDA:6,(anonymous_5)
DA:9,1
DA:14,1
DA:15,9
DA:27,1
DA:28,12
DA:30,12
DA:31,6
DA:36,6
DA:39,6
DA:44,6
DA:47,6
DA:52,1
DA:53,1
DA:54,1
DA:64,6
LF:15
LH:15
BRDA:52,0,0,1
BRDA:52,0,1,0
BRF:2
BRH:1
end_of_record
TN:
SF:schemas/diary.schema.ts
FN:7,(anonymous_0)
FN:18,(anonymous_1)
FN:21,(anonymous_2)
FNF:3
FNH:3
FNDA:1,(anonymous_0)
FNDA:2,(anonymous_1)
FNDA:1,(anonymous_2)
DA:4,1
DA:9,1
DA:13,1
DA:17,1
DA:18,2
DA:23,1
DA:30,1
LF:7
LH:7
BRDA:9,0,0,1
BRDA:9,0,1,0
BRDA:23,1,0,1
BRDA:23,1,1,0
BRF:4
BRH:2
end_of_record
TN:
SF:services/api.service.ts
FN:21,apiCall
FN:33,(anonymous_1)
FN:53,logEvent
FN:59,updateUserVault
FN:64,getAllPlans
FN:69,getLatestAnalysisReport
FN:70,(anonymous_6)
FN:90,triggerBehavioralAnalysis
FN:91,(anonymous_8)
FN:110,generateOnboardingInsight
FN:115,(anonymous_10)
FNF:11
FNH:11
FNDA:19,apiCall
FNDA:4,(anonymous_1)
FNDA:2,logEvent
FNDA:2,updateUserVault
FNDA:1,getAllPlans
FNDA:4,getLatestAnalysisReport
FNDA:4,(anonymous_6)
FNDA:3,triggerBehavioralAnalysis
FNDA:3,(anonymous_8)
FNDA:4,generateOnboardingInsight
FNDA:4,(anonymous_10)
DA:24,19
DA:25,19
DA:26,12
DA:28,7
DA:29,7
DA:33,1
DA:36,4
DA:37,4
DA:39,3
DA:45,3
DA:46,1
DA:56,2
DA:60,2
DA:65,1
DA:70,4
DA:71,4
DA:72,4
DA:74,3
DA:82,3
DA:83,2
DA:86,4
DA:91,3
DA:92,3
DA:99,3
DA:100,1
DA:103,2
DA:106,3
DA:115,4
DA:116,4
DA:128,4
DA:131,3
DA:138,4
LF:32
LH:32
BRDA:37,0,0,1
BRDA:37,0,1,3
BRDA:45,1,0,1
BRDA:45,1,1,2
BRDA:72,2,0,1
BRDA:72,2,1,3
BRDA:82,3,0,1
BRDA:82,3,1,2
BRDA:83,4,0,2
BRDA:83,4,1,1
BRDA:99,5,0,1
BRDA:99,5,1,2
BRDA:128,6,0,1
BRDA:128,6,1,3
BRDA:131,7,0,1
BRDA:131,7,1,2
BRF:16
BRH:16
end_of_record
TN:
SF:services/event.service.ts
FN:58,logEvent
FN:81,(anonymous_1)
FN:82,(anonymous_2)
FN:120,(anonymous_3)
FN:140,getDreamEvents
FN:165,deleteEventById
FN:179,updateEventData
FN:200,canUserAnalyzeDream
FN:207,canUserWriteNewDiary
FN:238,getSessionEventsForUser
FN:263,getDiaryEventsForUser
FN:285,getAIAnalysisEvents
FN:310,getOldestEventDate
FN:337,getEventById
FN:372,getEventsForLast
FN:396,getSessionSummariesForEventIds
FN:421,getSummaryForSessionEvent
FNF:17
FNH:17
FNDA:6,logEvent
FNDA:1,(anonymous_1)
FNDA:31,(anonymous_2)
FNDA:1,(anonymous_3)
FNDA:3,getDreamEvents
FNDA:3,deleteEventById
FNDA:2,updateEventData
FNDA:1,canUserAnalyzeDream
FNDA:4,canUserWriteNewDiary
FNDA:2,getSessionEventsForUser
FNDA:3,getDiaryEventsForUser
FNDA:2,getAIAnalysisEvents
FNDA:3,getOldestEventDate
FNDA:3,getEventById
FNDA:2,getEventsForLast
FNDA:3,getSessionSummariesForEventIds
FNDA:8,getSummaryForSessionEvent
DA:12,1
DA:61,6
DA:62,6
DA:65,6
DA:66,1
DA:67,1
DA:69,1
DA:72,5
DA:73,5
DA:77,5
DA:78,4
DA:81,4
DA:82,1
DA:83,31
DA:84,31
DA:85,31
DA:87,4
DA:98,4
DA:103,4
DA:104,3
DA:110,3
DA:121,1
DA:132,4
DA:134,1
DA:135,1
DA:143,3
DA:144,3
DA:146,3
DA:147,3
DA:149,2
DA:157,2
DA:158,1
DA:159,1
DA:162,1
DA:166,3
DA:167,3
DA:168,3
DA:169,2
DA:171,2
DA:172,1
DA:174,2
DA:175,2
DA:183,2
DA:184,2
DA:185,2
DA:186,1
DA:188,1
DA:189,1
DA:190,1
DA:195,1
DA:196,1
DA:204,1
DA:210,4
DA:211,4
DA:212,4
DA:214,3
DA:215,2
DA:216,0
DA:219,2
DA:220,2
DA:221,1
DA:223,1
DA:230,2
DA:234,2
DA:239,2
DA:240,2
DA:241,2
DA:242,1
DA:244,1
DA:251,1
DA:252,1
DA:254,1
DA:258,1
DA:264,3
DA:265,3
DA:266,3
DA:267,1
DA:270,2
DA:277,2
DA:278,2
DA:280,2
DA:281,2
DA:286,2
DA:287,2
DA:288,2
DA:289,1
DA:293,1
DA:299,1
DA:300,1
DA:302,1
DA:306,1
DA:311,3
DA:312,3
DA:313,3
DA:314,1
DA:318,2
DA:326,2
DA:327,2
DA:329,1
DA:333,1
DA:338,3
DA:339,3
DA:340,3
DA:342,2
DA:349,2
DA:350,1
DA:351,0
DA:353,1
DA:355,1
DA:359,1
DA:373,2
DA:374,2
DA:377,1
DA:378,1
DA:380,1
DA:387,1
DA:388,0
DA:389,0
DA:392,1
DA:399,3
DA:400,2
DA:401,2
DA:404,1
DA:411,1
DA:413,1
DA:414,1
DA:415,2
DA:417,1
DA:425,8
DA:426,8
DA:429,7
DA:430,7
DA:431,2
DA:437,2
DA:438,0
DA:440,2
DA:444,7
DA:452,7
DA:453,1
DA:455,7
DA:458,5
DA:459,4
DA:468,4
DA:469,1
DA:471,4
DA:472,1
DA:480,1
DA:481,0
DA:486,1
DA:491,3
DA:494,3
DA:504,3
DA:505,1
DA:507,3
DA:510,3
LF:155
LH:149
BRDA:65,0,0,1
BRDA:65,0,1,5
BRDA:66,1,0,1
BRDA:66,1,1,0
BRDA:67,2,0,1
BRDA:67,2,1,0
BRDA:77,3,0,1
BRDA:77,3,1,4
BRDA:78,4,0,4
BRDA:78,4,1,0
BRDA:84,5,0,30
BRDA:84,5,1,1
BRDA:87,6,0,3
BRDA:87,6,1,1
BRDA:87,7,0,4
BRDA:87,7,1,3
BRDA:98,8,0,4
BRDA:98,8,1,1
BRDA:103,9,0,3
BRDA:103,9,1,1
BRDA:103,10,0,4
BRDA:103,10,1,3
BRDA:144,11,0,3
BRDA:144,11,1,3
BRDA:147,12,0,1
BRDA:147,12,1,2
BRDA:157,13,0,1
BRDA:157,13,1,1
BRDA:162,14,0,1
BRDA:162,14,1,0
BRDA:168,15,0,1
BRDA:168,15,1,2
BRDA:171,16,0,1
BRDA:171,16,1,1
BRDA:172,17,0,1
BRDA:172,17,1,0
BRDA:185,18,0,1
BRDA:185,18,1,1
BRDA:188,19,0,0
BRDA:188,19,1,1
BRDA:189,20,0,1
BRDA:189,20,1,0
BRDA:212,21,0,1
BRDA:212,21,1,3
BRDA:215,22,0,0
BRDA:215,22,1,2
BRDA:220,23,0,1
BRDA:220,23,1,1
BRDA:241,24,0,1
BRDA:241,24,1,1
BRDA:251,25,0,0
BRDA:251,25,1,1
BRDA:252,26,0,1
BRDA:252,26,1,0
BRDA:266,27,0,1
BRDA:266,27,1,2
BRDA:277,28,0,0
BRDA:277,28,1,2
BRDA:278,29,0,2
BRDA:278,29,1,0
BRDA:288,30,0,1
BRDA:288,30,1,1
BRDA:299,31,0,0
BRDA:299,31,1,1
BRDA:300,32,0,1
BRDA:300,32,1,0
BRDA:313,33,0,1
BRDA:313,33,1,2
BRDA:326,34,0,0
BRDA:326,34,1,2
BRDA:326,35,0,2
BRDA:326,35,1,1
BRDA:327,36,0,1
BRDA:327,36,1,1
BRDA:340,37,0,1
BRDA:340,37,1,2
BRDA:349,38,0,1
BRDA:349,38,1,1
BRDA:350,39,0,1
BRDA:350,39,1,0
BRDA:374,40,0,1
BRDA:374,40,1,1
BRDA:387,41,0,0
BRDA:387,41,1,1
BRDA:392,42,0,1
BRDA:392,42,1,0
BRDA:399,43,0,1
BRDA:399,43,1,2
BRDA:401,44,0,1
BRDA:401,44,1,1
BRDA:411,45,0,0
BRDA:411,45,1,1
BRDA:411,46,0,1
BRDA:411,46,1,1
BRDA:426,47,0,1
BRDA:426,47,1,7
BRDA:429,48,0,7
BRDA:429,48,1,2
BRDA:430,49,0,2
BRDA:430,49,1,5
BRDA:437,50,0,0
BRDA:437,50,1,2
BRDA:440,51,0,2
BRDA:440,51,1,2
BRDA:452,52,0,1
BRDA:452,52,1,6
BRDA:455,53,0,2
BRDA:455,53,1,5
BRDA:458,54,0,4
BRDA:458,54,1,1
BRDA:468,55,0,1
BRDA:468,55,1,3
BRDA:471,56,0,1
BRDA:471,56,1,3
BRDA:480,57,0,0
BRDA:480,57,1,1
BRDA:486,58,0,1
BRDA:486,58,1,0
BRDA:504,59,0,1
BRDA:504,59,1,2
BRDA:507,60,0,1
BRDA:507,60,1,2
BRF:122
BRH:100
end_of_record
TN:
SF:services/prompt.service.ts
FN:13,buildSilentOraclePrompt
FN:96,generateSilentOracle
FN:152,getActivePrompt
FNF:3
FNH:3
FNDA:14,buildSilentOraclePrompt
FNDA:8,generateSilentOracle
FNDA:10,getActivePrompt
DA:17,14
DA:19,14
DA:91,14
DA:100,8
DA:101,8
DA:114,8
DA:115,7
DA:118,7
DA:119,7
DA:120,3
DA:130,4
DA:150,1
DA:153,10
DA:154,10
DA:155,2
DA:158,8
DA:162,8
DA:163,3
DA:164,3
DA:167,5
DA:168,5
DA:173,5
DA:175,5
LF:23
LH:23
BRDA:17,0,0,11
BRDA:17,0,1,3
BRDA:114,1,0,1
BRDA:114,1,1,7
BRDA:121,2,0,3
BRDA:121,2,1,0
BRDA:122,3,0,2
BRDA:122,3,1,1
BRDA:125,4,0,2
BRDA:125,4,1,1
BRDA:154,5,0,2
BRDA:154,5,1,8
BRDA:162,6,0,3
BRDA:162,6,1,5
BRDA:162,7,0,8
BRDA:162,7,1,7
BRDA:170,8,0,5
BRDA:170,8,1,1
BRF:18
BRH:17
end_of_record
TN:
SF:services/report.service.ts
FN:20,getLatestUserReport
FN:44,markReportAsRead
FNF:2
FNH:2
FNDA:4,getLatestUserReport
FNDA:2,markReportAsRead
DA:21,4
DA:22,4
DA:24,3
DA:32,3
DA:33,1
DA:34,1
DA:37,2
DA:45,2
DA:50,2
DA:51,1
DA:54,1
LF:11
LH:11
BRDA:22,0,0,1
BRDA:22,0,1,3
BRDA:32,1,0,1
BRDA:32,1,1,2
BRDA:50,2,0,1
BRDA:50,2,1,1
BRF:6
BRH:6
end_of_record
TN:
SF:services/subscription.service.ts
FN:49,getAllPlans
FN:58,(anonymous_1)
FN:68,getCurrentSubscription
FN:94,getUsageStats
FN:99,(anonymous_4)
FN:135,updateUserPlan
FNF:6
FNH:6
FNDA:2,getAllPlans
FNDA:2,(anonymous_1)
FNDA:3,getCurrentSubscription
FNDA:3,getUsageStats
FNDA:12,(anonymous_4)
FNDA:3,updateUserPlan
DA:30,1
DA:50,2
DA:53,2
DA:54,1
DA:55,1
DA:58,2
DA:71,3
DA:72,3
DA:75,2
DA:82,2
DA:83,1
DA:84,1
DA:87,1
DA:95,3
DA:96,3
DA:98,2
DA:99,2
DA:100,12
DA:106,2
DA:108,2
DA:109,12
DA:110,12
DA:111,12
DA:112,1
DA:117,1
DA:124,11
DA:128,2
DA:138,3
DA:139,3
DA:141,2
DA:146,2
DA:147,1
DA:148,1
DA:151,1
LF:34
LH:34
BRDA:53,0,0,1
BRDA:53,0,1,1
BRDA:72,1,0,1
BRDA:72,1,1,2
BRDA:82,2,0,1
BRDA:82,2,1,1
BRDA:96,3,0,1
BRDA:96,3,1,2
BRDA:111,4,0,1
BRDA:111,4,1,11
BRDA:111,5,0,12
BRDA:111,5,1,11
BRDA:139,6,0,1
BRDA:139,6,1,2
BRDA:146,7,0,1
BRDA:146,7,1,1
BRF:16
BRH:16
end_of_record
TN:
SF:services/vault.service.ts
FN:45,getUserVault
FN:95,updateUserVault
FNF:2
FNH:2
FNDA:7,getUserVault
FNDA:9,updateUserVault
DA:46,7
DA:47,7
DA:48,7
DA:51,7
DA:59,7
DA:62,6
DA:65,6
DA:68,6
DA:69,4
DA:70,4
DA:73,6
DA:74,3
DA:75,3
DA:78,6
DA:79,2
DA:80,2
DA:83,6
DA:84,2
DA:85,2
DA:88,6
DA:90,1
DA:91,1
DA:96,9
DA:97,9
DA:98,9
DA:101,8
DA:108,8
DA:109,4
DA:112,8
DA:113,1
DA:117,8
DA:118,3
DA:121,8
DA:122,2
DA:127,8
DA:131,8
DA:132,7
DA:134,1
DA:135,1
LF:39
LH:39
BRDA:48,0,0,0
BRDA:48,0,1,7
BRDA:59,1,0,1
BRDA:59,1,1,6
BRDA:59,2,0,7
BRDA:59,2,1,1
BRDA:62,3,0,0
BRDA:62,3,1,6
BRDA:65,4,0,6
BRDA:65,4,1,2
BRDA:68,5,0,4
BRDA:68,5,1,2
BRDA:69,6,0,4
BRDA:69,6,1,2
BRDA:73,7,0,3
BRDA:73,7,1,3
BRDA:74,8,0,3
BRDA:74,8,1,0
BRDA:78,9,0,2
BRDA:78,9,1,4
BRDA:79,10,0,2
BRDA:79,10,1,1
BRDA:83,11,0,2
BRDA:83,11,1,4
BRDA:84,12,0,2
BRDA:84,12,1,0
BRDA:98,13,0,1
BRDA:98,13,1,8
BRDA:108,14,0,4
BRDA:108,14,1,4
BRDA:112,15,0,1
BRDA:112,15,1,7
BRDA:117,16,0,3
BRDA:117,16,1,5
BRDA:121,17,0,2
BRDA:121,17,1,6
BRDA:131,18,0,1
BRDA:131,18,1,7
BRDA:132,19,0,7
BRDA:132,19,1,0
BRF:40
BRH:35
end_of_record
TN:
SF:services/__tests__/supabase.mock.ts
FN:43,(anonymous_0)
FNF:1
FNH:1
FNDA:52,(anonymous_0)
DA:43,5
DA:47,52
DA:48,52
LF:3
LH:3
BRF:0
BRH:0
end_of_record
TN:
SF:utils/dev.ts
FN:2,isDev
FNF:1
FNH:1
FNDA:7,isDev
DA:3,7
DA:4,7
LF:2
LH:2
BRF:0
BRH:0
end_of_record
TN:
SF:utils/errors.ts
FN:5,(anonymous_0)
FN:16,(anonymous_1)
FN:25,(anonymous_2)
FN:31,(anonymous_3)
FN:37,(anonymous_4)
FN:43,(anonymous_5)
FN:49,(anonymous_6)
FN:55,(anonymous_7)
FN:61,(anonymous_8)
FN:67,(anonymous_9)
FN:73,(anonymous_10)
FN:79,isAppError
FN:83,getErrorCode
FN:90,getErrorMessage
FNF:14
FNH:5
FNDA:2,(anonymous_0)
FNDA:1,(anonymous_1)
FNDA:1,(anonymous_2)
FNDA:0,(anonymous_3)
FNDA:0,(anonymous_4)
FNDA:0,(anonymous_5)
FNDA:0,(anonymous_6)
FNDA:0,(anonymous_7)
FNDA:0,(anonymous_8)
FNDA:0,(anonymous_9)
FNDA:0,(anonymous_10)
FNDA:10,isAppError
FNDA:0,getErrorCode
FNDA:7,getErrorMessage
DA:9,2
DA:10,2
DA:20,1
DA:26,1
DA:32,0
DA:38,0
DA:44,0
DA:50,0
DA:56,0
DA:62,0
DA:68,0
DA:74,0
DA:80,10
DA:84,0
DA:85,0
DA:87,0
DA:91,7
DA:92,2
DA:96,5
DA:97,5
DA:100,0
LF:21
LH:9
BRDA:7,0,0,0
BRDA:17,1,0,0
BRDA:20,2,0,1
BRDA:20,2,1,0
BRDA:25,3,0,0
BRDA:31,4,0,0
BRDA:37,5,0,0
BRDA:43,6,0,0
BRDA:49,7,0,0
BRDA:55,8,0,0
BRDA:61,9,0,0
BRDA:67,10,0,0
BRDA:73,11,0,0
BRDA:84,12,0,0
BRDA:84,12,1,0
BRDA:91,13,0,2
BRDA:91,13,1,5
BRDA:96,14,0,5
BRDA:96,14,1,0
BRDA:96,15,0,5
BRDA:96,15,1,5
BRDA:96,15,2,5
BRF:22
BRH:7
end_of_record
TN:
SF:utils/event-helpers.ts
FN:4,getStringField
FN:12,extractContentFromEvent
FNF:2
FNH:2
FNDA:15,getStringField
FNDA:14,extractContentFromEvent
DA:8,15
DA:9,15
DA:15,14
DA:16,14
DA:18,13
DA:21,2
DA:24,1
DA:29,6
DA:30,6
DA:31,5
DA:32,5
DA:33,8
DA:34,8
DA:35,8
DA:37,8
DA:40,8
DA:43,5
DA:45,1
DA:48,4
LF:19
LH:19
BRDA:9,0,0,5
BRDA:9,0,1,10
BRDA:16,1,0,1
BRDA:16,1,1,13
BRDA:18,2,0,2
BRDA:18,2,1,1
BRDA:18,2,2,4
BRDA:18,2,3,5
BRDA:18,2,4,6
BRDA:18,2,5,4
BRDA:30,3,0,5
BRDA:30,3,1,1
BRDA:33,4,0,8
BRDA:33,4,1,0
BRDA:33,5,0,8
BRDA:33,5,1,8
BRDA:35,6,0,8
BRDA:35,6,1,6
BRDA:37,7,0,8
BRDA:37,7,1,0
BRDA:40,8,0,5
BRDA:40,8,1,3
BRDA:40,9,0,8
BRDA:40,9,1,5
BRDA:40,9,2,5
BRDA:43,10,0,3
BRDA:43,10,1,2
BRDA:49,11,0,4
BRDA:49,11,1,3
BRDA:49,11,2,2
BRDA:49,11,3,1
BRDA:49,11,4,1
BRDA:49,11,5,1
BRF:33
BRH:31
end_of_record
TN:
SF:utils/i18n.ts
FN:36,(anonymous_0)
FN:42,(anonymous_1)
FN:48,(anonymous_2)
FN:78,(anonymous_3)
FNF:4
FNH:1
FNDA:0,(anonymous_0)
FNDA:0,(anonymous_1)
FNDA:3,(anonymous_2)
FNDA:0,(anonymous_3)
DA:15,3
DA:17,3
DA:18,3
DA:21,3
DA:29,3
DA:30,3
DA:37,0
DA:38,0
DA:43,0
DA:48,3
DA:49,3
DA:50,3
DA:52,3
DA:54,0
DA:57,3
DA:59,0
DA:62,3
DA:64,3
DA:65,2
DA:68,1
DA:74,3
DA:78,3
DA:79,0
DA:80,0
DA:81,0
DA:85,0
DA:88,0
DA:89,0
DA:91,0
LF:29
LH:17
BRDA:37,0,0,0
BRDA:37,0,1,0
BRDA:57,1,0,0
BRDA:57,1,1,3
BRDA:57,2,0,3
BRDA:57,2,1,0
BRDA:64,3,0,2
BRDA:64,3,1,1
BRDA:64,4,0,3
BRDA:64,4,1,2
BRDA:79,5,0,0
BRDA:79,5,1,0
BRF:12
BRH:6
end_of_record
