TN:
SF:app/+not-found.tsx
FN:5,NotFoundScreen
FNF:1
FNH:1
FNDA:6,NotFoundScreen
DA:6,6
DA:19,1
LF:2
LH:2
BRF:0
BRH:0
end_of_record
TN:
SF:app/agentic-test.tsx
FN:12,AgenticTestScreen
FNF:1
FNH:1
FNDA:8,AgenticTestScreen
DA:13,8
DA:55,1
LF:2
LH:2
BRF:0
BRH:0
end_of_record
TN:
SF:app/(app)/_layout.tsx
FN:4,AppLayout
FNF:1
FNH:1
FNDA:7,AppLayout
DA:5,7
LF:1
LH:1
BRF:0
BRH:0
end_of_record
TN:
SF:app/(app)/ai_summary.tsx
FN:30,AISummaryScreen
FN:49,(anonymous_1)
FN:68,(anonymous_2)
FN:72,(anonymous_3)
FN:104,(anonymous_4)
FN:125,(anonymous_5)
FN:134,(anonymous_6)
FN:136,(anonymous_7)
FN:136,(anonymous_8)
FN:171,(anonymous_9)
FN:191,(anonymous_10)
FN:197,(anonymous_11)
FN:205,(anonymous_12)
FN:244,(anonymous_13)
FN:247,(anonymous_14)
FN:252,(anonymous_15)
FN:255,(anonymous_16)
FN:288,(anonymous_17)
FNF:18
FNH:16
FNDA:60,AISummaryScreen
FNDA:22,(anonymous_1)
FNDA:22,(anonymous_2)
FNDA:5,(anonymous_3)
FNDA:2,(anonymous_4)
FNDA:4,(anonymous_5)
FNDA:3,(anonymous_6)
FNDA:3,(anonymous_7)
FNDA:3,(anonymous_8)
FNDA:1,(anonymous_9)
FNDA:3,(anonymous_10)
FNDA:1,(anonymous_11)
FNDA:0,(anonymous_12)
FNDA:32,(anonymous_13)
FNDA:3,(anonymous_14)
FNDA:4,(anonymous_15)
FNDA:50,(anonymous_16)
FNDA:0,(anonymous_17)
DA:31,60
DA:32,60
DA:33,60
DA:36,60
DA:37,60
DA:38,60
DA:39,60
DA:40,60
DA:41,60
DA:42,60
DA:43,60
DA:46,60
DA:49,60
DA:50,22
DA:51,21
DA:52,21
DA:53,21
DA:59,21
DA:60,20
DA:62,1
DA:64,21
DA:68,60
DA:69,22
DA:72,60
DA:73,5
DA:74,5
DA:76,5
DA:82,4
DA:83,3
DA:84,1
DA:88,2
DA:96,2
DA:104,2
DA:107,2
DA:108,2
DA:109,2
DA:112,3
DA:113,3
DA:114,3
DA:120,5
DA:125,60
DA:126,4
DA:135,3
DA:136,3
DA:137,3
DA:138,3
DA:139,1
DA:140,1
DA:142,2
DA:147,2
DA:149,1
DA:151,1
DA:152,1
DA:164,60
DA:171,1
DA:192,3
DA:194,3
DA:195,1
DA:197,3
DA:198,1
DA:206,0
DA:245,32
DA:248,3
DA:249,3
DA:250,3
DA:252,4
DA:255,50
DA:288,0
DA:297,1
LF:69
LH:67
BRDA:50,0,0,1
BRDA:50,0,1,21
BRDA:59,1,0,1
BRDA:59,1,1,20
BRDA:60,2,0,20
BRDA:60,2,1,0
BRDA:82,3,0,1
BRDA:82,3,1,3
BRDA:83,4,0,1
BRDA:83,4,1,2
BRDA:112,5,0,3
BRDA:112,5,1,0
BRDA:138,6,0,1
BRDA:138,6,1,2
BRDA:147,7,0,1
BRDA:147,7,1,1
BRDA:155,8,0,0
BRDA:155,8,1,1
BRDA:192,9,0,3
BRDA:192,9,1,0
BRDA:194,10,0,1
BRDA:194,10,1,2
BRDA:212,11,0,60
BRDA:212,11,1,5
BRDA:223,12,0,5
BRDA:223,12,1,55
BRDA:229,13,0,5
BRDA:229,13,1,55
BRDA:236,14,0,22
BRDA:236,14,1,38
BRDA:238,15,0,30
BRDA:238,15,1,8
BRF:32
BRH:28
end_of_record
TN:
SF:app/(app)/daily_reflection.tsx
FN:31,DailyReflectionScreen
FN:60,(anonymous_1)
FN:119,(anonymous_2)
FN:154,(anonymous_3)
FN:185,(anonymous_4)
FN:204,(anonymous_5)
FN:219,(anonymous_6)
FN:220,(anonymous_7)
FNF:8
FNH:8
FNDA:21,DailyReflectionScreen
FNDA:1,(anonymous_1)
FNDA:2,(anonymous_2)
FNDA:1,(anonymous_3)
FNDA:1,(anonymous_4)
FNDA:1,(anonymous_5)
FNDA:1,(anonymous_6)
FNDA:1,(anonymous_7)
DA:32,21
DA:33,21
DA:34,21
DA:36,21
DA:37,1
DA:44,20
DA:45,2
DA:60,1
DA:71,18
DA:72,18
DA:73,18
DA:76,18
DA:83,18
DA:90,18
DA:93,18
DA:95,18
DA:99,18
DA:103,18
DA:106,18
DA:110,18
DA:114,18
DA:117,18
DA:119,18
DA:121,2
DA:122,1
DA:126,1
DA:128,1
DA:134,18
DA:154,1
DA:186,1
DA:187,1
DA:205,1
DA:206,1
DA:219,1
DA:220,1
LF:35
LH:35
BRDA:36,0,0,1
BRDA:36,0,1,20
BRDA:44,1,0,2
BRDA:44,1,1,18
BRDA:110,2,0,1
BRDA:110,2,1,17
BRDA:121,3,0,1
BRDA:121,3,1,1
BRDA:193,4,0,18
BRDA:193,4,1,15
BRDA:194,5,0,18
BRDA:194,5,1,3
BRDA:202,6,0,18
BRDA:202,6,1,15
BRDA:209,7,0,18
BRDA:209,7,1,15
BRDA:209,7,2,4
BRDA:211,8,0,1
BRDA:211,8,1,17
BRDA:230,9,0,18
BRDA:230,9,1,0
BRF:21
BRH:20
end_of_record
TN:
SF:app/(app)/diary.tsx
FN:12,DiaryFlowController
FN:26,DiaryScreen
FN:27,(anonymous_2)
FNF:3
FNH:3
FNDA:14,DiaryFlowController
FNDA:14,DiaryScreen
FNDA:1,(anonymous_2)
DA:13,14
DA:15,14
DA:16,2
DA:19,12
DA:20,2
DA:23,10
DA:27,14
DA:28,1
DA:31,14
DA:47,1
LF:10
LH:10
BRDA:15,0,0,2
BRDA:15,0,1,12
BRDA:19,1,0,2
BRDA:19,1,1,10
BRF:4
BRH:4
end_of_record
TN:
SF:app/(app)/how_it_works.tsx
FN:21,HowItWorksScreen
FN:26,(anonymous_1)
FN:27,(anonymous_2)
FN:34,(anonymous_3)
FN:35,(anonymous_4)
FN:51,(anonymous_5)
FN:59,(anonymous_6)
FN:82,(anonymous_7)
FN:87,(anonymous_8)
FNF:9
FNH:9
FNDA:24,HowItWorksScreen
FNDA:24,(anonymous_1)
FNDA:144,(anonymous_2)
FNDA:24,(anonymous_3)
FNDA:96,(anonymous_4)
FNDA:1,(anonymous_5)
FNDA:168,(anonymous_6)
FNDA:144,(anonymous_7)
FNDA:96,(anonymous_8)
DA:22,24
DA:23,24
DA:26,24
DA:27,144
DA:34,24
DA:35,96
DA:42,24
DA:51,1
DA:59,168
DA:82,144
DA:88,96
DA:100,1
LF:12
LH:12
BRF:0
BRH:0
end_of_record
TN:
SF:app/(app)/index.tsx
FN:20,HomeScreen
FN:98,(anonymous_1)
FN:105,(anonymous_2)
FNF:3
FNH:3
FNDA:16,HomeScreen
FNDA:1,(anonymous_1)
FNDA:1,(anonymous_2)
DA:21,16
DA:23,16
DA:40,16
DA:42,16
DA:43,2
DA:50,14
DA:51,1
DA:54,13
DA:106,1
DA:107,1
DA:117,1
LF:11
LH:11
BRDA:42,0,0,2
BRDA:42,0,1,14
BRDA:42,1,0,16
BRDA:42,1,1,15
BRDA:50,2,0,1
BRDA:50,2,1,13
BRDA:83,3,0,13
BRDA:83,3,1,6
BRDA:102,4,0,13
BRDA:102,4,1,2
BRF:10
BRH:10
end_of_record
TN:
SF:app/(app)/settings.tsx
FN:23,(anonymous_0)
FN:37,(anonymous_1)
FN:44,(anonymous_2)
FN:61,SettingsScreen
FN:81,(anonymous_4)
FN:98,(anonymous_5)
FN:103,(anonymous_6)
FN:131,(anonymous_7)
FN:150,(anonymous_8)
FNF:9
FNH:9
FNDA:28,(anonymous_0)
FNDA:84,(anonymous_1)
FNDA:3,(anonymous_2)
FNDA:28,SettingsScreen
FNDA:1,(anonymous_4)
FNDA:1,(anonymous_5)
FNDA:1,(anonymous_6)
FNDA:27,(anonymous_7)
FNDA:28,(anonymous_8)
DA:23,1
DA:24,28
DA:25,28
DA:27,28
DA:33,28
DA:38,84
DA:44,3
DA:62,28
DA:63,28
DA:66,28
DA:67,28
DA:69,28
DA:81,1
DA:98,1
DA:103,1
DA:133,27
DA:152,28
DA:178,1
LF:18
LH:18
BRDA:42,0,0,84
BRDA:42,0,1,28
BRDA:48,1,0,84
BRDA:48,1,1,28
BRDA:90,2,0,28
BRDA:90,2,1,27
BRDA:122,3,0,1
BRDA:122,3,1,27
BRDA:135,4,0,27
BRDA:135,4,1,0
BRDA:154,5,0,28
BRDA:154,5,1,0
BRF:12
BRH:10
end_of_record
TN:
SF:app/(app)/transcripts.tsx
FN:68,(anonymous_0)
FN:80,(anonymous_1)
FN:81,(anonymous_2)
FN:103,(anonymous_3)
FN:106,(anonymous_4)
FN:121,(anonymous_5)
FN:137,(anonymous_6)
FN:141,(anonymous_7)
FN:143,(anonymous_8)
FN:151,(anonymous_9)
FN:157,(anonymous_10)
FN:174,(anonymous_11)
FN:187,(anonymous_12)
FN:192,(anonymous_13)
FN:192,(anonymous_14)
FN:202,(anonymous_15)
FN:214,(anonymous_16)
FN:222,(anonymous_17)
FN:278,(anonymous_18)
FN:296,PremiumHistoryScreen
FN:304,(anonymous_20)
FN:319,(anonymous_21)
FN:322,(anonymous_22)
FN:323,(anonymous_23)
FN:341,(anonymous_24)
FN:349,(anonymous_25)
FN:365,(anonymous_26)
FN:367,(anonymous_27)
FN:368,(anonymous_28)
FN:369,(anonymous_29)
FN:373,(anonymous_30)
FN:374,(anonymous_31)
FN:390,(anonymous_32)
FN:393,(anonymous_33)
FN:400,(anonymous_34)
FN:401,(anonymous_35)
FN:416,(anonymous_36)
FNF:37
FNH:34
FNDA:58,(anonymous_0)
FNDA:0,(anonymous_1)
FNDA:0,(anonymous_2)
FNDA:48,(anonymous_3)
FNDA:48,(anonymous_4)
FNDA:144,(anonymous_5)
FNDA:41,(anonymous_6)
FNDA:28,(anonymous_7)
FNDA:28,(anonymous_8)
FNDA:28,(anonymous_9)
FNDA:28,(anonymous_10)
FNDA:41,(anonymous_11)
FNDA:41,(anonymous_12)
FNDA:3,(anonymous_13)
FNDA:41,(anonymous_14)
FNDA:0,(anonymous_15)
FNDA:4,(anonymous_16)
FNDA:4,(anonymous_17)
FNDA:4,(anonymous_18)
FNDA:59,PremiumHistoryScreen
FNDA:3,(anonymous_20)
FNDA:59,(anonymous_21)
FNDA:66,(anonymous_22)
FNDA:66,(anonymous_23)
FNDA:4,(anonymous_24)
FNDA:1,(anonymous_25)
FNDA:37,(anonymous_26)
FNDA:2,(anonymous_27)
FNDA:32,(anonymous_28)
FNDA:30,(anonymous_29)
FNDA:39,(anonymous_30)
FNDA:1,(anonymous_31)
FNDA:32,(anonymous_32)
FNDA:1,(anonymous_33)
FNDA:2,(anonymous_34)
FNDA:3,(anonymous_35)
FNDA:1,(anonymous_36)
DA:26,1
DA:27,0
DA:31,1
DA:68,1
DA:69,58
DA:80,1
DA:81,0
DA:103,1
DA:104,48
DA:105,48
DA:106,48
DA:122,144
DA:137,1
DA:138,41
DA:139,41
DA:140,41
DA:141,41
DA:142,28
DA:143,28
DA:144,28
DA:145,28
DA:146,27
DA:148,1
DA:151,28
DA:153,41
DA:154,41
DA:155,41
DA:156,41
DA:157,28
DA:159,41
DA:160,41
DA:161,41
DA:162,41
DA:163,41
DA:167,41
DA:173,41
DA:174,41
DA:187,41
DA:192,41
DA:202,1
DA:203,0
DA:204,0
DA:214,1
DA:215,4
DA:217,4
DA:218,4
DA:219,4
DA:222,4
DA:223,4
DA:224,4
DA:225,4
DA:227,4
DA:250,4
DA:256,4
DA:263,4
DA:278,4
DA:297,59
DA:298,59
DA:299,59
DA:300,59
DA:302,59
DA:303,59
DA:304,59
DA:306,3
DA:307,3
DA:308,3
DA:309,2
DA:311,1
DA:314,0
DA:316,3
DA:319,59
DA:320,59
DA:322,66
DA:323,66
DA:325,58
DA:327,24
DA:341,4
DA:349,1
DA:364,34
DA:365,37
DA:366,34
DA:367,2
DA:368,32
DA:369,34
DA:370,30
DA:371,30
DA:372,30
DA:373,39
DA:374,1
DA:375,30
DA:377,34
DA:382,34
DA:383,34
DA:391,32
DA:392,32
DA:393,1
DA:395,32
DA:400,2
DA:401,3
DA:413,59
DA:416,1
DA:425,1
LF:102
LH:97
BRDA:26,0,0,0
BRDA:26,0,1,1
BRDA:26,1,0,1
BRDA:26,1,1,0
BRDA:70,2,0,58
BRDA:70,2,1,0
BRDA:81,3,0,0
BRDA:81,3,1,0
BRDA:106,4,0,0
BRDA:106,4,1,48
BRDA:117,5,0,24
BRDA:117,5,1,24
BRDA:146,6,0,27
BRDA:146,6,1,0
BRDA:146,7,0,27
BRDA:146,7,1,18
BRDA:148,8,0,1
BRDA:148,8,1,0
BRDA:155,9,0,41
BRDA:155,9,1,0
BRDA:156,10,0,28
BRDA:156,10,1,13
BRDA:157,11,0,28
BRDA:157,11,1,0
BRDA:159,12,0,41
BRDA:159,12,1,0
BRDA:160,13,0,41
BRDA:160,13,1,29
BRDA:160,13,2,2
BRDA:160,13,3,0
BRDA:160,13,4,0
BRDA:162,14,0,0
BRDA:162,14,1,41
BRDA:167,15,0,0
BRDA:167,15,1,41
BRDA:174,16,0,0
BRDA:174,16,1,41
BRDA:187,17,0,0
BRDA:187,17,1,41
BRDA:192,18,0,0
BRDA:192,18,1,41
BRDA:205,19,0,0
BRDA:205,19,1,0
BRDA:278,20,0,0
BRDA:278,20,1,4
BRDA:306,21,0,3
BRDA:306,21,1,0
BRDA:309,22,0,2
BRDA:309,22,1,0
BRDA:309,22,2,0
BRDA:311,23,0,1
BRDA:311,23,1,0
BRDA:314,24,0,0
BRDA:314,24,1,0
BRDA:320,25,0,1
BRDA:320,25,1,58
BRDA:325,26,0,24
BRDA:325,26,1,34
BRDA:365,27,0,35
BRDA:365,27,1,2
BRDA:370,28,0,0
BRDA:370,28,1,30
BRDA:373,29,0,39
BRDA:373,29,1,4
BRDA:375,30,0,3
BRDA:375,30,1,27
BRDA:382,31,0,34
BRDA:382,31,1,0
BRDA:386,32,0,4
BRDA:386,32,1,30
BRDA:391,33,0,30
BRDA:391,33,1,2
BRDA:392,34,0,5
BRDA:392,34,1,27
BRDA:393,35,0,1
BRDA:393,35,1,0
BRDA:393,35,2,0
BRDA:427,36,0,0
BRDA:427,36,1,1
BRF:79
BRH:47
end_of_record
TN:
SF:app/(app)/dream/analyze.tsx
FN:29,AnalyzeDreamScreen
FN:42,(anonymous_1)
FN:78,(anonymous_2)
FN:93,(anonymous_3)
FN:108,(anonymous_4)
FN:127,(anonymous_5)
FNF:6
FNH:6
FNDA:48,AnalyzeDreamScreen
FNDA:7,(anonymous_1)
FNDA:1,(anonymous_2)
FNDA:3,(anonymous_3)
FNDA:3,(anonymous_4)
FNDA:1,(anonymous_5)
DA:30,48
DA:31,48
DA:32,48
DA:33,48
DA:34,48
DA:35,48
DA:38,48
DA:41,48
DA:44,7
DA:45,7
DA:46,1
DA:50,6
DA:51,1
DA:54,5
DA:64,5
DA:68,5
DA:71,4
DA:72,4
DA:74,3
DA:80,1
DA:83,1
DA:85,1
DA:94,3
DA:95,3
DA:96,1
DA:98,2
DA:108,48
DA:109,3
DA:110,3
DA:111,3
DA:114,48
DA:115,48
DA:116,48
DA:118,48
DA:127,1
DA:203,1
LF:36
LH:36
BRDA:45,0,0,1
BRDA:45,0,1,6
BRDA:50,1,0,1
BRDA:50,1,1,5
BRDA:68,2,0,1
BRDA:68,2,1,4
BRDA:71,3,0,2
BRDA:71,3,1,2
BRDA:71,4,0,2
BRDA:71,4,1,1
BRDA:72,5,0,1
BRDA:72,5,1,3
BRDA:94,6,0,3
BRDA:94,6,1,1
BRDA:95,7,0,1
BRDA:95,7,1,2
BRDA:95,8,0,3
BRDA:95,8,1,1
BRDA:101,9,0,2
BRDA:101,9,1,1
BRDA:116,10,0,48
BRDA:116,10,1,13
BRDA:116,10,2,13
BRDA:121,11,0,48
BRDA:121,11,1,0
BRDA:164,12,0,48
BRDA:164,12,1,3
BRDA:183,13,0,36
BRDA:183,13,1,12
BRDA:188,14,0,3
BRDA:188,14,1,45
BRF:31
BRH:30
end_of_record
TN:
SF:app/(app)/dream/index.tsx
FN:29,DreamJournalScreen
FN:47,(anonymous_1)
FN:49,(anonymous_2)
FN:58,(anonymous_3)
FN:61,(anonymous_4)
FN:66,(anonymous_5)
FN:78,(anonymous_6)
FN:92,(anonymous_7)
FN:98,(anonymous_8)
FN:101,(anonymous_9)
FN:102,(anonymous_10)
FN:113,(anonymous_11)
FN:121,(anonymous_12)
FN:132,(anonymous_13)
FN:138,(anonymous_14)
FN:144,(anonymous_15)
FN:150,(anonymous_16)
FN:164,(anonymous_17)
FN:175,(anonymous_18)
FN:191,(anonymous_19)
FN:212,(anonymous_20)
FN:235,(anonymous_21)
FN:244,(anonymous_22)
FN:264,(anonymous_23)
FNF:24
FNH:20
FNDA:28,DreamJournalScreen
FNDA:1,(anonymous_1)
FNDA:2,(anonymous_2)
FNDA:24,(anonymous_3)
FNDA:1,(anonymous_4)
FNDA:3,(anonymous_5)
FNDA:2,(anonymous_6)
FNDA:3,(anonymous_7)
FNDA:0,(anonymous_8)
FNDA:0,(anonymous_9)
FNDA:0,(anonymous_10)
FNDA:1,(anonymous_11)
FNDA:2,(anonymous_12)
FNDA:1,(anonymous_13)
FNDA:1,(anonymous_14)
FNDA:1,(anonymous_15)
FNDA:28,(anonymous_16)
FNDA:38,(anonymous_17)
FNDA:1,(anonymous_18)
FNDA:1,(anonymous_19)
FNDA:1,(anonymous_20)
FNDA:4,(anonymous_21)
FNDA:0,(anonymous_22)
FNDA:1,(anonymous_23)
DA:30,28
DA:31,28
DA:32,28
DA:33,28
DA:44,28
DA:48,1
DA:53,2
DA:58,28
DA:61,28
DA:62,1
DA:66,28
DA:67,3
DA:68,1
DA:73,28
DA:76,28
DA:79,2
DA:82,2
DA:84,1
DA:88,1
DA:93,3
DA:94,3
DA:96,3
DA:100,0
DA:102,0
DA:108,3
DA:113,1
DA:117,3
DA:122,2
DA:123,2
DA:124,1
DA:126,2
DA:133,1
DA:138,28
DA:139,1
DA:140,1
DA:141,1
DA:144,28
DA:146,1
DA:150,28
DA:151,28
DA:164,28
DA:167,38
DA:176,1
DA:191,1
DA:206,28
DA:212,1
DA:236,4
DA:244,0
DA:265,1
DA:282,1
LF:50
LH:47
BRDA:53,0,0,1
BRDA:53,0,1,1
BRDA:58,1,0,28
BRDA:58,1,1,2
BRDA:67,2,0,1
BRDA:67,2,1,2
BRDA:67,3,0,3
BRDA:67,3,1,2
BRDA:82,4,0,1
BRDA:82,4,1,1
BRDA:123,5,0,1
BRDA:123,5,1,1
BRDA:180,6,0,38
BRDA:180,6,1,2
BRDA:232,7,0,1
BRDA:232,7,1,27
BRDA:252,8,0,2
BRDA:252,8,1,25
BRF:18
BRH:18
end_of_record
TN:
SF:app/(app)/dream/result.tsx
FN:37,DreamResultScreen
FN:58,(anonymous_1)
FN:85,(anonymous_2)
FN:87,(anonymous_3)
FN:96,(anonymous_4)
FN:103,(anonymous_5)
FN:107,(anonymous_6)
FN:114,(anonymous_7)
FN:122,(anonymous_8)
FN:126,(anonymous_9)
FN:142,(anonymous_10)
FN:156,(anonymous_11)
FN:206,(anonymous_12)
FN:263,(anonymous_13)
FN:277,(anonymous_14)
FNF:15
FNH:13
FNDA:29,DreamResultScreen
FNDA:0,(anonymous_1)
FNDA:29,(anonymous_2)
FNDA:0,(anonymous_3)
FNDA:2,(anonymous_4)
FNDA:1,(anonymous_5)
FNDA:1,(anonymous_6)
FNDA:2,(anonymous_7)
FNDA:2,(anonymous_8)
FNDA:2,(anonymous_9)
FNDA:1,(anonymous_10)
FNDA:1,(anonymous_11)
FNDA:1,(anonymous_12)
FNDA:2,(anonymous_13)
FNDA:3,(anonymous_14)
DA:38,29
DA:39,29
DA:40,29
DA:41,29
DA:42,29
DA:43,29
DA:56,29
DA:59,0
DA:61,0
DA:62,0
DA:65,0
DA:70,0
DA:71,0
DA:74,0
DA:85,29
DA:86,29
DA:87,25
DA:88,0
DA:90,25
DA:95,29
DA:97,2
DA:101,2
DA:104,1
DA:105,1
DA:108,1
DA:113,29
DA:115,2
DA:119,2
DA:120,1
DA:124,2
DA:127,2
DA:128,1
DA:140,2
DA:143,1
DA:144,1
DA:148,29
DA:149,2
DA:156,1
DA:174,27
DA:175,1
DA:178,26
DA:179,1
DA:182,25
DA:186,25
DA:194,25
DA:199,25
DA:206,1
DA:264,2
DA:265,2
DA:266,1
DA:267,1
DA:269,1
DA:278,3
DA:279,3
DA:280,1
DA:281,1
DA:283,2
DA:292,1
LF:58
LH:50
BRDA:59,0,0,0
BRDA:59,0,1,0
BRDA:62,1,0,0
BRDA:62,1,1,0
BRDA:70,2,0,0
BRDA:70,2,1,0
BRDA:76,3,0,0
BRDA:76,3,1,0
BRDA:86,4,0,25
BRDA:86,4,1,4
BRDA:86,5,0,29
BRDA:86,5,1,27
BRDA:86,5,2,25
BRDA:101,6,0,1
BRDA:101,6,1,1
BRDA:119,7,0,1
BRDA:119,7,1,1
BRDA:127,8,0,1
BRDA:127,8,1,1
BRDA:148,9,0,2
BRDA:148,9,1,27
BRDA:174,10,0,1
BRDA:174,10,1,26
BRDA:175,11,0,1
BRDA:175,11,1,0
BRDA:178,12,0,1
BRDA:178,12,1,25
BRDA:236,13,0,25
BRDA:236,13,1,2
BRDA:258,14,0,25
BRDA:258,14,1,1
BRDA:259,15,0,23
BRDA:259,15,1,2
BRDA:259,16,0,2
BRDA:259,16,1,0
BRDA:259,16,2,0
BRDA:259,16,3,0
BRDA:260,17,0,25
BRDA:260,17,1,1
BRDA:260,17,2,0
BRDA:261,18,0,25
BRDA:261,18,1,1
BRDA:261,18,2,0
BRDA:261,18,3,0
BRDA:265,19,0,1
BRDA:265,19,1,1
BRDA:279,20,0,1
BRDA:279,20,1,2
BRF:48
BRH:33
end_of_record
TN:
SF:app/(app)/sessions/text_session.tsx
FN:43,(anonymous_0)
FN:57,(anonymous_1)
FN:114,(anonymous_2)
FN:115,(anonymous_3)
FN:121,(anonymous_4)
FN:160,TextSessionScreen
FN:189,(anonymous_6)
FN:196,(anonymous_7)
FNF:8
FNH:8
FNDA:50,(anonymous_0)
FNDA:48,(anonymous_1)
FNDA:8,(anonymous_2)
FNDA:4,(anonymous_3)
FNDA:1,(anonymous_4)
FNDA:51,TextSessionScreen
FNDA:2,(anonymous_6)
FNDA:51,(anonymous_7)
DA:43,1
DA:53,50
DA:56,50
DA:57,50
DA:58,48
DA:80,50
DA:114,8
DA:116,4
DA:122,1
DA:158,1
DA:161,51
DA:162,51
DA:163,51
DA:165,51
DA:169,51
DA:170,51
DA:176,51
DA:185,51
DA:191,2
DA:196,51
DA:197,51
DA:202,51
DA:228,1
LF:23
LH:23
BRDA:83,0,0,1
BRDA:83,0,1,49
BRDA:94,1,0,1
BRDA:94,1,1,49
BRDA:103,2,0,50
BRDA:103,2,1,0
BRDA:106,3,0,48
BRDA:106,3,1,2
BRDA:129,4,0,50
BRDA:129,4,1,0
BRDA:131,5,0,50
BRDA:131,5,1,1
BRDA:204,6,0,1
BRDA:204,6,1,50
BRDA:204,7,0,51
BRDA:204,7,1,51
BRDA:208,8,0,0
BRDA:208,8,1,1
BRF:18
BRH:15
end_of_record
TN:
SF:app/(app)/sessions/voice_session.tsx
FN:9,VoiceSessionScreen
FN:18,(anonymous_1)
FNF:2
FNH:2
FNDA:29,VoiceSessionScreen
FNDA:29,(anonymous_1)
DA:10,29
DA:11,29
DA:15,29
DA:18,29
DA:20,29
DA:21,4
DA:26,25
DA:28,2
DA:34,29
DA:35,4
DA:45,25
DA:54,1
LF:12
LH:12
BRDA:20,0,0,4
BRDA:20,0,1,25
BRDA:26,1,0,2
BRDA:26,1,1,23
BRDA:34,2,0,4
BRDA:34,2,1,25
BRF:6
BRH:6
end_of_record
TN:
SF:app/(app)/therapy/therapy_options.tsx
FN:32,TherapyOptionsScreen
FN:40,(anonymous_1)
FN:47,(anonymous_2)
FN:76,(anonymous_3)
FN:90,(anonymous_4)
FNF:5
FNH:5
FNDA:13,TherapyOptionsScreen
FNDA:2,(anonymous_1)
FNDA:13,(anonymous_2)
FNDA:1,(anonymous_3)
FNDA:26,(anonymous_4)
DA:30,1
DA:33,13
DA:34,13
DA:35,13
DA:38,13
DA:40,13
DA:41,2
DA:47,13
DA:48,13
DA:65,13
DA:76,1
DA:91,26
DA:101,26
DA:120,1
LF:14
LH:14
BRDA:38,0,0,13
BRDA:38,0,1,0
BRF:2
BRH:1
end_of_record
TN:
SF:app/(auth)/_layout.tsx
FN:4,AuthLayout
FNF:1
FNH:1
FNDA:8,AuthLayout
DA:5,8
LF:1
LH:1
BRF:0
BRH:0
end_of_record
TN:
SF:app/(auth)/analysis.tsx
FN:28,InsightCard
FN:44,Analysis
FN:48,(anonymous_2)
FN:49,(anonymous_3)
FN:50,(anonymous_4)
FN:51,(anonymous_5)
FN:52,(anonymous_6)
FN:53,(anonymous_7)
FN:54,(anonymous_8)
FN:67,(anonymous_9)
FN:78,(anonymous_10)
FN:82,(anonymous_11)
FN:83,(anonymous_12)
FN:84,(anonymous_13)
FN:88,(anonymous_14)
FN:89,(anonymous_15)
FN:132,(anonymous_16)
FN:139,(anonymous_17)
FN:167,(anonymous_18)
FN:172,(anonymous_19)
FN:181,(anonymous_20)
FN:197,(anonymous_21)
FNF:22
FNH:20
FNDA:108,InsightCard
FNDA:21,Analysis
FNDA:21,(anonymous_2)
FNDA:21,(anonymous_3)
FNDA:21,(anonymous_4)
FNDA:21,(anonymous_5)
FNDA:21,(anonymous_6)
FNDA:21,(anonymous_7)
FNDA:21,(anonymous_8)
FNDA:21,(anonymous_9)
FNDA:136,(anonymous_10)
FNDA:14,(anonymous_11)
FNDA:1,(anonymous_12)
FNDA:14,(anonymous_13)
FNDA:21,(anonymous_14)
FNDA:21,(anonymous_15)
FNDA:21,(anonymous_16)
FNDA:3,(anonymous_17)
FNDA:2,(anonymous_18)
FNDA:0,(anonymous_19)
FNDA:0,(anonymous_20)
FNDA:108,(anonymous_21)
DA:29,108
DA:45,21
DA:46,21
DA:47,21
DA:48,21
DA:49,21
DA:50,21
DA:51,21
DA:52,21
DA:53,21
DA:54,21
DA:55,21
DA:56,21
DA:59,21
DA:62,21
DA:67,21
DA:68,21
DA:69,17
DA:78,136
DA:82,21
DA:83,14
DA:84,14
DA:88,21
DA:89,21
DA:90,21
DA:92,4
DA:93,4
DA:94,4
DA:95,4
DA:97,4
DA:98,2
DA:99,2
DA:102,2
DA:103,2
DA:116,2
DA:117,1
DA:120,1
DA:121,1
DA:123,1
DA:124,1
DA:128,21
DA:132,21
DA:133,21
DA:134,1
DA:135,1
DA:139,21
DA:141,3
DA:144,3
DA:145,0
DA:146,0
DA:150,3
DA:153,3
DA:155,3
DA:157,3
DA:160,1
DA:163,2
DA:167,21
DA:168,2
DA:169,2
DA:172,21
DA:176,21
DA:177,21
DA:178,5
DA:186,16
DA:198,108
DA:254,1
DA:255,1
DA:256,1
DA:258,1
LF:69
LH:67
BRDA:63,0,0,21
BRDA:63,0,1,17
BRDA:63,0,2,0
BRDA:63,0,3,0
BRDA:68,1,0,4
BRDA:68,1,1,17
BRDA:90,2,0,17
BRDA:90,2,1,4
BRDA:92,3,0,4
BRDA:92,3,1,2
BRDA:93,4,0,4
BRDA:93,4,1,2
BRDA:94,5,0,4
BRDA:94,5,1,2
BRDA:95,6,0,4
BRDA:95,6,1,0
BRDA:97,7,0,2
BRDA:97,7,1,2
BRDA:97,8,0,4
BRDA:97,8,1,2
BRDA:97,8,2,2
BRDA:97,8,3,2
BRDA:116,9,0,1
BRDA:116,9,1,1
BRDA:120,10,0,0
BRDA:120,10,1,1
BRDA:133,11,0,1
BRDA:133,11,1,20
BRDA:133,12,0,21
BRDA:133,12,1,5
BRDA:133,12,2,2
BRDA:141,13,0,0
BRDA:141,13,1,3
BRDA:144,14,0,0
BRDA:144,14,1,3
BRDA:150,15,0,3
BRDA:150,15,1,0
BRDA:177,16,0,5
BRDA:177,16,1,16
BRDA:196,17,0,15
BRDA:196,17,1,1
BRDA:222,18,0,3
BRDA:222,18,1,13
BRDA:235,19,0,16
BRDA:235,19,1,3
BRDA:239,20,0,3
BRDA:239,20,1,13
BRDA:244,21,0,3
BRDA:244,21,1,13
BRF:49
BRH:42
end_of_record
TN:
SF:app/(auth)/forgot-password.tsx
FN:16,ForgotPasswordScreen
FN:24,(anonymous_1)
FN:42,(anonymous_2)
FN:57,(anonymous_3)
FNF:4
FNH:4
FNDA:23,ForgotPasswordScreen
FNDA:4,(anonymous_1)
FNDA:1,(anonymous_2)
FNDA:1,(anonymous_3)
DA:17,23
DA:18,23
DA:19,23
DA:20,23
DA:21,23
DA:22,23
DA:24,23
DA:25,4
DA:26,4
DA:27,1
DA:28,1
DA:30,3
DA:31,3
DA:33,3
DA:34,3
DA:35,1
DA:37,2
DA:42,23
DA:51,23
DA:52,2
DA:57,1
DA:63,21
LF:22
LH:22
BRDA:26,0,0,1
BRDA:26,0,1,3
BRDA:26,1,0,4
BRDA:26,1,1,4
BRDA:34,2,0,1
BRDA:34,2,1,2
BRDA:51,3,0,2
BRDA:51,3,1,21
BRDA:69,4,0,21
BRDA:69,4,1,2
BRDA:76,5,0,21
BRDA:76,5,1,2
BRF:12
BRH:12
end_of_record
TN:
SF:app/(auth)/login.tsx
FN:18,LoginScreen
FN:26,(anonymous_1)
FN:45,(anonymous_2)
FN:79,(anonymous_3)
FN:111,(anonymous_4)
FN:152,(anonymous_5)
FNF:6
FNH:6
FNDA:41,LoginScreen
FNDA:4,(anonymous_1)
FNDA:4,(anonymous_2)
FNDA:4,(anonymous_3)
FNDA:1,(anonymous_4)
FNDA:1,(anonymous_5)
DA:19,41
DA:20,41
DA:21,41
DA:22,41
DA:23,41
DA:24,41
DA:26,41
DA:27,4
DA:28,4
DA:30,4
DA:31,4
DA:32,3
DA:34,3
DA:35,2
DA:37,1
DA:40,1
DA:41,1
DA:45,41
DA:46,4
DA:47,4
DA:50,4
DA:59,3
DA:60,1
DA:61,1
DA:62,1
DA:66,2
DA:67,1
DA:69,1
DA:73,1
DA:74,1
DA:75,1
DA:79,41
DA:81,4
DA:82,4
DA:83,4
DA:91,3
DA:92,1
DA:93,1
DA:94,1
DA:97,2
DA:98,1
DA:100,1
DA:104,1
DA:105,1
DA:106,1
DA:111,41
DA:119,41
DA:152,1
LF:48
LH:48
BRDA:34,0,0,2
BRDA:34,0,1,1
BRDA:59,1,0,1
BRDA:59,1,1,2
BRDA:66,2,0,1
BRDA:66,2,1,1
BRDA:73,3,0,1
BRDA:73,3,1,0
BRDA:91,4,0,1
BRDA:91,4,1,2
BRDA:97,5,0,1
BRDA:97,5,1,1
BRDA:104,6,0,1
BRDA:104,6,1,0
BRDA:125,7,0,41
BRDA:125,7,1,8
BRDA:132,8,0,41
BRDA:132,8,1,8
BRF:18
BRH:16
end_of_record
TN:
SF:app/(auth)/register.tsx
FN:20,RegisterScreen
FN:32,(anonymous_1)
FN:34,(anonymous_2)
FN:39,(anonymous_3)
FN:73,(anonymous_4)
FN:104,(anonymous_5)
FN:106,(anonymous_6)
FN:120,(anonymous_7)
FN:156,(anonymous_8)
FNF:9
FNH:8
FNDA:71,RegisterScreen
FNDA:0,(anonymous_1)
FNDA:7,(anonymous_2)
FNDA:4,(anonymous_3)
FNDA:4,(anonymous_4)
FNDA:9,(anonymous_5)
FNDA:9,(anonymous_6)
FNDA:6,(anonymous_7)
FNDA:1,(anonymous_8)
DA:21,71
DA:22,71
DA:23,71
DA:24,71
DA:25,71
DA:26,71
DA:29,71
DA:30,71
DA:32,71
DA:34,71
DA:35,7
DA:36,7
DA:39,71
DA:40,4
DA:41,4
DA:44,4
DA:53,3
DA:54,1
DA:55,1
DA:56,1
DA:60,2
DA:61,1
DA:63,1
DA:67,1
DA:68,1
DA:69,1
DA:73,71
DA:75,4
DA:76,4
DA:77,4
DA:85,3
DA:86,1
DA:87,1
DA:88,1
DA:91,2
DA:92,1
DA:94,1
DA:98,1
DA:99,1
DA:100,1
DA:104,71
DA:106,71
DA:107,9
DA:108,9
DA:109,9
DA:110,1
DA:111,1
DA:113,8
DA:114,1
DA:115,1
DA:117,7
DA:120,71
DA:121,6
DA:122,6
DA:123,1
DA:124,1
DA:126,5
DA:128,5
DA:130,5
DA:131,2
DA:133,2
DA:134,0
DA:135,0
DA:137,2
DA:139,3
DA:141,2
DA:147,2
DA:150,1
DA:151,1
DA:156,71
DA:164,71
LF:71
LH:69
BRDA:53,0,0,1
BRDA:53,0,1,2
BRDA:60,1,0,1
BRDA:60,1,1,1
BRDA:67,2,0,1
BRDA:67,2,1,0
BRDA:85,3,0,1
BRDA:85,3,1,2
BRDA:91,4,0,1
BRDA:91,4,1,1
BRDA:98,5,0,1
BRDA:98,5,1,0
BRDA:109,6,0,1
BRDA:109,6,1,8
BRDA:113,7,0,1
BRDA:113,7,1,7
BRDA:122,8,0,1
BRDA:122,8,1,5
BRDA:130,9,0,2
BRDA:130,9,1,3
BRDA:133,10,0,0
BRDA:133,10,1,2
BRDA:139,11,0,2
BRDA:139,11,1,1
BRDA:166,12,0,50
BRDA:166,12,1,21
BRDA:167,13,0,50
BRDA:167,13,1,21
BRDA:171,14,0,71
BRDA:171,14,1,12
BRDA:178,15,0,50
BRDA:178,15,1,21
BRDA:179,16,0,50
BRDA:179,16,1,49
BRDA:179,16,2,2
BRDA:186,17,0,21
BRDA:186,17,1,1
BRDA:193,18,0,50
BRDA:193,18,1,21
BRDA:194,19,0,50
BRDA:194,19,1,21
BRDA:199,20,0,71
BRDA:199,20,1,50
BRF:43
BRH:40
end_of_record
TN:
SF:app/(dev)/analysis-preview.tsx
FN:21,AnalysisPreview
FN:23,(anonymous_1)
FN:24,(anonymous_2)
FN:26,(anonymous_3)
FN:36,(anonymous_4)
FNF:5
FNH:5
FNDA:8,AnalysisPreview
FNDA:8,(anonymous_1)
FNDA:8,(anonymous_2)
FNDA:8,(anonymous_3)
FNDA:1,(anonymous_4)
DA:10,1
DA:22,8
DA:23,8
DA:24,8
DA:26,8
DA:28,8
DA:29,8
DA:32,8
DA:36,8
DA:37,1
DA:38,1
DA:42,8
LF:12
LH:12
BRF:0
BRH:0
end_of_record
TN:
SF:app/(guest)/_layout.tsx
FN:4,GuestLayout
FNF:1
FNH:1
FNDA:7,GuestLayout
DA:5,7
LF:1
LH:1
BRF:0
BRH:0
end_of_record
TN:
SF:app/(guest)/primer.tsx
FN:24,Primer
FN:27,(anonymous_1)
FN:43,(anonymous_2)
FN:79,(anonymous_3)
FNF:4
FNH:3
FNDA:13,Primer
FNDA:2,(anonymous_1)
FNDA:0,(anonymous_2)
FNDA:1,(anonymous_3)
DA:11,1
DA:12,1
DA:18,1
DA:25,13
DA:26,13
DA:27,13
DA:29,13
DA:43,0
DA:79,1
DA:91,1
LF:10
LH:9
BRDA:40,0,0,13
BRDA:40,0,1,13
BRDA:98,1,0,1
BRDA:98,1,1,0
BRF:4
BRH:3
end_of_record
TN:
SF:app/(guest)/recall.tsx
FN:16,Recall
FN:41,(anonymous_1)
FN:47,(anonymous_2)
FNF:3
FNH:3
FNDA:7,Recall
FNDA:1,(anonymous_1)
FNDA:1,(anonymous_2)
DA:12,1
DA:13,1
DA:14,1
DA:17,7
DA:18,7
DA:20,7
DA:41,1
DA:47,1
DA:56,1
LF:9
LH:9
BRF:0
BRH:0
end_of_record
TN:
SF:app/(guest)/softwall.tsx
FN:25,FeatureItem
FN:40,SoftWall
FN:44,(anonymous_2)
FN:45,(anonymous_3)
FN:92,(anonymous_4)
FNF:5
FNH:4
FNDA:39,FeatureItem
FNDA:13,SoftWall
FNDA:3,(anonymous_2)
FNDA:0,(anonymous_3)
FNDA:1,(anonymous_4)
DA:12,1
DA:13,1
DA:19,1
DA:26,39
DA:41,13
DA:42,13
DA:44,13
DA:45,3
DA:46,3
DA:49,13
DA:92,1
DA:102,1
LF:12
LH:12
BRF:0
BRH:0
end_of_record
TN:
SF:app/(guest)/step1.tsx
FN:8,Step1
FN:11,(anonymous_1)
FN:13,(anonymous_2)
FNF:3
FNH:2
FNDA:9,Step1
FNDA:0,(anonymous_1)
FNDA:1,(anonymous_2)
DA:9,9
DA:10,9
DA:11,9
DA:13,9
DA:15,1
DA:16,1
DA:17,1
DA:20,9
LF:8
LH:8
BRF:0
BRH:0
end_of_record
TN:
SF:app/(guest)/step2.tsx
FN:9,Step2
FN:12,(anonymous_1)
FN:17,(anonymous_2)
FNF:3
FNH:2
FNDA:8,Step2
FNDA:0,(anonymous_1)
FNDA:1,(anonymous_2)
DA:10,8
DA:11,8
DA:12,8
DA:15,8
DA:17,8
DA:19,1
DA:20,1
DA:21,1
DA:24,8
LF:9
LH:9
BRF:0
BRH:0
end_of_record
TN:
SF:app/(guest)/step3.tsx
FN:9,Step3
FN:12,(anonymous_1)
FN:13,(anonymous_2)
FN:14,(anonymous_3)
FN:15,(anonymous_4)
FN:20,(anonymous_5)
FN:23,(anonymous_6)
FNF:7
FNH:6
FNDA:10,Step3
FNDA:10,(anonymous_1)
FNDA:10,(anonymous_2)
FNDA:10,(anonymous_3)
FNDA:10,(anonymous_4)
FNDA:1,(anonymous_5)
FNDA:0,(anonymous_6)
DA:10,10
DA:11,10
DA:12,10
DA:13,10
DA:14,10
DA:15,10
DA:18,10
DA:20,10
DA:22,1
DA:23,1
DA:24,1
DA:27,1
DA:28,1
DA:29,1
DA:32,10
LF:15
LH:15
BRF:0
BRH:0
end_of_record
TN:
SF:app/(settings)/_layout.tsx
FN:4,SettingsLayout
FNF:1
FNH:1
FNDA:7,SettingsLayout
DA:5,7
LF:1
LH:1
BRF:0
BRH:0
end_of_record
TN:
SF:app/(settings)/change-password.tsx
FN:24,(anonymous_0)
FN:54,(anonymous_1)
FN:54,(anonymous_2)
FN:72,ChangePasswordScreen
FN:83,(anonymous_4)
FN:87,(anonymous_5)
FN:139,(anonymous_6)
FN:162,(anonymous_7)
FN:207,(anonymous_8)
FNF:9
FNH:9
FNDA:275,(anonymous_0)
FNDA:2,(anonymous_1)
FNDA:2,(anonymous_2)
FNDA:91,ChangePasswordScreen
FNDA:15,(anonymous_4)
FNDA:19,(anonymous_5)
FNDA:2,(anonymous_6)
FNDA:1,(anonymous_7)
FNDA:91,(anonymous_8)
DA:24,1
DA:35,275
DA:37,275
DA:39,275
DA:54,2
DA:73,91
DA:74,91
DA:77,91
DA:78,91
DA:79,91
DA:80,91
DA:83,91
DA:84,15
DA:87,91
DA:88,19
DA:89,3
DA:94,16
DA:95,1
DA:100,15
DA:101,4
DA:106,11
DA:107,1
DA:113,10
DA:114,10
DA:115,10
DA:116,9
DA:117,2
DA:121,7
DA:126,7
DA:127,1
DA:132,6
DA:135,6
DA:137,5
DA:139,2
DA:142,5
DA:145,5
DA:147,10
DA:151,91
DA:162,1
DA:209,91
DA:232,1
LF:41
LH:41
BRDA:58,0,0,1
BRDA:58,0,1,274
BRDA:88,1,0,3
BRDA:88,1,1,16
BRDA:88,2,0,19
BRDA:88,2,1,17
BRDA:88,2,2,16
BRDA:94,3,0,1
BRDA:94,3,1,15
BRDA:100,4,0,4
BRDA:100,4,1,11
BRDA:106,5,0,1
BRDA:106,5,1,10
BRDA:116,6,0,2
BRDA:116,6,1,7
BRDA:126,7,0,1
BRDA:126,7,1,6
BRDA:135,8,0,1
BRDA:135,8,1,5
BRDA:142,9,0,3
BRDA:142,9,1,2
BRDA:154,10,0,91
BRDA:154,10,1,0
BRDA:211,11,0,91
BRDA:211,11,1,81
BRDA:211,11,2,10
BRDA:216,12,0,10
BRDA:216,12,1,81
BRF:28
BRH:27
end_of_record
TN:
SF:app/(settings)/profile.tsx
FN:62,SelectorGroup
FN:67,(anonymous_1)
FN:70,(anonymous_2)
FN:78,(anonymous_3)
FN:97,FeaturedCard
FN:103,(anonymous_5)
FN:128,(anonymous_6)
FN:129,(anonymous_7)
FN:168,InputGroup
FN:188,SaveButton
FN:194,(anonymous_10)
FN:213,ProfileScreen
FN:225,(anonymous_12)
FN:229,(anonymous_13)
FN:232,(anonymous_14)
FN:242,(anonymous_15)
FN:268,(anonymous_16)
FN:283,(anonymous_17)
FN:306,(anonymous_18)
FN:320,(anonymous_19)
FN:342,(anonymous_20)
FNF:21
FNH:21
FNDA:56,SelectorGroup
FNDA:224,(anonymous_1)
FNDA:224,(anonymous_2)
FNDA:8,(anonymous_3)
FNDA:23,FeaturedCard
FNDA:23,(anonymous_5)
FNDA:1,(anonymous_6)
FNDA:23,(anonymous_7)
FNDA:56,InputGroup
FNDA:56,SaveButton
FNDA:56,(anonymous_10)
FNDA:58,ProfileScreen
FNDA:16,(anonymous_12)
FNDA:16,(anonymous_13)
FNDA:50,(anonymous_14)
FNDA:14,(anonymous_15)
FNDA:3,(anonymous_16)
FNDA:58,(anonymous_17)
FNDA:8,(anonymous_18)
FNDA:8,(anonymous_19)
FNDA:1,(anonymous_20)
DA:47,1
DA:62,1
DA:63,56
DA:68,224
DA:72,224
DA:78,8
DA:97,1
DA:98,23
DA:99,23
DA:100,23
DA:103,23
DA:126,23
DA:128,1
DA:131,23
DA:167,1
DA:169,56
DA:170,56
DA:188,1
DA:189,56
DA:190,56
DA:196,56
DA:214,58
DA:216,58
DA:217,58
DA:219,58
DA:220,58
DA:225,58
DA:229,16
DA:232,58
DA:234,50
DA:235,19
DA:242,58
DA:243,14
DA:244,0
DA:248,0
DA:250,14
DA:252,14
DA:254,14
DA:257,14
DA:260,14
DA:261,12
DA:268,12
DA:269,3
DA:270,2
DA:274,2
DA:275,2
DA:283,58
DA:284,58
DA:285,1
DA:293,57
DA:294,1
DA:300,56
DA:306,8
DA:321,8
DA:333,58
DA:342,1
DA:381,1
LF:57
LH:55
BRDA:74,0,0,224
BRDA:74,0,1,35
BRDA:76,1,0,224
BRDA:76,1,1,0
BRDA:83,2,0,224
BRDA:83,2,1,35
BRDA:103,3,0,23
BRDA:103,3,1,0
BRDA:131,4,0,23
BRDA:131,4,1,0
BRDA:153,5,0,2
BRDA:153,5,1,21
BRDA:193,6,0,56
BRDA:193,6,1,35
BRDA:198,7,0,56
BRDA:198,7,1,35
BRDA:198,7,2,23
BRDA:199,8,0,56
BRDA:199,8,1,0
BRDA:202,9,0,4
BRDA:202,9,1,52
BRDA:234,10,0,19
BRDA:234,10,1,31
BRDA:234,11,0,50
BRDA:234,11,1,46
BRDA:236,12,0,19
BRDA:236,12,1,0
BRDA:237,13,0,19
BRDA:237,13,1,0
BRDA:243,14,0,0
BRDA:243,14,1,14
BRDA:254,15,0,14
BRDA:254,15,1,0
BRDA:254,16,0,14
BRDA:254,16,1,14
BRDA:254,16,2,14
BRDA:257,17,0,14
BRDA:257,17,1,0
BRDA:257,18,0,14
BRDA:257,18,1,14
BRDA:269,19,0,2
BRDA:269,19,1,1
BRDA:284,20,0,1
BRDA:284,20,1,57
BRDA:284,21,0,58
BRDA:284,21,1,1
BRDA:293,22,0,1
BRDA:293,22,1,56
BRF:48
BRH:39
end_of_record
TN:
SF:app/(settings)/security.tsx
FN:26,(anonymous_0)
FN:46,(anonymous_1)
FN:65,(anonymous_2)
FN:100,(anonymous_3)
FN:138,SecurityDashboardScreen
FN:144,(anonymous_5)
FN:145,(anonymous_6)
FN:164,(anonymous_7)
FN:173,(anonymous_8)
FN:186,(anonymous_9)
FN:188,(anonymous_10)
FN:209,(anonymous_11)
FN:248,(anonymous_12)
FNF:13
FNH:13
FNDA:30,(anonymous_0)
FNDA:22,(anonymous_1)
FNDA:22,(anonymous_2)
FNDA:30,(anonymous_3)
FNDA:61,SecurityDashboardScreen
FNDA:31,(anonymous_5)
FNDA:31,(anonymous_6)
FNDA:8,(anonymous_7)
FNDA:5,(anonymous_8)
FNDA:24,(anonymous_9)
FNDA:48,(anonymous_10)
FNDA:1,(anonymous_11)
FNDA:2,(anonymous_12)
DA:26,1
DA:33,30
DA:46,1
DA:63,22
DA:67,22
DA:100,1
DA:109,30
DA:110,30
DA:139,61
DA:140,61
DA:141,61
DA:142,61
DA:144,61
DA:145,31
DA:146,31
DA:147,31
DA:148,31
DA:149,28
DA:150,27
DA:153,2
DA:156,30
DA:160,31
DA:164,61
DA:165,8
DA:174,5
DA:175,5
DA:176,3
DA:178,2
DA:186,61
DA:187,61
DA:188,48
DA:191,61
DA:192,31
DA:199,30
DA:209,1
DA:249,2
DA:276,1
LF:37
LH:37
BRDA:67,0,0,22
BRDA:67,0,1,22
BRDA:67,0,2,0
BRDA:68,1,0,22
BRDA:68,1,1,0
BRDA:68,1,2,22
BRDA:73,2,0,0
BRDA:73,2,1,22
BRDA:76,3,0,22
BRDA:76,3,1,0
BRDA:79,4,0,0
BRDA:79,4,1,22
BRDA:83,5,0,0
BRDA:83,5,1,0
BRDA:93,6,0,0
BRDA:93,6,1,22
BRDA:113,7,0,30
BRDA:113,7,1,0
BRDA:115,8,0,30
BRDA:115,8,1,0
BRDA:120,9,0,30
BRDA:120,9,1,30
BRDA:127,10,0,30
BRDA:127,10,1,30
BRDA:149,11,0,27
BRDA:149,11,1,1
BRDA:150,12,0,27
BRDA:150,12,1,2
BRDA:175,13,0,3
BRDA:175,13,1,2
BRDA:188,14,0,22
BRDA:188,14,1,26
BRDA:191,15,0,31
BRDA:191,15,1,30
BRDA:239,16,0,30
BRDA:239,16,1,22
BRF:36
BRH:26
end_of_record
TN:
SF:app/(settings)/subscription.tsx
FN:30,(anonymous_0)
FN:57,SubscriptionScreen
FN:68,(anonymous_2)
FN:74,(anonymous_3)
FN:81,(anonymous_4)
FN:85,(anonymous_5)
FN:92,(anonymous_6)
FN:105,(anonymous_7)
FN:113,(anonymous_8)
FN:114,(anonymous_9)
FN:135,(anonymous_10)
FN:148,(anonymous_11)
FN:156,(anonymous_12)
FNF:13
FNH:13
FNDA:287,(anonymous_0)
FNDA:62,SubscriptionScreen
FNDA:19,(anonymous_2)
FNDA:5,(anonymous_3)
FNDA:4,(anonymous_4)
FNDA:4,(anonymous_5)
FNDA:62,(anonymous_6)
FNDA:496,(anonymous_7)
FNDA:41,(anonymous_8)
FNDA:70,(anonymous_9)
FNDA:1,(anonymous_10)
FNDA:167,(anonymous_11)
FNDA:19,(anonymous_12)
DA:30,1
DA:31,287
DA:54,287
DA:58,62
DA:59,62
DA:60,62
DA:62,62
DA:63,62
DA:64,62
DA:65,62
DA:68,62
DA:69,19
DA:71,16
DA:73,16
DA:75,5
DA:82,4
DA:83,4
DA:86,4
DA:92,62
DA:94,62
DA:105,496
DA:113,62
DA:114,70
DA:117,62
DA:118,2
DA:128,60
DA:135,1
DA:149,167
DA:156,19
DA:176,1
LF:30
LH:30
BRDA:54,0,0,287
BRDA:54,0,1,2
BRDA:63,1,0,0
BRDA:69,2,0,3
BRDA:69,2,1,16
BRDA:69,3,0,19
BRDA:69,3,1,18
BRDA:117,4,0,2
BRDA:117,4,1,60
BRDA:117,5,0,62
BRDA:117,5,1,61
BRF:11
BRH:10
end_of_record
TN:
SF:assets/logo.png
FNF:0
FNH:0
DA:1,9
LF:1
LH:1
BRF:0
BRH:0
end_of_record
TN:
SF:assets/therapy-illustration.png
FNF:0
FNH:0
DA:1,4
LF:1
LH:1
BRF:0
BRH:0
end_of_record
TN:
SF:components/AuthButton.tsx
FN:17,(anonymous_0)
FNF:1
FNH:1
FNDA:2,(anonymous_0)
DA:7,1
DA:8,1
DA:17,1
DA:18,2
DA:20,2
DA:36,1
LF:6
LH:6
BRDA:17,0,0,1
BRDA:17,1,0,2
BRDA:18,2,0,2
BRDA:18,2,1,1
BRDA:23,3,0,1
BRDA:23,3,1,1
BRDA:26,4,0,1
BRDA:26,4,1,1
BRDA:27,5,0,1
BRDA:27,5,1,0
BRDA:29,6,0,0
BRDA:29,6,1,1
BRF:12
BRH:10
end_of_record
TN:
SF:components/AuthInput.tsx
FN:13,(anonymous_0)
FNF:1
FNH:1
FNDA:1,(anonymous_0)
DA:13,1
DA:14,1
LF:2
LH:2
BRF:0
BRH:0
end_of_record
TN:
SF:components/AuthLayout.tsx
FN:13,(anonymous_0)
FNF:1
FNH:1
FNDA:4,(anonymous_0)
DA:13,1
DA:14,4
LF:2
LH:2
BRDA:17,0,0,4
BRDA:17,0,1,0
BRF:2
BRH:1
end_of_record
TN:
SF:components/LoadingButton.tsx
FN:11,(anonymous_0)
FN:19,(anonymous_1)
FNF:2
FNH:2
FNDA:2,(anonymous_0)
FNDA:2,(anonymous_1)
DA:11,1
DA:16,2
DA:19,2
LF:3
LH:3
BRDA:22,0,0,1
BRDA:22,0,1,1
BRDA:22,1,0,2
BRDA:22,1,1,2
BRDA:27,2,0,1
BRDA:27,2,1,1
BRF:6
BRH:6
end_of_record
TN:
SF:components/MoodSelector.tsx
FN:28,MoodSelector
FN:35,(anonymous_1)
FN:45,(anonymous_2)
FN:48,(anonymous_3)
FN:62,(anonymous_4)
FN:71,(anonymous_5)
FN:77,(anonymous_6)
FN:78,(anonymous_7)
FN:79,(anonymous_8)
FN:80,(anonymous_9)
FN:88,(anonymous_10)
FN:92,(anonymous_11)
FNF:12
FNH:12
FNDA:35,MoodSelector
FNDA:35,(anonymous_1)
FNDA:13,(anonymous_2)
FNDA:34,(anonymous_3)
FNDA:8,(anonymous_4)
FNDA:2,(anonymous_5)
FNDA:35,(anonymous_6)
FNDA:245,(anonymous_7)
FNDA:245,(anonymous_8)
FNDA:245,(anonymous_9)
FNDA:35,(anonymous_10)
FNDA:35,(anonymous_11)
DA:19,1
DA:20,1
DA:29,35
DA:30,35
DA:31,35
DA:32,35
DA:33,35
DA:35,35
DA:36,35
DA:37,35
DA:45,35
DA:46,13
DA:47,13
DA:48,13
DA:49,34
DA:50,34
DA:51,34
DA:52,3
DA:53,3
DA:55,31
DA:56,31
DA:58,34
DA:62,35
DA:63,8
DA:64,8
DA:71,35
DA:72,2
DA:73,2
DA:77,35
DA:78,245
DA:79,245
DA:80,245
DA:81,35
DA:88,35
DA:92,35
DA:96,35
DA:132,1
LF:37
LH:37
BRDA:51,0,0,3
BRDA:51,0,1,31
BRDA:51,1,0,34
BRDA:51,1,1,3
BRDA:63,2,0,7
BRDA:63,2,1,1
BRDA:72,3,0,2
BRDA:72,3,1,0
BRDA:89,4,0,0
BRDA:89,4,1,35
BRDA:93,5,0,0
BRDA:93,5,1,35
BRDA:105,6,0,35
BRDA:105,6,1,0
BRF:14
BRH:10
end_of_record
TN:
SF:components/OnboardingStep.tsx
FN:26,OnboardingStep
FN:86,(anonymous_1)
FNF:2
FNH:2
FNDA:7,OnboardingStep
FNDA:1,(anonymous_1)
DA:12,1
DA:13,1
DA:14,1
DA:35,7
DA:36,7
DA:38,7
DA:40,7
DA:86,1
DA:108,1
LF:9
LH:9
BRDA:32,0,0,6
BRDA:33,1,0,4
BRDA:44,2,0,7
BRDA:44,2,1,0
BRDA:88,3,0,5
BRDA:88,3,1,2
BRDA:91,4,0,7
BRDA:91,4,1,5
BRDA:93,5,0,7
BRDA:93,5,1,5
BRDA:94,6,0,1
BRDA:94,6,1,6
BRDA:96,7,0,5
BRDA:96,7,1,2
BRF:14
BRH:13
end_of_record
TN:
SF:components/PendingDeletionScreen.tsx
FN:9,PendingDeletionScreen
FN:13,(anonymous_1)
FN:26,(anonymous_2)
FNF:3
FNH:3
FNDA:9,PendingDeletionScreen
FNDA:2,(anonymous_1)
FNDA:1,(anonymous_2)
DA:10,9
DA:11,9
DA:13,9
DA:14,2
DA:15,2
DA:16,2
DA:19,1
DA:20,1
DA:22,2
DA:26,9
DA:27,1
DA:28,1
DA:30,0
DA:31,0
DA:35,9
DA:69,2
LF:16
LH:14
BRDA:44,0,0,2
BRDA:44,0,1,7
BRF:2
BRH:2
end_of_record
TN:
SF:components/PremiumGate.tsx
FN:36,PremiumGate
FN:47,(anonymous_1)
FN:90,ElegantBlocker
FN:113,(anonymous_3)
FNF:4
FNH:3
FNDA:10,PremiumGate
FNDA:0,(anonymous_1)
FNDA:5,ElegantBlocker
FNDA:1,(anonymous_3)
DA:43,10
DA:44,10
DA:45,10
DA:47,10
DA:50,10
DA:51,2
DA:61,8
DA:63,8
DA:65,8
DA:66,6
DA:68,5
DA:77,2
DA:91,5
DA:92,5
DA:94,5
DA:97,5
DA:100,5
DA:101,5
DA:104,5
DA:111,5
DA:113,1
DA:187,2
LF:22
LH:22
BRDA:39,0,0,3
BRDA:47,1,0,10
BRDA:47,1,1,9
BRDA:50,2,0,2
BRDA:50,2,1,8
BRDA:50,3,0,10
BRDA:50,3,1,9
BRDA:50,3,2,3
BRDA:61,4,0,8
BRDA:61,4,1,6
BRDA:63,5,0,8
BRDA:63,5,1,2
BRDA:63,5,2,2
BRDA:65,6,0,6
BRDA:65,6,1,2
BRDA:65,7,0,8
BRDA:65,7,1,3
BRDA:66,8,0,1
BRDA:66,8,1,5
BRDA:94,9,0,4
BRDA:94,9,1,1
BRDA:97,10,0,4
BRDA:97,10,1,1
BRDA:101,11,0,4
BRDA:101,11,1,1
BRF:25
BRH:25
end_of_record
TN:
SF:components/ProcessingScreen.tsx
FN:17,ProcessingScreen
FN:20,(anonymous_1)
FN:29,(anonymous_2)
FN:34,(anonymous_3)
FNF:4
FNH:4
FNDA:7,ProcessingScreen
FNDA:7,(anonymous_1)
FNDA:7,(anonymous_2)
FNDA:7,(anonymous_3)
DA:8,2
DA:9,2
DA:18,7
DA:20,7
DA:22,7
DA:23,7
DA:26,7
DA:29,7
DA:30,7
DA:34,7
DA:38,7
DA:53,2
LF:12
LH:12
BRF:0
BRH:0
end_of_record
TN:
SF:components/ReportModal.tsx
FN:22,(anonymous_0)
FN:29,(anonymous_1)
FNF:2
FNH:2
FNDA:12,(anonymous_0)
FNDA:12,(anonymous_1)
DA:22,2
DA:23,12
DA:29,12
DA:30,12
DA:31,7
DA:35,12
DA:83,2
DA:140,2
LF:8
LH:8
BRDA:30,0,0,7
BRDA:30,0,1,5
BRDA:30,1,0,12
BRDA:30,1,1,8
BRDA:54,2,0,12
BRDA:54,2,1,3
BRF:6
BRH:6
end_of_record
TN:
SF:components/ai_summary/ReportCard.tsx
FN:33,(anonymous_0)
FN:41,ReportCard
FNF:2
FNH:2
FNDA:4,(anonymous_0)
FNDA:4,ReportCard
DA:33,1
DA:35,4
DA:36,4
DA:37,1
DA:38,1
DA:42,4
DA:43,4
DA:45,4
DA:76,1
LF:9
LH:9
BRDA:36,0,0,3
BRDA:36,0,1,1
BRDA:38,1,0,0
BRDA:38,1,1,1
BRDA:43,2,0,4
BRDA:43,2,1,0
BRDA:57,3,0,4
BRDA:57,3,1,0
BRDA:57,4,0,0
BRDA:57,4,1,0
BRDA:65,5,0,4
BRDA:65,5,1,1
BRF:12
BRH:7
end_of_record
TN:
SF:components/ai_summary/ReportDetailModal.tsx
FN:54,(anonymous_0)
FN:59,(anonymous_1)
FN:62,(anonymous_2)
FN:66,(anonymous_3)
FN:69,ReportDetailModal
FN:81,(anonymous_5)
FN:96,(anonymous_6)
FN:100,(anonymous_7)
FN:131,(anonymous_8)
FN:135,(anonymous_9)
FN:144,(anonymous_10)
FN:261,(anonymous_11)
FN:306,(anonymous_12)
FNF:13
FNH:12
FNDA:7,(anonymous_0)
FNDA:7,(anonymous_1)
FNDA:7,(anonymous_2)
FNDA:7,(anonymous_3)
FNDA:21,ReportDetailModal
FNDA:1,(anonymous_5)
FNDA:16,(anonymous_6)
FNDA:12,(anonymous_7)
FNDA:12,(anonymous_8)
FNDA:5,(anonymous_9)
FNDA:5,(anonymous_10)
FNDA:12,(anonymous_11)
FNDA:0,(anonymous_12)
DA:54,1
DA:55,7
DA:59,1
DA:60,7
DA:62,1
DA:63,7
DA:66,1
DA:67,7
DA:75,21
DA:76,21
DA:77,21
DA:78,21
DA:79,21
DA:81,21
DA:82,1
DA:84,1
DA:88,21
DA:89,21
DA:96,21
DA:97,16
DA:98,12
DA:100,12
DA:101,12
DA:102,12
DA:103,12
DA:104,12
DA:105,12
DA:109,12
DA:110,12
DA:111,0
DA:112,0
DA:114,12
DA:121,0
DA:122,0
DA:123,0
DA:126,12
DA:130,12
DA:131,12
DA:135,21
DA:136,5
DA:137,1
DA:138,1
DA:139,1
DA:144,21
DA:145,5
DA:146,5
DA:150,21
DA:262,12
DA:329,1
DA:484,1
LF:50
LH:45
BRDA:55,0,0,0
BRDA:55,0,1,7
BRDA:56,1,0,7
BRDA:56,1,1,0
BRDA:60,2,0,0
BRDA:60,2,1,7
BRDA:60,3,0,7
BRDA:60,3,1,0
BRDA:63,4,0,7
BRDA:63,4,1,0
BRDA:63,5,0,0
BRDA:63,5,1,0
BRDA:67,6,0,7
BRDA:67,6,1,0
BRDA:67,7,0,0
BRDA:67,7,1,0
BRDA:82,8,0,0
BRDA:82,8,1,1
BRDA:88,9,0,21
BRDA:88,9,1,0
BRDA:89,10,0,21
BRDA:89,10,1,21
BRDA:89,10,2,19
BRDA:89,10,3,19
BRDA:89,10,4,19
BRDA:97,11,0,4
BRDA:97,11,1,12
BRDA:97,12,0,16
BRDA:97,12,1,14
BRDA:97,12,2,14
BRDA:109,13,0,0
BRDA:109,13,1,12
BRDA:110,14,0,0
BRDA:110,14,1,12
BRDA:110,15,0,12
BRDA:110,15,1,12
BRDA:111,16,0,0
BRDA:111,16,1,0
BRDA:114,17,0,7
BRDA:114,17,1,5
BRDA:121,18,0,0
BRDA:121,18,1,0
BRDA:122,19,0,0
BRDA:122,19,1,0
BRDA:126,20,0,7
BRDA:126,20,1,5
BRDA:136,21,0,1
BRDA:136,21,1,4
BRDA:145,22,0,5
BRDA:145,22,1,0
BRDA:145,23,0,5
BRDA:145,23,1,5
BRDA:191,24,0,21
BRDA:191,24,1,0
BRDA:205,25,0,21
BRDA:205,25,1,0
BRDA:205,26,0,0
BRDA:205,26,1,0
BRDA:217,27,0,21
BRDA:217,27,1,0
BRDA:245,28,0,21
BRDA:245,28,1,19
BRDA:249,29,0,19
BRDA:249,29,1,11
BRDA:255,30,0,19
BRDA:255,30,1,8
BRDA:255,30,2,0
BRDA:259,31,0,19
BRDA:259,31,1,8
BRDA:259,31,2,8
BRDA:259,31,3,3
BRDA:259,31,4,3
BRF:72
BRH:45
end_of_record
TN:
SF:components/daily_reflection/FeedbackModal.tsx
FN:31,FeedbackModal
FN:45,(anonymous_1)
FN:119,(anonymous_2)
FN:173,(anonymous_3)
FN:190,(anonymous_4)
FNF:5
FNH:5
FNDA:18,FeedbackModal
FNDA:18,(anonymous_1)
FNDA:1,(anonymous_2)
FNDA:1,(anonymous_3)
FNDA:1,(anonymous_4)
DA:28,3
DA:42,18
DA:43,18
DA:45,18
DA:46,18
DA:47,9
DA:57,9
DA:58,9
DA:62,18
DA:71,18
DA:120,1
DA:121,1
DA:173,1
DA:190,1
DA:209,3
LF:15
LH:15
BRDA:40,0,0,17
BRDA:46,1,0,9
BRDA:46,1,1,9
BRDA:105,2,0,18
BRDA:105,2,1,0
BRDA:105,3,0,18
BRDA:105,3,1,18
BRDA:161,4,0,18
BRDA:161,4,1,17
BRDA:171,5,0,17
BRDA:171,5,1,0
BRDA:178,6,0,0
BRDA:178,6,1,17
BRDA:180,7,0,0
BRDA:180,7,1,17
BRDA:188,8,0,17
BRDA:188,8,1,0
BRDA:195,9,0,0
BRDA:195,9,1,17
BRDA:197,10,0,0
BRDA:197,10,1,17
BRF:21
BRH:14
end_of_record
TN:
SF:components/daily_reflection/GradientHeader.tsx
FN:26,GradientHeader
FNF:1
FNH:1
FNDA:1,GradientHeader
DA:12,2
DA:27,1
LF:2
LH:2
BRF:0
BRH:0
end_of_record
TN:
SF:components/daily_reflection/GradientMoodImage.tsx
FN:11,GradientMoodImage
FNF:1
FNH:1
FNDA:1,GradientMoodImage
DA:13,1
DA:15,1
LF:2
LH:2
BRF:0
BRH:0
end_of_record
TN:
SF:components/daily_reflection/GradientMoodLabel.tsx
FN:11,GradientMoodLabel
FNF:1
FNH:1
FNDA:1,GradientMoodLabel
DA:7,2
DA:12,1
LF:2
LH:2
BRF:0
BRH:0
end_of_record
TN:
SF:components/daily_reflection/InputModal.tsx
FN:21,InputModal
FNF:1
FNH:1
FNDA:4,InputModal
DA:29,4
DA:31,4
DA:116,2
LF:3
LH:3
BRDA:53,0,0,4
BRDA:53,0,1,0
BRDA:94,1,0,4
BRDA:94,1,1,1
BRF:4
BRH:3
end_of_record
TN:
SF:components/diary/DiaryList.tsx
FN:12,(anonymous_0)
FN:28,(anonymous_1)
FN:86,(anonymous_2)
FN:87,(anonymous_3)
FN:88,(anonymous_4)
FNF:5
FNH:4
FNDA:8,(anonymous_0)
FNDA:0,(anonymous_1)
FNDA:11,(anonymous_2)
FNDA:6,(anonymous_3)
FNDA:1,(anonymous_4)
DA:12,1
DA:13,8
DA:14,8
DA:15,8
DA:16,8
DA:18,8
DA:28,0
DA:86,11
DA:88,6
DA:138,1
LF:10
LH:9
BRDA:49,0,0,1
BRDA:49,0,1,7
BRDA:64,1,0,2
BRDA:64,1,1,5
BRDA:94,2,0,0
BRDA:94,2,1,6
BRDA:94,3,0,6
BRDA:94,3,1,0
BRDA:98,4,0,0
BRDA:98,4,1,6
BRDA:98,5,0,6
BRDA:98,5,1,0
BRDA:103,6,0,6
BRDA:103,6,1,0
BRDA:117,7,0,0
BRDA:117,7,1,8
BRF:16
BRH:10
end_of_record
TN:
SF:components/diary/DiaryView.tsx
FN:10,(anonymous_0)
FN:26,(anonymous_1)
FN:30,(anonymous_2)
FN:50,(anonymous_3)
FNF:4
FNH:4
FNDA:4,(anonymous_0)
FNDA:1,(anonymous_1)
FNDA:1,(anonymous_2)
FNDA:2,(anonymous_3)
DA:10,1
DA:11,4
DA:12,4
DA:13,4
DA:15,4
DA:16,1
DA:23,3
DA:26,1
DA:30,1
DA:51,2
DA:88,1
LF:11
LH:11
BRDA:15,0,0,1
BRDA:15,0,1,3
BRDA:44,1,0,3
BRDA:44,1,1,0
BRDA:44,2,0,0
BRDA:44,2,1,3
BRDA:44,3,0,3
BRDA:44,3,1,0
BRDA:48,4,0,3
BRDA:48,4,1,3
BRDA:48,4,2,3
BRDA:54,5,0,1
BRDA:54,5,1,1
BRDA:59,6,0,1
BRDA:59,6,1,1
BRDA:71,7,0,2
BRDA:71,7,1,1
BRF:17
BRH:14
end_of_record
TN:
SF:components/diary/WritingMode.tsx
FN:10,(anonymous_0)
FN:34,(anonymous_1)
FN:102,(anonymous_2)
FN:103,(anonymous_3)
FN:110,(anonymous_4)
FNF:5
FNH:5
FNDA:14,(anonymous_0)
FNDA:10,(anonymous_1)
FNDA:18,(anonymous_2)
FNDA:1,(anonymous_3)
FNDA:1,(anonymous_4)
DA:10,1
DA:11,14
DA:12,14
DA:13,14
DA:16,14
DA:35,10
DA:103,18
DA:110,1
DA:168,1
LF:9
LH:9
BRDA:13,0,0,12
BRDA:13,0,1,2
BRDA:13,1,0,14
BRDA:13,1,1,13
BRDA:13,1,2,13
BRDA:31,2,0,0
BRDA:31,2,1,14
BRDA:31,3,0,14
BRDA:31,3,1,0
BRDA:37,4,0,8
BRDA:37,4,1,2
BRDA:38,5,0,8
BRDA:38,5,1,2
BRDA:40,6,0,0
BRDA:40,6,1,10
BRDA:40,7,0,10
BRDA:40,7,1,0
BRDA:46,8,0,10
BRDA:46,8,1,2
BRDA:47,9,0,10
BRDA:47,9,1,1
BRDA:55,10,0,14
BRDA:55,10,1,1
BRDA:62,11,0,14
BRDA:62,11,1,7
BRDA:69,12,0,14
BRDA:69,12,1,7
BRDA:69,12,2,2
BRDA:69,12,3,2
BRDA:69,12,4,2
BRDA:78,13,0,14
BRDA:78,13,1,7
BRDA:78,13,2,0
BRDA:92,14,0,14
BRDA:92,14,1,7
BRDA:92,14,2,14
BRDA:92,14,3,14
BRDA:98,15,0,12
BRDA:98,15,1,2
BRDA:102,16,0,14
BRDA:102,16,1,12
BRDA:109,17,0,14
BRDA:109,17,1,2
BRDA:109,17,2,2
BRDA:134,18,0,14
BRDA:134,18,1,1
BRDA:143,19,0,1
BRDA:143,19,1,13
BRDA:154,20,0,14
BRDA:154,20,1,1
BRDA:154,20,2,13
BRDA:154,21,0,14
BRDA:154,21,1,1
BRDA:156,22,0,7
BRDA:156,22,1,7
BRF:55
BRH:50
end_of_record
TN:
SF:components/dream/CrossConnectionsCard.tsx
FN:20,CrossConnectionsCard
FN:45,(anonymous_1)
FNF:2
FNH:2
FNDA:8,CrossConnectionsCard
FNDA:11,(anonymous_1)
DA:23,8
DA:24,8
DA:25,3
DA:28,5
DA:46,11
DA:67,1
LF:6
LH:6
BRDA:24,0,0,3
BRDA:24,0,1,5
BRDA:24,1,0,8
BRDA:24,1,1,6
BRF:4
BRH:4
end_of_record
TN:
SF:components/dream/ErrorState.tsx
FN:15,ErrorState
FN:23,(anonymous_1)
FNF:2
FNH:2
FNDA:5,ErrorState
FNDA:1,(anonymous_1)
DA:16,5
DA:17,5
DA:19,5
DA:23,1
DA:31,1
LF:5
LH:5
BRDA:15,0,0,4
BRDA:22,1,0,5
BRDA:22,1,1,4
BRF:3
BRH:3
end_of_record
TN:
SF:components/dream/FeedbackCard.tsx
FN:15,FeedbackCard
FN:42,(anonymous_1)
FN:45,(anonymous_2)
FNF:3
FNH:3
FNDA:7,FeedbackCard
FNDA:1,(anonymous_1)
FNDA:1,(anonymous_2)
DA:16,7
DA:17,7
DA:42,1
DA:45,1
DA:57,1
LF:5
LH:5
BRDA:29,0,0,1
BRDA:29,0,1,6
BRDA:38,1,0,1
BRDA:38,1,1,5
BRF:4
BRH:4
end_of_record
TN:
SF:components/dream/InterpretationCard.tsx
FN:15,InterpretationCard
FNF:1
FNH:1
FNDA:8,InterpretationCard
DA:16,8
DA:17,8
DA:18,3
DA:21,5
DA:38,1
DA:62,1
LF:6
LH:6
BRDA:17,0,0,3
BRDA:17,0,1,5
BRF:2
BRH:2
end_of_record
TN:
SF:components/dream/Oracle.tsx
FN:36,(anonymous_0)
FN:55,Oracle
FN:61,(anonymous_2)
FN:147,(anonymous_3)
FNF:4
FNH:4
FNDA:9,(anonymous_0)
FNDA:18,Oracle
FNDA:5,(anonymous_2)
FNDA:9,(anonymous_3)
DA:36,1
DA:37,9
DA:38,5
DA:39,2
DA:40,2
DA:41,0
DA:42,0
DA:56,18
DA:57,18
DA:58,18
DA:59,18
DA:61,18
DA:62,5
DA:63,5
DA:64,5
DA:65,5
DA:66,5
DA:67,5
DA:68,2
DA:69,2
DA:71,2
DA:75,18
DA:147,1
DA:149,9
DA:152,9
DA:182,1
LF:26
LH:24
BRDA:37,0,0,5
BRDA:37,0,1,2
BRDA:37,0,2,2
BRDA:37,0,3,0
BRDA:37,0,4,0
BRDA:57,1,0,1
BRDA:57,1,1,17
BRDA:94,2,0,18
BRDA:94,2,1,8
BRDA:117,3,0,18
BRDA:117,3,1,5
BRDA:124,4,0,18
BRDA:124,4,1,2
BRDA:135,5,0,18
BRDA:135,5,1,3
BRDA:147,6,0,6
BRDA:147,7,0,0
BRDA:149,8,0,9
BRDA:149,8,1,3
BRDA:165,9,0,3
BRDA:165,9,1,6
BRF:21
BRH:18
end_of_record
TN:
SF:components/dream/ResultSkeleton.tsx
FN:9,ResultSkeleton
FNF:1
FNH:1
FNDA:6,ResultSkeleton
DA:10,6
DA:109,1
LF:2
LH:2
BRF:0
BRH:0
end_of_record
TN:
SF:components/dream/Sigil.tsx
FN:10,Sigil
FN:17,(anonymous_1)
FN:26,(anonymous_2)
FN:30,(anonymous_3)
FN:34,(anonymous_4)
FNF:5
FNH:5
FNDA:24,Sigil
FNDA:24,(anonymous_1)
FNDA:24,(anonymous_2)
FNDA:24,(anonymous_3)
FNDA:24,(anonymous_4)
DA:11,24
DA:12,24
DA:13,24
DA:16,24
DA:17,24
DA:18,24
DA:26,24
DA:27,24
DA:28,24
DA:30,24
DA:31,24
DA:32,24
DA:34,24
DA:35,24
DA:36,24
DA:40,24
DA:41,24
DA:42,24
DA:43,24
DA:44,24
DA:45,24
DA:47,24
DA:81,2
LF:23
LH:23
BRF:0
BRH:0
end_of_record
TN:
SF:components/dream/SkeletonCard.tsx
FN:12,SkeletonCard
FNF:1
FNH:1
FNDA:7,SkeletonCard
DA:13,7
DA:34,1
LF:2
LH:2
BRDA:12,0,0,2
BRF:1
BRH:1
end_of_record
TN:
SF:components/dream/SummaryCard.tsx
FN:15,SummaryCard
FNF:1
FNH:1
FNDA:6,SummaryCard
DA:16,6
DA:18,6
DA:19,3
DA:23,3
DA:35,1
LF:5
LH:5
BRDA:18,0,0,3
BRDA:18,0,1,3
BRF:2
BRH:2
end_of_record
TN:
SF:components/dream/ThemesCard.tsx
FN:15,ThemesCard
FN:29,(anonymous_1)
FNF:2
FNH:2
FNDA:7,ThemesCard
FNDA:11,(anonymous_1)
DA:16,7
DA:18,7
DA:19,3
DA:22,4
DA:30,11
DA:40,1
LF:6
LH:6
BRDA:18,0,0,3
BRDA:18,0,1,4
BRDA:18,1,0,7
BRDA:18,1,1,5
BRF:4
BRH:4
end_of_record
TN:
SF:components/dream/UndoToast.tsx
FN:11,UndoToast
FNF:1
FNH:1
FNDA:4,UndoToast
DA:12,4
DA:13,4
DA:26,1
LF:3
LH:3
BRF:0
BRH:0
end_of_record
TN:
SF:components/home/ActionButton.tsx
FN:15,(anonymous_0)
FN:22,(anonymous_1)
FNF:2
FNH:2
FNDA:151,(anonymous_0)
FNDA:151,(anonymous_1)
DA:15,3
DA:16,151
DA:17,151
DA:19,151
DA:22,151
DA:39,3
LF:6
LH:6
BRDA:15,0,0,146
BRDA:16,1,0,5
BRDA:16,1,1,146
BRDA:17,2,0,5
BRDA:17,2,1,146
BRDA:24,3,0,151
BRDA:24,3,1,5
BRDA:25,4,0,0
BRDA:25,4,1,151
BRF:9
BRH:8
end_of_record
TN:
SF:components/home/HomeActions.tsx
FN:20,(anonymous_0)
FN:32,(anonymous_1)
FN:33,(anonymous_2)
FN:34,(anonymous_3)
FN:35,(anonymous_4)
FN:36,(anonymous_5)
FN:64,(anonymous_6)
FN:77,(anonymous_7)
FNF:8
FNH:8
FNDA:24,(anonymous_0)
FNDA:1,(anonymous_1)
FNDA:1,(anonymous_2)
FNDA:1,(anonymous_3)
FNDA:1,(anonymous_4)
FNDA:1,(anonymous_5)
FNDA:144,(anonymous_6)
FNDA:1,(anonymous_7)
DA:20,2
DA:26,24
DA:27,24
DA:30,24
DA:32,1
DA:33,1
DA:34,1
DA:35,1
DA:36,1
DA:39,24
DA:65,144
DA:77,1
DA:85,2
LF:13
LH:13
BRDA:42,0,0,24
BRDA:42,0,1,4
BRDA:42,0,2,3
BRDA:53,1,0,24
BRDA:53,1,1,1
BRF:5
BRH:5
end_of_record
TN:
SF:components/home/HomeHeader.tsx
FN:11,(anonymous_0)
FNF:1
FNH:1
FNDA:15,(anonymous_0)
DA:11,2
DA:12,15
DA:34,2
LF:3
LH:3
BRF:0
BRH:0
end_of_record
TN:
SF:components/home/HomeIllustration.tsx
FN:6,(anonymous_0)
FNF:1
FNH:1
FNDA:15,(anonymous_0)
DA:6,2
DA:7,15
DA:9,15
DA:29,2
LF:4
LH:4
BRF:0
BRH:0
end_of_record
TN:
SF:components/how_it_works/FeatureCard.tsx
FN:20,(anonymous_0)
FNF:1
FNH:1
FNDA:2,(anonymous_0)
DA:20,2
DA:21,2
DA:48,2
LF:3
LH:3
BRF:0
BRH:0
end_of_record
TN:
SF:components/how_it_works/StepCard.tsx
FN:16,(anonymous_0)
FNF:1
FNH:1
FNDA:2,(anonymous_0)
DA:16,2
DA:17,2
DA:32,2
LF:3
LH:3
BRF:0
BRH:0
end_of_record
TN:
SF:components/settings/FeaturedCard.tsx
FN:10,(anonymous_0)
FN:35,(anonymous_1)
FN:36,(anonymous_2)
FNF:3
FNH:3
FNDA:4,(anonymous_0)
FNDA:1,(anonymous_1)
FNDA:3,(anonymous_2)
DA:10,2
DA:11,4
DA:12,4
DA:13,4
DA:15,4
DA:29,4
DA:30,1
DA:33,3
DA:35,1
DA:36,3
DA:55,2
LF:11
LH:11
BRDA:15,0,0,1
BRDA:15,0,1,3
BRDA:29,1,0,1
BRDA:29,1,1,3
BRDA:36,2,0,3
BRDA:36,2,1,0
BRF:6
BRH:5
end_of_record
TN:
SF:components/settings/SettingsCard.tsx
FN:12,(anonymous_0)
FN:15,(anonymous_1)
FNF:2
FNH:2
FNDA:10,(anonymous_0)
FNDA:10,(anonymous_1)
DA:12,2
DA:13,10
DA:15,10
DA:24,2
LF:4
LH:4
BRDA:15,0,0,10
BRDA:15,0,1,0
BRF:2
BRH:1
end_of_record
TN:
SF:components/shared/AppToast.tsx
FN:31,AppToast
FNF:1
FNH:1
FNDA:4,AppToast
DA:13,1
DA:32,4
DA:34,4
DA:54,1
LF:4
LH:4
BRDA:31,0,0,2
BRDA:47,1,0,3
BRDA:47,1,1,1
BRF:3
BRH:3
end_of_record
TN:
SF:components/shared/BaseModal.tsx
FN:19,BaseModal
FNF:1
FNH:1
FNDA:16,BaseModal
DA:28,16
DA:74,1
LF:2
LH:2
BRDA:44,0,0,16
BRDA:44,0,1,0
BRF:2
BRH:1
end_of_record
TN:
SF:components/shared/ErrorFallbackUI.tsx
FN:11,(anonymous_0)
FNF:1
FNH:1
FNDA:2,(anonymous_0)
DA:11,1
DA:12,2
DA:25,1
LF:3
LH:3
BRF:0
BRH:0
end_of_record
TN:
SF:components/shared/MarkdownRenderer.tsx
FN:11,(anonymous_0)
FN:22,(anonymous_1)
FN:28,(anonymous_2)
FN:33,(anonymous_3)
FN:109,(anonymous_4)
FN:115,(anonymous_5)
FNF:6
FNH:6
FNDA:7,(anonymous_0)
FNDA:6,(anonymous_1)
FNDA:1,(anonymous_2)
FNDA:3,(anonymous_3)
FNDA:3,(anonymous_4)
FNDA:7,(anonymous_5)
DA:11,1
DA:15,7
DA:18,6
DA:20,6
DA:23,6
DA:26,6
DA:28,1
DA:29,1
DA:31,1
DA:35,3
DA:40,1
DA:48,2
DA:54,0
DA:61,2
DA:67,1
DA:78,5
DA:79,0
DA:86,5
DA:87,1
DA:95,4
DA:96,1
DA:109,3
DA:111,3
DA:113,3
DA:117,7
DA:122,1
DA:130,6
DA:136,1
DA:143,5
DA:149,3
DA:156,1
LF:31
LH:29
BRDA:15,0,0,1
BRDA:15,0,1,6
BRDA:23,1,0,0
BRDA:23,1,1,6
BRDA:26,2,0,1
BRDA:26,2,1,5
BRDA:35,3,0,1
BRDA:35,3,1,2
BRDA:36,4,0,3
BRDA:36,4,1,1
BRDA:36,4,2,1
BRDA:48,5,0,0
BRDA:48,5,1,2
BRDA:49,6,0,2
BRDA:49,6,1,0
BRDA:49,6,2,0
BRDA:49,6,3,0
BRDA:78,7,0,0
BRDA:78,7,1,5
BRDA:86,8,0,1
BRDA:86,8,1,4
BRDA:95,9,0,1
BRDA:95,9,1,3
BRDA:117,10,0,1
BRDA:117,10,1,6
BRDA:118,11,0,7
BRDA:118,11,1,1
BRDA:118,11,2,1
BRDA:130,12,0,1
BRDA:130,12,1,5
BRDA:131,13,0,6
BRDA:131,13,1,1
BRDA:131,13,2,1
BRDA:131,13,3,1
BRF:34
BRH:28
end_of_record
TN:
SF:components/subscription/FeatureComparisonTable.tsx
FN:16,FeatureComparisonTable
FN:18,(anonymous_1)
FN:40,(anonymous_2)
FNF:3
FNH:3
FNDA:3,FeatureComparisonTable
FNDA:12,(anonymous_1)
FNDA:6,(anonymous_2)
DA:18,3
DA:19,12
DA:20,12
DA:22,12
DA:23,9
DA:25,3
DA:26,3
DA:28,0
DA:31,3
DA:41,6
DA:55,1
LF:11
LH:10
BRDA:20,0,0,6
BRDA:20,0,1,6
BRDA:22,1,0,9
BRDA:22,1,1,3
BRDA:22,2,0,12
BRDA:22,2,1,3
BRDA:22,2,2,3
BRDA:23,3,0,6
BRDA:23,3,1,3
BRDA:25,4,0,3
BRDA:25,4,1,0
BRDA:28,5,0,0
BRDA:28,5,1,0
BRDA:41,6,0,6
BRDA:41,6,1,3
BRF:15
BRH:12
end_of_record
TN:
SF:components/subscription/PlanCard.tsx
FN:30,PlanCard
FN:34,(anonymous_1)
FNF:2
FNH:2
FNDA:6,PlanCard
FNDA:5,(anonymous_1)
DA:34,6
DA:35,5
DA:56,6
DA:101,1
LF:4
LH:4
BRDA:42,0,0,1
BRDA:42,0,1,4
BRDA:47,1,0,4
BRDA:47,1,1,0
BRDA:68,2,0,6
BRDA:68,2,1,6
BRDA:77,3,0,6
BRDA:77,3,1,0
BRDA:82,4,0,1
BRDA:82,4,1,5
BRDA:84,5,0,6
BRDA:84,5,1,5
BRDA:87,6,0,1
BRDA:87,6,1,5
BRF:14
BRH:12
end_of_record
TN:
SF:components/text_session/InputBar.tsx
FN:17,(anonymous_0)
FN:25,(anonymous_1)
FNF:2
FNH:1
FNDA:6,(anonymous_0)
FNDA:0,(anonymous_1)
DA:17,2
DA:24,6
DA:25,6
DA:29,6
DA:71,2
DA:73,2
DA:113,2
LF:7
LH:7
BRDA:32,0,0,6
BRDA:32,0,1,6
BRDA:50,1,0,6
BRDA:50,1,1,4
BRDA:50,1,2,3
BRDA:52,2,0,6
BRDA:52,2,1,5
BRF:7
BRH:7
end_of_record
TN:
SF:components/text_session/MemoryBubble.tsx
FN:14,(anonymous_0)
FN:26,(anonymous_1)
FNF:2
FNH:2
FNDA:4,(anonymous_0)
FNDA:4,(anonymous_1)
DA:14,1
DA:20,4
DA:21,4
DA:26,4
DA:27,4
DA:29,3
DA:31,1
DA:33,0
DA:35,0
DA:39,4
DA:65,1
LF:11
LH:9
BRDA:21,0,0,1
BRDA:21,0,1,3
BRDA:27,1,0,3
BRDA:27,1,1,1
BRDA:27,1,2,0
BRDA:27,1,3,0
BRF:6
BRH:4
end_of_record
TN:
SF:components/text_session/MemoryModal.tsx
FN:20,(anonymous_0)
FN:29,(anonymous_1)
FNF:2
FNH:2
FNDA:4,(anonymous_0)
FNDA:3,(anonymous_1)
DA:20,2
DA:25,4
DA:26,4
DA:29,3
DA:30,3
DA:32,2
DA:34,1
DA:36,0
DA:38,0
DA:42,3
DA:44,3
DA:85,2
LF:12
LH:10
BRDA:26,0,0,1
BRDA:26,0,1,3
BRDA:30,1,0,2
BRDA:30,1,1,1
BRDA:30,1,2,0
BRDA:30,1,3,0
BRF:6
BRH:4
end_of_record
TN:
SF:components/text_session/MessageBubble.tsx
FN:16,(anonymous_0)
FNF:1
FNH:1
FNDA:4,(anonymous_0)
DA:16,2
DA:20,4
DA:22,4
DA:42,2
LF:4
LH:4
BRDA:18,0,0,3
BRDA:27,1,0,3
BRDA:27,1,1,1
BRDA:29,2,0,4
BRDA:29,2,1,1
BRDA:32,3,0,3
BRDA:32,3,1,1
BRF:7
BRH:7
end_of_record
TN:
SF:components/text_session/SessionSummaryModal.tsx
FN:21,SessionSummaryModal
FN:31,(anonymous_1)
FNF:2
FNH:2
FNDA:4,SessionSummaryModal
FNDA:4,(anonymous_1)
DA:19,2
DA:28,4
DA:29,4
DA:31,4
DA:32,4
DA:33,3
DA:43,1
DA:44,1
DA:48,4
DA:54,4
DA:100,2
LF:11
LH:11
BRDA:25,0,0,3
BRDA:26,1,0,3
BRDA:32,2,0,3
BRDA:32,2,1,1
BRDA:76,3,0,4
BRDA:76,3,1,0
BRDA:77,4,0,4
BRDA:77,4,1,0
BRDA:81,5,0,4
BRDA:81,5,1,0
BRF:10
BRH:7
end_of_record
TN:
SF:components/text_session/TypingIndicator.tsx
FN:9,(anonymous_0)
FN:15,(anonymous_1)
FN:58,(anonymous_2)
FN:68,(anonymous_3)
FNF:4
FNH:4
FNDA:3,(anonymous_0)
FNDA:2,(anonymous_1)
FNDA:3,(anonymous_2)
FNDA:6,(anonymous_3)
DA:9,2
DA:11,3
DA:12,3
DA:13,3
DA:15,3
DA:16,2
DA:58,3
DA:59,3
DA:60,2
DA:64,3
DA:66,2
DA:69,6
DA:93,2
LF:13
LH:13
BRDA:59,0,0,2
BRDA:59,0,1,1
BRDA:64,1,0,1
BRDA:64,1,1,2
BRF:4
BRH:4
end_of_record
TN:
SF:components/therapy/TherapyOptionCard.tsx
FN:25,(anonymous_0)
FN:32,(anonymous_1)
FN:52,(anonymous_2)
FNF:3
FNH:3
FNDA:3,(anonymous_0)
FNDA:1,(anonymous_1)
FNDA:5,(anonymous_2)
DA:8,1
DA:25,1
DA:29,3
DA:32,1
DA:53,5
DA:76,1
LF:6
LH:6
BRDA:42,0,0,3
BRDA:42,0,1,0
BRDA:57,1,0,5
BRDA:57,1,1,0
BRDA:68,2,0,3
BRDA:68,2,1,0
BRDA:144,3,0,1
BRDA:144,3,1,0
BRF:8
BRH:4
end_of_record
TN:
SF:components/ui/IconSymbol.ios.tsx
FN:4,IconSymbol
FNF:1
FNH:1
FNDA:4,IconSymbol
DA:17,4
LF:1
LH:1
BRDA:6,0,0,3
BRDA:9,1,0,3
BRF:2
BRH:2
end_of_record
TN:
SF:components/ui/TabBarBackground.ios.tsx
FN:5,BlurTabBarBackground
FN:17,useBottomTabOverflow
FNF:2
FNH:2
FNDA:1,BlurTabBarBackground
FNDA:1,useBottomTabOverflow
DA:6,1
DA:18,1
LF:2
LH:2
BRF:0
BRH:0
end_of_record
TN:
SF:constants/Colors.ts
FNF:0
FNH:0
DA:2,50
DA:3,50
DA:5,50
DA:30,50
LF:4
LH:4
BRF:0
BRH:0
end_of_record
TN:
SF:constants/Styles.ts
FNF:0
FNH:0
DA:5,1
DA:6,1
DA:8,1
DA:262,1
DA:289,1
LF:5
LH:5
BRF:0
BRH:0
end_of_record
TN:
SF:constants/dailyWrite.constants.ts
FNF:0
FNH:0
DA:5,5
DA:20,5
LF:2
LH:2
BRF:0
BRH:0
end_of_record
TN:
SF:constants/howItWorksContent.ts
FNF:0
FNH:0
DA:2,1
DA:53,1
LF:2
LH:2
BRF:0
BRH:0
end_of_record
TN:
SF:context/Auth.tsx
FN:26,(anonymous_0)
FN:29,(anonymous_1)
FN:40,(anonymous_2)
FN:52,(anonymous_3)
FN:71,(anonymous_4)
FN:99,(anonymous_5)
FN:101,(anonymous_6)
FN:110,(anonymous_7)
FN:123,(anonymous_8)
FN:136,(anonymous_9)
FN:143,(anonymous_10)
FNF:11
FNH:10
FNDA:0,(anonymous_0)
FNDA:18,(anonymous_1)
FNDA:28,(anonymous_2)
FNDA:6,(anonymous_3)
FNDA:3,(anonymous_4)
FNDA:13,(anonymous_5)
FNDA:13,(anonymous_6)
FNDA:1,(anonymous_7)
FNDA:1,(anonymous_8)
FNDA:13,(anonymous_9)
FNDA:13,(anonymous_10)
DA:21,10
DA:26,0
DA:29,10
DA:31,18
DA:32,18
DA:34,0
DA:36,18
DA:40,10
DA:41,28
DA:42,28
DA:44,28
DA:46,28
DA:49,28
DA:52,28
DA:53,6
DA:54,0
DA:55,0
DA:61,6
DA:62,6
DA:63,6
DA:71,28
DA:72,3
DA:74,2
DA:76,2
DA:77,2
DA:80,1
DA:82,1
DA:88,1
DA:90,1
DA:93,1
DA:94,1
DA:99,28
DA:101,13
DA:102,13
DA:103,13
DA:104,13
DA:105,13
DA:109,13
DA:111,1
DA:112,1
DA:113,1
DA:114,1
DA:115,0
DA:117,1
DA:123,13
DA:124,1
DA:125,1
DA:128,1
DA:129,1
DA:133,13
DA:136,13
DA:137,13
DA:138,1
DA:143,13
DA:144,13
DA:145,13
DA:149,28
DA:151,28
DA:161,28
DA:162,13
DA:169,15
LF:61
LH:56
BRDA:32,0,0,0
BRDA:32,0,1,18
BRDA:53,1,0,0
BRDA:53,1,1,6
BRDA:65,2,0,3
BRDA:65,2,1,3
BRDA:72,3,0,1
BRDA:72,3,1,2
BRDA:77,4,0,1
BRDA:77,4,1,1
BRDA:90,5,0,0
BRDA:90,5,1,1
BRDA:103,6,0,13
BRDA:103,6,1,7
BRDA:104,7,0,6
BRDA:104,7,1,7
BRDA:112,8,0,1
BRDA:112,8,1,1
BRDA:114,9,0,0
BRDA:114,9,1,1
BRDA:128,10,0,0
BRDA:128,10,1,1
BRDA:129,11,0,1
BRDA:129,11,1,0
BRDA:137,12,0,1
BRDA:137,12,1,12
BRDA:161,13,0,13
BRDA:161,13,1,15
BRF:28
BRH:22
end_of_record
TN:
SF:context/DiaryContext.tsx
FN:38,(anonymous_0)
FN:50,(anonymous_1)
FNF:2
FNH:2
FNDA:7,(anonymous_0)
FNDA:5,(anonymous_1)
DA:36,1
DA:38,1
DA:39,7
DA:40,6
DA:41,2
DA:43,4
DA:50,1
DA:51,5
DA:53,5
LF:9
LH:9
BRDA:40,0,0,2
BRDA:40,0,1,4
BRF:2
BRH:2
end_of_record
TN:
SF:context/Loading.tsx
FN:22,(anonymous_0)
FN:28,(anonymous_1)
FN:33,(anonymous_2)
FN:47,(anonymous_3)
FNF:4
FNH:4
FNDA:18,(anonymous_0)
FNDA:6,(anonymous_1)
FNDA:3,(anonymous_2)
FNDA:22,(anonymous_3)
DA:16,7
DA:22,7
DA:25,18
DA:26,18
DA:28,18
DA:29,6
DA:30,6
DA:33,18
DA:34,3
DA:35,3
DA:38,18
DA:47,7
DA:48,22
DA:49,22
DA:50,4
DA:54,18
LF:16
LH:16
BRDA:49,0,0,4
BRDA:49,0,1,18
BRF:2
BRH:2
end_of_record
TN:
SF:hooks/index.ts
FNF:0
FNH:0
LF:0
LH:0
BRF:0
BRH:0
end_of_record
TN:
SF:hooks/useColorScheme.ts
FNF:0
FNH:0
LF:0
LH:0
BRF:0
BRH:0
end_of_record
TN:
SF:hooks/useColorScheme.web.ts
FN:8,useColorScheme
FN:11,(anonymous_1)
FNF:2
FNH:2
FNDA:10,useColorScheme
FNDA:5,(anonymous_1)
DA:9,10
DA:11,10
DA:12,5
DA:15,10
DA:17,10
DA:18,5
DA:21,5
LF:7
LH:7
BRDA:17,0,0,5
BRDA:17,0,1,5
BRF:2
BRH:2
end_of_record
TN:
SF:hooks/useDailyReflection.ts
FN:23,useDailyReflection
FN:61,(anonymous_1)
FN:67,(anonymous_2)
FN:68,(anonymous_3)
FN:94,(anonymous_4)
FN:106,(anonymous_5)
FN:109,(anonymous_6)
FN:124,saveSession
FN:230,(anonymous_8)
FN:243,handleSatisfaction
FN:281,closeFeedback
FN:363,(anonymous_11)
FNF:12
FNH:12
FNDA:55,useDailyReflection
FNDA:8,(anonymous_1)
FNDA:8,(anonymous_2)
FNDA:9,(anonymous_3)
FNDA:1,(anonymous_4)
FNDA:8,(anonymous_5)
FNDA:1,(anonymous_6)
FNDA:11,saveSession
FNDA:1,(anonymous_8)
FNDA:4,handleSatisfaction
FNDA:2,closeFeedback
FNDA:1,(anonymous_11)
DA:21,4
DA:24,55
DA:25,55
DA:27,55
DA:28,55
DA:30,55
DA:31,55
DA:32,55
DA:33,55
DA:35,55
DA:36,55
DA:37,55
DA:38,55
DA:41,55
DA:44,55
DA:48,55
DA:49,55
DA:50,55
DA:51,55
DA:59,55
DA:61,55
DA:62,8
DA:63,8
DA:67,55
DA:68,8
DA:75,9
DA:93,8
DA:94,8
DA:95,1
DA:99,8
DA:106,8
DA:109,55
DA:110,1
DA:125,11
DA:126,9
DA:128,9
DA:129,9
DA:131,9
DA:133,9
DA:134,9
DA:152,7
DA:155,6
DA:157,6
DA:158,5
DA:161,1
DA:168,3
DA:177,6
DA:178,1
DA:180,5
DA:188,1
DA:190,1
DA:192,1
DA:193,1
DA:194,1
DA:197,1
DA:198,1
DA:201,1
DA:202,1
DA:206,7
DA:209,7
DA:210,1
DA:215,6
DA:216,5
DA:222,1
DA:230,7
DA:233,7
DA:239,8
DA:244,4
DA:246,2
DA:248,2
DA:255,2
DA:257,1
DA:258,1
DA:269,1
DA:270,1
DA:282,2
DA:283,2
DA:285,2
DA:287,2
DA:288,2
DA:296,2
DA:299,1
DA:305,1
DA:308,2
DA:309,2
DA:310,2
DA:311,2
DA:312,2
DA:313,2
DA:316,2
DA:320,55
DA:330,55
DA:364,1
DA:365,1
DA:366,1
LF:95
LH:95
BRDA:62,0,0,8
BRDA:62,0,1,0
BRDA:125,1,0,2
BRDA:125,1,1,9
BRDA:125,2,0,11
BRDA:125,2,1,10
BRDA:152,3,0,6
BRDA:152,3,1,1
BRDA:157,4,0,5
BRDA:157,4,1,1
BRDA:162,5,0,1
BRDA:162,5,1,0
BRDA:169,6,0,3
BRDA:169,6,1,0
BRDA:177,7,0,1
BRDA:177,7,1,5
BRDA:182,8,0,5
BRDA:182,8,1,0
BRDA:188,9,0,1
BRDA:188,9,1,0
BRDA:192,10,0,1
BRDA:192,10,1,0
BRDA:197,11,0,1
BRDA:197,11,1,0
BRDA:201,12,0,1
BRDA:201,12,1,0
BRDA:209,13,0,1
BRDA:209,13,1,6
BRDA:215,14,0,5
BRDA:215,14,1,1
BRDA:235,15,0,6
BRDA:235,15,1,1
BRDA:244,16,0,2
BRDA:244,16,1,2
BRDA:244,17,0,4
BRDA:244,17,1,3
BRDA:255,18,0,1
BRDA:255,18,1,1
BRDA:287,19,0,2
BRDA:287,19,1,0
BRF:40
BRH:31
end_of_record
TN:
SF:hooks/useDiary.ts
FN:22,useDiary
FN:45,(anonymous_1)
FN:52,(anonymous_2)
FN:58,(anonymous_3)
FN:59,(anonymous_4)
FN:77,(anonymous_5)
FN:85,(anonymous_6)
FN:98,(anonymous_7)
FN:104,(anonymous_8)
FN:105,(anonymous_9)
FN:113,(anonymous_10)
FN:123,(anonymous_11)
FN:128,(anonymous_12)
FN:133,(anonymous_13)
FN:138,(anonymous_14)
FN:144,(anonymous_15)
FN:168,(anonymous_16)
FN:169,(anonymous_17)
FN:174,(anonymous_18)
FNF:19
FNH:19
FNDA:28,useDiary
FNDA:3,(anonymous_1)
FNDA:2,(anonymous_2)
FNDA:1,(anonymous_3)
FNDA:2,(anonymous_4)
FNDA:2,(anonymous_5)
FNDA:1,(anonymous_6)
FNDA:2,(anonymous_7)
FNDA:2,(anonymous_8)
FNDA:1,(anonymous_9)
FNDA:2,(anonymous_10)
FNDA:2,(anonymous_11)
FNDA:3,(anonymous_12)
FNDA:1,(anonymous_13)
FNDA:2,(anonymous_14)
FNDA:2,(anonymous_15)
FNDA:1,(anonymous_16)
FNDA:1,(anonymous_17)
FNDA:1,(anonymous_18)
DA:23,28
DA:24,28
DA:26,28
DA:27,28
DA:30,28
DA:33,28
DA:38,28
DA:43,28
DA:45,3
DA:51,28
DA:53,2
DA:58,1
DA:60,2
DA:61,2
DA:65,2
DA:75,2
DA:77,2
DA:80,2
DA:81,2
DA:83,2
DA:86,1
DA:87,1
DA:92,1
DA:99,2
DA:103,28
DA:104,2
DA:106,1
DA:110,0
DA:111,0
DA:114,2
DA:123,28
DA:124,2
DA:125,2
DA:128,28
DA:129,3
DA:130,3
DA:133,28
DA:134,1
DA:135,1
DA:138,28
DA:139,2
DA:144,28
DA:145,2
DA:148,28
DA:168,1
DA:170,1
DA:171,1
DA:175,1
DA:176,1
LF:49
LH:47
BRDA:30,0,0,28
BRDA:30,0,1,0
BRDA:36,1,0,17
BRDA:77,2,0,0
BRDA:86,3,0,1
BRDA:86,3,1,0
BRF:6
BRH:3
end_of_record
TN:
SF:hooks/useDiaryConversation.ts
FN:18,useDiaryConversation
FN:34,(anonymous_1)
FN:57,(anonymous_2)
FN:61,(anonymous_3)
FN:72,(anonymous_4)
FN:82,(anonymous_5)
FN:92,(anonymous_6)
FN:97,(anonymous_7)
FN:102,(anonymous_8)
FNF:9
FNH:9
FNDA:48,useDiaryConversation
FNDA:8,(anonymous_1)
FNDA:6,(anonymous_2)
FNDA:6,(anonymous_3)
FNDA:1,(anonymous_4)
FNDA:1,(anonymous_5)
FNDA:15,(anonymous_6)
FNDA:15,(anonymous_7)
FNDA:10,(anonymous_8)
DA:19,48
DA:20,48
DA:21,48
DA:22,48
DA:23,48
DA:26,48
DA:29,48
DA:33,48
DA:37,8
DA:54,6
DA:55,6
DA:58,6
DA:59,6
DA:61,6
DA:65,6
DA:66,1
DA:67,1
DA:69,5
DA:73,1
DA:82,48
DA:83,1
DA:84,1
DA:85,1
DA:86,1
DA:87,1
DA:88,1
DA:89,1
DA:92,48
DA:97,15
DA:99,15
DA:102,48
DA:103,10
DA:105,8
DA:108,8
DA:110,1
DA:111,1
DA:112,1
DA:114,7
DA:115,7
DA:118,8
DA:125,8
DA:126,8
DA:127,8
DA:128,8
DA:137,48
LF:45
LH:45
BRDA:54,0,0,0
BRDA:54,0,1,6
BRDA:58,1,0,6
BRDA:58,1,1,0
BRDA:65,2,0,1
BRDA:65,2,1,5
BRDA:69,3,0,5
BRDA:69,3,1,0
BRDA:103,4,0,2
BRDA:103,4,1,8
BRDA:103,5,0,10
BRDA:103,5,1,8
BRDA:108,6,0,1
BRDA:108,6,1,7
BRF:14
BRH:11
end_of_record
TN:
SF:hooks/useGlobalLoading.ts
FN:5,(anonymous_0)
FNF:1
FNH:1
FNDA:4,(anonymous_0)
DA:5,3
DA:8,4
DA:11,2
LF:3
LH:3
BRF:0
BRH:0
end_of_record
TN:
SF:hooks/useHomeScreen.ts
FN:17,(anonymous_0)
FN:19,(anonymous_1)
FN:29,(anonymous_2)
FN:30,(anonymous_3)
FN:38,(anonymous_4)
FN:52,(anonymous_5)
FN:54,(anonymous_6)
FN:84,(anonymous_7)
FN:91,(anonymous_8)
FN:97,(anonymous_9)
FN:106,(anonymous_10)
FN:108,(anonymous_11)
FN:113,(anonymous_12)
FN:125,(anonymous_13)
FN:135,(anonymous_14)
FN:167,(anonymous_15)
FNF:16
FNH:16
FNDA:3,(anonymous_0)
FNDA:41,(anonymous_1)
FNDA:41,(anonymous_2)
FNDA:41,(anonymous_3)
FNDA:29,(anonymous_4)
FNDA:29,(anonymous_5)
FNDA:17,(anonymous_6)
FNDA:7,(anonymous_7)
FNDA:3,(anonymous_8)
FNDA:3,(anonymous_9)
FNDA:4,(anonymous_10)
FNDA:2,(anonymous_11)
FNDA:1,(anonymous_12)
FNDA:2,(anonymous_13)
FNDA:5,(anonymous_14)
FNDA:1,(anonymous_15)
DA:17,3
DA:19,2
DA:20,41
DA:21,41
DA:22,41
DA:23,41
DA:24,41
DA:25,41
DA:29,41
DA:30,41
DA:31,41
DA:35,41
DA:38,41
DA:39,29
DA:41,1
DA:44,1
DA:47,1
DA:52,41
DA:53,29
DA:54,17
DA:55,17
DA:56,17
DA:68,17
DA:84,41
DA:85,7
DA:91,41
DA:93,3
DA:94,3
DA:97,41
DA:98,3
DA:99,1
DA:100,1
DA:102,2
DA:106,41
DA:108,41
DA:109,2
DA:110,2
DA:113,41
DA:116,41
DA:120,41
DA:121,41
DA:125,41
DA:126,2
DA:127,1
DA:128,1
DA:129,1
DA:135,41
DA:136,5
DA:138,4
DA:145,4
DA:146,1
DA:152,41
DA:168,1
LF:53
LH:53
BRDA:35,0,0,41
BRDA:35,0,1,40
BRDA:39,1,0,1
BRDA:39,1,1,28
BRDA:39,2,0,29
BRDA:39,2,1,2
BRDA:53,3,0,17
BRDA:53,3,1,12
BRDA:53,4,0,29
BRDA:53,4,1,27
BRDA:86,5,0,3
BRDA:86,5,1,4
BRDA:98,6,0,1
BRDA:98,6,1,2
BRDA:116,7,0,2
BRDA:116,7,1,39
BRDA:116,8,0,41
BRDA:116,8,1,39
BRDA:126,9,0,1
BRDA:126,9,1,1
BRDA:136,10,0,1
BRDA:136,10,1,4
BRDA:145,11,0,1
BRDA:145,11,1,3
BRF:24
BRH:24
end_of_record
TN:
SF:hooks/useProtectedRoute.ts
FN:7,(anonymous_0)
FN:19,(anonymous_1)
FNF:2
FNH:2
FNDA:15,(anonymous_0)
FNDA:15,(anonymous_1)
DA:7,3
DA:8,15
DA:14,15
DA:16,15
DA:17,15
DA:19,15
DA:20,15
DA:21,15
DA:22,2
DA:24,13
DA:27,13
DA:29,13
DA:30,6
DA:31,4
DA:33,6
DA:36,7
DA:37,2
LF:17
LH:17
BRDA:20,0,0,15
BRDA:20,0,1,14
BRDA:21,1,0,2
BRDA:21,1,1,13
BRDA:29,2,0,6
BRDA:29,2,1,7
BRDA:30,3,0,4
BRDA:30,3,1,2
BRDA:36,4,0,2
BRDA:36,4,1,5
BRDA:36,5,0,7
BRDA:36,5,1,7
BRDA:36,5,2,3
BRF:13
BRH:13
end_of_record
TN:
SF:hooks/useSettings.ts
FN:9,(anonymous_0)
FN:13,(anonymous_1)
FN:25,(anonymous_2)
FN:48,(anonymous_3)
FN:87,(anonymous_4)
FN:100,(anonymous_5)
FN:116,(anonymous_6)
FNF:7
FNH:7
FNDA:16,(anonymous_0)
FNDA:3,(anonymous_1)
FNDA:2,(anonymous_2)
FNDA:4,(anonymous_3)
FNDA:7,(anonymous_4)
FNDA:6,(anonymous_5)
FNDA:5,(anonymous_6)
DA:9,2
DA:10,16
DA:11,16
DA:13,16
DA:14,3
DA:26,2
DA:27,2
DA:28,1
DA:30,1
DA:33,1
DA:37,1
DA:48,16
DA:49,4
DA:50,4
DA:51,4
DA:54,2
DA:56,2
DA:60,2
DA:61,2
DA:63,2
DA:64,2
DA:66,2
DA:67,2
DA:68,1
DA:70,1
DA:74,0
DA:78,2
DA:83,4
DA:87,16
DA:88,7
DA:89,7
DA:101,6
DA:117,5
DA:121,1
DA:129,1
DA:131,4
DA:143,16
LF:37
LH:36
BRDA:30,0,0,1
BRDA:30,0,1,0
BRDA:54,1,0,0
BRDA:54,1,1,2
BRDA:66,2,0,2
BRDA:66,2,1,0
BRDA:67,3,0,1
BRDA:67,3,1,1
BRDA:70,4,0,0
BRDA:70,4,1,1
BRDA:71,5,0,1
BRDA:71,5,1,0
BRDA:117,6,0,1
BRDA:117,6,1,4
BRF:14
BRH:9
end_of_record
TN:
SF:hooks/useSubscription.ts
FN:24,useSubscriptionPlans
FN:34,useSubscription
FN:55,useUsageStats
FN:65,useFeatureAccess
FN:81,useUpdateSubscription
FN:85,(anonymous_5)
FN:86,(anonymous_6)
FN:90,(anonymous_7)
FNF:8
FNH:8
FNDA:4,useSubscriptionPlans
FNDA:7,useSubscription
FNDA:13,useUsageStats
FNDA:7,useFeatureAccess
FNDA:5,useUpdateSubscription
FNDA:4,(anonymous_5)
FNDA:3,(anonymous_6)
FNDA:1,(anonymous_7)
DA:15,9
DA:25,4
DA:35,7
DA:40,7
DA:41,7
DA:43,7
DA:56,13
DA:66,7
DA:68,7
DA:75,7
DA:82,5
DA:84,5
DA:85,4
DA:87,3
DA:88,3
DA:91,1
DA:92,1
LF:17
LH:17
BRDA:41,0,0,7
BRDA:41,0,1,6
BRDA:68,1,0,7
BRDA:68,1,1,6
BRF:4
BRH:4
end_of_record
TN:
SF:hooks/useTextSessionReducer.ts
FN:98,textSessionReducer
FN:121,(anonymous_1)
FN:131,(anonymous_2)
FN:301,useTextSessionReducer
FN:311,(anonymous_4)
FN:312,(anonymous_5)
FN:326,(anonymous_6)
FN:332,(anonymous_7)
FN:403,(anonymous_8)
FN:408,(anonymous_9)
FN:435,(anonymous_10)
FN:482,(anonymous_11)
FN:488,(anonymous_12)
FN:629,(anonymous_13)
FN:631,(anonymous_14)
FN:653,(anonymous_15)
FN:657,(anonymous_16)
FN:662,(anonymous_17)
FN:667,(anonymous_18)
FNF:19
FNH:19
FNDA:340,textSessionReducer
FNDA:25,(anonymous_1)
FNDA:5,(anonymous_2)
FNDA:160,useTextSessionReducer
FNDA:41,(anonymous_4)
FNDA:41,(anonymous_5)
FNDA:8,(anonymous_6)
FNDA:8,(anonymous_7)
FNDA:23,(anonymous_8)
FNDA:22,(anonymous_9)
FNDA:28,(anonymous_10)
FNDA:19,(anonymous_11)
FNDA:17,(anonymous_12)
FNDA:7,(anonymous_13)
FNDA:4,(anonymous_14)
FNDA:1,(anonymous_15)
FNDA:1,(anonymous_16)
FNDA:100,(anonymous_17)
FNDA:100,(anonymous_18)
DA:82,3
DA:102,340
DA:104,46
DA:107,25
DA:108,25
DA:119,19
DA:122,25
DA:129,5
DA:132,5
DA:140,2
DA:147,2
DA:154,50
DA:157,1
DA:160,2
DA:163,2
DA:166,79
DA:169,1
DA:180,29
DA:188,1
DA:194,1
DA:202,9
DA:209,5
DA:218,2
DA:219,1
DA:222,1
DA:231,19
DA:246,1
DA:254,19
DA:261,14
DA:268,6
DA:276,1
DA:308,160
DA:311,160
DA:312,41
DA:313,41
DA:316,41
DA:317,10
DA:318,10
DA:319,8
DA:326,8
DA:331,8
DA:333,8
DA:341,8
DA:345,8
DA:347,2
DA:352,31
DA:353,3
DA:354,3
DA:356,3
DA:373,2
DA:375,1
DA:379,1
DA:381,2
DA:386,3
DA:390,28
DA:391,28
DA:394,41
DA:395,1
DA:399,41
DA:403,160
DA:404,23
DA:408,160
DA:409,22
DA:412,22
DA:416,22
DA:419,22
DA:427,22
DA:428,22
DA:429,22
DA:433,22
DA:435,28
DA:440,22
DA:443,22
DA:448,22
DA:461,21
DA:463,3
DA:467,18
DA:468,18
DA:470,4
DA:472,4
DA:477,22
DA:482,160
DA:483,19
DA:485,18
DA:487,18
DA:488,18
DA:489,17
DA:491,18
DA:494,17
DA:495,17
DA:496,3
DA:500,14
DA:501,14
DA:503,7
DA:510,7
DA:513,6
DA:518,6
DA:519,6
DA:528,6
DA:533,7
DA:543,7
DA:546,6
DA:555,6
DA:556,6
DA:561,12
DA:563,12
DA:573,10
DA:574,2
DA:576,8
DA:578,4
DA:582,12
DA:583,12
DA:584,4
DA:593,2
DA:594,2
DA:601,2
DA:605,12
DA:606,12
DA:607,12
DA:610,1
DA:611,1
DA:613,5
DA:614,5
DA:618,5
DA:629,160
DA:630,7
DA:631,6
DA:632,6
DA:634,2
DA:637,4
DA:649,4
DA:653,160
DA:654,1
DA:657,160
DA:658,1
DA:662,160
DA:663,100
DA:667,100
DA:668,100
DA:672,160
LF:140
LH:140
BRDA:102,0,0,46
BRDA:102,0,1,25
BRDA:102,0,2,19
BRDA:102,0,3,5
BRDA:102,0,4,2
BRDA:102,0,5,2
BRDA:102,0,6,50
BRDA:102,0,7,1
BRDA:102,0,8,2
BRDA:102,0,9,2
BRDA:102,0,10,79
BRDA:102,0,11,1
BRDA:102,0,12,29
BRDA:102,0,13,1
BRDA:102,0,14,9
BRDA:102,0,15,5
BRDA:102,0,16,2
BRDA:102,0,17,19
BRDA:102,0,18,1
BRDA:102,0,19,19
BRDA:102,0,20,14
BRDA:102,0,21,6
BRDA:102,0,22,1
BRDA:111,1,0,23
BRDA:111,1,1,2
BRDA:122,2,0,19
BRDA:122,2,1,6
BRDA:132,3,0,5
BRDA:132,3,1,0
BRDA:218,4,0,1
BRDA:218,4,1,1
BRDA:241,5,0,19
BRDA:241,5,1,18
BRDA:316,6,0,10
BRDA:316,6,1,31
BRDA:319,7,0,8
BRDA:319,7,1,0
BRDA:334,8,0,8
BRDA:334,8,1,0
BRDA:352,9,0,3
BRDA:352,9,1,28
BRDA:373,10,0,1
BRDA:373,10,1,1
BRDA:394,11,0,1
BRDA:394,11,1,40
BRDA:412,12,0,0
BRDA:412,12,1,22
BRDA:412,13,0,22
BRDA:412,13,1,22
BRDA:461,14,0,3
BRDA:461,14,1,18
BRDA:483,15,0,1
BRDA:483,15,1,18
BRDA:491,16,0,17
BRDA:491,16,1,1
BRDA:495,17,0,3
BRDA:495,17,1,14
BRDA:501,18,0,7
BRDA:501,18,1,7
BRDA:507,19,0,7
BRDA:507,19,1,7
BRDA:510,20,0,1
BRDA:510,20,1,6
BRDA:518,21,0,6
BRDA:518,21,1,0
BRDA:528,22,0,6
BRDA:528,22,1,2
BRDA:539,23,0,7
BRDA:539,23,1,7
BRDA:543,24,0,1
BRDA:543,24,1,6
BRDA:555,25,0,0
BRDA:555,25,1,6
BRDA:570,26,0,12
BRDA:570,26,1,12
BRDA:573,27,0,2
BRDA:573,27,1,8
BRDA:576,28,0,8
BRDA:576,28,1,3
BRDA:583,29,0,4
BRDA:583,29,1,8
BRDA:583,30,0,12
BRDA:583,30,1,5
BRDA:583,30,2,5
BRDA:593,31,0,2
BRDA:593,31,1,0
BRDA:630,32,0,1
BRDA:630,32,1,6
BRDA:632,33,0,2
BRDA:632,33,1,4
BRF:90
BRH:83
end_of_record
TN:
SF:hooks/useThemeColor.ts
FN:7,useThemeColor
FNF:1
FNH:1
FNDA:9,useThemeColor
DA:11,9
DA:12,9
DA:14,9
DA:15,2
DA:17,7
LF:5
LH:5
BRDA:11,0,0,9
BRDA:11,0,1,1
BRDA:14,1,0,2
BRDA:14,1,1,7
BRF:4
BRH:4
end_of_record
TN:
SF:hooks/useTranscripts.ts
FN:60,transcriptsReducer
FN:110,(anonymous_1)
FN:117,(anonymous_2)
FN:135,useTranscripts
FN:142,(anonymous_4)
FN:144,(anonymous_5)
FN:152,(anonymous_6)
FN:157,(anonymous_7)
FN:158,(anonymous_8)
FN:165,(anonymous_9)
FN:166,(anonymous_10)
FN:180,(anonymous_11)
FN:186,(anonymous_12)
FN:188,(anonymous_13)
FN:195,(anonymous_14)
FN:201,(anonymous_15)
FN:209,(anonymous_16)
FN:225,(anonymous_17)
FN:227,(anonymous_18)
FN:248,(anonymous_19)
FN:273,(anonymous_20)
FN:277,(anonymous_21)
FN:281,(anonymous_22)
FN:285,(anonymous_23)
FN:286,(anonymous_24)
FN:287,(anonymous_25)
FNF:26
FNH:24
FNDA:34,transcriptsReducer
FNDA:2,(anonymous_1)
FNDA:0,(anonymous_2)
FNDA:50,useTranscripts
FNDA:0,(anonymous_4)
FNDA:1,(anonymous_5)
FNDA:1,(anonymous_6)
FNDA:14,(anonymous_7)
FNDA:14,(anonymous_8)
FNDA:18,(anonymous_9)
FNDA:3,(anonymous_10)
FNDA:18,(anonymous_11)
FNDA:17,(anonymous_12)
FNDA:7,(anonymous_13)
FNDA:2,(anonymous_14)
FNDA:16,(anonymous_15)
FNDA:7,(anonymous_16)
FNDA:16,(anonymous_17)
FNDA:10,(anonymous_18)
FNDA:16,(anonymous_19)
FNDA:33,(anonymous_20)
FNDA:2,(anonymous_21)
FNDA:1,(anonymous_22)
FNDA:2,(anonymous_23)
FNDA:2,(anonymous_24)
FNDA:2,(anonymous_25)
DA:51,4
DA:64,34
DA:66,0
DA:69,1
DA:72,0
DA:75,0
DA:78,14
DA:85,11
DA:93,3
DA:100,2
DA:107,2
DA:110,2
DA:116,1
DA:118,0
DA:121,1
DA:128,0
DA:131,0
DA:136,50
DA:137,50
DA:138,50
DA:139,50
DA:142,50
DA:143,50
DA:145,1
DA:146,1
DA:147,1
DA:151,50
DA:152,1
DA:156,50
DA:158,14
DA:159,14
DA:160,14
DA:161,14
DA:164,12
DA:165,18
DA:167,3
DA:170,12
DA:171,12
DA:172,12
DA:174,8
DA:175,8
DA:176,7
DA:177,7
DA:180,12
DA:181,18
DA:185,12
DA:186,17
DA:188,12
DA:189,12
DA:194,11
DA:196,2
DA:201,11
DA:203,16
DA:206,16
DA:207,10
DA:208,10
DA:210,7
DA:212,10
DA:213,5
DA:217,16
DA:224,11
DA:225,16
DA:227,11
DA:228,10
DA:229,5
DA:234,5
DA:235,5
DA:239,4
DA:241,1
DA:244,11
DA:245,11
DA:246,11
DA:248,11
DA:249,16
DA:250,10
DA:251,10
DA:252,6
DA:257,10
DA:260,11
DA:265,3
DA:266,3
DA:269,14
DA:273,50
DA:274,33
DA:277,50
DA:278,2
DA:281,50
DA:282,1
DA:285,50
DA:286,2
DA:287,2
DA:288,2
DA:290,2
DA:293,2
DA:295,2
DA:296,2
DA:303,1
DA:305,1
DA:309,1
DA:313,1
DA:319,2
DA:322,50
LF:102
LH:96
BRDA:64,0,0,0
BRDA:64,0,1,1
BRDA:64,0,2,0
BRDA:64,0,3,0
BRDA:64,0,4,14
BRDA:64,0,5,11
BRDA:64,0,6,3
BRDA:64,0,7,2
BRDA:64,0,8,2
BRDA:64,0,9,1
BRDA:64,0,10,0
BRDA:64,0,11,0
BRDA:145,1,0,1
BRDA:145,1,1,0
BRDA:146,2,0,1
BRDA:146,2,1,0
BRDA:175,3,0,7
BRDA:175,3,1,1
BRDA:181,4,0,18
BRDA:181,4,1,8
BRDA:203,5,0,16
BRDA:203,5,1,11
BRDA:206,6,0,10
BRDA:206,6,1,6
BRDA:206,7,0,16
BRDA:206,7,1,10
BRDA:212,8,0,5
BRDA:212,8,1,5
BRDA:213,9,0,5
BRDA:213,9,1,0
BRDA:228,10,0,5
BRDA:228,10,1,5
BRDA:228,11,0,10
BRDA:228,11,1,5
BRDA:239,12,0,4
BRDA:239,12,1,3
BRDA:249,13,0,10
BRDA:249,13,1,6
BRDA:251,14,0,6
BRDA:251,14,1,4
BRDA:251,15,0,10
BRDA:251,15,1,6
BRDA:290,16,0,0
BRDA:290,16,1,2
BRDA:303,17,0,0
BRDA:303,17,1,1
BRF:46
BRH:36
end_of_record
TN:
SF:hooks/useVault.ts
FN:14,(anonymous_0)
FN:27,(anonymous_1)
FN:31,(anonymous_2)
FN:34,(anonymous_3)
FN:51,(anonymous_4)
FN:63,(anonymous_5)
FNF:6
FNH:6
FNDA:8,(anonymous_0)
FNDA:6,(anonymous_1)
FNDA:6,(anonymous_2)
FNDA:6,(anonymous_3)
FNDA:1,(anonymous_4)
FNDA:6,(anonymous_5)
DA:9,8
DA:14,8
DA:15,8
DA:27,8
DA:28,6
DA:30,6
DA:31,6
DA:36,6
DA:39,6
DA:44,6
DA:47,6
DA:52,1
DA:53,1
DA:54,1
DA:64,6
LF:15
LH:15
BRDA:52,0,0,1
BRDA:52,0,1,0
BRF:2
BRH:1
end_of_record
TN:
SF:hooks/useVoice.ts
FN:16,(anonymous_0)
FN:45,(anonymous_1)
FN:68,(anonymous_2)
FN:91,(anonymous_3)
FN:106,(anonymous_4)
FNF:5
FNH:5
FNDA:32,(anonymous_0)
FNDA:10,(anonymous_1)
FNDA:7,(anonymous_2)
FNDA:5,(anonymous_3)
FNDA:2,(anonymous_4)
DA:16,4
DA:20,32
DA:21,32
DA:24,32
DA:43,32
DA:45,32
DA:46,10
DA:47,10
DA:48,10
DA:49,10
DA:50,1
DA:51,1
DA:54,9
DA:59,9
DA:60,8
DA:61,8
DA:62,8
DA:64,1
DA:68,32
DA:69,7
DA:70,7
DA:71,7
DA:72,7
DA:74,7
DA:75,7
DA:76,7
DA:78,7
DA:79,6
DA:80,5
DA:83,1
DA:85,7
DA:86,7
DA:90,32
DA:92,5
DA:93,5
DA:98,5
DA:100,4
DA:101,4
DA:104,4
DA:107,2
DA:108,2
DA:109,1
DA:114,4
DA:116,1
DA:117,1
DA:123,32
LF:46
LH:46
BRDA:16,0,0,14
BRDA:49,1,0,1
BRDA:49,1,1,9
BRDA:78,2,0,6
BRDA:78,2,1,1
BRDA:108,3,0,1
BRDA:108,3,1,1
BRF:7
BRH:7
end_of_record
TN:
SF:hooks/useVoiceSessionReducer.ts
FN:55,voiceSessionReducer
FN:108,useVoiceSessionReducer
FN:114,(anonymous_2)
FN:117,(anonymous_3)
FN:126,(anonymous_4)
FN:131,(anonymous_5)
FN:159,(anonymous_6)
FN:182,(anonymous_7)
FN:187,(anonymous_8)
FN:193,(anonymous_9)
FN:202,(anonymous_10)
FN:208,(anonymous_11)
FN:226,(anonymous_12)
FN:243,(anonymous_13)
FN:248,(anonymous_14)
FNF:15
FNH:15
FNDA:112,voiceSessionReducer
FNDA:119,useVoiceSessionReducer
FNDA:22,(anonymous_2)
FNDA:4,(anonymous_3)
FNDA:118,(anonymous_4)
FNDA:20,(anonymous_5)
FNDA:118,(anonymous_6)
FNDA:24,(anonymous_7)
FNDA:22,(anonymous_8)
FNDA:6,(anonymous_9)
FNDA:8,(anonymous_10)
FNDA:8,(anonymous_11)
FNDA:3,(anonymous_12)
FNDA:64,(anonymous_13)
FNDA:64,(anonymous_14)
DA:48,3
DA:59,112
DA:61,24
DA:63,22
DA:65,22
DA:66,1
DA:68,21
DA:73,21
DA:76,20
DA:78,16
DA:84,16
DA:92,4
DA:95,4
DA:97,0
DA:99,0
DA:111,119
DA:113,119
DA:115,22
DA:118,4
DA:126,119
DA:129,118
DA:130,118
DA:131,20
DA:132,20
DA:133,20
DA:134,20
DA:141,19
DA:142,17
DA:143,1
DA:146,16
DA:148,4
DA:154,20
DA:159,119
DA:160,118
DA:165,118
DA:170,0
DA:182,119
DA:183,24
DA:184,24
DA:187,119
DA:188,22
DA:189,22
DA:193,119
DA:194,6
DA:195,5
DA:196,5
DA:197,5
DA:198,4
DA:202,8
DA:209,8
DA:214,4
DA:219,1
DA:222,6
DA:226,119
DA:227,3
DA:239,3
DA:243,119
DA:244,64
DA:248,64
DA:252,119
LF:60
LH:57
BRDA:59,0,0,24
BRDA:59,0,1,22
BRDA:59,0,2,22
BRDA:59,0,3,20
BRDA:59,0,4,16
BRDA:59,0,5,4
BRDA:59,0,6,4
BRDA:59,0,7,0
BRDA:59,0,8,0
BRDA:65,1,0,1
BRDA:65,1,1,21
BRDA:82,2,0,16
BRDA:82,2,1,15
BRDA:95,3,0,1
BRDA:95,3,1,3
BRDA:130,4,0,20
BRDA:130,4,1,98
BRDA:130,5,0,118
BRDA:130,5,1,41
BRDA:141,6,0,2
BRDA:141,6,1,17
BRDA:142,7,0,1
BRDA:142,7,1,16
BRDA:165,8,0,0
BRDA:165,8,1,118
BRDA:166,9,0,118
BRDA:166,9,1,17
BRDA:166,9,2,16
BRDA:194,10,0,5
BRDA:194,10,1,1
BRDA:197,11,0,4
BRDA:197,11,1,1
BRF:32
BRH:29
end_of_record
TN:
SF:schemas/diary.schema.ts
FN:7,(anonymous_0)
FN:18,(anonymous_1)
FN:21,(anonymous_2)
FNF:3
FNH:3
FNDA:10,(anonymous_0)
FNDA:15,(anonymous_1)
FNDA:14,(anonymous_2)
DA:4,12
DA:9,10
DA:13,12
DA:17,12
DA:18,15
DA:23,14
DA:30,12
LF:7
LH:7
BRDA:9,0,0,2
BRDA:9,0,1,8
BRDA:23,1,0,2
BRDA:23,1,1,12
BRF:4
BRH:4
end_of_record
TN:
SF:services/api.service.ts
FN:21,apiCall
FN:33,(anonymous_1)
FN:53,logEvent
FN:59,updateUserVault
FN:64,getAllPlans
FN:69,getLatestAnalysisReport
FN:70,(anonymous_6)
FN:90,triggerBehavioralAnalysis
FN:91,(anonymous_8)
FN:110,generateOnboardingInsight
FN:115,(anonymous_10)
FNF:11
FNH:11
FNDA:19,apiCall
FNDA:4,(anonymous_1)
FNDA:2,logEvent
FNDA:2,updateUserVault
FNDA:1,getAllPlans
FNDA:4,getLatestAnalysisReport
FNDA:4,(anonymous_6)
FNDA:3,triggerBehavioralAnalysis
FNDA:3,(anonymous_8)
FNDA:4,generateOnboardingInsight
FNDA:4,(anonymous_10)
DA:24,19
DA:25,19
DA:26,12
DA:28,7
DA:29,7
DA:33,7
DA:36,4
DA:37,4
DA:39,3
DA:45,3
DA:46,1
DA:56,2
DA:60,2
DA:65,1
DA:70,4
DA:71,4
DA:72,4
DA:74,3
DA:82,3
DA:83,2
DA:86,4
DA:91,3
DA:92,3
DA:99,3
DA:100,1
DA:103,2
DA:106,3
DA:115,4
DA:116,4
DA:128,4
DA:131,3
DA:138,4
LF:32
LH:32
BRDA:37,0,0,1
BRDA:37,0,1,3
BRDA:45,1,0,1
BRDA:45,1,1,2
BRDA:72,2,0,1
BRDA:72,2,1,3
BRDA:82,3,0,1
BRDA:82,3,1,2
BRDA:83,4,0,2
BRDA:83,4,1,1
BRDA:99,5,0,1
BRDA:99,5,1,2
BRDA:128,6,0,1
BRDA:128,6,1,3
BRDA:131,7,0,1
BRDA:131,7,1,2
BRF:16
BRH:16
end_of_record
TN:
SF:services/event.service.ts
FN:58,logEvent
FN:81,(anonymous_1)
FN:82,(anonymous_2)
FN:120,(anonymous_3)
FN:140,getDreamEvents
FN:165,deleteEventById
FN:179,updateEventData
FN:200,canUserAnalyzeDream
FN:207,canUserWriteNewDiary
FN:238,getSessionEventsForUser
FN:263,getDiaryEventsForUser
FN:285,getAIAnalysisEvents
FN:310,getOldestEventDate
FN:337,getEventById
FN:372,getEventsForLast
FN:396,getSessionSummariesForEventIds
FN:421,getSummaryForSessionEvent
FNF:17
FNH:17
FNDA:6,logEvent
FNDA:1,(anonymous_1)
FNDA:31,(anonymous_2)
FNDA:1,(anonymous_3)
FNDA:3,getDreamEvents
FNDA:3,deleteEventById
FNDA:2,updateEventData
FNDA:1,canUserAnalyzeDream
FNDA:4,canUserWriteNewDiary
FNDA:2,getSessionEventsForUser
FNDA:3,getDiaryEventsForUser
FNDA:2,getAIAnalysisEvents
FNDA:3,getOldestEventDate
FNDA:3,getEventById
FNDA:2,getEventsForLast
FNDA:3,getSessionSummariesForEventIds
FNDA:8,getSummaryForSessionEvent
DA:12,11
DA:61,6
DA:62,6
DA:65,6
DA:66,1
DA:67,1
DA:69,1
DA:72,5
DA:73,5
DA:77,5
DA:78,4
DA:81,4
DA:82,1
DA:83,31
DA:84,31
DA:85,31
DA:87,4
DA:98,4
DA:103,4
DA:104,3
DA:110,3
DA:121,1
DA:132,4
DA:134,1
DA:135,1
DA:143,3
DA:144,3
DA:146,3
DA:147,3
DA:149,2
DA:157,2
DA:158,1
DA:159,1
DA:162,1
DA:166,3
DA:167,3
DA:168,3
DA:169,2
DA:171,2
DA:172,1
DA:174,2
DA:175,2
DA:183,2
DA:184,2
DA:185,2
DA:186,1
DA:188,1
DA:189,1
DA:190,1
DA:195,1
DA:196,1
DA:204,1
DA:210,4
DA:211,4
DA:212,4
DA:214,3
DA:215,2
DA:216,0
DA:219,2
DA:220,2
DA:221,1
DA:223,1
DA:230,2
DA:234,2
DA:239,2
DA:240,2
DA:241,2
DA:242,1
DA:244,1
DA:251,1
DA:252,1
DA:254,1
DA:258,1
DA:264,3
DA:265,3
DA:266,3
DA:267,1
DA:270,2
DA:277,2
DA:278,2
DA:280,2
DA:281,2
DA:286,2
DA:287,2
DA:288,2
DA:289,1
DA:293,1
DA:299,1
DA:300,1
DA:302,1
DA:306,1
DA:311,3
DA:312,3
DA:313,3
DA:314,1
DA:318,2
DA:326,2
DA:327,2
DA:329,1
DA:333,1
DA:338,3
DA:339,3
DA:340,3
DA:342,2
DA:349,2
DA:350,1
DA:351,0
DA:353,1
DA:355,1
DA:359,1
DA:373,2
DA:374,2
DA:377,1
DA:378,1
DA:380,1
DA:387,1
DA:388,0
DA:389,0
DA:392,1
DA:399,3
DA:400,2
DA:401,2
DA:404,1
DA:411,1
DA:413,1
DA:414,1
DA:415,2
DA:417,1
DA:425,8
DA:426,8
DA:429,7
DA:430,7
DA:431,2
DA:437,2
DA:438,0
DA:440,2
DA:444,7
DA:452,7
DA:453,1
DA:455,7
DA:458,5
DA:459,4
DA:468,4
DA:469,1
DA:471,4
DA:472,1
DA:480,1
DA:481,0
DA:486,1
DA:491,3
DA:494,3
DA:504,3
DA:505,1
DA:507,3
DA:510,3
LF:155
LH:149
BRDA:65,0,0,1
BRDA:65,0,1,5
BRDA:66,1,0,1
BRDA:66,1,1,0
BRDA:67,2,0,1
BRDA:67,2,1,0
BRDA:77,3,0,1
BRDA:77,3,1,4
BRDA:78,4,0,4
BRDA:78,4,1,0
BRDA:84,5,0,30
BRDA:84,5,1,1
BRDA:87,6,0,3
BRDA:87,6,1,1
BRDA:87,7,0,4
BRDA:87,7,1,3
BRDA:98,8,0,4
BRDA:98,8,1,1
BRDA:103,9,0,3
BRDA:103,9,1,1
BRDA:103,10,0,4
BRDA:103,10,1,3
BRDA:144,11,0,3
BRDA:144,11,1,3
BRDA:147,12,0,1
BRDA:147,12,1,2
BRDA:157,13,0,1
BRDA:157,13,1,1
BRDA:162,14,0,1
BRDA:162,14,1,0
BRDA:168,15,0,1
BRDA:168,15,1,2
BRDA:171,16,0,1
BRDA:171,16,1,1
BRDA:172,17,0,1
BRDA:172,17,1,0
BRDA:185,18,0,1
BRDA:185,18,1,1
BRDA:188,19,0,0
BRDA:188,19,1,1
BRDA:189,20,0,1
BRDA:189,20,1,0
BRDA:212,21,0,1
BRDA:212,21,1,3
BRDA:215,22,0,0
BRDA:215,22,1,2
BRDA:220,23,0,1
BRDA:220,23,1,1
BRDA:241,24,0,1
BRDA:241,24,1,1
BRDA:251,25,0,0
BRDA:251,25,1,1
BRDA:252,26,0,1
BRDA:252,26,1,0
BRDA:266,27,0,1
BRDA:266,27,1,2
BRDA:277,28,0,0
BRDA:277,28,1,2
BRDA:278,29,0,2
BRDA:278,29,1,0
BRDA:288,30,0,1
BRDA:288,30,1,1
BRDA:299,31,0,0
BRDA:299,31,1,1
BRDA:300,32,0,1
BRDA:300,32,1,0
BRDA:313,33,0,1
BRDA:313,33,1,2
BRDA:326,34,0,0
BRDA:326,34,1,2
BRDA:326,35,0,2
BRDA:326,35,1,1
BRDA:327,36,0,1
BRDA:327,36,1,1
BRDA:340,37,0,1
BRDA:340,37,1,2
BRDA:349,38,0,1
BRDA:349,38,1,1
BRDA:350,39,0,1
BRDA:350,39,1,0
BRDA:374,40,0,1
BRDA:374,40,1,1
BRDA:387,41,0,0
BRDA:387,41,1,1
BRDA:392,42,0,1
BRDA:392,42,1,0
BRDA:399,43,0,1
BRDA:399,43,1,2
BRDA:401,44,0,1
BRDA:401,44,1,1
BRDA:411,45,0,0
BRDA:411,45,1,1
BRDA:411,46,0,1
BRDA:411,46,1,1
BRDA:426,47,0,1
BRDA:426,47,1,7
BRDA:429,48,0,7
BRDA:429,48,1,2
BRDA:430,49,0,2
BRDA:430,49,1,5
BRDA:437,50,0,0
BRDA:437,50,1,2
BRDA:440,51,0,2
BRDA:440,51,1,2
BRDA:452,52,0,1
BRDA:452,52,1,6
BRDA:455,53,0,2
BRDA:455,53,1,5
BRDA:458,54,0,4
BRDA:458,54,1,1
BRDA:468,55,0,1
BRDA:468,55,1,3
BRDA:471,56,0,1
BRDA:471,56,1,3
BRDA:480,57,0,0
BRDA:480,57,1,1
BRDA:486,58,0,1
BRDA:486,58,1,0
BRDA:504,59,0,1
BRDA:504,59,1,2
BRDA:507,60,0,1
BRDA:507,60,1,2
BRF:122
BRH:100
end_of_record
TN:
SF:services/prompt.service.ts
FN:13,buildSilentOraclePrompt
FN:96,generateSilentOracle
FN:152,getActivePrompt
FNF:3
FNH:3
FNDA:14,buildSilentOraclePrompt
FNDA:8,generateSilentOracle
FNDA:10,getActivePrompt
DA:17,14
DA:19,14
DA:91,14
DA:100,8
DA:101,8
DA:114,8
DA:115,7
DA:118,7
DA:119,7
DA:120,3
DA:130,4
DA:150,1
DA:153,10
DA:154,10
DA:155,2
DA:158,8
DA:162,8
DA:163,3
DA:164,3
DA:167,5
DA:168,5
DA:173,5
DA:175,5
LF:23
LH:23
BRDA:17,0,0,11
BRDA:17,0,1,3
BRDA:114,1,0,1
BRDA:114,1,1,7
BRDA:121,2,0,3
BRDA:121,2,1,0
BRDA:122,3,0,2
BRDA:122,3,1,1
BRDA:125,4,0,2
BRDA:125,4,1,1
BRDA:154,5,0,2
BRDA:154,5,1,8
BRDA:162,6,0,3
BRDA:162,6,1,5
BRDA:162,7,0,8
BRDA:162,7,1,7
BRDA:170,8,0,5
BRDA:170,8,1,1
BRF:18
BRH:17
end_of_record
TN:
SF:services/report.service.ts
FN:20,getLatestUserReport
FN:44,markReportAsRead
FNF:2
FNH:2
FNDA:4,getLatestUserReport
FNDA:2,markReportAsRead
DA:21,4
DA:22,4
DA:24,3
DA:32,3
DA:33,1
DA:34,1
DA:37,2
DA:45,2
DA:50,2
DA:51,1
DA:54,1
LF:11
LH:11
BRDA:22,0,0,1
BRDA:22,0,1,3
BRDA:32,1,0,1
BRDA:32,1,1,2
BRDA:50,2,0,1
BRDA:50,2,1,1
BRF:6
BRH:6
end_of_record
TN:
SF:services/subscription.service.ts
FN:49,getAllPlans
FN:58,(anonymous_1)
FN:68,getCurrentSubscription
FN:94,getUsageStats
FN:99,(anonymous_4)
FN:135,updateUserPlan
FNF:6
FNH:6
FNDA:2,getAllPlans
FNDA:2,(anonymous_1)
FNDA:3,getCurrentSubscription
FNDA:3,getUsageStats
FNDA:12,(anonymous_4)
FNDA:3,updateUserPlan
DA:30,19
DA:50,2
DA:53,2
DA:54,1
DA:55,1
DA:58,2
DA:71,3
DA:72,3
DA:75,2
DA:82,2
DA:83,1
DA:84,1
DA:87,1
DA:95,3
DA:96,3
DA:98,2
DA:99,2
DA:100,12
DA:106,2
DA:108,2
DA:109,12
DA:110,12
DA:111,12
DA:112,1
DA:117,1
DA:124,11
DA:128,2
DA:138,3
DA:139,3
DA:141,2
DA:146,2
DA:147,1
DA:148,1
DA:151,1
LF:34
LH:34
BRDA:53,0,0,1
BRDA:53,0,1,1
BRDA:72,1,0,1
BRDA:72,1,1,2
BRDA:82,2,0,1
BRDA:82,2,1,1
BRDA:96,3,0,1
BRDA:96,3,1,2
BRDA:111,4,0,1
BRDA:111,4,1,11
BRDA:111,5,0,12
BRDA:111,5,1,11
BRDA:139,6,0,1
BRDA:139,6,1,2
BRDA:146,7,0,1
BRDA:146,7,1,1
BRF:16
BRH:16
end_of_record
TN:
SF:services/vault.service.ts
FN:45,getUserVault
FN:95,updateUserVault
FNF:2
FNH:2
FNDA:7,getUserVault
FNDA:9,updateUserVault
DA:46,7
DA:47,7
DA:48,7
DA:51,7
DA:59,7
DA:62,6
DA:65,6
DA:68,6
DA:69,4
DA:70,4
DA:73,6
DA:74,3
DA:75,3
DA:78,6
DA:79,2
DA:80,2
DA:83,6
DA:84,2
DA:85,2
DA:88,6
DA:90,1
DA:91,1
DA:96,9
DA:97,9
DA:98,9
DA:101,8
DA:108,8
DA:109,4
DA:112,8
DA:113,1
DA:117,8
DA:118,3
DA:121,8
DA:122,2
DA:127,8
DA:131,8
DA:132,7
DA:134,1
DA:135,1
LF:39
LH:39
BRDA:48,0,0,0
BRDA:48,0,1,7
BRDA:59,1,0,1
BRDA:59,1,1,6
BRDA:59,2,0,7
BRDA:59,2,1,1
BRDA:62,3,0,0
BRDA:62,3,1,6
BRDA:65,4,0,6
BRDA:65,4,1,2
BRDA:68,5,0,4
BRDA:68,5,1,2
BRDA:69,6,0,4
BRDA:69,6,1,2
BRDA:73,7,0,3
BRDA:73,7,1,3
BRDA:74,8,0,3
BRDA:74,8,1,0
BRDA:78,9,0,2
BRDA:78,9,1,4
BRDA:79,10,0,2
BRDA:79,10,1,1
BRDA:83,11,0,2
BRDA:83,11,1,4
BRDA:84,12,0,2
BRDA:84,12,1,0
BRDA:98,13,0,1
BRDA:98,13,1,8
BRDA:108,14,0,4
BRDA:108,14,1,4
BRDA:112,15,0,1
BRDA:112,15,1,7
BRDA:117,16,0,3
BRDA:117,16,1,5
BRDA:121,17,0,2
BRDA:121,17,1,6
BRDA:131,18,0,1
BRDA:131,18,1,7
BRDA:132,19,0,7
BRDA:132,19,1,0
BRF:40
BRH:35
end_of_record
TN:
SF:services/__tests__/supabase.mock.ts
FN:43,(anonymous_0)
FNF:1
FNH:1
FNDA:52,(anonymous_0)
DA:43,5
DA:47,52
DA:48,52
LF:3
LH:3
BRF:0
BRH:0
end_of_record
TN:
SF:store/onboardingStore.ts
FN:44,(anonymous_0)
FN:58,(anonymous_1)
FN:59,(anonymous_2)
FN:73,(anonymous_3)
FN:74,(anonymous_4)
FN:75,(anonymous_5)
FN:76,(anonymous_6)
FN:77,(anonymous_7)
FN:78,(anonymous_8)
FN:79,(anonymous_9)
FN:80,(anonymous_10)
FN:81,(anonymous_11)
FN:82,(anonymous_12)
FN:92,(anonymous_13)
FN:99,(anonymous_14)
FN:100,(anonymous_15)
FN:101,(anonymous_16)
FNF:17
FNH:14
FNDA:9,(anonymous_0)
FNDA:2,(anonymous_1)
FNDA:21,(anonymous_2)
FNDA:4,(anonymous_3)
FNDA:4,(anonymous_4)
FNDA:10,(anonymous_5)
FNDA:3,(anonymous_6)
FNDA:2,(anonymous_7)
FNDA:2,(anonymous_8)
FNDA:2,(anonymous_9)
FNDA:9,(anonymous_10)
FNDA:9,(anonymous_11)
FNDA:5,(anonymous_12)
FNDA:6,(anonymous_13)
FNDA:0,(anonymous_14)
FNDA:0,(anonymous_15)
FNDA:0,(anonymous_16)
DA:44,9
DA:58,2
DA:60,21
DA:73,4
DA:74,4
DA:75,10
DA:76,3
DA:77,2
DA:78,2
DA:79,2
DA:81,9
DA:82,9
DA:83,5
DA:85,9
DA:86,9
DA:87,1
DA:89,8
DA:91,9
DA:92,6
DA:99,9
DA:100,0
DA:101,0
DA:102,0
DA:103,0
LF:24
LH:20
BRDA:86,0,0,1
BRDA:86,0,1,8
BRF:2
BRH:2
end_of_record
TN:
SF:store/subscriptionStore.ts
FN:14,(anonymous_0)
FN:18,(anonymous_1)
FNF:2
FNH:2
FNDA:1,(anonymous_0)
FNDA:19,(anonymous_1)
DA:14,1
DA:19,19
DA:20,19
LF:3
LH:3
BRF:0
BRH:0
end_of_record
TN:
SF:styles/auth.ts
FNF:0
FNH:0
DA:5,1
DA:6,1
DA:8,1
LF:3
LH:3
BRF:0
BRH:0
end_of_record
TN:
SF:styles/dailyWrite.styles.ts
FNF:0
FNH:0
DA:7,1
LF:1
LH:1
BRF:0
BRH:0
end_of_record
TN:
SF:utils/auth.ts
FN:8,(anonymous_0)
FN:30,signUpWithOnboardingData
FN:74,signInWithEmail
FN:93,signInAndVerifyUser
FN:117,signOut
FNF:5
FNH:5
FNDA:9,(anonymous_0)
FNDA:6,signUpWithOnboardingData
FNDA:8,signInWithEmail
FNDA:4,signInAndVerifyUser
FNDA:1,signOut
DA:8,6
DA:9,9
DA:10,9
DA:11,2
DA:13,7
DA:14,3
DA:16,4
DA:19,1
DA:20,3
DA:21,1
DA:23,2
DA:36,6
DA:37,6
DA:51,6
DA:52,3
DA:55,3
DA:57,1
DA:62,2
DA:64,4
DA:67,4
DA:75,8
DA:76,8
DA:80,6
DA:81,3
DA:83,5
DA:86,5
DA:94,4
DA:95,4
DA:97,4
DA:98,2
DA:101,2
DA:102,1
DA:105,1
DA:107,0
DA:110,0
DA:118,1
LF:36
LH:34
BRDA:10,0,0,2
BRDA:10,0,1,7
BRDA:13,1,0,3
BRDA:13,1,1,4
BRDA:13,2,0,7
BRDA:13,2,1,5
BRDA:16,3,0,1
BRDA:16,3,1,3
BRDA:17,4,0,4
BRDA:17,4,1,3
BRDA:20,5,0,1
BRDA:20,5,1,2
BRDA:51,6,0,3
BRDA:51,6,1,3
BRDA:55,7,0,1
BRDA:55,7,1,2
BRDA:64,8,0,4
BRDA:64,8,1,0
BRDA:80,9,0,3
BRDA:80,9,1,3
BRDA:83,10,0,5
BRDA:83,10,1,0
BRDA:97,11,0,2
BRDA:97,11,1,2
BRDA:101,12,0,1
BRDA:101,12,1,1
BRDA:107,13,0,0
BRDA:107,13,1,0
BRF:28
BRH:24
end_of_record
TN:
SF:utils/authRedirect.ts
FN:5,makeRedirectTo
FNF:1
FNH:1
FNDA:9,makeRedirectTo
DA:6,9
DA:9,9
DA:10,9
LF:3
LH:3
BRDA:9,0,0,9
BRDA:9,0,1,3
BRF:2
BRH:2
end_of_record
TN:
SF:utils/color.utils.ts
FN:4,isColorDark
FN:15,hexToRgb
FN:32,interpolateColor
FN:37,(anonymous_3)
FNF:4
FNH:4
FNDA:13,isColorDark
FNDA:17,hexToRgb
FNDA:49,interpolateColor
FNDA:147,(anonymous_3)
DA:5,13
DA:8,13
DA:9,13
DA:10,13
DA:11,13
DA:17,17
DA:19,13
DA:20,13
DA:21,5
DA:23,13
DA:24,13
DA:25,13
DA:28,4
DA:37,147
DA:38,49
DA:39,49
DA:40,49
DA:41,49
DA:42,49
DA:43,49
DA:44,49
DA:45,49
DA:46,49
DA:47,49
DA:48,49
DA:49,49
LF:26
LH:26
BRDA:5,0,0,11
BRDA:5,0,1,2
BRDA:17,1,0,13
BRDA:17,1,1,4
BRDA:20,2,0,5
BRDA:20,2,1,8
BRF:6
BRH:6
end_of_record
TN:
SF:utils/dev.ts
FN:2,isDev
FNF:1
FNH:1
FNDA:39,isDev
DA:3,39
DA:4,39
LF:2
LH:2
BRF:0
BRH:0
end_of_record
TN:
SF:utils/dialog.ts
FN:4,(anonymous_0)
FN:19,(anonymous_1)
FNF:2
FNH:2
FNDA:4,(anonymous_0)
FNDA:5,(anonymous_1)
DA:4,4
DA:5,4
DA:19,4
DA:23,5
LF:4
LH:4
BRDA:20,0,0,2
BRF:1
BRH:1
end_of_record
TN:
SF:utils/errors.ts
FN:5,(anonymous_0)
FN:16,(anonymous_1)
FN:25,(anonymous_2)
FN:31,(anonymous_3)
FN:37,(anonymous_4)
FN:43,(anonymous_5)
FN:49,(anonymous_6)
FN:55,(anonymous_7)
FN:61,(anonymous_8)
FN:67,(anonymous_9)
FN:73,(anonymous_10)
FN:79,isAppError
FN:83,getErrorCode
FN:90,getErrorMessage
FNF:14
FNH:14
FNDA:30,(anonymous_0)
FNDA:11,(anonymous_1)
FNDA:4,(anonymous_2)
FNDA:1,(anonymous_3)
FNDA:1,(anonymous_4)
FNDA:1,(anonymous_5)
FNDA:1,(anonymous_6)
FNDA:2,(anonymous_7)
FNDA:1,(anonymous_8)
FNDA:1,(anonymous_9)
FNDA:1,(anonymous_10)
FNDA:44,isAppError
FNDA:8,getErrorCode
FNDA:19,getErrorMessage
DA:9,30
DA:10,30
DA:20,11
DA:26,4
DA:32,1
DA:38,1
DA:44,1
DA:50,1
DA:56,2
DA:62,1
DA:68,1
DA:74,1
DA:80,44
DA:84,8
DA:85,5
DA:87,3
DA:91,19
DA:92,8
DA:96,11
DA:97,6
DA:100,5
LF:21
LH:21
BRDA:7,0,0,3
BRDA:17,1,0,4
BRDA:20,2,0,11
BRDA:20,2,1,5
BRDA:25,3,0,2
BRDA:31,4,0,1
BRDA:37,5,0,1
BRDA:43,6,0,1
BRDA:49,7,0,1
BRDA:55,8,0,2
BRDA:61,9,0,1
BRDA:67,10,0,1
BRDA:73,11,0,1
BRDA:84,12,0,5
BRDA:84,12,1,3
BRDA:91,13,0,8
BRDA:91,13,1,11
BRDA:96,14,0,6
BRDA:96,14,1,5
BRDA:96,15,0,11
BRDA:96,15,1,9
BRDA:96,15,2,7
BRF:22
BRH:22
end_of_record
TN:
SF:utils/event-helpers.ts
FN:4,getStringField
FN:12,extractContentFromEvent
FNF:2
FNH:2
FNDA:15,getStringField
FNDA:14,extractContentFromEvent
DA:8,15
DA:9,15
DA:15,14
DA:16,14
DA:18,13
DA:21,2
DA:24,1
DA:29,6
DA:30,6
DA:31,5
DA:32,5
DA:33,8
DA:34,8
DA:35,8
DA:37,8
DA:40,8
DA:43,5
DA:45,1
DA:48,4
LF:19
LH:19
BRDA:9,0,0,5
BRDA:9,0,1,10
BRDA:16,1,0,1
BRDA:16,1,1,13
BRDA:18,2,0,2
BRDA:18,2,1,1
BRDA:18,2,2,4
BRDA:18,2,3,5
BRDA:18,2,4,6
BRDA:18,2,5,4
BRDA:30,3,0,5
BRDA:30,3,1,1
BRDA:33,4,0,8
BRDA:33,4,1,0
BRDA:33,5,0,8
BRDA:33,5,1,8
BRDA:35,6,0,8
BRDA:35,6,1,6
BRDA:37,7,0,8
BRDA:37,7,1,0
BRDA:40,8,0,5
BRDA:40,8,1,3
BRDA:40,9,0,8
BRDA:40,9,1,5
BRDA:40,9,2,5
BRDA:43,10,0,3
BRDA:43,10,1,2
BRDA:49,11,0,4
BRDA:49,11,1,3
BRDA:49,11,2,2
BRDA:49,11,3,1
BRDA:49,11,4,1
BRDA:49,11,5,1
BRF:33
BRH:31
end_of_record
TN:
SF:utils/gcpServices.ts
FN:8,audioToBase64
FN:16,(anonymous_1)
FN:18,(anonymous_2)
FN:24,(anonymous_3)
FN:70,(anonymous_4)
FNF:5
FNH:5
FNDA:7,audioToBase64
FNDA:2,(anonymous_1)
FNDA:1,(anonymous_2)
FNDA:3,(anonymous_3)
FNDA:5,(anonymous_4)
DA:9,7
DA:10,4
DA:14,3
DA:15,2
DA:16,2
DA:17,2
DA:18,2
DA:19,2
DA:20,2
DA:24,5
DA:25,3
DA:29,3
DA:30,3
DA:31,3
DA:32,3
DA:38,3
DA:40,3
DA:41,3
DA:45,3
DA:51,3
DA:52,1
DA:53,1
DA:56,2
DA:57,2
DA:63,2
DA:65,1
DA:66,1
DA:70,5
DA:71,5
DA:75,5
DA:77,5
DA:79,5
DA:80,5
DA:84,5
DA:90,5
DA:91,1
DA:92,1
DA:95,4
DA:96,2
DA:97,2
DA:100,2
DA:101,2
DA:105,1
DA:106,1
DA:108,4
DA:109,4
LF:46
LH:46
BRDA:9,0,0,4
BRDA:9,0,1,3
BRDA:48,1,0,3
BRDA:48,1,1,2
BRDA:51,2,0,1
BRDA:51,2,1,2
BRDA:56,3,0,2
BRDA:56,3,1,1
BRDA:60,4,0,2
BRDA:60,4,1,1
BRDA:90,5,0,1
BRDA:90,5,1,4
BRDA:95,6,0,2
BRDA:95,6,1,2
BRF:14
BRH:14
end_of_record
TN:
SF:utils/markdownRenderer.tsx
FN:5,(anonymous_0)
FN:12,(anonymous_1)
FN:34,(anonymous_2)
FN:77,(anonymous_3)
FN:101,(anonymous_4)
FNF:5
FNH:5
FNDA:48,(anonymous_0)
FNDA:57,(anonymous_1)
FNDA:13,(anonymous_2)
FNDA:16,(anonymous_3)
FNDA:61,(anonymous_4)
DA:5,5
DA:6,48
DA:8,45
DA:10,45
DA:13,57
DA:14,57
DA:16,57
DA:17,7
DA:18,7
DA:35,13
DA:36,3
DA:42,10
DA:43,0
DA:49,10
DA:55,50
DA:56,6
DA:63,44
DA:64,3
DA:71,41
DA:72,6
DA:73,6
DA:74,6
DA:78,16
DA:79,3
DA:85,13
DA:86,2
DA:92,11
DA:98,35
DA:99,35
DA:102,61
DA:103,9
DA:105,52
DA:106,4
DA:108,48
LF:34
LH:33
BRDA:6,0,0,3
BRDA:6,0,1,45
BRDA:14,1,0,0
BRDA:14,1,1,57
BRDA:16,2,0,7
BRDA:16,2,1,50
BRDA:35,3,0,3
BRDA:35,3,1,10
BRDA:35,4,0,13
BRDA:35,4,1,3
BRDA:35,4,2,3
BRDA:42,5,0,0
BRDA:42,5,1,10
BRDA:42,6,0,10
BRDA:42,6,1,0
BRDA:42,6,2,0
BRDA:42,6,3,0
BRDA:55,7,0,6
BRDA:55,7,1,44
BRDA:63,8,0,3
BRDA:63,8,1,41
BRDA:71,9,0,6
BRDA:71,9,1,35
BRDA:78,10,0,3
BRDA:78,10,1,13
BRDA:78,11,0,16
BRDA:78,11,1,3
BRDA:78,11,2,3
BRDA:85,12,0,2
BRDA:85,12,1,11
BRDA:85,13,0,13
BRDA:85,13,1,2
BRDA:85,13,2,2
BRDA:85,13,3,2
BRDA:102,14,0,9
BRDA:102,14,1,52
BRDA:102,15,0,61
BRDA:102,15,1,11
BRDA:102,15,2,10
BRDA:105,16,0,4
BRDA:105,16,1,48
BRDA:105,17,0,52
BRDA:105,17,1,7
BRDA:105,17,2,6
BRDA:105,17,3,4
BRF:45
BRH:40
end_of_record
TN:
SF:utils/pdfGenerator.ts
FN:19,(anonymous_0)
FN:20,(anonymous_1)
FN:24,getIconDataUri
FN:57,(anonymous_3)
FN:103,(anonymous_4)
FN:105,(anonymous_5)
FN:167,(anonymous_6)
FN:190,(anonymous_7)
FN:195,(anonymous_8)
FNF:9
FNH:9
FNDA:14,(anonymous_0)
FNDA:100,(anonymous_1)
FNDA:140,getIconDataUri
FNDA:12,(anonymous_3)
FNDA:11,(anonymous_4)
FNDA:110,(anonymous_5)
FNDA:14,(anonymous_6)
FNDA:140,(anonymous_7)
FNDA:120,(anonymous_8)
DA:15,1
DA:16,1
DA:19,1
DA:20,100
DA:26,140
DA:27,10
DA:32,130
DA:34,130
DA:35,120
DA:36,10
DA:39,110
DA:42,110
DA:45,110
DA:47,110
DA:57,1
DA:62,12
DA:64,11
DA:65,11
DA:66,11
DA:67,11
DA:68,11
DA:70,11
DA:103,11
DA:104,11
DA:106,110
DA:107,110
DA:108,110
DA:109,88
DA:121,22
DA:126,11
DA:167,1
DA:168,14
DA:174,14
DA:176,14
DA:190,140
DA:191,14
DA:194,12
DA:195,12
DA:196,120
DA:200,12
DA:202,12
DA:210,12
DA:212,10
DA:214,9
DA:217,9
DA:222,1
DA:225,6
DA:226,6
DA:229,6
LF:49
LH:49
BRDA:26,0,0,10
BRDA:26,0,1,130
BRDA:35,1,0,10
BRDA:35,1,1,110
BRDA:62,2,0,1
BRDA:62,2,1,11
BRDA:108,3,0,88
BRDA:108,3,1,22
BRDA:108,4,0,110
BRDA:108,4,1,88
BRDA:212,5,0,9
BRDA:212,5,1,1
BRDA:214,6,0,1
BRDA:214,6,1,8
BRDA:226,7,0,5
BRDA:226,7,1,1
BRF:16
BRH:16
end_of_record
